[2025-01-30T09:33:51.003+0000] {local_task_job_runner.py:123} INFO - ::group::Pre task execution logs
[2025-01-30T09:33:51.046+0000] {taskinstance.py:2613} INFO - Dependencies all met for dep_context=non-requeueable deps ti=<TaskInstance: homework_workflow_ingest.task_2 scheduled__2020-12-02T00:00:00+00:00 [queued]>
[2025-01-30T09:33:51.058+0000] {taskinstance.py:2613} INFO - Dependencies all met for dep_context=requeueable deps ti=<TaskInstance: homework_workflow_ingest.task_2 scheduled__2020-12-02T00:00:00+00:00 [queued]>
[2025-01-30T09:33:51.059+0000] {taskinstance.py:2866} INFO - Starting attempt 1 of 1
[2025-01-30T09:33:51.107+0000] {taskinstance.py:2889} INFO - Executing <Task(BashOperator): task_2> on 2020-12-02 00:00:00+00:00
[2025-01-30T09:33:51.118+0000] {logging_mixin.py:190} WARNING - /home/***/.local/lib/python3.12/site-packages/***/task/task_runner/standard_task_runner.py:70 DeprecationWarning: This process (pid=408) is multi-threaded, use of fork() may lead to deadlocks in the child.
[2025-01-30T09:33:51.120+0000] {standard_task_runner.py:72} INFO - Started process 418 to run task
[2025-01-30T09:33:51.122+0000] {standard_task_runner.py:104} INFO - Running: ['***', 'tasks', 'run', 'homework_workflow_ingest', 'task_2', 'scheduled__2020-12-02T00:00:00+00:00', '--job-id', '82', '--raw', '--subdir', 'DAGS_FOLDER/homework_dag.py', '--cfg-path', '/tmp/tmpgb8r3c20']
[2025-01-30T09:33:51.124+0000] {standard_task_runner.py:105} INFO - Job 82: Subtask task_2
[2025-01-30T09:33:51.240+0000] {task_command.py:467} INFO - Running <TaskInstance: homework_workflow_ingest.task_2 scheduled__2020-12-02T00:00:00+00:00 [running]> on host 710324c6e27a
[2025-01-30T09:33:51.360+0000] {taskinstance.py:3132} INFO - Exporting env vars: AIRFLOW_CTX_DAG_OWNER='***' AIRFLOW_CTX_DAG_ID='homework_workflow_ingest' AIRFLOW_CTX_TASK_ID='task_2' AIRFLOW_CTX_EXECUTION_DATE='2020-12-02T00:00:00+00:00' AIRFLOW_CTX_TRY_NUMBER='1' AIRFLOW_CTX_DAG_RUN_ID='scheduled__2020-12-02T00:00:00+00:00'
[2025-01-30T09:33:51.361+0000] {taskinstance.py:731} INFO - ::endgroup::
[2025-01-30T09:33:51.384+0000] {subprocess.py:78} INFO - Tmp dir root location: /tmp
[2025-01-30T09:33:51.386+0000] {subprocess.py:88} INFO - Running command: ['/usr/bin/bash', '-c', "echo '2020-12'"]
[2025-01-30T09:33:51.397+0000] {subprocess.py:99} INFO - Output:
[2025-01-30T09:33:51.399+0000] {subprocess.py:106} INFO - 2020-12
[2025-01-30T09:33:51.399+0000] {subprocess.py:110} INFO - Command exited with return code 0
[2025-01-30T09:33:51.424+0000] {taskinstance.py:340} INFO - ::group::Post task execution logs
[2025-01-30T09:33:51.424+0000] {taskinstance.py:352} INFO - Marking task as SUCCESS. dag_id=homework_workflow_ingest, task_id=task_2, run_id=scheduled__2020-12-02T00:00:00+00:00, execution_date=20201202T000000, start_date=20250130T093351, end_date=20250130T093351
[2025-01-30T09:33:51.450+0000] {local_task_job_runner.py:266} INFO - Task exited with return code 0
[2025-01-30T09:33:51.466+0000] {taskinstance.py:3895} INFO - 0 downstream tasks scheduled from follow-on schedule check
[2025-01-30T09:33:51.467+0000] {local_task_job_runner.py:245} INFO - ::endgroup::
[2025-01-30T09:59:15.928+0000] {local_task_job_runner.py:123} INFO - ::group::Pre task execution logs
[2025-01-30T09:59:15.948+0000] {taskinstance.py:2613} INFO - Dependencies all met for dep_context=non-requeueable deps ti=<TaskInstance: homework_workflow_ingest.task_2 scheduled__2020-12-02T00:00:00+00:00 [queued]>
[2025-01-30T09:59:15.956+0000] {taskinstance.py:2613} INFO - Dependencies all met for dep_context=requeueable deps ti=<TaskInstance: homework_workflow_ingest.task_2 scheduled__2020-12-02T00:00:00+00:00 [queued]>
[2025-01-30T09:59:15.957+0000] {taskinstance.py:2866} INFO - Starting attempt 1 of 1
[2025-01-30T09:59:15.972+0000] {taskinstance.py:2889} INFO - Executing <Task(BashOperator): task_2> on 2020-12-02 00:00:00+00:00
[2025-01-30T09:59:15.985+0000] {standard_task_runner.py:104} INFO - Running: ['***', 'tasks', 'run', 'homework_workflow_ingest', 'task_2', 'scheduled__2020-12-02T00:00:00+00:00', '--job-id', '49', '--raw', '--subdir', 'DAGS_FOLDER/homework_dag.py', '--cfg-path', '/tmp/tmpvoqr0o9z']
[2025-01-30T09:59:15.991+0000] {standard_task_runner.py:105} INFO - Job 49: Subtask task_2
[2025-01-30T09:59:15.992+0000] {logging_mixin.py:190} WARNING - /home/***/.local/lib/python3.12/site-packages/***/task/task_runner/standard_task_runner.py:70 DeprecationWarning: This process (pid=419) is multi-threaded, use of fork() may lead to deadlocks in the child.
[2025-01-30T09:59:15.992+0000] {standard_task_runner.py:72} INFO - Started process 420 to run task
[2025-01-30T09:59:16.064+0000] {task_command.py:467} INFO - Running <TaskInstance: homework_workflow_ingest.task_2 scheduled__2020-12-02T00:00:00+00:00 [running]> on host 713eb9fcfb63
[2025-01-30T09:59:16.151+0000] {taskinstance.py:3132} INFO - Exporting env vars: AIRFLOW_CTX_DAG_OWNER='***' AIRFLOW_CTX_DAG_ID='homework_workflow_ingest' AIRFLOW_CTX_TASK_ID='task_2' AIRFLOW_CTX_EXECUTION_DATE='2020-12-02T00:00:00+00:00' AIRFLOW_CTX_TRY_NUMBER='1' AIRFLOW_CTX_DAG_RUN_ID='scheduled__2020-12-02T00:00:00+00:00'
[2025-01-30T09:59:16.152+0000] {taskinstance.py:731} INFO - ::endgroup::
[2025-01-30T09:59:16.169+0000] {subprocess.py:78} INFO - Tmp dir root location: /tmp
[2025-01-30T09:59:16.170+0000] {subprocess.py:88} INFO - Running command: ['/usr/bin/bash', '-c', "echo '2020-12'"]
[2025-01-30T09:59:16.180+0000] {subprocess.py:99} INFO - Output:
[2025-01-30T09:59:16.182+0000] {subprocess.py:106} INFO - 2020-12
[2025-01-30T09:59:16.182+0000] {subprocess.py:110} INFO - Command exited with return code 0
[2025-01-30T09:59:16.208+0000] {taskinstance.py:340} INFO - ::group::Post task execution logs
[2025-01-30T09:59:16.208+0000] {taskinstance.py:352} INFO - Marking task as SUCCESS. dag_id=homework_workflow_ingest, task_id=task_2, run_id=scheduled__2020-12-02T00:00:00+00:00, execution_date=20201202T000000, start_date=20250130T095915, end_date=20250130T095916
[2025-01-30T09:59:16.253+0000] {local_task_job_runner.py:266} INFO - Task exited with return code 0
[2025-01-30T09:59:16.273+0000] {taskinstance.py:3895} INFO - 0 downstream tasks scheduled from follow-on schedule check
[2025-01-30T09:59:16.274+0000] {local_task_job_runner.py:245} INFO - ::endgroup::
