[2025-01-28T09:50:38.196+0000] {local_task_job_runner.py:123} INFO - ::group::Pre task execution logs
[2025-01-28T09:50:38.211+0000] {taskinstance.py:2613} INFO - Dependencies all met for dep_context=non-requeueable deps ti=<TaskInstance: dag_data_ingestion.get_data manual__2025-01-28T09:50:37.508237+00:00 [queued]>
[2025-01-28T09:50:38.217+0000] {taskinstance.py:2613} INFO - Dependencies all met for dep_context=requeueable deps ti=<TaskInstance: dag_data_ingestion.get_data manual__2025-01-28T09:50:37.508237+00:00 [queued]>
[2025-01-28T09:50:38.218+0000] {taskinstance.py:2866} INFO - Starting attempt 1 of 1
[2025-01-28T09:50:38.232+0000] {taskinstance.py:2889} INFO - Executing <Task(BashOperator): get_data> on 2025-01-28 09:50:37.508237+00:00
[2025-01-28T09:50:38.239+0000] {standard_task_runner.py:104} INFO - Running: ['***', 'tasks', 'run', 'dag_data_ingestion', 'get_data', 'manual__2025-01-28T09:50:37.508237+00:00', '--job-id', '66', '--raw', '--subdir', 'DAGS_FOLDER/dag_data_ingestion.py', '--cfg-path', '/tmp/tmpcu3tc5bz']
[2025-01-28T09:50:38.241+0000] {standard_task_runner.py:105} INFO - Job 66: Subtask get_data
[2025-01-28T09:50:38.242+0000] {logging_mixin.py:190} WARNING - /home/***/.local/lib/python3.12/site-packages/***/task/task_runner/standard_task_runner.py:70 DeprecationWarning: This process (pid=1575) is multi-threaded, use of fork() may lead to deadlocks in the child.
[2025-01-28T09:50:38.242+0000] {standard_task_runner.py:72} INFO - Started process 1576 to run task
[2025-01-28T09:50:38.275+0000] {task_command.py:467} INFO - Running <TaskInstance: dag_data_ingestion.get_data manual__2025-01-28T09:50:37.508237+00:00 [running]> on host 7537dc2fd5ca
[2025-01-28T09:50:38.351+0000] {taskinstance.py:3132} INFO - Exporting env vars: AIRFLOW_CTX_DAG_OWNER='***' AIRFLOW_CTX_DAG_ID='dag_data_ingestion' AIRFLOW_CTX_TASK_ID='get_data' AIRFLOW_CTX_EXECUTION_DATE='2025-01-28T09:50:37.508237+00:00' AIRFLOW_CTX_TRY_NUMBER='1' AIRFLOW_CTX_DAG_RUN_ID='manual__2025-01-28T09:50:37.508237+00:00'
[2025-01-28T09:50:38.352+0000] {taskinstance.py:731} INFO - ::endgroup::
[2025-01-28T09:50:38.365+0000] {subprocess.py:78} INFO - Tmp dir root location: /tmp
[2025-01-28T09:50:38.365+0000] {subprocess.py:88} INFO - Running command: ['/usr/bin/bash', '-c', 'curl -o /opt/***/dags/data/yellow_data.parquet https://d37ci6vzurychx.cloudfront.net/trip-data/yellow_tripdata_2022-01.parquet']
[2025-01-28T09:50:38.375+0000] {subprocess.py:99} INFO - Output:
[2025-01-28T09:50:38.385+0000] {subprocess.py:106} INFO -   % Total    % Received % Xferd  Average Speed   Time    Time     Time  Current
[2025-01-28T09:50:38.385+0000] {subprocess.py:106} INFO -                                  Dload  Upload   Total   Spent    Left  Speed
[2025-01-28T09:50:41.350+0000] {subprocess.py:106} INFO -   0     0    0     0    0     0      0      0 --:--:-- --:--:-- --:--:--     0  0 36.3M    0 75981    0     0  82432      0  0:07:42 --:--:--  0:07:42 82408 30 36.3M   30 11.1M    0     0  5970k      0  0:00:06  0:00:01  0:00:05 5967k 96 36.3M   96 35.2M    0     0  12.0M      0  0:00:03  0:00:02  0:00:01 12.0M100 36.3M  100 36.3M    0     0  12.2M      0  0:00:02  0:00:02 --:--:-- 12.2M
[2025-01-28T09:50:41.355+0000] {subprocess.py:110} INFO - Command exited with return code 0
[2025-01-28T09:50:41.387+0000] {taskinstance.py:340} INFO - ::group::Post task execution logs
[2025-01-28T09:50:41.388+0000] {taskinstance.py:352} INFO - Marking task as SUCCESS. dag_id=dag_data_ingestion, task_id=get_data, run_id=manual__2025-01-28T09:50:37.508237+00:00, execution_date=20250128T095037, start_date=20250128T095038, end_date=20250128T095041
[2025-01-28T09:50:41.423+0000] {local_task_job_runner.py:266} INFO - Task exited with return code 0
[2025-01-28T09:50:41.448+0000] {taskinstance.py:3895} INFO - 1 downstream tasks scheduled from follow-on schedule check
[2025-01-28T09:50:41.456+0000] {local_task_job_runner.py:245} INFO - ::endgroup::
