[2025-01-30T10:25:31.373+0000] {local_task_job_runner.py:123} INFO - ::group::Pre task execution logs
[2025-01-30T10:25:31.409+0000] {taskinstance.py:2613} INFO - Dependencies all met for dep_context=non-requeueable deps ti=<TaskInstance: fhv_to_gcp_dag.download_fhv scheduled__2019-01-02T00:00:00+00:00 [queued]>
[2025-01-30T10:25:31.439+0000] {taskinstance.py:2613} INFO - Dependencies all met for dep_context=requeueable deps ti=<TaskInstance: fhv_to_gcp_dag.download_fhv scheduled__2019-01-02T00:00:00+00:00 [queued]>
[2025-01-30T10:25:31.439+0000] {taskinstance.py:2866} INFO - Starting attempt 1 of 1
[2025-01-30T10:25:31.511+0000] {taskinstance.py:2889} INFO - Executing <Task(BashOperator): download_fhv> on 2019-01-02 00:00:00+00:00
[2025-01-30T10:25:31.569+0000] {logging_mixin.py:190} WARNING - /home/***/.local/lib/python3.12/site-packages/***/task/task_runner/standard_task_runner.py:70 DeprecationWarning: This process (pid=210) is multi-threaded, use of fork() may lead to deadlocks in the child.
[2025-01-30T10:25:31.570+0000] {standard_task_runner.py:72} INFO - Started process 216 to run task
[2025-01-30T10:25:31.574+0000] {standard_task_runner.py:104} INFO - Running: ['***', 'tasks', 'run', 'fhv_to_gcp_dag', 'download_fhv', 'scheduled__2019-01-02T00:00:00+00:00', '--job-id', '52', '--raw', '--subdir', 'DAGS_FOLDER/homework_fhv_dag.py', '--cfg-path', '/tmp/tmp5sg143u1']
[2025-01-30T10:25:31.591+0000] {standard_task_runner.py:105} INFO - Job 52: Subtask download_fhv
[2025-01-30T10:25:31.706+0000] {task_command.py:467} INFO - Running <TaskInstance: fhv_to_gcp_dag.download_fhv scheduled__2019-01-02T00:00:00+00:00 [running]> on host 9573d401388f
[2025-01-30T10:25:31.928+0000] {taskinstance.py:3132} INFO - Exporting env vars: AIRFLOW_CTX_DAG_OWNER='***' AIRFLOW_CTX_DAG_ID='fhv_to_gcp_dag' AIRFLOW_CTX_TASK_ID='download_fhv' AIRFLOW_CTX_EXECUTION_DATE='2019-01-02T00:00:00+00:00' AIRFLOW_CTX_TRY_NUMBER='1' AIRFLOW_CTX_DAG_RUN_ID='scheduled__2019-01-02T00:00:00+00:00'
[2025-01-30T10:25:31.932+0000] {taskinstance.py:731} INFO - ::endgroup::
[2025-01-30T10:25:32.105+0000] {subprocess.py:78} INFO - Tmp dir root location: /tmp
[2025-01-30T10:25:32.107+0000] {subprocess.py:88} INFO - Running command: ['/usr/bin/bash', '-c', 'curl -o /opt/***/data/fhv_2019-01_data.parquet https://d37ci6vzurychx.cloudfront.net/trip-data/fhv_tripdata_2019-01.parquet']
[2025-01-30T10:25:32.225+0000] {subprocess.py:99} INFO - Output:
[2025-01-30T10:25:32.611+0000] {subprocess.py:106} INFO -   % Total    % Received % Xferd  Average Speed   Time    Time     Time  Current
[2025-01-30T10:25:32.612+0000] {subprocess.py:106} INFO -                                  Dload  Upload   Total   Spent    Left  Speed
[2025-01-30T10:25:43.528+0000] {subprocess.py:106} INFO -   0     0    0     0    0     0      0      0 --:--:-- --:--:-- --:--:--     0  0     0    0     0    0     0      0      0 --:--:-- --:--:-- --:--:--     0  0  200M    0  991k    0     0   788k      0  0:04:21  0:00:01  0:04:20  788k 12  200M   12 24.7M    0     0  10.4M      0  0:00:19  0:00:02  0:00:17 10.4M 22  200M   22 45.7M    0     0  14.0M      0  0:00:14  0:00:03  0:00:11 14.0M 33  200M   33 68.1M    0     0  15.9M      0  0:00:12  0:00:04  0:00:08 15.9M 44  200M   44 89.5M    0     0  16.9M      0  0:00:11  0:00:05  0:00:06 17.9M 55  200M   55  112M    0     0  17.6M      0  0:00:11  0:00:06  0:00:05 21.7M 63  200M   63  126M    0     0  17.4M      0  0:00:11  0:00:07  0:00:04 20.8M 70  200M   70  141M    0     0  17.1M      0  0:00:11  0:00:08  0:00:03 19.1M 80  200M   80  162M    0     0  17.3M      0  0:00:11  0:00:09  0:00:02 18.4M 91  200M   91  183M    0     0  17.8M      0  0:00:11  0:00:10  0:00:01 18.8M100  200M  100  200M    0     0  18.4M      0  0:00:10  0:00:10 --:--:-- 19.5M
[2025-01-30T10:25:43.531+0000] {subprocess.py:110} INFO - Command exited with return code 0
[2025-01-30T10:25:45.670+0000] {taskinstance.py:340} INFO - ::group::Post task execution logs
[2025-01-30T10:25:45.672+0000] {taskinstance.py:352} INFO - Marking task as SUCCESS. dag_id=fhv_to_gcp_dag, task_id=download_fhv, run_id=scheduled__2019-01-02T00:00:00+00:00, execution_date=20190102T000000, start_date=20250130T102531, end_date=20250130T102545
[2025-01-30T10:25:46.329+0000] {local_task_job_runner.py:266} INFO - Task exited with return code 0
[2025-01-30T10:25:46.462+0000] {taskinstance.py:3895} INFO - 1 downstream tasks scheduled from follow-on schedule check
[2025-01-30T10:25:46.471+0000] {local_task_job_runner.py:245} INFO - ::endgroup::
