[2025-01-30T10:36:26.825+0000] {local_task_job_runner.py:123} INFO - ::group::Pre task execution logs
[2025-01-30T10:36:26.956+0000] {taskinstance.py:2613} INFO - Dependencies all met for dep_context=non-requeueable deps ti=<TaskInstance: fhv_to_gcp_dag.download_fhv scheduled__2019-01-02T00:00:00+00:00 [queued]>
[2025-01-30T10:36:27.021+0000] {taskinstance.py:2613} INFO - Dependencies all met for dep_context=requeueable deps ti=<TaskInstance: fhv_to_gcp_dag.download_fhv scheduled__2019-01-02T00:00:00+00:00 [queued]>
[2025-01-30T10:36:27.023+0000] {taskinstance.py:2866} INFO - Starting attempt 2 of 2
[2025-01-30T10:36:27.087+0000] {taskinstance.py:2889} INFO - Executing <Task(BashOperator): download_fhv> on 2019-01-02 00:00:00+00:00
[2025-01-30T10:36:27.129+0000] {standard_task_runner.py:104} INFO - Running: ['***', 'tasks', 'run', 'fhv_to_gcp_dag', 'download_fhv', 'scheduled__2019-01-02T00:00:00+00:00', '--job-id', '109', '--raw', '--subdir', 'DAGS_FOLDER/homework_fhv_dag.py', '--cfg-path', '/tmp/tmpryvkku8y']
[2025-01-30T10:36:27.142+0000] {standard_task_runner.py:105} INFO - Job 109: Subtask download_fhv
[2025-01-30T10:36:27.146+0000] {logging_mixin.py:190} WARNING - /home/***/.local/lib/python3.12/site-packages/***/task/task_runner/standard_task_runner.py:70 DeprecationWarning: This process (pid=857) is multi-threaded, use of fork() may lead to deadlocks in the child.
[2025-01-30T10:36:27.151+0000] {standard_task_runner.py:72} INFO - Started process 893 to run task
[2025-01-30T10:36:27.357+0000] {task_command.py:467} INFO - Running <TaskInstance: fhv_to_gcp_dag.download_fhv scheduled__2019-01-02T00:00:00+00:00 [running]> on host 9573d401388f
[2025-01-30T10:36:27.897+0000] {taskinstance.py:3132} INFO - Exporting env vars: AIRFLOW_CTX_DAG_OWNER='***' AIRFLOW_CTX_DAG_ID='fhv_to_gcp_dag' AIRFLOW_CTX_TASK_ID='download_fhv' AIRFLOW_CTX_EXECUTION_DATE='2019-01-02T00:00:00+00:00' AIRFLOW_CTX_TRY_NUMBER='2' AIRFLOW_CTX_DAG_RUN_ID='scheduled__2019-01-02T00:00:00+00:00'
[2025-01-30T10:36:27.900+0000] {taskinstance.py:731} INFO - ::endgroup::
[2025-01-30T10:36:28.004+0000] {subprocess.py:78} INFO - Tmp dir root location: /tmp
[2025-01-30T10:36:28.004+0000] {subprocess.py:88} INFO - Running command: ['/usr/bin/bash', '-c', 'curl -o /opt/***/data/fhv_2019-01_data.parquet https://d37ci6vzurychx.cloudfront.net/trip-data/fhv_tripdata_2019-01.parquet']
[2025-01-30T10:36:28.079+0000] {subprocess.py:99} INFO - Output:
[2025-01-30T10:36:28.114+0000] {subprocess.py:106} INFO -   % Total    % Received % Xferd  Average Speed   Time    Time     Time  Current
[2025-01-30T10:36:28.115+0000] {subprocess.py:106} INFO -                                  Dload  Upload   Total   Spent    Left  Speed
[2025-01-30T10:36:39.022+0000] {subprocess.py:106} INFO -   0     0    0     0    0     0      0      0 --:--:-- --:--:-- --:--:--     0  0  200M    0  534k    0     0   700k      0  0:04:53 --:--:--  0:04:53  700k  8  200M    8 16.6M    0     0  9569k      0  0:00:21  0:00:01  0:00:20 9568k 16  200M   16 33.2M    0     0  12.0M      0  0:00:16  0:00:02  0:00:14 12.0M 28  200M   28 57.8M    0     0  15.3M      0  0:00:13  0:00:03  0:00:10 15.3M 41  200M   41 84.2M    0     0  16.6M      0  0:00:12  0:00:05  0:00:07 16.6M 51  200M   51  103M    0     0  17.9M      0  0:00:11  0:00:05  0:00:06 20.5M 64  200M   64  130M    0     0  19.2M      0  0:00:10  0:00:06  0:00:04 22.8M 76  200M   76  152M    0     0  19.5M      0  0:00:10  0:00:07  0:00:03 23.7M 85  200M   85  171M    0     0  19.4M      0  0:00:10  0:00:08  0:00:02 22.5M 93  200M   93  187M    0     0  19.1M      0  0:00:10  0:00:09  0:00:01 21.8M 98  200M   98  197M    0     0  18.3M      0  0:00:10  0:00:10 --:--:-- 18.8M100  200M  100  200M    0     0  18.4M      0  0:00:10  0:00:10 --:--:-- 16.9M
[2025-01-30T10:36:39.029+0000] {subprocess.py:110} INFO - Command exited with return code 0
[2025-01-30T10:36:39.882+0000] {taskinstance.py:340} INFO - ::group::Post task execution logs
[2025-01-30T10:36:39.883+0000] {taskinstance.py:352} INFO - Marking task as SUCCESS. dag_id=fhv_to_gcp_dag, task_id=download_fhv, run_id=scheduled__2019-01-02T00:00:00+00:00, execution_date=20190102T000000, start_date=20250130T103626, end_date=20250130T103639
[2025-01-30T10:36:43.372+0000] {local_task_job_runner.py:266} INFO - Task exited with return code 0
[2025-01-30T10:36:43.439+0000] {local_task_job_runner.py:245} INFO - ::endgroup::
