[2025-01-30T09:33:35.336+0000] {local_task_job_runner.py:123} INFO - ::group::Pre task execution logs
[2025-01-30T09:33:35.462+0000] {taskinstance.py:2613} INFO - Dependencies all met for dep_context=non-requeueable deps ti=<TaskInstance: homework_workflow_ingest.task_2 scheduled__2019-01-02T00:00:00+00:00 [queued]>
[2025-01-30T09:33:35.510+0000] {taskinstance.py:2613} INFO - Dependencies all met for dep_context=requeueable deps ti=<TaskInstance: homework_workflow_ingest.task_2 scheduled__2019-01-02T00:00:00+00:00 [queued]>
[2025-01-30T09:33:35.511+0000] {taskinstance.py:2866} INFO - Starting attempt 1 of 1
[2025-01-30T09:33:36.610+0000] {taskinstance.py:2889} INFO - Executing <Task(BashOperator): task_2> on 2019-01-02 00:00:00+00:00
[2025-01-30T09:33:36.650+0000] {logging_mixin.py:190} WARNING - /home/***/.local/lib/python3.12/site-packages/***/task/task_runner/standard_task_runner.py:70 DeprecationWarning: This process (pid=276) is multi-threaded, use of fork() may lead to deadlocks in the child.
[2025-01-30T09:33:36.691+0000] {standard_task_runner.py:72} INFO - Started process 284 to run task
[2025-01-30T09:33:36.681+0000] {standard_task_runner.py:104} INFO - Running: ['***', 'tasks', 'run', 'homework_workflow_ingest', 'task_2', 'scheduled__2019-01-02T00:00:00+00:00', '--job-id', '56', '--raw', '--subdir', 'DAGS_FOLDER/homework_dag.py', '--cfg-path', '/tmp/tmphg6xxsba']
[2025-01-30T09:33:36.733+0000] {standard_task_runner.py:105} INFO - Job 56: Subtask task_2
[2025-01-30T09:33:37.436+0000] {task_command.py:467} INFO - Running <TaskInstance: homework_workflow_ingest.task_2 scheduled__2019-01-02T00:00:00+00:00 [running]> on host 710324c6e27a
[2025-01-30T09:33:38.293+0000] {taskinstance.py:3132} INFO - Exporting env vars: AIRFLOW_CTX_DAG_OWNER='***' AIRFLOW_CTX_DAG_ID='homework_workflow_ingest' AIRFLOW_CTX_TASK_ID='task_2' AIRFLOW_CTX_EXECUTION_DATE='2019-01-02T00:00:00+00:00' AIRFLOW_CTX_TRY_NUMBER='1' AIRFLOW_CTX_DAG_RUN_ID='scheduled__2019-01-02T00:00:00+00:00'
[2025-01-30T09:33:38.294+0000] {taskinstance.py:731} INFO - ::endgroup::
[2025-01-30T09:33:38.499+0000] {subprocess.py:78} INFO - Tmp dir root location: /tmp
[2025-01-30T09:33:38.515+0000] {subprocess.py:88} INFO - Running command: ['/usr/bin/bash', '-c', "echo '2019-01'"]
[2025-01-30T09:33:38.595+0000] {subprocess.py:99} INFO - Output:
[2025-01-30T09:33:38.608+0000] {subprocess.py:106} INFO - 2019-01
[2025-01-30T09:33:38.608+0000] {subprocess.py:110} INFO - Command exited with return code 0
[2025-01-30T09:33:38.656+0000] {taskinstance.py:340} INFO - ::group::Post task execution logs
[2025-01-30T09:33:38.657+0000] {taskinstance.py:352} INFO - Marking task as SUCCESS. dag_id=homework_workflow_ingest, task_id=task_2, run_id=scheduled__2019-01-02T00:00:00+00:00, execution_date=20190102T000000, start_date=20250130T093335, end_date=20250130T093338
[2025-01-30T09:33:38.891+0000] {local_task_job_runner.py:266} INFO - Task exited with return code 0
[2025-01-30T09:33:38.917+0000] {taskinstance.py:3895} INFO - 0 downstream tasks scheduled from follow-on schedule check
[2025-01-30T09:33:39.440+0000] {local_task_job_runner.py:245} INFO - ::endgroup::
[2025-01-30T09:58:53.565+0000] {local_task_job_runner.py:123} INFO - ::group::Pre task execution logs
[2025-01-30T09:58:53.874+0000] {taskinstance.py:2613} INFO - Dependencies all met for dep_context=non-requeueable deps ti=<TaskInstance: homework_workflow_ingest.task_2 scheduled__2019-01-02T00:00:00+00:00 [queued]>
[2025-01-30T09:58:53.889+0000] {taskinstance.py:2613} INFO - Dependencies all met for dep_context=requeueable deps ti=<TaskInstance: homework_workflow_ingest.task_2 scheduled__2019-01-02T00:00:00+00:00 [queued]>
[2025-01-30T09:58:53.890+0000] {taskinstance.py:2866} INFO - Starting attempt 1 of 1
[2025-01-30T09:58:54.407+0000] {taskinstance.py:2889} INFO - Executing <Task(BashOperator): task_2> on 2019-01-02 00:00:00+00:00
[2025-01-30T09:58:54.435+0000] {standard_task_runner.py:104} INFO - Running: ['***', 'tasks', 'run', 'homework_workflow_ingest', 'task_2', 'scheduled__2019-01-02T00:00:00+00:00', '--job-id', '21', '--raw', '--subdir', 'DAGS_FOLDER/homework_dag.py', '--cfg-path', '/tmp/tmppqs_fdaq']
[2025-01-30T09:58:54.436+0000] {logging_mixin.py:190} WARNING - /home/***/.local/lib/python3.12/site-packages/***/task/task_runner/standard_task_runner.py:70 DeprecationWarning: This process (pid=269) is multi-threaded, use of fork() may lead to deadlocks in the child.
[2025-01-30T09:58:54.441+0000] {standard_task_runner.py:72} INFO - Started process 295 to run task
[2025-01-30T09:58:54.438+0000] {standard_task_runner.py:105} INFO - Job 21: Subtask task_2
[2025-01-30T09:58:56.201+0000] {task_command.py:467} INFO - Running <TaskInstance: homework_workflow_ingest.task_2 scheduled__2019-01-02T00:00:00+00:00 [running]> on host 713eb9fcfb63
[2025-01-30T09:59:00.963+0000] {taskinstance.py:3132} INFO - Exporting env vars: AIRFLOW_CTX_DAG_OWNER='***' AIRFLOW_CTX_DAG_ID='homework_workflow_ingest' AIRFLOW_CTX_TASK_ID='task_2' AIRFLOW_CTX_EXECUTION_DATE='2019-01-02T00:00:00+00:00' AIRFLOW_CTX_TRY_NUMBER='1' AIRFLOW_CTX_DAG_RUN_ID='scheduled__2019-01-02T00:00:00+00:00'
[2025-01-30T09:59:00.972+0000] {taskinstance.py:731} INFO - ::endgroup::
[2025-01-30T09:59:01.267+0000] {subprocess.py:78} INFO - Tmp dir root location: /tmp
[2025-01-30T09:59:01.271+0000] {subprocess.py:88} INFO - Running command: ['/usr/bin/bash', '-c', "echo '2019-01'"]
[2025-01-30T09:59:01.425+0000] {subprocess.py:99} INFO - Output:
[2025-01-30T09:59:02.139+0000] {subprocess.py:106} INFO - 2019-01
[2025-01-30T09:59:02.193+0000] {subprocess.py:110} INFO - Command exited with return code 0
[2025-01-30T09:59:03.173+0000] {taskinstance.py:340} INFO - ::group::Post task execution logs
[2025-01-30T09:59:03.173+0000] {taskinstance.py:352} INFO - Marking task as SUCCESS. dag_id=homework_workflow_ingest, task_id=task_2, run_id=scheduled__2019-01-02T00:00:00+00:00, execution_date=20190102T000000, start_date=20250130T095853, end_date=20250130T095903
[2025-01-30T09:59:04.540+0000] {local_task_job_runner.py:266} INFO - Task exited with return code 0
[2025-01-30T09:59:04.646+0000] {local_task_job_runner.py:245} INFO - ::endgroup::
