[2025-01-30T09:33:35.340+0000] {local_task_job_runner.py:123} INFO - ::group::Pre task execution logs
[2025-01-30T09:33:35.449+0000] {taskinstance.py:2613} INFO - Dependencies all met for dep_context=non-requeueable deps ti=<TaskInstance: homework_workflow_ingest.task_2 scheduled__2019-06-02T00:00:00+00:00 [queued]>
[2025-01-30T09:33:35.540+0000] {taskinstance.py:2613} INFO - Dependencies all met for dep_context=requeueable deps ti=<TaskInstance: homework_workflow_ingest.task_2 scheduled__2019-06-02T00:00:00+00:00 [queued]>
[2025-01-30T09:33:35.547+0000] {taskinstance.py:2866} INFO - Starting attempt 1 of 1
[2025-01-30T09:33:36.610+0000] {taskinstance.py:2889} INFO - Executing <Task(BashOperator): task_2> on 2019-06-02 00:00:00+00:00
[2025-01-30T09:33:36.681+0000] {standard_task_runner.py:104} INFO - Running: ['***', 'tasks', 'run', 'homework_workflow_ingest', 'task_2', 'scheduled__2019-06-02T00:00:00+00:00', '--job-id', '52', '--raw', '--subdir', 'DAGS_FOLDER/homework_dag.py', '--cfg-path', '/tmp/tmpc5a4m_52']
[2025-01-30T09:33:36.704+0000] {standard_task_runner.py:105} INFO - Job 52: Subtask task_2
[2025-01-30T09:33:36.703+0000] {logging_mixin.py:190} WARNING - /home/***/.local/lib/python3.12/site-packages/***/task/task_runner/standard_task_runner.py:70 DeprecationWarning: This process (pid=275) is multi-threaded, use of fork() may lead to deadlocks in the child.
[2025-01-30T09:33:36.720+0000] {standard_task_runner.py:72} INFO - Started process 282 to run task
[2025-01-30T09:33:37.026+0000] {task_command.py:467} INFO - Running <TaskInstance: homework_workflow_ingest.task_2 scheduled__2019-06-02T00:00:00+00:00 [running]> on host 710324c6e27a
[2025-01-30T09:33:38.130+0000] {taskinstance.py:3132} INFO - Exporting env vars: AIRFLOW_CTX_DAG_OWNER='***' AIRFLOW_CTX_DAG_ID='homework_workflow_ingest' AIRFLOW_CTX_TASK_ID='task_2' AIRFLOW_CTX_EXECUTION_DATE='2019-06-02T00:00:00+00:00' AIRFLOW_CTX_TRY_NUMBER='1' AIRFLOW_CTX_DAG_RUN_ID='scheduled__2019-06-02T00:00:00+00:00'
[2025-01-30T09:33:38.130+0000] {taskinstance.py:731} INFO - ::endgroup::
[2025-01-30T09:33:38.287+0000] {subprocess.py:78} INFO - Tmp dir root location: /tmp
[2025-01-30T09:33:38.299+0000] {subprocess.py:88} INFO - Running command: ['/usr/bin/bash', '-c', "echo '2019-06'"]
[2025-01-30T09:33:38.387+0000] {subprocess.py:99} INFO - Output:
[2025-01-30T09:33:38.403+0000] {subprocess.py:106} INFO - 2019-06
[2025-01-30T09:33:38.412+0000] {subprocess.py:110} INFO - Command exited with return code 0
[2025-01-30T09:33:38.545+0000] {taskinstance.py:340} INFO - ::group::Post task execution logs
[2025-01-30T09:33:38.549+0000] {taskinstance.py:352} INFO - Marking task as SUCCESS. dag_id=homework_workflow_ingest, task_id=task_2, run_id=scheduled__2019-06-02T00:00:00+00:00, execution_date=20190602T000000, start_date=20250130T093335, end_date=20250130T093338
[2025-01-30T09:33:38.826+0000] {local_task_job_runner.py:266} INFO - Task exited with return code 0
[2025-01-30T09:33:38.900+0000] {taskinstance.py:3895} INFO - 0 downstream tasks scheduled from follow-on schedule check
[2025-01-30T09:33:38.905+0000] {local_task_job_runner.py:245} INFO - ::endgroup::
[2025-01-30T09:58:53.682+0000] {local_task_job_runner.py:123} INFO - ::group::Pre task execution logs
[2025-01-30T09:58:53.924+0000] {taskinstance.py:2613} INFO - Dependencies all met for dep_context=non-requeueable deps ti=<TaskInstance: homework_workflow_ingest.task_2 scheduled__2019-06-02T00:00:00+00:00 [queued]>
[2025-01-30T09:58:53.934+0000] {taskinstance.py:2613} INFO - Dependencies all met for dep_context=requeueable deps ti=<TaskInstance: homework_workflow_ingest.task_2 scheduled__2019-06-02T00:00:00+00:00 [queued]>
[2025-01-30T09:58:53.934+0000] {taskinstance.py:2866} INFO - Starting attempt 1 of 1
[2025-01-30T09:58:54.385+0000] {taskinstance.py:2889} INFO - Executing <Task(BashOperator): task_2> on 2019-06-02 00:00:00+00:00
[2025-01-30T09:58:54.408+0000] {logging_mixin.py:190} WARNING - /home/***/.local/lib/python3.12/site-packages/***/task/task_runner/standard_task_runner.py:70 DeprecationWarning: This process (pid=270) is multi-threaded, use of fork() may lead to deadlocks in the child.
[2025-01-30T09:58:54.409+0000] {standard_task_runner.py:72} INFO - Started process 293 to run task
[2025-01-30T09:58:54.413+0000] {standard_task_runner.py:104} INFO - Running: ['***', 'tasks', 'run', 'homework_workflow_ingest', 'task_2', 'scheduled__2019-06-02T00:00:00+00:00', '--job-id', '22', '--raw', '--subdir', 'DAGS_FOLDER/homework_dag.py', '--cfg-path', '/tmp/tmppgqwvdif']
[2025-01-30T09:58:54.414+0000] {standard_task_runner.py:105} INFO - Job 22: Subtask task_2
[2025-01-30T09:58:56.200+0000] {task_command.py:467} INFO - Running <TaskInstance: homework_workflow_ingest.task_2 scheduled__2019-06-02T00:00:00+00:00 [running]> on host 713eb9fcfb63
[2025-01-30T09:59:00.946+0000] {taskinstance.py:3132} INFO - Exporting env vars: AIRFLOW_CTX_DAG_OWNER='***' AIRFLOW_CTX_DAG_ID='homework_workflow_ingest' AIRFLOW_CTX_TASK_ID='task_2' AIRFLOW_CTX_EXECUTION_DATE='2019-06-02T00:00:00+00:00' AIRFLOW_CTX_TRY_NUMBER='1' AIRFLOW_CTX_DAG_RUN_ID='scheduled__2019-06-02T00:00:00+00:00'
[2025-01-30T09:59:00.991+0000] {taskinstance.py:731} INFO - ::endgroup::
[2025-01-30T09:59:01.286+0000] {subprocess.py:78} INFO - Tmp dir root location: /tmp
[2025-01-30T09:59:01.287+0000] {subprocess.py:88} INFO - Running command: ['/usr/bin/bash', '-c', "echo '2019-06'"]
[2025-01-30T09:59:01.479+0000] {subprocess.py:99} INFO - Output:
[2025-01-30T09:59:02.141+0000] {subprocess.py:106} INFO - 2019-06
[2025-01-30T09:59:02.189+0000] {subprocess.py:110} INFO - Command exited with return code 0
[2025-01-30T09:59:03.146+0000] {taskinstance.py:340} INFO - ::group::Post task execution logs
[2025-01-30T09:59:03.147+0000] {taskinstance.py:352} INFO - Marking task as SUCCESS. dag_id=homework_workflow_ingest, task_id=task_2, run_id=scheduled__2019-06-02T00:00:00+00:00, execution_date=20190602T000000, start_date=20250130T095853, end_date=20250130T095903
[2025-01-30T09:59:04.535+0000] {local_task_job_runner.py:266} INFO - Task exited with return code 0
[2025-01-30T09:59:04.678+0000] {local_task_job_runner.py:245} INFO - ::endgroup::
