[2025-01-28T14:16:50.077+0000] {local_task_job_runner.py:123} INFO - ::group::Pre task execution logs
[2025-01-28T14:16:50.115+0000] {taskinstance.py:2613} INFO - Dependencies all met for dep_context=non-requeueable deps ti=<TaskInstance: dag_data_ingestion.ingest_data manual__2025-01-28T14:07:52.208707+00:00 [queued]>
[2025-01-28T14:16:50.122+0000] {taskinstance.py:2613} INFO - Dependencies all met for dep_context=requeueable deps ti=<TaskInstance: dag_data_ingestion.ingest_data manual__2025-01-28T14:07:52.208707+00:00 [queued]>
[2025-01-28T14:16:50.123+0000] {taskinstance.py:2866} INFO - Starting attempt 6 of 6
[2025-01-28T14:16:50.142+0000] {taskinstance.py:2889} INFO - Executing <Task(PythonOperator): ingest_data> on 2025-01-28 14:07:52.208707+00:00
[2025-01-28T14:16:50.151+0000] {standard_task_runner.py:104} INFO - Running: ['***', 'tasks', 'run', 'dag_data_ingestion', 'ingest_data', 'manual__2025-01-28T14:07:52.208707+00:00', '--job-id', '13', '--raw', '--subdir', 'DAGS_FOLDER/local_ingestion_dag.py', '--cfg-path', '/tmp/tmpa9uz97bw']
[2025-01-28T14:16:50.153+0000] {standard_task_runner.py:105} INFO - Job 13: Subtask ingest_data
[2025-01-28T14:16:50.154+0000] {logging_mixin.py:190} WARNING - /home/***/.local/lib/python3.12/site-packages/***/task/task_runner/standard_task_runner.py:70 DeprecationWarning: This process (pid=221) is multi-threaded, use of fork() may lead to deadlocks in the child.
[2025-01-28T14:16:50.154+0000] {standard_task_runner.py:72} INFO - Started process 223 to run task
[2025-01-28T14:16:50.203+0000] {task_command.py:467} INFO - Running <TaskInstance: dag_data_ingestion.ingest_data manual__2025-01-28T14:07:52.208707+00:00 [running]> on host 6a79f74e3845
[2025-01-28T14:16:50.274+0000] {taskinstance.py:3132} INFO - Exporting env vars: AIRFLOW_CTX_DAG_OWNER='***' AIRFLOW_CTX_DAG_ID='dag_data_ingestion' AIRFLOW_CTX_TASK_ID='ingest_data' AIRFLOW_CTX_EXECUTION_DATE='2025-01-28T14:07:52.208707+00:00' AIRFLOW_CTX_TRY_NUMBER='6' AIRFLOW_CTX_DAG_RUN_ID='manual__2025-01-28T14:07:52.208707+00:00'
[2025-01-28T14:16:50.275+0000] {taskinstance.py:731} INFO - ::endgroup::
[2025-01-28T14:16:50.286+0000] {logging_mixin.py:190} INFO - Table Name: trip_data
[2025-01-28T14:16:50.286+0000] {logging_mixin.py:190} INFO - File Path (Parquet): /opt/***/data/green_2023-01_data.parquet
[2025-01-28T14:16:50.286+0000] {logging_mixin.py:190} INFO - Execution Date: 2025-01-28 14:07:52.208707+00:00
[2025-01-28T14:16:50.293+0000] {logging_mixin.py:190} INFO - Connection established successfully, inserting data...
[2025-01-28T14:16:55.775+0000] {logging_mixin.py:190} INFO - Inserted the first chunk, took 5.473 second(s).
[2025-01-28T14:16:55.776+0000] {logging_mixin.py:190} INFO - All batches inserted, ingestion completed.
[2025-01-28T14:16:55.776+0000] {python.py:240} INFO - Done. Returned value was: None
[2025-01-28T14:16:55.785+0000] {taskinstance.py:340} INFO - ::group::Post task execution logs
[2025-01-28T14:16:55.786+0000] {taskinstance.py:352} INFO - Marking task as SUCCESS. dag_id=dag_data_ingestion, task_id=ingest_data, run_id=manual__2025-01-28T14:07:52.208707+00:00, execution_date=20250128T140752, start_date=20250128T141650, end_date=20250128T141655
[2025-01-28T14:16:55.841+0000] {local_task_job_runner.py:266} INFO - Task exited with return code 0
[2025-01-28T14:16:55.854+0000] {taskinstance.py:3895} INFO - 0 downstream tasks scheduled from follow-on schedule check
[2025-01-28T14:16:55.855+0000] {local_task_job_runner.py:245} INFO - ::endgroup::
