[2025-01-30T09:33:50.603+0000] {local_task_job_runner.py:123} INFO - ::group::Pre task execution logs
[2025-01-30T09:33:50.694+0000] {taskinstance.py:2613} INFO - Dependencies all met for dep_context=non-requeueable deps ti=<TaskInstance: homework_workflow_ingest.task_2 scheduled__2020-11-02T00:00:00+00:00 [queued]>
[2025-01-30T09:33:50.727+0000] {taskinstance.py:2613} INFO - Dependencies all met for dep_context=requeueable deps ti=<TaskInstance: homework_workflow_ingest.task_2 scheduled__2020-11-02T00:00:00+00:00 [queued]>
[2025-01-30T09:33:50.727+0000] {taskinstance.py:2866} INFO - Starting attempt 1 of 1
[2025-01-30T09:33:50.767+0000] {taskinstance.py:2889} INFO - Executing <Task(BashOperator): task_2> on 2020-11-02 00:00:00+00:00
[2025-01-30T09:33:50.811+0000] {logging_mixin.py:190} WARNING - /home/***/.local/lib/python3.12/site-packages/***/task/task_runner/standard_task_runner.py:70 DeprecationWarning: This process (pid=401) is multi-threaded, use of fork() may lead to deadlocks in the child.
[2025-01-30T09:33:50.813+0000] {standard_task_runner.py:72} INFO - Started process 413 to run task
[2025-01-30T09:33:50.813+0000] {standard_task_runner.py:104} INFO - Running: ['***', 'tasks', 'run', 'homework_workflow_ingest', 'task_2', 'scheduled__2020-11-02T00:00:00+00:00', '--job-id', '81', '--raw', '--subdir', 'DAGS_FOLDER/homework_dag.py', '--cfg-path', '/tmp/tmphgo5m9tk']
[2025-01-30T09:33:50.816+0000] {standard_task_runner.py:105} INFO - Job 81: Subtask task_2
[2025-01-30T09:33:50.984+0000] {task_command.py:467} INFO - Running <TaskInstance: homework_workflow_ingest.task_2 scheduled__2020-11-02T00:00:00+00:00 [running]> on host 710324c6e27a
[2025-01-30T09:33:51.190+0000] {taskinstance.py:3132} INFO - Exporting env vars: AIRFLOW_CTX_DAG_OWNER='***' AIRFLOW_CTX_DAG_ID='homework_workflow_ingest' AIRFLOW_CTX_TASK_ID='task_2' AIRFLOW_CTX_EXECUTION_DATE='2020-11-02T00:00:00+00:00' AIRFLOW_CTX_TRY_NUMBER='1' AIRFLOW_CTX_DAG_RUN_ID='scheduled__2020-11-02T00:00:00+00:00'
[2025-01-30T09:33:51.191+0000] {taskinstance.py:731} INFO - ::endgroup::
[2025-01-30T09:33:51.212+0000] {subprocess.py:78} INFO - Tmp dir root location: /tmp
[2025-01-30T09:33:51.213+0000] {subprocess.py:88} INFO - Running command: ['/usr/bin/bash', '-c', "echo '2020-11'"]
[2025-01-30T09:33:51.243+0000] {subprocess.py:99} INFO - Output:
[2025-01-30T09:33:51.246+0000] {subprocess.py:106} INFO - 2020-11
[2025-01-30T09:33:51.247+0000] {subprocess.py:110} INFO - Command exited with return code 0
[2025-01-30T09:33:51.290+0000] {taskinstance.py:340} INFO - ::group::Post task execution logs
[2025-01-30T09:33:51.291+0000] {taskinstance.py:352} INFO - Marking task as SUCCESS. dag_id=homework_workflow_ingest, task_id=task_2, run_id=scheduled__2020-11-02T00:00:00+00:00, execution_date=20201102T000000, start_date=20250130T093350, end_date=20250130T093351
[2025-01-30T09:33:51.337+0000] {local_task_job_runner.py:266} INFO - Task exited with return code 0
[2025-01-30T09:33:51.358+0000] {taskinstance.py:3895} INFO - 0 downstream tasks scheduled from follow-on schedule check
[2025-01-30T09:33:51.360+0000] {local_task_job_runner.py:245} INFO - ::endgroup::
[2025-01-30T09:59:15.898+0000] {local_task_job_runner.py:123} INFO - ::group::Pre task execution logs
[2025-01-30T09:59:15.951+0000] {taskinstance.py:2613} INFO - Dependencies all met for dep_context=non-requeueable deps ti=<TaskInstance: homework_workflow_ingest.task_2 scheduled__2020-11-02T00:00:00+00:00 [queued]>
[2025-01-30T09:59:15.971+0000] {taskinstance.py:2613} INFO - Dependencies all met for dep_context=requeueable deps ti=<TaskInstance: homework_workflow_ingest.task_2 scheduled__2020-11-02T00:00:00+00:00 [queued]>
[2025-01-30T09:59:15.972+0000] {taskinstance.py:2866} INFO - Starting attempt 1 of 1
[2025-01-30T09:59:15.999+0000] {taskinstance.py:2889} INFO - Executing <Task(BashOperator): task_2> on 2020-11-02 00:00:00+00:00
[2025-01-30T09:59:16.017+0000] {logging_mixin.py:190} WARNING - /home/***/.local/lib/python3.12/site-packages/***/task/task_runner/standard_task_runner.py:70 DeprecationWarning: This process (pid=418) is multi-threaded, use of fork() may lead to deadlocks in the child.
[2025-01-30T09:59:16.023+0000] {standard_task_runner.py:72} INFO - Started process 422 to run task
[2025-01-30T09:59:16.018+0000] {standard_task_runner.py:104} INFO - Running: ['***', 'tasks', 'run', 'homework_workflow_ingest', 'task_2', 'scheduled__2020-11-02T00:00:00+00:00', '--job-id', '48', '--raw', '--subdir', 'DAGS_FOLDER/homework_dag.py', '--cfg-path', '/tmp/tmpb158uz8d']
[2025-01-30T09:59:16.023+0000] {standard_task_runner.py:105} INFO - Job 48: Subtask task_2
[2025-01-30T09:59:16.072+0000] {task_command.py:467} INFO - Running <TaskInstance: homework_workflow_ingest.task_2 scheduled__2020-11-02T00:00:00+00:00 [running]> on host 713eb9fcfb63
[2025-01-30T09:59:16.165+0000] {taskinstance.py:3132} INFO - Exporting env vars: AIRFLOW_CTX_DAG_OWNER='***' AIRFLOW_CTX_DAG_ID='homework_workflow_ingest' AIRFLOW_CTX_TASK_ID='task_2' AIRFLOW_CTX_EXECUTION_DATE='2020-11-02T00:00:00+00:00' AIRFLOW_CTX_TRY_NUMBER='1' AIRFLOW_CTX_DAG_RUN_ID='scheduled__2020-11-02T00:00:00+00:00'
[2025-01-30T09:59:16.166+0000] {taskinstance.py:731} INFO - ::endgroup::
[2025-01-30T09:59:16.179+0000] {subprocess.py:78} INFO - Tmp dir root location: /tmp
[2025-01-30T09:59:16.180+0000] {subprocess.py:88} INFO - Running command: ['/usr/bin/bash', '-c', "echo '2020-11'"]
[2025-01-30T09:59:16.190+0000] {subprocess.py:99} INFO - Output:
[2025-01-30T09:59:16.192+0000] {subprocess.py:106} INFO - 2020-11
[2025-01-30T09:59:16.192+0000] {subprocess.py:110} INFO - Command exited with return code 0
[2025-01-30T09:59:16.219+0000] {taskinstance.py:340} INFO - ::group::Post task execution logs
[2025-01-30T09:59:16.220+0000] {taskinstance.py:352} INFO - Marking task as SUCCESS. dag_id=homework_workflow_ingest, task_id=task_2, run_id=scheduled__2020-11-02T00:00:00+00:00, execution_date=20201102T000000, start_date=20250130T095915, end_date=20250130T095916
[2025-01-30T09:59:16.239+0000] {local_task_job_runner.py:266} INFO - Task exited with return code 0
[2025-01-30T09:59:16.257+0000] {taskinstance.py:3895} INFO - 0 downstream tasks scheduled from follow-on schedule check
[2025-01-30T09:59:16.258+0000] {local_task_job_runner.py:245} INFO - ::endgroup::
