[2025-01-26T20:07:58.820+0000] {local_task_job_runner.py:123} INFO - ::group::Pre task execution logs
[2025-01-26T20:07:58.834+0000] {taskinstance.py:2613} INFO - Dependencies all met for dep_context=non-requeueable deps ti=<TaskInstance: gcp_ingest.download_data manual__2025-01-26T20:07:57.328377+00:00 [queued]>
[2025-01-26T20:07:58.840+0000] {taskinstance.py:2613} INFO - Dependencies all met for dep_context=requeueable deps ti=<TaskInstance: gcp_ingest.download_data manual__2025-01-26T20:07:57.328377+00:00 [queued]>
[2025-01-26T20:07:58.841+0000] {taskinstance.py:2866} INFO - Starting attempt 1 of 7
[2025-01-26T20:07:58.853+0000] {taskinstance.py:2889} INFO - Executing <Task(BashOperator): download_data> on 2025-01-26 20:07:57.328377+00:00
[2025-01-26T20:07:58.865+0000] {logging_mixin.py:190} WARNING - /home/***/.local/lib/python3.12/site-packages/***/task/task_runner/standard_task_runner.py:70 DeprecationWarning: This process (pid=515) is multi-threaded, use of fork() may lead to deadlocks in the child.
[2025-01-26T20:07:58.866+0000] {standard_task_runner.py:72} INFO - Started process 517 to run task
[2025-01-26T20:07:58.865+0000] {standard_task_runner.py:104} INFO - Running: ['***', 'tasks', 'run', 'gcp_ingest', 'download_data', 'manual__2025-01-26T20:07:57.328377+00:00', '--job-id', '130', '--raw', '--subdir', 'DAGS_FOLDER/gcp_ingest_dag.py', '--cfg-path', '/tmp/tmpd_su9iph']
[2025-01-26T20:07:58.867+0000] {standard_task_runner.py:105} INFO - Job 130: Subtask download_data
[2025-01-26T20:07:58.912+0000] {task_command.py:467} INFO - Running <TaskInstance: gcp_ingest.download_data manual__2025-01-26T20:07:57.328377+00:00 [running]> on host a31c3bbc14de
[2025-01-26T20:07:58.985+0000] {taskinstance.py:3132} INFO - Exporting env vars: AIRFLOW_CTX_DAG_OWNER='***' AIRFLOW_CTX_DAG_ID='gcp_ingest' AIRFLOW_CTX_TASK_ID='download_data' AIRFLOW_CTX_EXECUTION_DATE='2025-01-26T20:07:57.328377+00:00' AIRFLOW_CTX_TRY_NUMBER='1' AIRFLOW_CTX_DAG_RUN_ID='manual__2025-01-26T20:07:57.328377+00:00'
[2025-01-26T20:07:58.986+0000] {taskinstance.py:731} INFO - ::endgroup::
[2025-01-26T20:07:58.997+0000] {subprocess.py:78} INFO - Tmp dir root location: /tmp
[2025-01-26T20:07:58.997+0000] {subprocess.py:88} INFO - Running command: ['/usr/bin/bash', '-c', 'curl -o /opt/***/dags/data/downloaded_data.csv https://www.stats.govt.nz/assets/Uploads/Annual-enterprise-survey/Annual-enterprise-survey-2023-financial-year-provisional/Download-data/annual-enterprise-survey-2023-financial-year-provisional-size-bands.csv']
[2025-01-26T20:07:59.010+0000] {subprocess.py:99} INFO - Output:
[2025-01-26T20:07:59.021+0000] {subprocess.py:106} INFO -   % Total    % Received % Xferd  Average Speed   Time    Time     Time  Current
[2025-01-26T20:07:59.022+0000] {subprocess.py:106} INFO -                                  Dload  Upload   Total   Spent    Left  Speed
[2025-01-26T20:07:59.249+0000] {subprocess.py:106} INFO -   0     0    0     0    0     0      0      0 --:--:-- --:--:-- --:--:--     0100 1723k  100 1723k    0     0  7557k      0 --:--:-- --:--:-- --:--:-- 7590k
[2025-01-26T20:07:59.252+0000] {subprocess.py:110} INFO - Command exited with return code 0
[2025-01-26T20:07:59.288+0000] {taskinstance.py:340} INFO - ::group::Post task execution logs
[2025-01-26T20:07:59.288+0000] {taskinstance.py:352} INFO - Marking task as SUCCESS. dag_id=gcp_ingest, task_id=download_data, run_id=manual__2025-01-26T20:07:57.328377+00:00, execution_date=20250126T200757, start_date=20250126T200758, end_date=20250126T200759
[2025-01-26T20:07:59.321+0000] {local_task_job_runner.py:266} INFO - Task exited with return code 0
[2025-01-26T20:07:59.342+0000] {taskinstance.py:3895} INFO - 1 downstream tasks scheduled from follow-on schedule check
[2025-01-26T20:07:59.344+0000] {local_task_job_runner.py:245} INFO - ::endgroup::
