[2025-01-28T14:12:12.504+0000] {local_task_job_runner.py:123} INFO - ::group::Pre task execution logs
[2025-01-28T14:12:12.518+0000] {taskinstance.py:2613} INFO - Dependencies all met for dep_context=non-requeueable deps ti=<TaskInstance: dag_data_ingestion.get_data manual__2025-01-28T14:12:11.814965+00:00 [queued]>
[2025-01-28T14:12:12.524+0000] {taskinstance.py:2613} INFO - Dependencies all met for dep_context=requeueable deps ti=<TaskInstance: dag_data_ingestion.get_data manual__2025-01-28T14:12:11.814965+00:00 [queued]>
[2025-01-28T14:12:12.524+0000] {taskinstance.py:2866} INFO - Starting attempt 1 of 1
[2025-01-28T14:12:12.534+0000] {taskinstance.py:2889} INFO - Executing <Task(BashOperator): get_data> on 2025-01-28 14:12:11.814965+00:00
[2025-01-28T14:12:12.541+0000] {standard_task_runner.py:104} INFO - Running: ['***', 'tasks', 'run', 'dag_data_ingestion', 'get_data', 'manual__2025-01-28T14:12:11.814965+00:00', '--job-id', '8', '--raw', '--subdir', 'DAGS_FOLDER/local_ingestion_dag.py', '--cfg-path', '/tmp/tmp9dyt_vxf']
[2025-01-28T14:12:12.543+0000] {standard_task_runner.py:105} INFO - Job 8: Subtask get_data
[2025-01-28T14:12:12.547+0000] {logging_mixin.py:190} WARNING - /home/***/.local/lib/python3.12/site-packages/***/task/task_runner/standard_task_runner.py:70 DeprecationWarning: This process (pid=336) is multi-threaded, use of fork() may lead to deadlocks in the child.
[2025-01-28T14:12:12.548+0000] {standard_task_runner.py:72} INFO - Started process 337 to run task
[2025-01-28T14:12:12.582+0000] {task_command.py:467} INFO - Running <TaskInstance: dag_data_ingestion.get_data manual__2025-01-28T14:12:11.814965+00:00 [running]> on host 5eb77bcbfece
[2025-01-28T14:12:12.663+0000] {taskinstance.py:3132} INFO - Exporting env vars: AIRFLOW_CTX_DAG_OWNER='***' AIRFLOW_CTX_DAG_ID='dag_data_ingestion' AIRFLOW_CTX_TASK_ID='get_data' AIRFLOW_CTX_EXECUTION_DATE='2025-01-28T14:12:11.814965+00:00' AIRFLOW_CTX_TRY_NUMBER='1' AIRFLOW_CTX_DAG_RUN_ID='manual__2025-01-28T14:12:11.814965+00:00'
[2025-01-28T14:12:12.663+0000] {taskinstance.py:731} INFO - ::endgroup::
[2025-01-28T14:12:12.674+0000] {subprocess.py:78} INFO - Tmp dir root location: /tmp
[2025-01-28T14:12:12.675+0000] {subprocess.py:88} INFO - Running command: ['/usr/bin/bash', '-c', 'curl -o /opt/***/data/green_2023-01_data.parquet https://d37ci6vzurychx.cloudfront.net/trip-data/green_tripdata_2023-01.parquet']
[2025-01-28T14:12:12.685+0000] {subprocess.py:99} INFO - Output:
[2025-01-28T14:12:12.694+0000] {subprocess.py:106} INFO -   % Total    % Received % Xferd  Average Speed   Time    Time     Time  Current
[2025-01-28T14:12:12.695+0000] {subprocess.py:106} INFO -                                  Dload  Upload   Total   Spent    Left  Speed
[2025-01-28T14:12:13.712+0000] {subprocess.py:106} INFO -   0     0    0     0    0     0      0      0 --:--:-- --:--:-- --:--:--     0  0 1393k    0  2535    0     0   6990      0  0:03:24 --:--:--  0:03:24  6983100 1393k  100 1393k    0     0  1369k      0  0:00:01  0:00:01 --:--:-- 1370k
[2025-01-28T14:12:13.714+0000] {subprocess.py:110} INFO - Command exited with return code 0
[2025-01-28T14:12:13.738+0000] {taskinstance.py:340} INFO - ::group::Post task execution logs
[2025-01-28T14:12:13.738+0000] {taskinstance.py:352} INFO - Marking task as SUCCESS. dag_id=dag_data_ingestion, task_id=get_data, run_id=manual__2025-01-28T14:12:11.814965+00:00, execution_date=20250128T141211, start_date=20250128T141212, end_date=20250128T141213
[2025-01-28T14:12:13.763+0000] {local_task_job_runner.py:266} INFO - Task exited with return code 0
[2025-01-28T14:12:13.784+0000] {taskinstance.py:3895} INFO - 1 downstream tasks scheduled from follow-on schedule check
[2025-01-28T14:12:13.785+0000] {local_task_job_runner.py:245} INFO - ::endgroup::
