[2025-01-30T10:26:07.390+0000] {local_task_job_runner.py:123} INFO - ::group::Pre task execution logs
[2025-01-30T10:26:07.414+0000] {taskinstance.py:2613} INFO - Dependencies all met for dep_context=non-requeueable deps ti=<TaskInstance: fhv_to_gcp_dag.download_fhv scheduled__2020-11-02T00:00:00+00:00 [queued]>
[2025-01-30T10:26:07.423+0000] {taskinstance.py:2613} INFO - Dependencies all met for dep_context=requeueable deps ti=<TaskInstance: fhv_to_gcp_dag.download_fhv scheduled__2020-11-02T00:00:00+00:00 [queued]>
[2025-01-30T10:26:07.423+0000] {taskinstance.py:2866} INFO - Starting attempt 1 of 1
[2025-01-30T10:26:07.443+0000] {taskinstance.py:2889} INFO - Executing <Task(BashOperator): download_fhv> on 2020-11-02 00:00:00+00:00
[2025-01-30T10:26:07.454+0000] {logging_mixin.py:190} WARNING - /home/***/.local/lib/python3.12/site-packages/***/task/task_runner/standard_task_runner.py:70 DeprecationWarning: This process (pid=399) is multi-threaded, use of fork() may lead to deadlocks in the child.
[2025-01-30T10:26:07.455+0000] {standard_task_runner.py:72} INFO - Started process 403 to run task
[2025-01-30T10:26:07.455+0000] {standard_task_runner.py:104} INFO - Running: ['***', 'tasks', 'run', 'fhv_to_gcp_dag', 'download_fhv', 'scheduled__2020-11-02T00:00:00+00:00', '--job-id', '94', '--raw', '--subdir', 'DAGS_FOLDER/homework_fhv_dag.py', '--cfg-path', '/tmp/tmp72unk37h']
[2025-01-30T10:26:07.458+0000] {standard_task_runner.py:105} INFO - Job 94: Subtask download_fhv
[2025-01-30T10:26:07.523+0000] {task_command.py:467} INFO - Running <TaskInstance: fhv_to_gcp_dag.download_fhv scheduled__2020-11-02T00:00:00+00:00 [running]> on host 9573d401388f
[2025-01-30T10:26:07.629+0000] {taskinstance.py:3132} INFO - Exporting env vars: AIRFLOW_CTX_DAG_OWNER='***' AIRFLOW_CTX_DAG_ID='fhv_to_gcp_dag' AIRFLOW_CTX_TASK_ID='download_fhv' AIRFLOW_CTX_EXECUTION_DATE='2020-11-02T00:00:00+00:00' AIRFLOW_CTX_TRY_NUMBER='1' AIRFLOW_CTX_DAG_RUN_ID='scheduled__2020-11-02T00:00:00+00:00'
[2025-01-30T10:26:07.630+0000] {taskinstance.py:731} INFO - ::endgroup::
[2025-01-30T10:26:07.643+0000] {subprocess.py:78} INFO - Tmp dir root location: /tmp
[2025-01-30T10:26:07.643+0000] {subprocess.py:88} INFO - Running command: ['/usr/bin/bash', '-c', 'curl -o /opt/***/data/fhv_2020-11_data.parquet https://d37ci6vzurychx.cloudfront.net/trip-data/fhv_tripdata_2020-11.parquet']
[2025-01-30T10:26:07.655+0000] {subprocess.py:99} INFO - Output:
[2025-01-30T10:26:07.665+0000] {subprocess.py:106} INFO -   % Total    % Received % Xferd  Average Speed   Time    Time     Time  Current
[2025-01-30T10:26:07.665+0000] {subprocess.py:106} INFO -                                  Dload  Upload   Total   Spent    Left  Speed
[2025-01-30T10:26:08.967+0000] {subprocess.py:106} INFO -   0     0    0     0    0     0      0      0 --:--:-- --:--:-- --:--:--     0  0     0    0     0    0     0      0      0 --:--:-- --:--:-- --:--:--     0 75 11.7M   75 9098k    0     0  7567k      0  0:00:01  0:00:01 --:--:-- 7562k100 11.7M  100 11.7M    0     0  9250k      0  0:00:01  0:00:01 --:--:-- 9244k
[2025-01-30T10:26:08.970+0000] {subprocess.py:110} INFO - Command exited with return code 0
[2025-01-30T10:26:09.153+0000] {taskinstance.py:340} INFO - ::group::Post task execution logs
[2025-01-30T10:26:09.154+0000] {taskinstance.py:352} INFO - Marking task as SUCCESS. dag_id=fhv_to_gcp_dag, task_id=download_fhv, run_id=scheduled__2020-11-02T00:00:00+00:00, execution_date=20201102T000000, start_date=20250130T102607, end_date=20250130T102609
[2025-01-30T10:26:09.199+0000] {local_task_job_runner.py:266} INFO - Task exited with return code 0
[2025-01-30T10:26:09.251+0000] {taskinstance.py:3895} INFO - 1 downstream tasks scheduled from follow-on schedule check
[2025-01-30T10:26:09.252+0000] {local_task_job_runner.py:245} INFO - ::endgroup::
