[2025-01-30T09:33:15.784+0000] {local_task_job_runner.py:123} INFO - ::group::Pre task execution logs
[2025-01-30T09:33:15.810+0000] {taskinstance.py:2613} INFO - Dependencies all met for dep_context=non-requeueable deps ti=<TaskInstance: homework_workflow_ingest.download_data scheduled__2019-01-02T00:00:00+00:00 [queued]>
[2025-01-30T09:33:15.819+0000] {taskinstance.py:2613} INFO - Dependencies all met for dep_context=requeueable deps ti=<TaskInstance: homework_workflow_ingest.download_data scheduled__2019-01-02T00:00:00+00:00 [queued]>
[2025-01-30T09:33:15.819+0000] {taskinstance.py:2866} INFO - Starting attempt 1 of 1
[2025-01-30T09:33:15.842+0000] {taskinstance.py:2889} INFO - Executing <Task(BashOperator): download_data> on 2019-01-02 00:00:00+00:00
[2025-01-30T09:33:15.877+0000] {logging_mixin.py:190} WARNING - /home/***/.local/lib/python3.12/site-packages/***/task/task_runner/standard_task_runner.py:70 DeprecationWarning: This process (pid=195) is multi-threaded, use of fork() may lead to deadlocks in the child.
[2025-01-30T09:33:15.878+0000] {standard_task_runner.py:72} INFO - Started process 199 to run task
[2025-01-30T09:33:15.874+0000] {standard_task_runner.py:104} INFO - Running: ['***', 'tasks', 'run', 'homework_workflow_ingest', 'download_data', 'scheduled__2019-01-02T00:00:00+00:00', '--job-id', '36', '--raw', '--subdir', 'DAGS_FOLDER/homework_dag.py', '--cfg-path', '/tmp/tmpz3pdx3bo']
[2025-01-30T09:33:15.880+0000] {standard_task_runner.py:105} INFO - Job 36: Subtask download_data
[2025-01-30T09:33:16.007+0000] {task_command.py:467} INFO - Running <TaskInstance: homework_workflow_ingest.download_data scheduled__2019-01-02T00:00:00+00:00 [running]> on host 710324c6e27a
[2025-01-30T09:33:16.269+0000] {taskinstance.py:3132} INFO - Exporting env vars: AIRFLOW_CTX_DAG_OWNER='***' AIRFLOW_CTX_DAG_ID='homework_workflow_ingest' AIRFLOW_CTX_TASK_ID='download_data' AIRFLOW_CTX_EXECUTION_DATE='2019-01-02T00:00:00+00:00' AIRFLOW_CTX_TRY_NUMBER='1' AIRFLOW_CTX_DAG_RUN_ID='scheduled__2019-01-02T00:00:00+00:00'
[2025-01-30T09:33:16.270+0000] {taskinstance.py:731} INFO - ::endgroup::
[2025-01-30T09:33:16.418+0000] {subprocess.py:78} INFO - Tmp dir root location: /tmp
[2025-01-30T09:33:16.419+0000] {subprocess.py:88} INFO - Running command: ['/usr/bin/bash', '-c', 'curl -o /opt/***/data/yellow_2019-01_data.parquet https://d37ci6vzurychx.cloudfront.net/trip-data/yellow_tripdata_2019-01.parquet']
[2025-01-30T09:33:16.476+0000] {subprocess.py:99} INFO - Output:
[2025-01-30T09:33:16.783+0000] {subprocess.py:106} INFO -   % Total    % Received % Xferd  Average Speed   Time    Time     Time  Current
[2025-01-30T09:33:16.784+0000] {subprocess.py:106} INFO -                                  Dload  Upload   Total   Spent    Left  Speed
[2025-01-30T09:33:22.908+0000] {subprocess.py:106} INFO -   0     0    0     0    0     0      0      0 --:--:-- --:--:-- --:--:--     0  0     0    0     0    0     0      0      0 --:--:-- --:--:-- --:--:--     0  5  105M    5 6165k    0     0  5418k      0  0:00:19  0:00:01  0:00:18 5417k 30  105M   30 31.8M    0     0  14.6M      0  0:00:07  0:00:02  0:00:05 14.6M 45  105M   45 48.2M    0     0  15.5M      0  0:00:06  0:00:03  0:00:03 15.5M 64  105M   64 68.1M    0     0  16.6M      0  0:00:06  0:00:04  0:00:02 16.6M 83  105M   83 87.6M    0     0  17.1M      0  0:00:06  0:00:05  0:00:01 17.8M100  105M  100  105M    0     0  17.1M      0  0:00:06  0:00:06 --:--:-- 19.9M100  105M  100  105M    0     0  17.1M      0  0:00:06  0:00:06 --:--:-- 18.5M
[2025-01-30T09:33:22.977+0000] {subprocess.py:110} INFO - Command exited with return code 0
[2025-01-30T09:33:23.961+0000] {taskinstance.py:340} INFO - ::group::Post task execution logs
[2025-01-30T09:33:23.962+0000] {taskinstance.py:352} INFO - Marking task as SUCCESS. dag_id=homework_workflow_ingest, task_id=download_data, run_id=scheduled__2019-01-02T00:00:00+00:00, execution_date=20190102T000000, start_date=20250130T093315, end_date=20250130T093323
[2025-01-30T09:33:26.773+0000] {local_task_job_runner.py:266} INFO - Task exited with return code 0
[2025-01-30T09:33:26.842+0000] {taskinstance.py:3895} INFO - 1 downstream tasks scheduled from follow-on schedule check
[2025-01-30T09:33:29.248+0000] {local_task_job_runner.py:245} INFO - ::endgroup::
[2025-01-30T09:47:54.946+0000] {local_task_job_runner.py:123} INFO - ::group::Pre task execution logs
[2025-01-30T09:47:54.971+0000] {taskinstance.py:2613} INFO - Dependencies all met for dep_context=non-requeueable deps ti=<TaskInstance: homework_workflow_ingest.download_data scheduled__2019-01-02T00:00:00+00:00 [queued]>
[2025-01-30T09:47:54.979+0000] {taskinstance.py:2613} INFO - Dependencies all met for dep_context=requeueable deps ti=<TaskInstance: homework_workflow_ingest.download_data scheduled__2019-01-02T00:00:00+00:00 [queued]>
[2025-01-30T09:47:54.980+0000] {taskinstance.py:2866} INFO - Starting attempt 1 of 1
[2025-01-30T09:47:55.008+0000] {taskinstance.py:2889} INFO - Executing <Task(BashOperator): download_data> on 2019-01-02 00:00:00+00:00
[2025-01-30T09:47:55.022+0000] {logging_mixin.py:190} WARNING - /home/***/.local/lib/python3.12/site-packages/***/task/task_runner/standard_task_runner.py:70 DeprecationWarning: This process (pid=851) is multi-threaded, use of fork() may lead to deadlocks in the child.
[2025-01-30T09:47:55.023+0000] {standard_task_runner.py:72} INFO - Started process 854 to run task
[2025-01-30T09:47:55.023+0000] {standard_task_runner.py:104} INFO - Running: ['***', 'tasks', 'run', 'homework_workflow_ingest', 'download_data', 'scheduled__2019-01-02T00:00:00+00:00', '--job-id', '84', '--raw', '--subdir', 'DAGS_FOLDER/homework_dag.py', '--cfg-path', '/tmp/tmpnk5lgdip']
[2025-01-30T09:47:55.026+0000] {standard_task_runner.py:105} INFO - Job 84: Subtask download_data
[2025-01-30T09:47:55.099+0000] {task_command.py:467} INFO - Running <TaskInstance: homework_workflow_ingest.download_data scheduled__2019-01-02T00:00:00+00:00 [running]> on host 710324c6e27a
[2025-01-30T09:47:55.234+0000] {abstractoperator.py:783} ERROR - Exception rendering Jinja template for task 'download_data', field 'bash_command'. Template: 'curl -o {{ var.value.AIRFLOW_HOME }}/data/{{ params.trip_class }}_{{ ds[:7] }}_data.parquet https://d37ci6vzurychx.cloudfront.net/trip-data/{{ params.trip_class }}_tripdata_{{ ds[:7] }}.parquet'
Traceback (most recent call last):
  File "/home/airflow/.local/lib/python3.12/site-packages/airflow/models/abstractoperator.py", line 775, in _do_render_template_fields
    rendered_content = self.render_template(
                       ^^^^^^^^^^^^^^^^^^^^^
  File "/home/airflow/.local/lib/python3.12/site-packages/airflow/template/templater.py", line 171, in render_template
    return self._render(template, context)
           ^^^^^^^^^^^^^^^^^^^^^^^^^^^^^^^
  File "/home/airflow/.local/lib/python3.12/site-packages/airflow/models/abstractoperator.py", line 730, in _render
    return super()._render(template, context, dag=dag)
           ^^^^^^^^^^^^^^^^^^^^^^^^^^^^^^^^^^^^^^^^^^^
  File "/home/airflow/.local/lib/python3.12/site-packages/airflow/template/templater.py", line 127, in _render
    return render_template_to_string(template, context)
           ^^^^^^^^^^^^^^^^^^^^^^^^^^^^^^^^^^^^^^^^^^^^
  File "/home/airflow/.local/lib/python3.12/site-packages/airflow/utils/helpers.py", line 301, in render_template_to_string
    return render_template(template, cast(MutableMapping[str, Any], context), native=False)
           ^^^^^^^^^^^^^^^^^^^^^^^^^^^^^^^^^^^^^^^^^^^^^^^^^^^^^^^^^^^^^^^^^^^^^^^^^^^^^^^^
  File "/home/airflow/.local/lib/python3.12/site-packages/airflow/utils/helpers.py", line 296, in render_template
    return "".join(nodes)
           ^^^^^^^^^^^^^^
  File "<template>", line 15, in root
  File "/home/airflow/.local/lib/python3.12/site-packages/jinja2/sandbox.py", line 327, in getattr
    value = getattr(obj, attribute)
            ^^^^^^^^^^^^^^^^^^^^^^^
  File "/home/airflow/.local/lib/python3.12/site-packages/airflow/utils/context.py", line 126, in __getattr__
    self.var = Variable.get(key, deserialize_json=self._deserialize_json)
               ^^^^^^^^^^^^^^^^^^^^^^^^^^^^^^^^^^^^^^^^^^^^^^^^^^^^^^^^^^
  File "/home/airflow/.local/lib/python3.12/site-packages/airflow/models/variable.py", line 145, in get
    raise KeyError(f"Variable {key} does not exist")
KeyError: 'Variable AIRFLOW_HOME does not exist'
[2025-01-30T09:47:55.262+0000] {taskinstance.py:3311} ERROR - Task failed with exception
Traceback (most recent call last):
  File "/home/airflow/.local/lib/python3.12/site-packages/airflow/models/taskinstance.py", line 273, in _run_raw_task
    TaskInstance._execute_task_with_callbacks(
  File "/home/airflow/.local/lib/python3.12/site-packages/airflow/models/taskinstance.py", line 3115, in _execute_task_with_callbacks
    task_orig = self.render_templates(context=context, jinja_env=jinja_env)
                ^^^^^^^^^^^^^^^^^^^^^^^^^^^^^^^^^^^^^^^^^^^^^^^^^^^^^^^^^^^
  File "/home/airflow/.local/lib/python3.12/site-packages/airflow/models/taskinstance.py", line 3534, in render_templates
    original_task.render_template_fields(context, jinja_env)
  File "/home/airflow/.local/lib/python3.12/site-packages/airflow/models/baseoperator.py", line 1438, in render_template_fields
    self._do_render_template_fields(self, self.template_fields, context, jinja_env, set())
  File "/home/airflow/.local/lib/python3.12/site-packages/airflow/models/abstractoperator.py", line 775, in _do_render_template_fields
    rendered_content = self.render_template(
                       ^^^^^^^^^^^^^^^^^^^^^
  File "/home/airflow/.local/lib/python3.12/site-packages/airflow/template/templater.py", line 171, in render_template
    return self._render(template, context)
           ^^^^^^^^^^^^^^^^^^^^^^^^^^^^^^^
  File "/home/airflow/.local/lib/python3.12/site-packages/airflow/models/abstractoperator.py", line 730, in _render
    return super()._render(template, context, dag=dag)
           ^^^^^^^^^^^^^^^^^^^^^^^^^^^^^^^^^^^^^^^^^^^
  File "/home/airflow/.local/lib/python3.12/site-packages/airflow/template/templater.py", line 127, in _render
    return render_template_to_string(template, context)
           ^^^^^^^^^^^^^^^^^^^^^^^^^^^^^^^^^^^^^^^^^^^^
  File "/home/airflow/.local/lib/python3.12/site-packages/airflow/utils/helpers.py", line 301, in render_template_to_string
    return render_template(template, cast(MutableMapping[str, Any], context), native=False)
           ^^^^^^^^^^^^^^^^^^^^^^^^^^^^^^^^^^^^^^^^^^^^^^^^^^^^^^^^^^^^^^^^^^^^^^^^^^^^^^^^
  File "/home/airflow/.local/lib/python3.12/site-packages/airflow/utils/helpers.py", line 296, in render_template
    return "".join(nodes)
           ^^^^^^^^^^^^^^
  File "<template>", line 15, in root
  File "/home/airflow/.local/lib/python3.12/site-packages/jinja2/sandbox.py", line 327, in getattr
    value = getattr(obj, attribute)
            ^^^^^^^^^^^^^^^^^^^^^^^
  File "/home/airflow/.local/lib/python3.12/site-packages/airflow/utils/context.py", line 126, in __getattr__
    self.var = Variable.get(key, deserialize_json=self._deserialize_json)
               ^^^^^^^^^^^^^^^^^^^^^^^^^^^^^^^^^^^^^^^^^^^^^^^^^^^^^^^^^^
  File "/home/airflow/.local/lib/python3.12/site-packages/airflow/models/variable.py", line 145, in get
    raise KeyError(f"Variable {key} does not exist")
KeyError: 'Variable AIRFLOW_HOME does not exist'
[2025-01-30T09:47:55.281+0000] {taskinstance.py:1225} INFO - Marking task as FAILED. dag_id=homework_workflow_ingest, task_id=download_data, run_id=scheduled__2019-01-02T00:00:00+00:00, execution_date=20190102T000000, start_date=20250130T094754, end_date=20250130T094755
[2025-01-30T09:47:55.315+0000] {taskinstance.py:340} INFO - ::group::Post task execution logs
[2025-01-30T09:47:55.316+0000] {standard_task_runner.py:124} ERROR - Failed to execute job 84 for task download_data ('Variable AIRFLOW_HOME does not exist'; 854)
Traceback (most recent call last):
  File "/home/airflow/.local/lib/python3.12/site-packages/airflow/task/task_runner/standard_task_runner.py", line 117, in _start_by_fork
    ret = args.func(args, dag=self.dag)
          ^^^^^^^^^^^^^^^^^^^^^^^^^^^^^
  File "/home/airflow/.local/lib/python3.12/site-packages/airflow/cli/cli_config.py", line 49, in command
    return func(*args, **kwargs)
           ^^^^^^^^^^^^^^^^^^^^^
  File "/home/airflow/.local/lib/python3.12/site-packages/airflow/utils/cli.py", line 116, in wrapper
    return f(*args, **kwargs)
           ^^^^^^^^^^^^^^^^^^
  File "/home/airflow/.local/lib/python3.12/site-packages/airflow/cli/commands/task_command.py", line 483, in task_run
    task_return_code = _run_task_by_selected_method(args, _dag, ti)
                       ^^^^^^^^^^^^^^^^^^^^^^^^^^^^^^^^^^^^^^^^^^^^
  File "/home/airflow/.local/lib/python3.12/site-packages/airflow/cli/commands/task_command.py", line 256, in _run_task_by_selected_method
    return _run_raw_task(args, ti)
           ^^^^^^^^^^^^^^^^^^^^^^^
  File "/home/airflow/.local/lib/python3.12/site-packages/airflow/cli/commands/task_command.py", line 341, in _run_raw_task
    return ti._run_raw_task(
           ^^^^^^^^^^^^^^^^^
  File "/home/airflow/.local/lib/python3.12/site-packages/airflow/utils/session.py", line 97, in wrapper
    return func(*args, session=session, **kwargs)
           ^^^^^^^^^^^^^^^^^^^^^^^^^^^^^^^^^^^^^^
  File "/home/airflow/.local/lib/python3.12/site-packages/airflow/models/taskinstance.py", line 3005, in _run_raw_task
    return _run_raw_task(
           ^^^^^^^^^^^^^^
  File "/home/airflow/.local/lib/python3.12/site-packages/airflow/models/taskinstance.py", line 273, in _run_raw_task
    TaskInstance._execute_task_with_callbacks(
  File "/home/airflow/.local/lib/python3.12/site-packages/airflow/models/taskinstance.py", line 3115, in _execute_task_with_callbacks
    task_orig = self.render_templates(context=context, jinja_env=jinja_env)
                ^^^^^^^^^^^^^^^^^^^^^^^^^^^^^^^^^^^^^^^^^^^^^^^^^^^^^^^^^^^
  File "/home/airflow/.local/lib/python3.12/site-packages/airflow/models/taskinstance.py", line 3534, in render_templates
    original_task.render_template_fields(context, jinja_env)
  File "/home/airflow/.local/lib/python3.12/site-packages/airflow/models/baseoperator.py", line 1438, in render_template_fields
    self._do_render_template_fields(self, self.template_fields, context, jinja_env, set())
  File "/home/airflow/.local/lib/python3.12/site-packages/airflow/models/abstractoperator.py", line 775, in _do_render_template_fields
    rendered_content = self.render_template(
                       ^^^^^^^^^^^^^^^^^^^^^
  File "/home/airflow/.local/lib/python3.12/site-packages/airflow/template/templater.py", line 171, in render_template
    return self._render(template, context)
           ^^^^^^^^^^^^^^^^^^^^^^^^^^^^^^^
  File "/home/airflow/.local/lib/python3.12/site-packages/airflow/models/abstractoperator.py", line 730, in _render
    return super()._render(template, context, dag=dag)
           ^^^^^^^^^^^^^^^^^^^^^^^^^^^^^^^^^^^^^^^^^^^
  File "/home/airflow/.local/lib/python3.12/site-packages/airflow/template/templater.py", line 127, in _render
    return render_template_to_string(template, context)
           ^^^^^^^^^^^^^^^^^^^^^^^^^^^^^^^^^^^^^^^^^^^^
  File "/home/airflow/.local/lib/python3.12/site-packages/airflow/utils/helpers.py", line 301, in render_template_to_string
    return render_template(template, cast(MutableMapping[str, Any], context), native=False)
           ^^^^^^^^^^^^^^^^^^^^^^^^^^^^^^^^^^^^^^^^^^^^^^^^^^^^^^^^^^^^^^^^^^^^^^^^^^^^^^^^
  File "/home/airflow/.local/lib/python3.12/site-packages/airflow/utils/helpers.py", line 296, in render_template
    return "".join(nodes)
           ^^^^^^^^^^^^^^
  File "<template>", line 15, in root
  File "/home/airflow/.local/lib/python3.12/site-packages/jinja2/sandbox.py", line 327, in getattr
    value = getattr(obj, attribute)
            ^^^^^^^^^^^^^^^^^^^^^^^
  File "/home/airflow/.local/lib/python3.12/site-packages/airflow/utils/context.py", line 126, in __getattr__
    self.var = Variable.get(key, deserialize_json=self._deserialize_json)
               ^^^^^^^^^^^^^^^^^^^^^^^^^^^^^^^^^^^^^^^^^^^^^^^^^^^^^^^^^^
  File "/home/airflow/.local/lib/python3.12/site-packages/airflow/models/variable.py", line 145, in get
    raise KeyError(f"Variable {key} does not exist")
KeyError: 'Variable AIRFLOW_HOME does not exist'
[2025-01-30T09:47:55.399+0000] {local_task_job_runner.py:266} INFO - Task exited with return code 1
[2025-01-30T09:47:55.417+0000] {local_task_job_runner.py:245} INFO - ::endgroup::
[2025-01-30T09:58:36.943+0000] {local_task_job_runner.py:123} INFO - ::group::Pre task execution logs
[2025-01-30T09:58:36.976+0000] {taskinstance.py:2613} INFO - Dependencies all met for dep_context=non-requeueable deps ti=<TaskInstance: homework_workflow_ingest.download_data scheduled__2019-01-02T00:00:00+00:00 [queued]>
[2025-01-30T09:58:36.985+0000] {taskinstance.py:2613} INFO - Dependencies all met for dep_context=requeueable deps ti=<TaskInstance: homework_workflow_ingest.download_data scheduled__2019-01-02T00:00:00+00:00 [queued]>
[2025-01-30T09:58:36.985+0000] {taskinstance.py:2866} INFO - Starting attempt 1 of 1
[2025-01-30T09:58:37.009+0000] {taskinstance.py:2889} INFO - Executing <Task(BashOperator): download_data> on 2019-01-02 00:00:00+00:00
[2025-01-30T09:58:37.028+0000] {logging_mixin.py:190} WARNING - /home/***/.local/lib/python3.12/site-packages/***/task/task_runner/standard_task_runner.py:70 DeprecationWarning: This process (pid=195) is multi-threaded, use of fork() may lead to deadlocks in the child.
[2025-01-30T09:58:37.032+0000] {standard_task_runner.py:72} INFO - Started process 199 to run task
[2025-01-30T09:58:37.031+0000] {standard_task_runner.py:104} INFO - Running: ['***', 'tasks', 'run', 'homework_workflow_ingest', 'download_data', 'scheduled__2019-01-02T00:00:00+00:00', '--job-id', '2', '--raw', '--subdir', 'DAGS_FOLDER/homework_dag.py', '--cfg-path', '/tmp/tmp0ta_kliv']
[2025-01-30T09:58:37.034+0000] {standard_task_runner.py:105} INFO - Job 2: Subtask download_data
[2025-01-30T09:58:37.129+0000] {task_command.py:467} INFO - Running <TaskInstance: homework_workflow_ingest.download_data scheduled__2019-01-02T00:00:00+00:00 [running]> on host 713eb9fcfb63
[2025-01-30T09:58:37.384+0000] {taskinstance.py:3132} INFO - Exporting env vars: AIRFLOW_CTX_DAG_OWNER='***' AIRFLOW_CTX_DAG_ID='homework_workflow_ingest' AIRFLOW_CTX_TASK_ID='download_data' AIRFLOW_CTX_EXECUTION_DATE='2019-01-02T00:00:00+00:00' AIRFLOW_CTX_TRY_NUMBER='1' AIRFLOW_CTX_DAG_RUN_ID='scheduled__2019-01-02T00:00:00+00:00'
[2025-01-30T09:58:37.385+0000] {taskinstance.py:731} INFO - ::endgroup::
[2025-01-30T09:58:37.499+0000] {subprocess.py:78} INFO - Tmp dir root location: /tmp
[2025-01-30T09:58:37.499+0000] {subprocess.py:88} INFO - Running command: ['/usr/bin/bash', '-c', 'curl -o /opt/***/data/yellow_2019-01_data.parquet https://d37ci6vzurychx.cloudfront.net/trip-data/yellow_tripdata_2019-01.parquet']
[2025-01-30T09:58:37.546+0000] {subprocess.py:99} INFO - Output:
[2025-01-30T09:58:37.595+0000] {subprocess.py:106} INFO -   % Total    % Received % Xferd  Average Speed   Time    Time     Time  Current
[2025-01-30T09:58:37.600+0000] {subprocess.py:106} INFO -                                  Dload  Upload   Total   Spent    Left  Speed
[2025-01-30T09:58:43.924+0000] {subprocess.py:106} INFO -   0     0    0     0    0     0      0      0 --:--:-- --:--:-- --:--:--     0  0     0    0     0    0     0      0      0 --:--:-- --:--:-- --:--:--     0  8  105M    8 9589k    0     0  7517k      0  0:00:14  0:00:01  0:00:13 7515k 36  105M   36 38.5M    0     0  16.4M      0  0:00:06  0:00:02  0:00:04 16.4M 53  105M   53 56.5M    0     0  17.2M      0  0:00:06  0:00:03  0:00:03 17.2M 76  105M   76 80.4M    0     0  18.5M      0  0:00:05  0:00:04  0:00:01 18.5M 86  105M   86 90.9M    0     0  16.3M      0  0:00:06  0:00:05  0:00:01 17.4M 99  105M   99  105M    0     0  16.6M      0  0:00:06  0:00:06 --:--:-- 18.9M100  105M  100  105M    0     0  16.6M      0  0:00:06  0:00:06 --:--:-- 16.7M
[2025-01-30T09:58:43.934+0000] {subprocess.py:110} INFO - Command exited with return code 0
[2025-01-30T09:58:45.208+0000] {taskinstance.py:340} INFO - ::group::Post task execution logs
[2025-01-30T09:58:45.208+0000] {taskinstance.py:352} INFO - Marking task as SUCCESS. dag_id=homework_workflow_ingest, task_id=download_data, run_id=scheduled__2019-01-02T00:00:00+00:00, execution_date=20190102T000000, start_date=20250130T095836, end_date=20250130T095845
[2025-01-30T09:58:46.535+0000] {local_task_job_runner.py:266} INFO - Task exited with return code 0
[2025-01-30T09:58:46.706+0000] {local_task_job_runner.py:245} INFO - ::endgroup::
[2025-01-30T09:58:47.044+0000] {standard_task_runner.py:217} INFO - Process not found (most likely exited), stop collecting metrics
