[2025-01-26T14:40:21.578+0000] {local_task_job_runner.py:123} INFO - ::group::Pre task execution logs
[2025-01-26T14:40:21.592+0000] {taskinstance.py:2613} INFO - Dependencies all met for dep_context=non-requeueable deps ti=<TaskInstance: gcp_ingest.task_number_2 manual__2025-01-26T14:40:19.612009+00:00 [queued]>
[2025-01-26T14:40:21.598+0000] {taskinstance.py:2613} INFO - Dependencies all met for dep_context=requeueable deps ti=<TaskInstance: gcp_ingest.task_number_2 manual__2025-01-26T14:40:19.612009+00:00 [queued]>
[2025-01-26T14:40:21.598+0000] {taskinstance.py:2866} INFO - Starting attempt 1 of 2
[2025-01-26T14:40:21.609+0000] {taskinstance.py:2889} INFO - Executing <Task(BashOperator): task_number_2> on 2025-01-26 14:40:19.612009+00:00
[2025-01-26T14:40:21.616+0000] {standard_task_runner.py:104} INFO - Running: ['***', 'tasks', 'run', 'gcp_ingest', 'task_number_2', 'manual__2025-01-26T14:40:19.612009+00:00', '--job-id', '20', '--raw', '--subdir', 'DAGS_FOLDER/gcp_ingest_dag.py', '--cfg-path', '/tmp/tmpte0gvraq']
[2025-01-26T14:40:21.618+0000] {standard_task_runner.py:105} INFO - Job 20: Subtask task_number_2
[2025-01-26T14:40:21.619+0000] {logging_mixin.py:190} WARNING - /home/***/.local/lib/python3.12/site-packages/***/task/task_runner/standard_task_runner.py:70 DeprecationWarning: This process (pid=332) is multi-threaded, use of fork() may lead to deadlocks in the child.
[2025-01-26T14:40:21.620+0000] {standard_task_runner.py:72} INFO - Started process 333 to run task
[2025-01-26T14:40:21.653+0000] {task_command.py:467} INFO - Running <TaskInstance: gcp_ingest.task_number_2 manual__2025-01-26T14:40:19.612009+00:00 [running]> on host 3ba1a9b99dd9
[2025-01-26T14:40:21.722+0000] {taskinstance.py:3132} INFO - Exporting env vars: AIRFLOW_CTX_DAG_OWNER='***' AIRFLOW_CTX_DAG_ID='gcp_ingest' AIRFLOW_CTX_TASK_ID='task_number_2' AIRFLOW_CTX_EXECUTION_DATE='2025-01-26T14:40:19.612009+00:00' AIRFLOW_CTX_TRY_NUMBER='1' AIRFLOW_CTX_DAG_RUN_ID='manual__2025-01-26T14:40:19.612009+00:00'
[2025-01-26T14:40:21.722+0000] {taskinstance.py:731} INFO - ::endgroup::
[2025-01-26T14:40:21.737+0000] {subprocess.py:78} INFO - Tmp dir root location: /tmp
[2025-01-26T14:40:21.738+0000] {subprocess.py:88} INFO - Running command: ['/usr/bin/bash', '-c', 'head -n 10 /tmp/downloaded_data.csv']
[2025-01-26T14:40:21.748+0000] {subprocess.py:99} INFO - Output:
[2025-01-26T14:40:21.752+0000] {subprocess.py:106} INFO - year,industry_code_ANZSIC,industry_name_ANZSIC,rme_size_grp,variable,value,unit
[2025-01-26T14:40:21.752+0000] {subprocess.py:106} INFO - 2011,A,"Agriculture, Forestry and Fishing",a_0,Activity unit,46134,COUNT
[2025-01-26T14:40:21.753+0000] {subprocess.py:106} INFO - 2011,A,"Agriculture, Forestry and Fishing",a_0,Rolling mean employees,0,COUNT
[2025-01-26T14:40:21.753+0000] {subprocess.py:106} INFO - 2011,A,"Agriculture, Forestry and Fishing",a_0,Salaries and wages paid,279,DOLLARS(millions)
[2025-01-26T14:40:21.753+0000] {subprocess.py:106} INFO - 2011,A,"Agriculture, Forestry and Fishing",a_0,"Sales, government funding, grants and subsidies",8187,DOLLARS(millions)
[2025-01-26T14:40:21.753+0000] {subprocess.py:106} INFO - 2011,A,"Agriculture, Forestry and Fishing",a_0,Total income,8866,DOLLARS(millions)
[2025-01-26T14:40:21.754+0000] {subprocess.py:106} INFO - 2011,A,"Agriculture, Forestry and Fishing",a_0,Total expenditure,7618,DOLLARS(millions)
[2025-01-26T14:40:21.754+0000] {subprocess.py:106} INFO - 2011,A,"Agriculture, Forestry and Fishing",a_0,Operating profit before tax,770,DOLLARS(millions)
[2025-01-26T14:40:21.754+0000] {subprocess.py:106} INFO - 2011,A,"Agriculture, Forestry and Fishing",a_0,Total assets,55700,DOLLARS(millions)
[2025-01-26T14:40:21.755+0000] {subprocess.py:106} INFO - 2011,A,"Agriculture, Forestry and Fishing",a_0,Fixed tangible assets,32155,DOLLARS(millions)
[2025-01-26T14:40:21.755+0000] {subprocess.py:110} INFO - Command exited with return code 0
[2025-01-26T14:40:21.780+0000] {taskinstance.py:340} INFO - ::group::Post task execution logs
[2025-01-26T14:40:21.780+0000] {taskinstance.py:352} INFO - Marking task as SUCCESS. dag_id=gcp_ingest, task_id=task_number_2, run_id=manual__2025-01-26T14:40:19.612009+00:00, execution_date=20250126T144019, start_date=20250126T144021, end_date=20250126T144021
[2025-01-26T14:40:21.833+0000] {local_task_job_runner.py:266} INFO - Task exited with return code 0
[2025-01-26T14:40:21.847+0000] {taskinstance.py:3895} INFO - 0 downstream tasks scheduled from follow-on schedule check
[2025-01-26T14:40:21.848+0000] {local_task_job_runner.py:245} INFO - ::endgroup::
