[2025-01-30T09:33:50.221+0000] {local_task_job_runner.py:123} INFO - ::group::Pre task execution logs
[2025-01-30T09:33:50.299+0000] {taskinstance.py:2613} INFO - Dependencies all met for dep_context=non-requeueable deps ti=<TaskInstance: homework_workflow_ingest.task_2 scheduled__2020-07-02T00:00:00+00:00 [queued]>
[2025-01-30T09:33:50.319+0000] {taskinstance.py:2613} INFO - Dependencies all met for dep_context=requeueable deps ti=<TaskInstance: homework_workflow_ingest.task_2 scheduled__2020-07-02T00:00:00+00:00 [queued]>
[2025-01-30T09:33:50.319+0000] {taskinstance.py:2866} INFO - Starting attempt 1 of 1
[2025-01-30T09:33:50.403+0000] {taskinstance.py:2889} INFO - Executing <Task(BashOperator): task_2> on 2020-07-02 00:00:00+00:00
[2025-01-30T09:33:50.423+0000] {logging_mixin.py:190} WARNING - /home/***/.local/lib/python3.12/site-packages/***/task/task_runner/standard_task_runner.py:70 DeprecationWarning: This process (pid=399) is multi-threaded, use of fork() may lead to deadlocks in the child.
[2025-01-30T09:33:50.425+0000] {standard_task_runner.py:72} INFO - Started process 403 to run task
[2025-01-30T09:33:50.436+0000] {standard_task_runner.py:104} INFO - Running: ['***', 'tasks', 'run', 'homework_workflow_ingest', 'task_2', 'scheduled__2020-07-02T00:00:00+00:00', '--job-id', '79', '--raw', '--subdir', 'DAGS_FOLDER/homework_dag.py', '--cfg-path', '/tmp/tmpmv12125l']
[2025-01-30T09:33:50.441+0000] {standard_task_runner.py:105} INFO - Job 79: Subtask task_2
[2025-01-30T09:33:50.596+0000] {task_command.py:467} INFO - Running <TaskInstance: homework_workflow_ingest.task_2 scheduled__2020-07-02T00:00:00+00:00 [running]> on host 710324c6e27a
[2025-01-30T09:33:50.943+0000] {taskinstance.py:3132} INFO - Exporting env vars: AIRFLOW_CTX_DAG_OWNER='***' AIRFLOW_CTX_DAG_ID='homework_workflow_ingest' AIRFLOW_CTX_TASK_ID='task_2' AIRFLOW_CTX_EXECUTION_DATE='2020-07-02T00:00:00+00:00' AIRFLOW_CTX_TRY_NUMBER='1' AIRFLOW_CTX_DAG_RUN_ID='scheduled__2020-07-02T00:00:00+00:00'
[2025-01-30T09:33:50.946+0000] {taskinstance.py:731} INFO - ::endgroup::
[2025-01-30T09:33:50.970+0000] {subprocess.py:78} INFO - Tmp dir root location: /tmp
[2025-01-30T09:33:50.970+0000] {subprocess.py:88} INFO - Running command: ['/usr/bin/bash', '-c', "echo '2020-07'"]
[2025-01-30T09:33:51.025+0000] {subprocess.py:99} INFO - Output:
[2025-01-30T09:33:51.026+0000] {subprocess.py:106} INFO - 2020-07
[2025-01-30T09:33:51.029+0000] {subprocess.py:110} INFO - Command exited with return code 0
[2025-01-30T09:33:51.082+0000] {taskinstance.py:340} INFO - ::group::Post task execution logs
[2025-01-30T09:33:51.083+0000] {taskinstance.py:352} INFO - Marking task as SUCCESS. dag_id=homework_workflow_ingest, task_id=task_2, run_id=scheduled__2020-07-02T00:00:00+00:00, execution_date=20200702T000000, start_date=20250130T093350, end_date=20250130T093351
[2025-01-30T09:33:51.151+0000] {local_task_job_runner.py:266} INFO - Task exited with return code 0
[2025-01-30T09:33:51.179+0000] {taskinstance.py:3895} INFO - 0 downstream tasks scheduled from follow-on schedule check
[2025-01-30T09:33:51.180+0000] {local_task_job_runner.py:245} INFO - ::endgroup::
[2025-01-30T09:59:14.531+0000] {local_task_job_runner.py:123} INFO - ::group::Pre task execution logs
[2025-01-30T09:59:14.577+0000] {taskinstance.py:2613} INFO - Dependencies all met for dep_context=non-requeueable deps ti=<TaskInstance: homework_workflow_ingest.task_2 scheduled__2020-07-02T00:00:00+00:00 [queued]>
[2025-01-30T09:59:14.591+0000] {taskinstance.py:2613} INFO - Dependencies all met for dep_context=requeueable deps ti=<TaskInstance: homework_workflow_ingest.task_2 scheduled__2020-07-02T00:00:00+00:00 [queued]>
[2025-01-30T09:59:14.591+0000] {taskinstance.py:2866} INFO - Starting attempt 1 of 1
[2025-01-30T09:59:14.696+0000] {taskinstance.py:2889} INFO - Executing <Task(BashOperator): task_2> on 2020-07-02 00:00:00+00:00
[2025-01-30T09:59:14.723+0000] {logging_mixin.py:190} WARNING - /home/***/.local/lib/python3.12/site-packages/***/task/task_runner/standard_task_runner.py:70 DeprecationWarning: This process (pid=400) is multi-threaded, use of fork() may lead to deadlocks in the child.
[2025-01-30T09:59:14.743+0000] {standard_task_runner.py:72} INFO - Started process 409 to run task
[2025-01-30T09:59:14.738+0000] {standard_task_runner.py:104} INFO - Running: ['***', 'tasks', 'run', 'homework_workflow_ingest', 'task_2', 'scheduled__2020-07-02T00:00:00+00:00', '--job-id', '46', '--raw', '--subdir', 'DAGS_FOLDER/homework_dag.py', '--cfg-path', '/tmp/tmpfgtdkbh4']
[2025-01-30T09:59:14.750+0000] {standard_task_runner.py:105} INFO - Job 46: Subtask task_2
[2025-01-30T09:59:15.062+0000] {task_command.py:467} INFO - Running <TaskInstance: homework_workflow_ingest.task_2 scheduled__2020-07-02T00:00:00+00:00 [running]> on host 713eb9fcfb63
[2025-01-30T09:59:15.323+0000] {taskinstance.py:3132} INFO - Exporting env vars: AIRFLOW_CTX_DAG_OWNER='***' AIRFLOW_CTX_DAG_ID='homework_workflow_ingest' AIRFLOW_CTX_TASK_ID='task_2' AIRFLOW_CTX_EXECUTION_DATE='2020-07-02T00:00:00+00:00' AIRFLOW_CTX_TRY_NUMBER='1' AIRFLOW_CTX_DAG_RUN_ID='scheduled__2020-07-02T00:00:00+00:00'
[2025-01-30T09:59:15.324+0000] {taskinstance.py:731} INFO - ::endgroup::
[2025-01-30T09:59:15.347+0000] {subprocess.py:78} INFO - Tmp dir root location: /tmp
[2025-01-30T09:59:15.349+0000] {subprocess.py:88} INFO - Running command: ['/usr/bin/bash', '-c', "echo '2020-07'"]
[2025-01-30T09:59:15.372+0000] {subprocess.py:99} INFO - Output:
[2025-01-30T09:59:15.376+0000] {subprocess.py:106} INFO - 2020-07
[2025-01-30T09:59:15.378+0000] {subprocess.py:110} INFO - Command exited with return code 0
[2025-01-30T09:59:15.430+0000] {taskinstance.py:340} INFO - ::group::Post task execution logs
[2025-01-30T09:59:15.431+0000] {taskinstance.py:352} INFO - Marking task as SUCCESS. dag_id=homework_workflow_ingest, task_id=task_2, run_id=scheduled__2020-07-02T00:00:00+00:00, execution_date=20200702T000000, start_date=20250130T095914, end_date=20250130T095915
[2025-01-30T09:59:15.473+0000] {local_task_job_runner.py:266} INFO - Task exited with return code 0
[2025-01-30T09:59:15.498+0000] {taskinstance.py:3895} INFO - 0 downstream tasks scheduled from follow-on schedule check
[2025-01-30T09:59:15.502+0000] {local_task_job_runner.py:245} INFO - ::endgroup::
