[2025-01-27T13:04:30.801+0000] {processor.py:186} INFO - Started process (PID=164) to work on /opt/airflow/dags/gcp_ingest_dag.py
[2025-01-27T13:04:30.802+0000] {processor.py:914} INFO - Processing file /opt/airflow/dags/gcp_ingest_dag.py for tasks to queue
[2025-01-27T13:04:30.804+0000] {logging_mixin.py:190} INFO - [2025-01-27T13:04:30.804+0000] {dagbag.py:588} INFO - Filling up the DagBag from /opt/airflow/dags/gcp_ingest_dag.py
[2025-01-27T13:04:30.821+0000] {processor.py:925} INFO - DAG(s) 'gcp_ingest' retrieved from /opt/airflow/dags/gcp_ingest_dag.py
[2025-01-27T13:04:31.215+0000] {logging_mixin.py:190} INFO - [2025-01-27T13:04:31.214+0000] {dag.py:3239} INFO - Sync 1 DAGs
[2025-01-27T13:04:31.227+0000] {logging_mixin.py:190} INFO - [2025-01-27T13:04:31.227+0000] {dag.py:4180} INFO - Setting next_dagrun for gcp_ingest to None, run_after=None
[2025-01-27T13:04:31.244+0000] {processor.py:208} INFO - Processing /opt/airflow/dags/gcp_ingest_dag.py took 0.448 seconds
[2025-01-27T13:05:01.383+0000] {processor.py:186} INFO - Started process (PID=169) to work on /opt/airflow/dags/gcp_ingest_dag.py
[2025-01-27T13:05:01.384+0000] {processor.py:914} INFO - Processing file /opt/airflow/dags/gcp_ingest_dag.py for tasks to queue
[2025-01-27T13:05:01.385+0000] {logging_mixin.py:190} INFO - [2025-01-27T13:05:01.385+0000] {dagbag.py:588} INFO - Filling up the DagBag from /opt/airflow/dags/gcp_ingest_dag.py
[2025-01-27T13:05:01.393+0000] {processor.py:925} INFO - DAG(s) 'gcp_ingest' retrieved from /opt/airflow/dags/gcp_ingest_dag.py
[2025-01-27T13:05:01.413+0000] {logging_mixin.py:190} INFO - [2025-01-27T13:05:01.413+0000] {dag.py:3239} INFO - Sync 1 DAGs
[2025-01-27T13:05:01.425+0000] {logging_mixin.py:190} INFO - [2025-01-27T13:05:01.425+0000] {dag.py:4180} INFO - Setting next_dagrun for gcp_ingest to None, run_after=None
[2025-01-27T13:05:01.437+0000] {processor.py:208} INFO - Processing /opt/airflow/dags/gcp_ingest_dag.py took 0.058 seconds
[2025-01-27T13:05:31.510+0000] {processor.py:186} INFO - Started process (PID=174) to work on /opt/airflow/dags/gcp_ingest_dag.py
[2025-01-27T13:05:31.510+0000] {processor.py:914} INFO - Processing file /opt/airflow/dags/gcp_ingest_dag.py for tasks to queue
[2025-01-27T13:05:31.512+0000] {logging_mixin.py:190} INFO - [2025-01-27T13:05:31.511+0000] {dagbag.py:588} INFO - Filling up the DagBag from /opt/airflow/dags/gcp_ingest_dag.py
[2025-01-27T13:05:31.520+0000] {processor.py:925} INFO - DAG(s) 'gcp_ingest' retrieved from /opt/airflow/dags/gcp_ingest_dag.py
[2025-01-27T13:05:31.539+0000] {logging_mixin.py:190} INFO - [2025-01-27T13:05:31.538+0000] {dag.py:3239} INFO - Sync 1 DAGs
[2025-01-27T13:05:31.549+0000] {logging_mixin.py:190} INFO - [2025-01-27T13:05:31.548+0000] {dag.py:4180} INFO - Setting next_dagrun for gcp_ingest to None, run_after=None
[2025-01-27T13:05:31.560+0000] {processor.py:208} INFO - Processing /opt/airflow/dags/gcp_ingest_dag.py took 0.054 seconds
[2025-01-27T13:06:01.672+0000] {processor.py:186} INFO - Started process (PID=179) to work on /opt/airflow/dags/gcp_ingest_dag.py
[2025-01-27T13:06:01.673+0000] {processor.py:914} INFO - Processing file /opt/airflow/dags/gcp_ingest_dag.py for tasks to queue
[2025-01-27T13:06:01.674+0000] {logging_mixin.py:190} INFO - [2025-01-27T13:06:01.674+0000] {dagbag.py:588} INFO - Filling up the DagBag from /opt/airflow/dags/gcp_ingest_dag.py
[2025-01-27T13:06:01.682+0000] {processor.py:925} INFO - DAG(s) 'gcp_ingest' retrieved from /opt/airflow/dags/gcp_ingest_dag.py
[2025-01-27T13:06:01.701+0000] {logging_mixin.py:190} INFO - [2025-01-27T13:06:01.701+0000] {dag.py:3239} INFO - Sync 1 DAGs
[2025-01-27T13:06:01.712+0000] {logging_mixin.py:190} INFO - [2025-01-27T13:06:01.712+0000] {dag.py:4180} INFO - Setting next_dagrun for gcp_ingest to None, run_after=None
[2025-01-27T13:06:01.871+0000] {processor.py:208} INFO - Processing /opt/airflow/dags/gcp_ingest_dag.py took 0.203 seconds
[2025-01-27T13:06:32.001+0000] {processor.py:186} INFO - Started process (PID=205) to work on /opt/airflow/dags/gcp_ingest_dag.py
[2025-01-27T13:06:32.002+0000] {processor.py:914} INFO - Processing file /opt/airflow/dags/gcp_ingest_dag.py for tasks to queue
[2025-01-27T13:06:32.004+0000] {logging_mixin.py:190} INFO - [2025-01-27T13:06:32.004+0000] {dagbag.py:588} INFO - Filling up the DagBag from /opt/airflow/dags/gcp_ingest_dag.py
[2025-01-27T13:06:32.015+0000] {processor.py:925} INFO - DAG(s) 'gcp_ingest' retrieved from /opt/airflow/dags/gcp_ingest_dag.py
[2025-01-27T13:06:32.040+0000] {logging_mixin.py:190} INFO - [2025-01-27T13:06:32.040+0000] {dag.py:3239} INFO - Sync 1 DAGs
[2025-01-27T13:06:32.055+0000] {logging_mixin.py:190} INFO - [2025-01-27T13:06:32.055+0000] {dag.py:4180} INFO - Setting next_dagrun for gcp_ingest to None, run_after=None
[2025-01-27T13:06:32.069+0000] {processor.py:208} INFO - Processing /opt/airflow/dags/gcp_ingest_dag.py took 0.073 seconds
[2025-01-27T13:07:02.125+0000] {processor.py:186} INFO - Started process (PID=214) to work on /opt/airflow/dags/gcp_ingest_dag.py
[2025-01-27T13:07:02.125+0000] {processor.py:914} INFO - Processing file /opt/airflow/dags/gcp_ingest_dag.py for tasks to queue
[2025-01-27T13:07:02.126+0000] {logging_mixin.py:190} INFO - [2025-01-27T13:07:02.126+0000] {dagbag.py:588} INFO - Filling up the DagBag from /opt/airflow/dags/gcp_ingest_dag.py
[2025-01-27T13:07:02.135+0000] {processor.py:925} INFO - DAG(s) 'gcp_ingest' retrieved from /opt/airflow/dags/gcp_ingest_dag.py
[2025-01-27T13:07:02.154+0000] {logging_mixin.py:190} INFO - [2025-01-27T13:07:02.154+0000] {dag.py:3239} INFO - Sync 1 DAGs
[2025-01-27T13:07:02.164+0000] {logging_mixin.py:190} INFO - [2025-01-27T13:07:02.164+0000] {dag.py:4180} INFO - Setting next_dagrun for gcp_ingest to None, run_after=None
[2025-01-27T13:07:02.176+0000] {processor.py:208} INFO - Processing /opt/airflow/dags/gcp_ingest_dag.py took 0.056 seconds
[2025-01-27T13:07:32.318+0000] {processor.py:186} INFO - Started process (PID=223) to work on /opt/airflow/dags/gcp_ingest_dag.py
[2025-01-27T13:07:32.319+0000] {processor.py:914} INFO - Processing file /opt/airflow/dags/gcp_ingest_dag.py for tasks to queue
[2025-01-27T13:07:32.320+0000] {logging_mixin.py:190} INFO - [2025-01-27T13:07:32.320+0000] {dagbag.py:588} INFO - Filling up the DagBag from /opt/airflow/dags/gcp_ingest_dag.py
[2025-01-27T13:07:32.328+0000] {processor.py:925} INFO - DAG(s) 'gcp_ingest' retrieved from /opt/airflow/dags/gcp_ingest_dag.py
[2025-01-27T13:07:32.347+0000] {logging_mixin.py:190} INFO - [2025-01-27T13:07:32.347+0000] {dag.py:3239} INFO - Sync 1 DAGs
[2025-01-27T13:07:32.357+0000] {logging_mixin.py:190} INFO - [2025-01-27T13:07:32.357+0000] {dag.py:4180} INFO - Setting next_dagrun for gcp_ingest to None, run_after=None
[2025-01-27T13:07:32.368+0000] {processor.py:208} INFO - Processing /opt/airflow/dags/gcp_ingest_dag.py took 0.054 seconds
[2025-01-27T13:08:02.455+0000] {processor.py:186} INFO - Started process (PID=232) to work on /opt/airflow/dags/gcp_ingest_dag.py
[2025-01-27T13:08:02.455+0000] {processor.py:914} INFO - Processing file /opt/airflow/dags/gcp_ingest_dag.py for tasks to queue
[2025-01-27T13:08:02.457+0000] {logging_mixin.py:190} INFO - [2025-01-27T13:08:02.456+0000] {dagbag.py:588} INFO - Filling up the DagBag from /opt/airflow/dags/gcp_ingest_dag.py
[2025-01-27T13:08:02.467+0000] {processor.py:925} INFO - DAG(s) 'gcp_ingest' retrieved from /opt/airflow/dags/gcp_ingest_dag.py
[2025-01-27T13:08:02.486+0000] {logging_mixin.py:190} INFO - [2025-01-27T13:08:02.485+0000] {dag.py:3239} INFO - Sync 1 DAGs
[2025-01-27T13:08:02.497+0000] {logging_mixin.py:190} INFO - [2025-01-27T13:08:02.496+0000] {dag.py:4180} INFO - Setting next_dagrun for gcp_ingest to None, run_after=None
[2025-01-27T13:08:02.510+0000] {processor.py:208} INFO - Processing /opt/airflow/dags/gcp_ingest_dag.py took 0.059 seconds
[2025-01-27T13:08:32.599+0000] {processor.py:186} INFO - Started process (PID=241) to work on /opt/airflow/dags/gcp_ingest_dag.py
[2025-01-27T13:08:32.599+0000] {processor.py:914} INFO - Processing file /opt/airflow/dags/gcp_ingest_dag.py for tasks to queue
[2025-01-27T13:08:32.601+0000] {logging_mixin.py:190} INFO - [2025-01-27T13:08:32.601+0000] {dagbag.py:588} INFO - Filling up the DagBag from /opt/airflow/dags/gcp_ingest_dag.py
[2025-01-27T13:08:32.609+0000] {processor.py:925} INFO - DAG(s) 'gcp_ingest' retrieved from /opt/airflow/dags/gcp_ingest_dag.py
[2025-01-27T13:08:32.628+0000] {logging_mixin.py:190} INFO - [2025-01-27T13:08:32.628+0000] {dag.py:3239} INFO - Sync 1 DAGs
[2025-01-27T13:08:32.638+0000] {logging_mixin.py:190} INFO - [2025-01-27T13:08:32.638+0000] {dag.py:4180} INFO - Setting next_dagrun for gcp_ingest to None, run_after=None
[2025-01-27T13:08:32.651+0000] {processor.py:208} INFO - Processing /opt/airflow/dags/gcp_ingest_dag.py took 0.056 seconds
[2025-01-27T13:09:02.736+0000] {processor.py:186} INFO - Started process (PID=250) to work on /opt/airflow/dags/gcp_ingest_dag.py
[2025-01-27T13:09:02.736+0000] {processor.py:914} INFO - Processing file /opt/airflow/dags/gcp_ingest_dag.py for tasks to queue
[2025-01-27T13:09:02.738+0000] {logging_mixin.py:190} INFO - [2025-01-27T13:09:02.738+0000] {dagbag.py:588} INFO - Filling up the DagBag from /opt/airflow/dags/gcp_ingest_dag.py
[2025-01-27T13:09:02.747+0000] {processor.py:925} INFO - DAG(s) 'gcp_ingest' retrieved from /opt/airflow/dags/gcp_ingest_dag.py
[2025-01-27T13:09:02.768+0000] {logging_mixin.py:190} INFO - [2025-01-27T13:09:02.767+0000] {dag.py:3239} INFO - Sync 1 DAGs
[2025-01-27T13:09:02.779+0000] {logging_mixin.py:190} INFO - [2025-01-27T13:09:02.778+0000] {dag.py:4180} INFO - Setting next_dagrun for gcp_ingest to None, run_after=None
[2025-01-27T13:09:02.790+0000] {processor.py:208} INFO - Processing /opt/airflow/dags/gcp_ingest_dag.py took 0.059 seconds
[2025-01-27T13:09:32.884+0000] {processor.py:186} INFO - Started process (PID=259) to work on /opt/airflow/dags/gcp_ingest_dag.py
[2025-01-27T13:09:32.885+0000] {processor.py:914} INFO - Processing file /opt/airflow/dags/gcp_ingest_dag.py for tasks to queue
[2025-01-27T13:09:32.886+0000] {logging_mixin.py:190} INFO - [2025-01-27T13:09:32.886+0000] {dagbag.py:588} INFO - Filling up the DagBag from /opt/airflow/dags/gcp_ingest_dag.py
[2025-01-27T13:09:32.895+0000] {processor.py:925} INFO - DAG(s) 'gcp_ingest' retrieved from /opt/airflow/dags/gcp_ingest_dag.py
[2025-01-27T13:09:32.914+0000] {logging_mixin.py:190} INFO - [2025-01-27T13:09:32.914+0000] {dag.py:3239} INFO - Sync 1 DAGs
[2025-01-27T13:09:32.928+0000] {logging_mixin.py:190} INFO - [2025-01-27T13:09:32.928+0000] {dag.py:4180} INFO - Setting next_dagrun for gcp_ingest to None, run_after=None
[2025-01-27T13:09:32.943+0000] {processor.py:208} INFO - Processing /opt/airflow/dags/gcp_ingest_dag.py took 0.062 seconds
[2025-01-27T13:10:03.015+0000] {processor.py:186} INFO - Started process (PID=264) to work on /opt/airflow/dags/gcp_ingest_dag.py
[2025-01-27T13:10:03.015+0000] {processor.py:914} INFO - Processing file /opt/airflow/dags/gcp_ingest_dag.py for tasks to queue
[2025-01-27T13:10:03.017+0000] {logging_mixin.py:190} INFO - [2025-01-27T13:10:03.017+0000] {dagbag.py:588} INFO - Filling up the DagBag from /opt/airflow/dags/gcp_ingest_dag.py
[2025-01-27T13:10:03.029+0000] {processor.py:925} INFO - DAG(s) 'gcp_ingest' retrieved from /opt/airflow/dags/gcp_ingest_dag.py
[2025-01-27T13:10:03.049+0000] {logging_mixin.py:190} INFO - [2025-01-27T13:10:03.048+0000] {dag.py:3239} INFO - Sync 1 DAGs
[2025-01-27T13:10:03.059+0000] {logging_mixin.py:190} INFO - [2025-01-27T13:10:03.059+0000] {dag.py:4180} INFO - Setting next_dagrun for gcp_ingest to None, run_after=None
[2025-01-27T13:10:03.073+0000] {processor.py:208} INFO - Processing /opt/airflow/dags/gcp_ingest_dag.py took 0.063 seconds
[2025-01-27T13:10:59.082+0000] {processor.py:186} INFO - Started process (PID=164) to work on /opt/airflow/dags/gcp_ingest_dag.py
[2025-01-27T13:10:59.083+0000] {processor.py:914} INFO - Processing file /opt/airflow/dags/gcp_ingest_dag.py for tasks to queue
[2025-01-27T13:10:59.084+0000] {logging_mixin.py:190} INFO - [2025-01-27T13:10:59.084+0000] {dagbag.py:588} INFO - Filling up the DagBag from /opt/airflow/dags/gcp_ingest_dag.py
[2025-01-27T13:10:59.100+0000] {processor.py:925} INFO - DAG(s) 'gcp_ingest' retrieved from /opt/airflow/dags/gcp_ingest_dag.py
[2025-01-27T13:10:59.428+0000] {logging_mixin.py:190} INFO - [2025-01-27T13:10:59.428+0000] {override.py:1911} INFO - Created Permission View: can read on DAG:gcp_ingest
[2025-01-27T13:10:59.435+0000] {logging_mixin.py:190} INFO - [2025-01-27T13:10:59.434+0000] {override.py:1911} INFO - Created Permission View: can delete on DAG:gcp_ingest
[2025-01-27T13:10:59.439+0000] {logging_mixin.py:190} INFO - [2025-01-27T13:10:59.438+0000] {override.py:1911} INFO - Created Permission View: can edit on DAG:gcp_ingest
[2025-01-27T13:10:59.443+0000] {logging_mixin.py:190} INFO - [2025-01-27T13:10:59.442+0000] {override.py:1911} INFO - Created Permission View: can read on DAG Run:gcp_ingest
[2025-01-27T13:10:59.446+0000] {logging_mixin.py:190} INFO - [2025-01-27T13:10:59.446+0000] {override.py:1911} INFO - Created Permission View: can delete on DAG Run:gcp_ingest
[2025-01-27T13:10:59.450+0000] {logging_mixin.py:190} INFO - [2025-01-27T13:10:59.450+0000] {override.py:1911} INFO - Created Permission View: can create on DAG Run:gcp_ingest
[2025-01-27T13:10:59.454+0000] {logging_mixin.py:190} INFO - [2025-01-27T13:10:59.454+0000] {override.py:1911} INFO - Created Permission View: menu access on DAG Run:gcp_ingest
[2025-01-27T13:10:59.454+0000] {logging_mixin.py:190} INFO - [2025-01-27T13:10:59.454+0000] {dag.py:3239} INFO - Sync 1 DAGs
[2025-01-27T13:10:59.463+0000] {logging_mixin.py:190} INFO - [2025-01-27T13:10:59.462+0000] {dag.py:3262} INFO - Creating ORM DAG for gcp_ingest
[2025-01-27T13:10:59.463+0000] {logging_mixin.py:190} INFO - [2025-01-27T13:10:59.463+0000] {dag.py:4180} INFO - Setting next_dagrun for gcp_ingest to None, run_after=None
[2025-01-27T13:10:59.472+0000] {processor.py:208} INFO - Processing /opt/airflow/dags/gcp_ingest_dag.py took 0.394 seconds
[2025-01-27T13:11:29.607+0000] {processor.py:186} INFO - Started process (PID=169) to work on /opt/airflow/dags/gcp_ingest_dag.py
[2025-01-27T13:11:29.608+0000] {processor.py:914} INFO - Processing file /opt/airflow/dags/gcp_ingest_dag.py for tasks to queue
[2025-01-27T13:11:29.610+0000] {logging_mixin.py:190} INFO - [2025-01-27T13:11:29.609+0000] {dagbag.py:588} INFO - Filling up the DagBag from /opt/airflow/dags/gcp_ingest_dag.py
[2025-01-27T13:11:29.618+0000] {processor.py:925} INFO - DAG(s) 'gcp_ingest' retrieved from /opt/airflow/dags/gcp_ingest_dag.py
[2025-01-27T13:11:29.637+0000] {logging_mixin.py:190} INFO - [2025-01-27T13:11:29.637+0000] {dag.py:3239} INFO - Sync 1 DAGs
[2025-01-27T13:11:29.647+0000] {logging_mixin.py:190} INFO - [2025-01-27T13:11:29.647+0000] {dag.py:4180} INFO - Setting next_dagrun for gcp_ingest to None, run_after=None
[2025-01-27T13:11:29.707+0000] {processor.py:208} INFO - Processing /opt/airflow/dags/gcp_ingest_dag.py took 0.104 seconds
[2025-01-27T13:11:59.735+0000] {processor.py:186} INFO - Started process (PID=174) to work on /opt/airflow/dags/gcp_ingest_dag.py
[2025-01-27T13:11:59.736+0000] {processor.py:914} INFO - Processing file /opt/airflow/dags/gcp_ingest_dag.py for tasks to queue
[2025-01-27T13:11:59.737+0000] {logging_mixin.py:190} INFO - [2025-01-27T13:11:59.737+0000] {dagbag.py:588} INFO - Filling up the DagBag from /opt/airflow/dags/gcp_ingest_dag.py
[2025-01-27T13:11:59.745+0000] {processor.py:925} INFO - DAG(s) 'gcp_ingest' retrieved from /opt/airflow/dags/gcp_ingest_dag.py
[2025-01-27T13:11:59.764+0000] {logging_mixin.py:190} INFO - [2025-01-27T13:11:59.764+0000] {dag.py:3239} INFO - Sync 1 DAGs
[2025-01-27T13:11:59.775+0000] {logging_mixin.py:190} INFO - [2025-01-27T13:11:59.774+0000] {dag.py:4180} INFO - Setting next_dagrun for gcp_ingest to None, run_after=None
[2025-01-27T13:11:59.786+0000] {processor.py:208} INFO - Processing /opt/airflow/dags/gcp_ingest_dag.py took 0.055 seconds
[2025-01-27T13:12:29.860+0000] {processor.py:186} INFO - Started process (PID=179) to work on /opt/airflow/dags/gcp_ingest_dag.py
[2025-01-27T13:12:29.861+0000] {processor.py:914} INFO - Processing file /opt/airflow/dags/gcp_ingest_dag.py for tasks to queue
[2025-01-27T13:12:29.862+0000] {logging_mixin.py:190} INFO - [2025-01-27T13:12:29.862+0000] {dagbag.py:588} INFO - Filling up the DagBag from /opt/airflow/dags/gcp_ingest_dag.py
[2025-01-27T13:12:29.870+0000] {processor.py:925} INFO - DAG(s) 'gcp_ingest' retrieved from /opt/airflow/dags/gcp_ingest_dag.py
[2025-01-27T13:12:29.890+0000] {logging_mixin.py:190} INFO - [2025-01-27T13:12:29.889+0000] {dag.py:3239} INFO - Sync 1 DAGs
[2025-01-27T13:12:29.900+0000] {logging_mixin.py:190} INFO - [2025-01-27T13:12:29.900+0000] {dag.py:4180} INFO - Setting next_dagrun for gcp_ingest to None, run_after=None
[2025-01-27T13:12:30.058+0000] {processor.py:208} INFO - Processing /opt/airflow/dags/gcp_ingest_dag.py took 0.202 seconds
[2025-01-27T13:13:00.182+0000] {processor.py:186} INFO - Started process (PID=184) to work on /opt/airflow/dags/gcp_ingest_dag.py
[2025-01-27T13:13:00.183+0000] {processor.py:914} INFO - Processing file /opt/airflow/dags/gcp_ingest_dag.py for tasks to queue
[2025-01-27T13:13:00.184+0000] {logging_mixin.py:190} INFO - [2025-01-27T13:13:00.184+0000] {dagbag.py:588} INFO - Filling up the DagBag from /opt/airflow/dags/gcp_ingest_dag.py
[2025-01-27T13:13:00.192+0000] {processor.py:925} INFO - DAG(s) 'gcp_ingest' retrieved from /opt/airflow/dags/gcp_ingest_dag.py
[2025-01-27T13:13:00.212+0000] {logging_mixin.py:190} INFO - [2025-01-27T13:13:00.212+0000] {dag.py:3239} INFO - Sync 1 DAGs
[2025-01-27T13:13:00.223+0000] {logging_mixin.py:190} INFO - [2025-01-27T13:13:00.223+0000] {dag.py:4180} INFO - Setting next_dagrun for gcp_ingest to None, run_after=None
[2025-01-27T13:13:00.234+0000] {processor.py:208} INFO - Processing /opt/airflow/dags/gcp_ingest_dag.py took 0.057 seconds
[2025-01-27T13:13:48.164+0000] {processor.py:186} INFO - Started process (PID=165) to work on /opt/airflow/dags/gcp_ingest_dag.py
[2025-01-27T13:13:48.164+0000] {processor.py:914} INFO - Processing file /opt/airflow/dags/gcp_ingest_dag.py for tasks to queue
[2025-01-27T13:13:48.166+0000] {logging_mixin.py:190} INFO - [2025-01-27T13:13:48.166+0000] {dagbag.py:588} INFO - Filling up the DagBag from /opt/airflow/dags/gcp_ingest_dag.py
[2025-01-27T13:13:48.175+0000] {processor.py:925} INFO - DAG(s) 'gcp_ingest' retrieved from /opt/airflow/dags/gcp_ingest_dag.py
[2025-01-27T13:13:48.201+0000] {logging_mixin.py:190} INFO - [2025-01-27T13:13:48.201+0000] {dag.py:3239} INFO - Sync 1 DAGs
[2025-01-27T13:13:48.219+0000] {logging_mixin.py:190} INFO - [2025-01-27T13:13:48.219+0000] {dag.py:4180} INFO - Setting next_dagrun for gcp_ingest to None, run_after=None
[2025-01-27T13:13:48.239+0000] {processor.py:208} INFO - Processing /opt/airflow/dags/gcp_ingest_dag.py took 0.080 seconds
[2025-01-27T13:14:18.302+0000] {processor.py:186} INFO - Started process (PID=170) to work on /opt/airflow/dags/gcp_ingest_dag.py
[2025-01-27T13:14:18.303+0000] {processor.py:914} INFO - Processing file /opt/airflow/dags/gcp_ingest_dag.py for tasks to queue
[2025-01-27T13:14:18.304+0000] {logging_mixin.py:190} INFO - [2025-01-27T13:14:18.304+0000] {dagbag.py:588} INFO - Filling up the DagBag from /opt/airflow/dags/gcp_ingest_dag.py
[2025-01-27T13:14:18.312+0000] {processor.py:925} INFO - DAG(s) 'gcp_ingest' retrieved from /opt/airflow/dags/gcp_ingest_dag.py
[2025-01-27T13:14:18.331+0000] {logging_mixin.py:190} INFO - [2025-01-27T13:14:18.331+0000] {dag.py:3239} INFO - Sync 1 DAGs
[2025-01-27T13:14:18.342+0000] {logging_mixin.py:190} INFO - [2025-01-27T13:14:18.342+0000] {dag.py:4180} INFO - Setting next_dagrun for gcp_ingest to None, run_after=None
[2025-01-27T13:14:18.354+0000] {processor.py:208} INFO - Processing /opt/airflow/dags/gcp_ingest_dag.py took 0.055 seconds
[2025-01-27T13:14:48.492+0000] {processor.py:186} INFO - Started process (PID=196) to work on /opt/airflow/dags/gcp_ingest_dag.py
[2025-01-27T13:14:48.493+0000] {processor.py:914} INFO - Processing file /opt/airflow/dags/gcp_ingest_dag.py for tasks to queue
[2025-01-27T13:14:48.494+0000] {logging_mixin.py:190} INFO - [2025-01-27T13:14:48.494+0000] {dagbag.py:588} INFO - Filling up the DagBag from /opt/airflow/dags/gcp_ingest_dag.py
[2025-01-27T13:14:48.502+0000] {processor.py:925} INFO - DAG(s) 'gcp_ingest' retrieved from /opt/airflow/dags/gcp_ingest_dag.py
[2025-01-27T13:14:48.522+0000] {logging_mixin.py:190} INFO - [2025-01-27T13:14:48.522+0000] {dag.py:3239} INFO - Sync 1 DAGs
[2025-01-27T13:14:48.532+0000] {logging_mixin.py:190} INFO - [2025-01-27T13:14:48.532+0000] {dag.py:4180} INFO - Setting next_dagrun for gcp_ingest to None, run_after=None
[2025-01-27T13:14:48.544+0000] {processor.py:208} INFO - Processing /opt/airflow/dags/gcp_ingest_dag.py took 0.056 seconds
[2025-01-27T13:15:18.630+0000] {processor.py:186} INFO - Started process (PID=205) to work on /opt/airflow/dags/gcp_ingest_dag.py
[2025-01-27T13:15:18.631+0000] {processor.py:914} INFO - Processing file /opt/airflow/dags/gcp_ingest_dag.py for tasks to queue
[2025-01-27T13:15:18.632+0000] {logging_mixin.py:190} INFO - [2025-01-27T13:15:18.632+0000] {dagbag.py:588} INFO - Filling up the DagBag from /opt/airflow/dags/gcp_ingest_dag.py
[2025-01-27T13:15:18.641+0000] {processor.py:925} INFO - DAG(s) 'gcp_ingest' retrieved from /opt/airflow/dags/gcp_ingest_dag.py
[2025-01-27T13:15:18.659+0000] {logging_mixin.py:190} INFO - [2025-01-27T13:15:18.659+0000] {dag.py:3239} INFO - Sync 1 DAGs
[2025-01-27T13:15:18.670+0000] {logging_mixin.py:190} INFO - [2025-01-27T13:15:18.669+0000] {dag.py:4180} INFO - Setting next_dagrun for gcp_ingest to None, run_after=None
[2025-01-27T13:15:18.681+0000] {processor.py:208} INFO - Processing /opt/airflow/dags/gcp_ingest_dag.py took 0.055 seconds
[2025-01-27T13:15:48.788+0000] {processor.py:186} INFO - Started process (PID=214) to work on /opt/airflow/dags/gcp_ingest_dag.py
[2025-01-27T13:15:48.788+0000] {processor.py:914} INFO - Processing file /opt/airflow/dags/gcp_ingest_dag.py for tasks to queue
[2025-01-27T13:15:48.790+0000] {logging_mixin.py:190} INFO - [2025-01-27T13:15:48.790+0000] {dagbag.py:588} INFO - Filling up the DagBag from /opt/airflow/dags/gcp_ingest_dag.py
[2025-01-27T13:15:48.798+0000] {processor.py:925} INFO - DAG(s) 'gcp_ingest' retrieved from /opt/airflow/dags/gcp_ingest_dag.py
[2025-01-27T13:15:48.816+0000] {logging_mixin.py:190} INFO - [2025-01-27T13:15:48.816+0000] {dag.py:3239} INFO - Sync 1 DAGs
[2025-01-27T13:15:48.827+0000] {logging_mixin.py:190} INFO - [2025-01-27T13:15:48.827+0000] {dag.py:4180} INFO - Setting next_dagrun for gcp_ingest to None, run_after=None
[2025-01-27T13:15:48.838+0000] {processor.py:208} INFO - Processing /opt/airflow/dags/gcp_ingest_dag.py took 0.056 seconds
[2025-01-27T13:16:07.877+0000] {processor.py:186} INFO - Started process (PID=219) to work on /opt/airflow/dags/gcp_ingest_dag.py
[2025-01-27T13:16:07.878+0000] {processor.py:914} INFO - Processing file /opt/airflow/dags/gcp_ingest_dag.py for tasks to queue
[2025-01-27T13:16:07.879+0000] {logging_mixin.py:190} INFO - [2025-01-27T13:16:07.879+0000] {dagbag.py:588} INFO - Filling up the DagBag from /opt/airflow/dags/gcp_ingest_dag.py
[2025-01-27T13:16:07.888+0000] {processor.py:925} INFO - DAG(s) 'gcp_ingest' retrieved from /opt/airflow/dags/gcp_ingest_dag.py
[2025-01-27T13:16:07.907+0000] {logging_mixin.py:190} INFO - [2025-01-27T13:16:07.907+0000] {dag.py:3239} INFO - Sync 1 DAGs
[2025-01-27T13:16:07.918+0000] {logging_mixin.py:190} INFO - [2025-01-27T13:16:07.917+0000] {dag.py:4180} INFO - Setting next_dagrun for gcp_ingest to None, run_after=None
[2025-01-27T13:16:07.931+0000] {processor.py:208} INFO - Processing /opt/airflow/dags/gcp_ingest_dag.py took 0.058 seconds
[2025-01-27T13:16:38.044+0000] {processor.py:186} INFO - Started process (PID=228) to work on /opt/airflow/dags/gcp_ingest_dag.py
[2025-01-27T13:16:38.044+0000] {processor.py:914} INFO - Processing file /opt/airflow/dags/gcp_ingest_dag.py for tasks to queue
[2025-01-27T13:16:38.046+0000] {logging_mixin.py:190} INFO - [2025-01-27T13:16:38.046+0000] {dagbag.py:588} INFO - Filling up the DagBag from /opt/airflow/dags/gcp_ingest_dag.py
[2025-01-27T13:16:38.054+0000] {processor.py:925} INFO - DAG(s) 'gcp_ingest' retrieved from /opt/airflow/dags/gcp_ingest_dag.py
[2025-01-27T13:16:38.072+0000] {logging_mixin.py:190} INFO - [2025-01-27T13:16:38.072+0000] {dag.py:3239} INFO - Sync 1 DAGs
[2025-01-27T13:16:38.083+0000] {logging_mixin.py:190} INFO - [2025-01-27T13:16:38.083+0000] {dag.py:4180} INFO - Setting next_dagrun for gcp_ingest to None, run_after=None
[2025-01-27T13:16:38.095+0000] {processor.py:208} INFO - Processing /opt/airflow/dags/gcp_ingest_dag.py took 0.055 seconds
[2025-01-27T13:17:08.179+0000] {processor.py:186} INFO - Started process (PID=245) to work on /opt/airflow/dags/gcp_ingest_dag.py
[2025-01-27T13:17:08.179+0000] {processor.py:914} INFO - Processing file /opt/airflow/dags/gcp_ingest_dag.py for tasks to queue
[2025-01-27T13:17:08.181+0000] {logging_mixin.py:190} INFO - [2025-01-27T13:17:08.181+0000] {dagbag.py:588} INFO - Filling up the DagBag from /opt/airflow/dags/gcp_ingest_dag.py
[2025-01-27T13:17:08.192+0000] {processor.py:925} INFO - DAG(s) 'gcp_ingest' retrieved from /opt/airflow/dags/gcp_ingest_dag.py
[2025-01-27T13:17:08.217+0000] {logging_mixin.py:190} INFO - [2025-01-27T13:17:08.217+0000] {dag.py:3239} INFO - Sync 1 DAGs
[2025-01-27T13:17:08.229+0000] {logging_mixin.py:190} INFO - [2025-01-27T13:17:08.228+0000] {dag.py:4180} INFO - Setting next_dagrun for gcp_ingest to None, run_after=None
[2025-01-27T13:17:08.240+0000] {processor.py:208} INFO - Processing /opt/airflow/dags/gcp_ingest_dag.py took 0.068 seconds
[2025-01-27T13:17:38.325+0000] {processor.py:186} INFO - Started process (PID=267) to work on /opt/airflow/dags/gcp_ingest_dag.py
[2025-01-27T13:17:38.325+0000] {processor.py:914} INFO - Processing file /opt/airflow/dags/gcp_ingest_dag.py for tasks to queue
[2025-01-27T13:17:38.327+0000] {logging_mixin.py:190} INFO - [2025-01-27T13:17:38.327+0000] {dagbag.py:588} INFO - Filling up the DagBag from /opt/airflow/dags/gcp_ingest_dag.py
[2025-01-27T13:17:38.335+0000] {processor.py:925} INFO - DAG(s) 'gcp_ingest' retrieved from /opt/airflow/dags/gcp_ingest_dag.py
[2025-01-27T13:17:38.354+0000] {logging_mixin.py:190} INFO - [2025-01-27T13:17:38.354+0000] {dag.py:3239} INFO - Sync 1 DAGs
[2025-01-27T13:17:38.364+0000] {logging_mixin.py:190} INFO - [2025-01-27T13:17:38.364+0000] {dag.py:4180} INFO - Setting next_dagrun for gcp_ingest to None, run_after=None
[2025-01-27T13:17:38.376+0000] {processor.py:208} INFO - Processing /opt/airflow/dags/gcp_ingest_dag.py took 0.055 seconds
[2025-01-27T13:18:06.468+0000] {processor.py:186} INFO - Started process (PID=280) to work on /opt/airflow/dags/gcp_ingest_dag.py
[2025-01-27T13:18:06.468+0000] {processor.py:914} INFO - Processing file /opt/airflow/dags/gcp_ingest_dag.py for tasks to queue
[2025-01-27T13:18:06.470+0000] {logging_mixin.py:190} INFO - [2025-01-27T13:18:06.470+0000] {dagbag.py:588} INFO - Filling up the DagBag from /opt/airflow/dags/gcp_ingest_dag.py
[2025-01-27T13:18:06.479+0000] {processor.py:925} INFO - DAG(s) 'gcp_ingest' retrieved from /opt/airflow/dags/gcp_ingest_dag.py
[2025-01-27T13:18:06.724+0000] {logging_mixin.py:190} INFO - [2025-01-27T13:18:06.724+0000] {dag.py:3239} INFO - Sync 1 DAGs
[2025-01-27T13:18:06.733+0000] {logging_mixin.py:190} INFO - [2025-01-27T13:18:06.733+0000] {dag.py:4180} INFO - Setting next_dagrun for gcp_ingest to None, run_after=None
[2025-01-27T13:18:06.745+0000] {processor.py:208} INFO - Processing /opt/airflow/dags/gcp_ingest_dag.py took 0.281 seconds
[2025-01-27T13:18:16.530+0000] {processor.py:186} INFO - Started process (PID=285) to work on /opt/airflow/dags/gcp_ingest_dag.py
[2025-01-27T13:18:16.531+0000] {processor.py:914} INFO - Processing file /opt/airflow/dags/gcp_ingest_dag.py for tasks to queue
[2025-01-27T13:18:16.533+0000] {logging_mixin.py:190} INFO - [2025-01-27T13:18:16.533+0000] {dagbag.py:588} INFO - Filling up the DagBag from /opt/airflow/dags/gcp_ingest_dag.py
[2025-01-27T13:18:16.544+0000] {processor.py:925} INFO - DAG(s) 'gcp_ingest' retrieved from /opt/airflow/dags/gcp_ingest_dag.py
[2025-01-27T13:18:16.556+0000] {logging_mixin.py:190} INFO - [2025-01-27T13:18:16.556+0000] {dag.py:3239} INFO - Sync 1 DAGs
[2025-01-27T13:18:16.568+0000] {logging_mixin.py:190} INFO - [2025-01-27T13:18:16.568+0000] {dag.py:4180} INFO - Setting next_dagrun for gcp_ingest to None, run_after=None
[2025-01-27T13:18:16.581+0000] {processor.py:208} INFO - Processing /opt/airflow/dags/gcp_ingest_dag.py took 0.058 seconds
[2025-01-27T13:18:46.655+0000] {processor.py:186} INFO - Started process (PID=294) to work on /opt/airflow/dags/gcp_ingest_dag.py
[2025-01-27T13:18:46.656+0000] {processor.py:914} INFO - Processing file /opt/airflow/dags/gcp_ingest_dag.py for tasks to queue
[2025-01-27T13:18:46.657+0000] {logging_mixin.py:190} INFO - [2025-01-27T13:18:46.657+0000] {dagbag.py:588} INFO - Filling up the DagBag from /opt/airflow/dags/gcp_ingest_dag.py
[2025-01-27T13:18:46.665+0000] {processor.py:925} INFO - DAG(s) 'gcp_ingest' retrieved from /opt/airflow/dags/gcp_ingest_dag.py
[2025-01-27T13:18:46.756+0000] {logging_mixin.py:190} INFO - [2025-01-27T13:18:46.756+0000] {dag.py:3239} INFO - Sync 1 DAGs
[2025-01-27T13:18:46.765+0000] {logging_mixin.py:190} INFO - [2025-01-27T13:18:46.765+0000] {dag.py:4180} INFO - Setting next_dagrun for gcp_ingest to None, run_after=None
[2025-01-27T13:18:46.777+0000] {processor.py:208} INFO - Processing /opt/airflow/dags/gcp_ingest_dag.py took 0.126 seconds
[2025-01-27T13:19:16.833+0000] {processor.py:186} INFO - Started process (PID=299) to work on /opt/airflow/dags/gcp_ingest_dag.py
[2025-01-27T13:19:16.833+0000] {processor.py:914} INFO - Processing file /opt/airflow/dags/gcp_ingest_dag.py for tasks to queue
[2025-01-27T13:19:16.835+0000] {logging_mixin.py:190} INFO - [2025-01-27T13:19:16.835+0000] {dagbag.py:588} INFO - Filling up the DagBag from /opt/airflow/dags/gcp_ingest_dag.py
[2025-01-27T13:19:16.843+0000] {processor.py:925} INFO - DAG(s) 'gcp_ingest' retrieved from /opt/airflow/dags/gcp_ingest_dag.py
[2025-01-27T13:19:16.862+0000] {logging_mixin.py:190} INFO - [2025-01-27T13:19:16.862+0000] {dag.py:3239} INFO - Sync 1 DAGs
[2025-01-27T13:19:16.873+0000] {logging_mixin.py:190} INFO - [2025-01-27T13:19:16.873+0000] {dag.py:4180} INFO - Setting next_dagrun for gcp_ingest to None, run_after=None
[2025-01-27T13:19:16.885+0000] {processor.py:208} INFO - Processing /opt/airflow/dags/gcp_ingest_dag.py took 0.057 seconds
[2025-01-27T13:19:47.025+0000] {processor.py:186} INFO - Started process (PID=304) to work on /opt/airflow/dags/gcp_ingest_dag.py
[2025-01-27T13:19:47.026+0000] {processor.py:914} INFO - Processing file /opt/airflow/dags/gcp_ingest_dag.py for tasks to queue
[2025-01-27T13:19:47.027+0000] {logging_mixin.py:190} INFO - [2025-01-27T13:19:47.027+0000] {dagbag.py:588} INFO - Filling up the DagBag from /opt/airflow/dags/gcp_ingest_dag.py
[2025-01-27T13:19:47.035+0000] {processor.py:925} INFO - DAG(s) 'gcp_ingest' retrieved from /opt/airflow/dags/gcp_ingest_dag.py
[2025-01-27T13:19:47.055+0000] {logging_mixin.py:190} INFO - [2025-01-27T13:19:47.055+0000] {dag.py:3239} INFO - Sync 1 DAGs
[2025-01-27T13:19:47.066+0000] {logging_mixin.py:190} INFO - [2025-01-27T13:19:47.066+0000] {dag.py:4180} INFO - Setting next_dagrun for gcp_ingest to None, run_after=None
[2025-01-27T13:19:47.078+0000] {processor.py:208} INFO - Processing /opt/airflow/dags/gcp_ingest_dag.py took 0.057 seconds
[2025-01-27T13:20:17.156+0000] {processor.py:186} INFO - Started process (PID=309) to work on /opt/airflow/dags/gcp_ingest_dag.py
[2025-01-27T13:20:17.157+0000] {processor.py:914} INFO - Processing file /opt/airflow/dags/gcp_ingest_dag.py for tasks to queue
[2025-01-27T13:20:17.158+0000] {logging_mixin.py:190} INFO - [2025-01-27T13:20:17.158+0000] {dagbag.py:588} INFO - Filling up the DagBag from /opt/airflow/dags/gcp_ingest_dag.py
[2025-01-27T13:20:17.166+0000] {processor.py:925} INFO - DAG(s) 'gcp_ingest' retrieved from /opt/airflow/dags/gcp_ingest_dag.py
[2025-01-27T13:20:17.186+0000] {logging_mixin.py:190} INFO - [2025-01-27T13:20:17.186+0000] {dag.py:3239} INFO - Sync 1 DAGs
[2025-01-27T13:20:17.196+0000] {logging_mixin.py:190} INFO - [2025-01-27T13:20:17.196+0000] {dag.py:4180} INFO - Setting next_dagrun for gcp_ingest to None, run_after=None
[2025-01-27T13:20:17.208+0000] {processor.py:208} INFO - Processing /opt/airflow/dags/gcp_ingest_dag.py took 0.056 seconds
[2025-01-27T13:20:29.248+0000] {processor.py:186} INFO - Started process (PID=314) to work on /opt/airflow/dags/gcp_ingest_dag.py
[2025-01-27T13:20:29.248+0000] {processor.py:914} INFO - Processing file /opt/airflow/dags/gcp_ingest_dag.py for tasks to queue
[2025-01-27T13:20:29.250+0000] {logging_mixin.py:190} INFO - [2025-01-27T13:20:29.250+0000] {dagbag.py:588} INFO - Filling up the DagBag from /opt/airflow/dags/gcp_ingest_dag.py
[2025-01-27T13:20:29.253+0000] {logging_mixin.py:190} INFO - [2025-01-27T13:20:29.252+0000] {dagbag.py:387} ERROR - Failed to import: /opt/airflow/dags/gcp_ingest_dag.py
Traceback (most recent call last):
  File "/home/airflow/.local/lib/python3.12/site-packages/airflow/models/dagbag.py", line 383, in parse
    loader.exec_module(new_module)
  File "<frozen importlib._bootstrap_external>", line 995, in exec_module
  File "<frozen importlib._bootstrap_external>", line 1133, in get_code
  File "<frozen importlib._bootstrap_external>", line 1063, in source_to_code
  File "<frozen importlib._bootstrap>", line 488, in _call_with_frames_removed
  File "/opt/airflow/dags/gcp_ingest_dag.py", line 71
    }"
     ^
SyntaxError: unterminated string literal (detected at line 71)
[2025-01-27T13:20:29.254+0000] {processor.py:927} WARNING - No viable dags retrieved from /opt/airflow/dags/gcp_ingest_dag.py
[2025-01-27T13:20:29.269+0000] {processor.py:208} INFO - Processing /opt/airflow/dags/gcp_ingest_dag.py took 0.026 seconds
[2025-01-27T13:20:59.397+0000] {processor.py:186} INFO - Started process (PID=319) to work on /opt/airflow/dags/gcp_ingest_dag.py
[2025-01-27T13:20:59.398+0000] {processor.py:914} INFO - Processing file /opt/airflow/dags/gcp_ingest_dag.py for tasks to queue
[2025-01-27T13:20:59.399+0000] {logging_mixin.py:190} INFO - [2025-01-27T13:20:59.399+0000] {dagbag.py:588} INFO - Filling up the DagBag from /opt/airflow/dags/gcp_ingest_dag.py
[2025-01-27T13:20:59.402+0000] {logging_mixin.py:190} INFO - [2025-01-27T13:20:59.401+0000] {dagbag.py:387} ERROR - Failed to import: /opt/airflow/dags/gcp_ingest_dag.py
Traceback (most recent call last):
  File "/home/airflow/.local/lib/python3.12/site-packages/airflow/models/dagbag.py", line 383, in parse
    loader.exec_module(new_module)
  File "<frozen importlib._bootstrap_external>", line 995, in exec_module
  File "<frozen importlib._bootstrap_external>", line 1133, in get_code
  File "<frozen importlib._bootstrap_external>", line 1063, in source_to_code
  File "<frozen importlib._bootstrap>", line 488, in _call_with_frames_removed
  File "/opt/airflow/dags/gcp_ingest_dag.py", line 71
    }"
     ^
SyntaxError: unterminated string literal (detected at line 71)
[2025-01-27T13:20:59.402+0000] {processor.py:927} WARNING - No viable dags retrieved from /opt/airflow/dags/gcp_ingest_dag.py
[2025-01-27T13:20:59.417+0000] {processor.py:208} INFO - Processing /opt/airflow/dags/gcp_ingest_dag.py took 0.024 seconds
[2025-01-27T13:21:29.534+0000] {processor.py:186} INFO - Started process (PID=324) to work on /opt/airflow/dags/gcp_ingest_dag.py
[2025-01-27T13:21:29.535+0000] {processor.py:914} INFO - Processing file /opt/airflow/dags/gcp_ingest_dag.py for tasks to queue
[2025-01-27T13:21:29.536+0000] {logging_mixin.py:190} INFO - [2025-01-27T13:21:29.536+0000] {dagbag.py:588} INFO - Filling up the DagBag from /opt/airflow/dags/gcp_ingest_dag.py
[2025-01-27T13:21:29.539+0000] {logging_mixin.py:190} INFO - [2025-01-27T13:21:29.538+0000] {dagbag.py:387} ERROR - Failed to import: /opt/airflow/dags/gcp_ingest_dag.py
Traceback (most recent call last):
  File "/home/airflow/.local/lib/python3.12/site-packages/airflow/models/dagbag.py", line 383, in parse
    loader.exec_module(new_module)
  File "<frozen importlib._bootstrap_external>", line 995, in exec_module
  File "<frozen importlib._bootstrap_external>", line 1133, in get_code
  File "<frozen importlib._bootstrap_external>", line 1063, in source_to_code
  File "<frozen importlib._bootstrap>", line 488, in _call_with_frames_removed
  File "/opt/airflow/dags/gcp_ingest_dag.py", line 71
    }"
     ^
SyntaxError: unterminated string literal (detected at line 71)
[2025-01-27T13:21:29.540+0000] {processor.py:927} WARNING - No viable dags retrieved from /opt/airflow/dags/gcp_ingest_dag.py
[2025-01-27T13:21:29.555+0000] {processor.py:208} INFO - Processing /opt/airflow/dags/gcp_ingest_dag.py took 0.026 seconds
[2025-01-27T13:21:58.675+0000] {processor.py:186} INFO - Started process (PID=329) to work on /opt/airflow/dags/gcp_ingest_dag.py
[2025-01-27T13:21:58.675+0000] {processor.py:914} INFO - Processing file /opt/airflow/dags/gcp_ingest_dag.py for tasks to queue
[2025-01-27T13:21:58.676+0000] {logging_mixin.py:190} INFO - [2025-01-27T13:21:58.676+0000] {dagbag.py:588} INFO - Filling up the DagBag from /opt/airflow/dags/gcp_ingest_dag.py
[2025-01-27T13:21:58.684+0000] {processor.py:925} INFO - DAG(s) 'gcp_ingest' retrieved from /opt/airflow/dags/gcp_ingest_dag.py
[2025-01-27T13:21:58.786+0000] {logging_mixin.py:190} INFO - [2025-01-27T13:21:58.785+0000] {dag.py:3239} INFO - Sync 1 DAGs
[2025-01-27T13:21:58.800+0000] {logging_mixin.py:190} INFO - [2025-01-27T13:21:58.799+0000] {dag.py:4180} INFO - Setting next_dagrun for gcp_ingest to None, run_after=None
[2025-01-27T13:21:58.961+0000] {processor.py:208} INFO - Processing /opt/airflow/dags/gcp_ingest_dag.py took 0.290 seconds
[2025-01-27T13:22:29.098+0000] {processor.py:186} INFO - Started process (PID=355) to work on /opt/airflow/dags/gcp_ingest_dag.py
[2025-01-27T13:22:29.098+0000] {processor.py:914} INFO - Processing file /opt/airflow/dags/gcp_ingest_dag.py for tasks to queue
[2025-01-27T13:22:29.099+0000] {logging_mixin.py:190} INFO - [2025-01-27T13:22:29.099+0000] {dagbag.py:588} INFO - Filling up the DagBag from /opt/airflow/dags/gcp_ingest_dag.py
[2025-01-27T13:22:29.107+0000] {processor.py:925} INFO - DAG(s) 'gcp_ingest' retrieved from /opt/airflow/dags/gcp_ingest_dag.py
[2025-01-27T13:22:29.126+0000] {logging_mixin.py:190} INFO - [2025-01-27T13:22:29.126+0000] {dag.py:3239} INFO - Sync 1 DAGs
[2025-01-27T13:22:29.137+0000] {logging_mixin.py:190} INFO - [2025-01-27T13:22:29.137+0000] {dag.py:4180} INFO - Setting next_dagrun for gcp_ingest to None, run_after=None
[2025-01-27T13:22:29.149+0000] {processor.py:208} INFO - Processing /opt/airflow/dags/gcp_ingest_dag.py took 0.055 seconds
[2025-01-27T13:22:59.222+0000] {processor.py:186} INFO - Started process (PID=364) to work on /opt/airflow/dags/gcp_ingest_dag.py
[2025-01-27T13:22:59.222+0000] {processor.py:914} INFO - Processing file /opt/airflow/dags/gcp_ingest_dag.py for tasks to queue
[2025-01-27T13:22:59.223+0000] {logging_mixin.py:190} INFO - [2025-01-27T13:22:59.223+0000] {dagbag.py:588} INFO - Filling up the DagBag from /opt/airflow/dags/gcp_ingest_dag.py
[2025-01-27T13:22:59.231+0000] {processor.py:925} INFO - DAG(s) 'gcp_ingest' retrieved from /opt/airflow/dags/gcp_ingest_dag.py
[2025-01-27T13:22:59.251+0000] {logging_mixin.py:190} INFO - [2025-01-27T13:22:59.251+0000] {dag.py:3239} INFO - Sync 1 DAGs
[2025-01-27T13:22:59.262+0000] {logging_mixin.py:190} INFO - [2025-01-27T13:22:59.262+0000] {dag.py:4180} INFO - Setting next_dagrun for gcp_ingest to None, run_after=None
[2025-01-27T13:22:59.274+0000] {processor.py:208} INFO - Processing /opt/airflow/dags/gcp_ingest_dag.py took 0.056 seconds
[2025-01-27T13:23:29.378+0000] {processor.py:186} INFO - Started process (PID=373) to work on /opt/airflow/dags/gcp_ingest_dag.py
[2025-01-27T13:23:29.379+0000] {processor.py:914} INFO - Processing file /opt/airflow/dags/gcp_ingest_dag.py for tasks to queue
[2025-01-27T13:23:29.380+0000] {logging_mixin.py:190} INFO - [2025-01-27T13:23:29.379+0000] {dagbag.py:588} INFO - Filling up the DagBag from /opt/airflow/dags/gcp_ingest_dag.py
[2025-01-27T13:23:29.389+0000] {processor.py:925} INFO - DAG(s) 'gcp_ingest' retrieved from /opt/airflow/dags/gcp_ingest_dag.py
[2025-01-27T13:23:29.408+0000] {logging_mixin.py:190} INFO - [2025-01-27T13:23:29.408+0000] {dag.py:3239} INFO - Sync 1 DAGs
[2025-01-27T13:23:29.419+0000] {logging_mixin.py:190} INFO - [2025-01-27T13:23:29.418+0000] {dag.py:4180} INFO - Setting next_dagrun for gcp_ingest to None, run_after=None
[2025-01-27T13:23:29.430+0000] {processor.py:208} INFO - Processing /opt/airflow/dags/gcp_ingest_dag.py took 0.056 seconds
[2025-01-27T13:23:30.397+0000] {processor.py:186} INFO - Started process (PID=378) to work on /opt/airflow/dags/gcp_ingest_dag.py
[2025-01-27T13:23:30.398+0000] {processor.py:914} INFO - Processing file /opt/airflow/dags/gcp_ingest_dag.py for tasks to queue
[2025-01-27T13:23:30.399+0000] {logging_mixin.py:190} INFO - [2025-01-27T13:23:30.398+0000] {dagbag.py:588} INFO - Filling up the DagBag from /opt/airflow/dags/gcp_ingest_dag.py
[2025-01-27T13:23:30.410+0000] {processor.py:925} INFO - DAG(s) 'gcp_ingest' retrieved from /opt/airflow/dags/gcp_ingest_dag.py
[2025-01-27T13:23:30.433+0000] {logging_mixin.py:190} INFO - [2025-01-27T13:23:30.433+0000] {dag.py:3239} INFO - Sync 1 DAGs
[2025-01-27T13:23:30.450+0000] {logging_mixin.py:190} INFO - [2025-01-27T13:23:30.449+0000] {dag.py:4180} INFO - Setting next_dagrun for gcp_ingest to None, run_after=None
[2025-01-27T13:23:30.467+0000] {processor.py:208} INFO - Processing /opt/airflow/dags/gcp_ingest_dag.py took 0.075 seconds
[2025-01-27T13:24:00.590+0000] {processor.py:186} INFO - Started process (PID=387) to work on /opt/airflow/dags/gcp_ingest_dag.py
[2025-01-27T13:24:00.591+0000] {processor.py:914} INFO - Processing file /opt/airflow/dags/gcp_ingest_dag.py for tasks to queue
[2025-01-27T13:24:00.592+0000] {logging_mixin.py:190} INFO - [2025-01-27T13:24:00.591+0000] {dagbag.py:588} INFO - Filling up the DagBag from /opt/airflow/dags/gcp_ingest_dag.py
[2025-01-27T13:24:00.600+0000] {processor.py:925} INFO - DAG(s) 'gcp_ingest' retrieved from /opt/airflow/dags/gcp_ingest_dag.py
[2025-01-27T13:24:00.620+0000] {logging_mixin.py:190} INFO - [2025-01-27T13:24:00.619+0000] {dag.py:3239} INFO - Sync 1 DAGs
[2025-01-27T13:24:00.630+0000] {logging_mixin.py:190} INFO - [2025-01-27T13:24:00.630+0000] {dag.py:4180} INFO - Setting next_dagrun for gcp_ingest to None, run_after=None
[2025-01-27T13:24:00.642+0000] {processor.py:208} INFO - Processing /opt/airflow/dags/gcp_ingest_dag.py took 0.057 seconds
[2025-01-27T13:24:30.716+0000] {processor.py:186} INFO - Started process (PID=396) to work on /opt/airflow/dags/gcp_ingest_dag.py
[2025-01-27T13:24:30.716+0000] {processor.py:914} INFO - Processing file /opt/airflow/dags/gcp_ingest_dag.py for tasks to queue
[2025-01-27T13:24:30.717+0000] {logging_mixin.py:190} INFO - [2025-01-27T13:24:30.717+0000] {dagbag.py:588} INFO - Filling up the DagBag from /opt/airflow/dags/gcp_ingest_dag.py
[2025-01-27T13:24:30.725+0000] {processor.py:925} INFO - DAG(s) 'gcp_ingest' retrieved from /opt/airflow/dags/gcp_ingest_dag.py
[2025-01-27T13:24:30.745+0000] {logging_mixin.py:190} INFO - [2025-01-27T13:24:30.745+0000] {dag.py:3239} INFO - Sync 1 DAGs
[2025-01-27T13:24:30.757+0000] {logging_mixin.py:190} INFO - [2025-01-27T13:24:30.757+0000] {dag.py:4180} INFO - Setting next_dagrun for gcp_ingest to None, run_after=None
[2025-01-27T13:24:30.772+0000] {processor.py:208} INFO - Processing /opt/airflow/dags/gcp_ingest_dag.py took 0.061 seconds
[2025-01-27T13:25:00.869+0000] {processor.py:186} INFO - Started process (PID=426) to work on /opt/airflow/dags/gcp_ingest_dag.py
[2025-01-27T13:25:00.870+0000] {processor.py:914} INFO - Processing file /opt/airflow/dags/gcp_ingest_dag.py for tasks to queue
[2025-01-27T13:25:00.870+0000] {logging_mixin.py:190} INFO - [2025-01-27T13:25:00.870+0000] {dagbag.py:588} INFO - Filling up the DagBag from /opt/airflow/dags/gcp_ingest_dag.py
[2025-01-27T13:25:00.879+0000] {processor.py:925} INFO - DAG(s) 'gcp_ingest' retrieved from /opt/airflow/dags/gcp_ingest_dag.py
[2025-01-27T13:25:00.898+0000] {logging_mixin.py:190} INFO - [2025-01-27T13:25:00.898+0000] {dag.py:3239} INFO - Sync 1 DAGs
[2025-01-27T13:25:00.910+0000] {logging_mixin.py:190} INFO - [2025-01-27T13:25:00.909+0000] {dag.py:4180} INFO - Setting next_dagrun for gcp_ingest to None, run_after=None
[2025-01-27T13:25:00.922+0000] {processor.py:208} INFO - Processing /opt/airflow/dags/gcp_ingest_dag.py took 0.057 seconds
[2025-01-27T13:25:31.016+0000] {processor.py:186} INFO - Started process (PID=439) to work on /opt/airflow/dags/gcp_ingest_dag.py
[2025-01-27T13:25:31.016+0000] {processor.py:914} INFO - Processing file /opt/airflow/dags/gcp_ingest_dag.py for tasks to queue
[2025-01-27T13:25:31.017+0000] {logging_mixin.py:190} INFO - [2025-01-27T13:25:31.017+0000] {dagbag.py:588} INFO - Filling up the DagBag from /opt/airflow/dags/gcp_ingest_dag.py
[2025-01-27T13:25:31.025+0000] {processor.py:925} INFO - DAG(s) 'gcp_ingest' retrieved from /opt/airflow/dags/gcp_ingest_dag.py
[2025-01-27T13:25:31.043+0000] {logging_mixin.py:190} INFO - [2025-01-27T13:25:31.043+0000] {dag.py:3239} INFO - Sync 1 DAGs
[2025-01-27T13:25:31.054+0000] {logging_mixin.py:190} INFO - [2025-01-27T13:25:31.054+0000] {dag.py:4180} INFO - Setting next_dagrun for gcp_ingest to None, run_after=None
[2025-01-27T13:25:31.065+0000] {processor.py:208} INFO - Processing /opt/airflow/dags/gcp_ingest_dag.py took 0.054 seconds
[2025-01-27T13:26:01.149+0000] {processor.py:186} INFO - Started process (PID=448) to work on /opt/airflow/dags/gcp_ingest_dag.py
[2025-01-27T13:26:01.149+0000] {processor.py:914} INFO - Processing file /opt/airflow/dags/gcp_ingest_dag.py for tasks to queue
[2025-01-27T13:26:01.150+0000] {logging_mixin.py:190} INFO - [2025-01-27T13:26:01.150+0000] {dagbag.py:588} INFO - Filling up the DagBag from /opt/airflow/dags/gcp_ingest_dag.py
[2025-01-27T13:26:01.158+0000] {processor.py:925} INFO - DAG(s) 'gcp_ingest' retrieved from /opt/airflow/dags/gcp_ingest_dag.py
[2025-01-27T13:26:01.177+0000] {logging_mixin.py:190} INFO - [2025-01-27T13:26:01.177+0000] {dag.py:3239} INFO - Sync 1 DAGs
[2025-01-27T13:26:01.187+0000] {logging_mixin.py:190} INFO - [2025-01-27T13:26:01.187+0000] {dag.py:4180} INFO - Setting next_dagrun for gcp_ingest to None, run_after=None
[2025-01-27T13:26:01.199+0000] {processor.py:208} INFO - Processing /opt/airflow/dags/gcp_ingest_dag.py took 0.054 seconds
[2025-01-27T13:26:31.293+0000] {processor.py:186} INFO - Started process (PID=457) to work on /opt/airflow/dags/gcp_ingest_dag.py
[2025-01-27T13:26:31.293+0000] {processor.py:914} INFO - Processing file /opt/airflow/dags/gcp_ingest_dag.py for tasks to queue
[2025-01-27T13:26:31.294+0000] {logging_mixin.py:190} INFO - [2025-01-27T13:26:31.294+0000] {dagbag.py:588} INFO - Filling up the DagBag from /opt/airflow/dags/gcp_ingest_dag.py
[2025-01-27T13:26:31.302+0000] {processor.py:925} INFO - DAG(s) 'gcp_ingest' retrieved from /opt/airflow/dags/gcp_ingest_dag.py
[2025-01-27T13:26:31.321+0000] {logging_mixin.py:190} INFO - [2025-01-27T13:26:31.320+0000] {dag.py:3239} INFO - Sync 1 DAGs
[2025-01-27T13:26:31.331+0000] {logging_mixin.py:190} INFO - [2025-01-27T13:26:31.331+0000] {dag.py:4180} INFO - Setting next_dagrun for gcp_ingest to None, run_after=None
[2025-01-27T13:26:31.343+0000] {processor.py:208} INFO - Processing /opt/airflow/dags/gcp_ingest_dag.py took 0.054 seconds
[2025-01-27T13:26:40.346+0000] {processor.py:186} INFO - Started process (PID=462) to work on /opt/airflow/dags/gcp_ingest_dag.py
[2025-01-27T13:26:40.347+0000] {processor.py:914} INFO - Processing file /opt/airflow/dags/gcp_ingest_dag.py for tasks to queue
[2025-01-27T13:26:40.347+0000] {logging_mixin.py:190} INFO - [2025-01-27T13:26:40.347+0000] {dagbag.py:588} INFO - Filling up the DagBag from /opt/airflow/dags/gcp_ingest_dag.py
[2025-01-27T13:26:40.358+0000] {processor.py:925} INFO - DAG(s) 'gcp_ingest' retrieved from /opt/airflow/dags/gcp_ingest_dag.py
[2025-01-27T13:26:40.381+0000] {logging_mixin.py:190} INFO - [2025-01-27T13:26:40.381+0000] {dag.py:3239} INFO - Sync 1 DAGs
[2025-01-27T13:26:40.393+0000] {logging_mixin.py:190} INFO - [2025-01-27T13:26:40.393+0000] {dag.py:4180} INFO - Setting next_dagrun for gcp_ingest to None, run_after=None
[2025-01-27T13:26:40.406+0000] {processor.py:208} INFO - Processing /opt/airflow/dags/gcp_ingest_dag.py took 0.065 seconds
[2025-01-27T13:27:24.102+0000] {processor.py:186} INFO - Started process (PID=166) to work on /opt/airflow/dags/gcp_ingest_dag.py
[2025-01-27T13:27:24.103+0000] {processor.py:914} INFO - Processing file /opt/airflow/dags/gcp_ingest_dag.py for tasks to queue
[2025-01-27T13:27:24.105+0000] {logging_mixin.py:190} INFO - [2025-01-27T13:27:24.105+0000] {dagbag.py:588} INFO - Filling up the DagBag from /opt/airflow/dags/gcp_ingest_dag.py
[2025-01-27T13:27:24.117+0000] {processor.py:925} INFO - DAG(s) 'gcp_ingest' retrieved from /opt/airflow/dags/gcp_ingest_dag.py
[2025-01-27T13:27:24.699+0000] {logging_mixin.py:190} INFO - [2025-01-27T13:27:24.699+0000] {dag.py:3239} INFO - Sync 1 DAGs
[2025-01-27T13:27:24.710+0000] {logging_mixin.py:190} INFO - [2025-01-27T13:27:24.710+0000] {dag.py:4180} INFO - Setting next_dagrun for gcp_ingest to None, run_after=None
[2025-01-27T13:27:24.726+0000] {processor.py:208} INFO - Processing /opt/airflow/dags/gcp_ingest_dag.py took 0.630 seconds
[2025-01-27T13:27:54.887+0000] {processor.py:186} INFO - Started process (PID=173) to work on /opt/airflow/dags/gcp_ingest_dag.py
[2025-01-27T13:27:54.888+0000] {processor.py:914} INFO - Processing file /opt/airflow/dags/gcp_ingest_dag.py for tasks to queue
[2025-01-27T13:27:54.889+0000] {logging_mixin.py:190} INFO - [2025-01-27T13:27:54.889+0000] {dagbag.py:588} INFO - Filling up the DagBag from /opt/airflow/dags/gcp_ingest_dag.py
[2025-01-27T13:27:54.899+0000] {processor.py:925} INFO - DAG(s) 'gcp_ingest' retrieved from /opt/airflow/dags/gcp_ingest_dag.py
[2025-01-27T13:27:54.919+0000] {logging_mixin.py:190} INFO - [2025-01-27T13:27:54.918+0000] {dag.py:3239} INFO - Sync 1 DAGs
[2025-01-27T13:27:54.929+0000] {logging_mixin.py:190} INFO - [2025-01-27T13:27:54.928+0000] {dag.py:4180} INFO - Setting next_dagrun for gcp_ingest to None, run_after=None
[2025-01-27T13:27:54.940+0000] {processor.py:208} INFO - Processing /opt/airflow/dags/gcp_ingest_dag.py took 0.057 seconds
[2025-01-27T13:28:25.015+0000] {processor.py:186} INFO - Started process (PID=178) to work on /opt/airflow/dags/gcp_ingest_dag.py
[2025-01-27T13:28:25.016+0000] {processor.py:914} INFO - Processing file /opt/airflow/dags/gcp_ingest_dag.py for tasks to queue
[2025-01-27T13:28:25.017+0000] {logging_mixin.py:190} INFO - [2025-01-27T13:28:25.017+0000] {dagbag.py:588} INFO - Filling up the DagBag from /opt/airflow/dags/gcp_ingest_dag.py
[2025-01-27T13:28:25.026+0000] {processor.py:925} INFO - DAG(s) 'gcp_ingest' retrieved from /opt/airflow/dags/gcp_ingest_dag.py
[2025-01-27T13:28:25.046+0000] {logging_mixin.py:190} INFO - [2025-01-27T13:28:25.046+0000] {dag.py:3239} INFO - Sync 1 DAGs
[2025-01-27T13:28:25.057+0000] {logging_mixin.py:190} INFO - [2025-01-27T13:28:25.057+0000] {dag.py:4180} INFO - Setting next_dagrun for gcp_ingest to None, run_after=None
[2025-01-27T13:28:25.068+0000] {processor.py:208} INFO - Processing /opt/airflow/dags/gcp_ingest_dag.py took 0.057 seconds
[2025-01-27T13:28:55.184+0000] {processor.py:186} INFO - Started process (PID=185) to work on /opt/airflow/dags/gcp_ingest_dag.py
[2025-01-27T13:28:55.185+0000] {processor.py:914} INFO - Processing file /opt/airflow/dags/gcp_ingest_dag.py for tasks to queue
[2025-01-27T13:28:55.186+0000] {logging_mixin.py:190} INFO - [2025-01-27T13:28:55.186+0000] {dagbag.py:588} INFO - Filling up the DagBag from /opt/airflow/dags/gcp_ingest_dag.py
[2025-01-27T13:28:55.194+0000] {processor.py:925} INFO - DAG(s) 'gcp_ingest' retrieved from /opt/airflow/dags/gcp_ingest_dag.py
[2025-01-27T13:28:55.219+0000] {logging_mixin.py:190} INFO - [2025-01-27T13:28:55.219+0000] {dag.py:3239} INFO - Sync 1 DAGs
[2025-01-27T13:28:55.231+0000] {logging_mixin.py:190} INFO - [2025-01-27T13:28:55.231+0000] {dag.py:4180} INFO - Setting next_dagrun for gcp_ingest to None, run_after=None
[2025-01-27T13:28:55.243+0000] {processor.py:208} INFO - Processing /opt/airflow/dags/gcp_ingest_dag.py took 0.064 seconds
[2025-01-27T13:29:25.315+0000] {processor.py:186} INFO - Started process (PID=209) to work on /opt/airflow/dags/gcp_ingest_dag.py
[2025-01-27T13:29:25.316+0000] {processor.py:914} INFO - Processing file /opt/airflow/dags/gcp_ingest_dag.py for tasks to queue
[2025-01-27T13:29:25.317+0000] {logging_mixin.py:190} INFO - [2025-01-27T13:29:25.317+0000] {dagbag.py:588} INFO - Filling up the DagBag from /opt/airflow/dags/gcp_ingest_dag.py
[2025-01-27T13:29:25.325+0000] {processor.py:925} INFO - DAG(s) 'gcp_ingest' retrieved from /opt/airflow/dags/gcp_ingest_dag.py
[2025-01-27T13:29:25.345+0000] {logging_mixin.py:190} INFO - [2025-01-27T13:29:25.345+0000] {dag.py:3239} INFO - Sync 1 DAGs
[2025-01-27T13:29:25.355+0000] {logging_mixin.py:190} INFO - [2025-01-27T13:29:25.355+0000] {dag.py:4180} INFO - Setting next_dagrun for gcp_ingest to None, run_after=None
[2025-01-27T13:29:25.367+0000] {processor.py:208} INFO - Processing /opt/airflow/dags/gcp_ingest_dag.py took 0.056 seconds
[2025-01-27T13:29:55.474+0000] {processor.py:186} INFO - Started process (PID=214) to work on /opt/airflow/dags/gcp_ingest_dag.py
[2025-01-27T13:29:55.474+0000] {processor.py:914} INFO - Processing file /opt/airflow/dags/gcp_ingest_dag.py for tasks to queue
[2025-01-27T13:29:55.476+0000] {logging_mixin.py:190} INFO - [2025-01-27T13:29:55.476+0000] {dagbag.py:588} INFO - Filling up the DagBag from /opt/airflow/dags/gcp_ingest_dag.py
[2025-01-27T13:29:55.484+0000] {processor.py:925} INFO - DAG(s) 'gcp_ingest' retrieved from /opt/airflow/dags/gcp_ingest_dag.py
[2025-01-27T13:29:55.503+0000] {logging_mixin.py:190} INFO - [2025-01-27T13:29:55.503+0000] {dag.py:3239} INFO - Sync 1 DAGs
[2025-01-27T13:29:55.517+0000] {logging_mixin.py:190} INFO - [2025-01-27T13:29:55.517+0000] {dag.py:4180} INFO - Setting next_dagrun for gcp_ingest to None, run_after=None
[2025-01-27T13:29:55.532+0000] {processor.py:208} INFO - Processing /opt/airflow/dags/gcp_ingest_dag.py took 0.063 seconds
[2025-01-27T13:30:25.609+0000] {processor.py:186} INFO - Started process (PID=219) to work on /opt/airflow/dags/gcp_ingest_dag.py
[2025-01-27T13:30:25.610+0000] {processor.py:914} INFO - Processing file /opt/airflow/dags/gcp_ingest_dag.py for tasks to queue
[2025-01-27T13:30:25.611+0000] {logging_mixin.py:190} INFO - [2025-01-27T13:30:25.611+0000] {dagbag.py:588} INFO - Filling up the DagBag from /opt/airflow/dags/gcp_ingest_dag.py
[2025-01-27T13:30:25.620+0000] {processor.py:925} INFO - DAG(s) 'gcp_ingest' retrieved from /opt/airflow/dags/gcp_ingest_dag.py
[2025-01-27T13:30:25.639+0000] {logging_mixin.py:190} INFO - [2025-01-27T13:30:25.639+0000] {dag.py:3239} INFO - Sync 1 DAGs
[2025-01-27T13:30:25.650+0000] {logging_mixin.py:190} INFO - [2025-01-27T13:30:25.650+0000] {dag.py:4180} INFO - Setting next_dagrun for gcp_ingest to None, run_after=None
[2025-01-27T13:30:25.661+0000] {processor.py:208} INFO - Processing /opt/airflow/dags/gcp_ingest_dag.py took 0.056 seconds
[2025-01-27T13:30:55.772+0000] {processor.py:186} INFO - Started process (PID=224) to work on /opt/airflow/dags/gcp_ingest_dag.py
[2025-01-27T13:30:55.772+0000] {processor.py:914} INFO - Processing file /opt/airflow/dags/gcp_ingest_dag.py for tasks to queue
[2025-01-27T13:30:55.773+0000] {logging_mixin.py:190} INFO - [2025-01-27T13:30:55.773+0000] {dagbag.py:588} INFO - Filling up the DagBag from /opt/airflow/dags/gcp_ingest_dag.py
[2025-01-27T13:30:55.782+0000] {processor.py:925} INFO - DAG(s) 'gcp_ingest' retrieved from /opt/airflow/dags/gcp_ingest_dag.py
[2025-01-27T13:30:55.801+0000] {logging_mixin.py:190} INFO - [2025-01-27T13:30:55.800+0000] {dag.py:3239} INFO - Sync 1 DAGs
[2025-01-27T13:30:55.811+0000] {logging_mixin.py:190} INFO - [2025-01-27T13:30:55.811+0000] {dag.py:4180} INFO - Setting next_dagrun for gcp_ingest to None, run_after=None
[2025-01-27T13:30:55.822+0000] {processor.py:208} INFO - Processing /opt/airflow/dags/gcp_ingest_dag.py took 0.055 seconds
[2025-01-27T13:31:25.904+0000] {processor.py:186} INFO - Started process (PID=229) to work on /opt/airflow/dags/gcp_ingest_dag.py
[2025-01-27T13:31:25.904+0000] {processor.py:914} INFO - Processing file /opt/airflow/dags/gcp_ingest_dag.py for tasks to queue
[2025-01-27T13:31:25.906+0000] {logging_mixin.py:190} INFO - [2025-01-27T13:31:25.906+0000] {dagbag.py:588} INFO - Filling up the DagBag from /opt/airflow/dags/gcp_ingest_dag.py
[2025-01-27T13:31:25.914+0000] {processor.py:925} INFO - DAG(s) 'gcp_ingest' retrieved from /opt/airflow/dags/gcp_ingest_dag.py
[2025-01-27T13:31:25.934+0000] {logging_mixin.py:190} INFO - [2025-01-27T13:31:25.934+0000] {dag.py:3239} INFO - Sync 1 DAGs
[2025-01-27T13:31:25.944+0000] {logging_mixin.py:190} INFO - [2025-01-27T13:31:25.944+0000] {dag.py:4180} INFO - Setting next_dagrun for gcp_ingest to None, run_after=None
[2025-01-27T13:31:25.955+0000] {processor.py:208} INFO - Processing /opt/airflow/dags/gcp_ingest_dag.py took 0.056 seconds
[2025-01-27T13:31:56.054+0000] {processor.py:186} INFO - Started process (PID=234) to work on /opt/airflow/dags/gcp_ingest_dag.py
[2025-01-27T13:31:56.055+0000] {processor.py:914} INFO - Processing file /opt/airflow/dags/gcp_ingest_dag.py for tasks to queue
[2025-01-27T13:31:56.056+0000] {logging_mixin.py:190} INFO - [2025-01-27T13:31:56.056+0000] {dagbag.py:588} INFO - Filling up the DagBag from /opt/airflow/dags/gcp_ingest_dag.py
[2025-01-27T13:31:56.064+0000] {processor.py:925} INFO - DAG(s) 'gcp_ingest' retrieved from /opt/airflow/dags/gcp_ingest_dag.py
[2025-01-27T13:31:56.083+0000] {logging_mixin.py:190} INFO - [2025-01-27T13:31:56.082+0000] {dag.py:3239} INFO - Sync 1 DAGs
[2025-01-27T13:31:56.093+0000] {logging_mixin.py:190} INFO - [2025-01-27T13:31:56.093+0000] {dag.py:4180} INFO - Setting next_dagrun for gcp_ingest to None, run_after=None
[2025-01-27T13:31:56.263+0000] {processor.py:208} INFO - Processing /opt/airflow/dags/gcp_ingest_dag.py took 0.213 seconds
[2025-01-27T13:32:26.391+0000] {processor.py:186} INFO - Started process (PID=239) to work on /opt/airflow/dags/gcp_ingest_dag.py
[2025-01-27T13:32:26.392+0000] {processor.py:914} INFO - Processing file /opt/airflow/dags/gcp_ingest_dag.py for tasks to queue
[2025-01-27T13:32:26.393+0000] {logging_mixin.py:190} INFO - [2025-01-27T13:32:26.393+0000] {dagbag.py:588} INFO - Filling up the DagBag from /opt/airflow/dags/gcp_ingest_dag.py
[2025-01-27T13:32:26.402+0000] {processor.py:925} INFO - DAG(s) 'gcp_ingest' retrieved from /opt/airflow/dags/gcp_ingest_dag.py
[2025-01-27T13:32:26.421+0000] {logging_mixin.py:190} INFO - [2025-01-27T13:32:26.421+0000] {dag.py:3239} INFO - Sync 1 DAGs
[2025-01-27T13:32:26.432+0000] {logging_mixin.py:190} INFO - [2025-01-27T13:32:26.432+0000] {dag.py:4180} INFO - Setting next_dagrun for gcp_ingest to None, run_after=None
[2025-01-27T13:32:26.444+0000] {processor.py:208} INFO - Processing /opt/airflow/dags/gcp_ingest_dag.py took 0.058 seconds
[2025-01-27T13:32:56.519+0000] {processor.py:186} INFO - Started process (PID=244) to work on /opt/airflow/dags/gcp_ingest_dag.py
[2025-01-27T13:32:56.519+0000] {processor.py:914} INFO - Processing file /opt/airflow/dags/gcp_ingest_dag.py for tasks to queue
[2025-01-27T13:32:56.521+0000] {logging_mixin.py:190} INFO - [2025-01-27T13:32:56.520+0000] {dagbag.py:588} INFO - Filling up the DagBag from /opt/airflow/dags/gcp_ingest_dag.py
[2025-01-27T13:32:56.529+0000] {processor.py:925} INFO - DAG(s) 'gcp_ingest' retrieved from /opt/airflow/dags/gcp_ingest_dag.py
[2025-01-27T13:32:56.549+0000] {logging_mixin.py:190} INFO - [2025-01-27T13:32:56.549+0000] {dag.py:3239} INFO - Sync 1 DAGs
[2025-01-27T13:32:56.559+0000] {logging_mixin.py:190} INFO - [2025-01-27T13:32:56.559+0000] {dag.py:4180} INFO - Setting next_dagrun for gcp_ingest to None, run_after=None
[2025-01-27T13:32:56.570+0000] {processor.py:208} INFO - Processing /opt/airflow/dags/gcp_ingest_dag.py took 0.056 seconds
[2025-01-27T13:33:26.683+0000] {processor.py:186} INFO - Started process (PID=249) to work on /opt/airflow/dags/gcp_ingest_dag.py
[2025-01-27T13:33:26.684+0000] {processor.py:914} INFO - Processing file /opt/airflow/dags/gcp_ingest_dag.py for tasks to queue
[2025-01-27T13:33:26.685+0000] {logging_mixin.py:190} INFO - [2025-01-27T13:33:26.685+0000] {dagbag.py:588} INFO - Filling up the DagBag from /opt/airflow/dags/gcp_ingest_dag.py
[2025-01-27T13:33:26.694+0000] {processor.py:925} INFO - DAG(s) 'gcp_ingest' retrieved from /opt/airflow/dags/gcp_ingest_dag.py
[2025-01-27T13:33:26.713+0000] {logging_mixin.py:190} INFO - [2025-01-27T13:33:26.713+0000] {dag.py:3239} INFO - Sync 1 DAGs
[2025-01-27T13:33:26.723+0000] {logging_mixin.py:190} INFO - [2025-01-27T13:33:26.723+0000] {dag.py:4180} INFO - Setting next_dagrun for gcp_ingest to None, run_after=None
[2025-01-27T13:33:26.736+0000] {processor.py:208} INFO - Processing /opt/airflow/dags/gcp_ingest_dag.py took 0.057 seconds
[2025-01-27T13:33:56.816+0000] {processor.py:186} INFO - Started process (PID=254) to work on /opt/airflow/dags/gcp_ingest_dag.py
[2025-01-27T13:33:56.817+0000] {processor.py:914} INFO - Processing file /opt/airflow/dags/gcp_ingest_dag.py for tasks to queue
[2025-01-27T13:33:56.819+0000] {logging_mixin.py:190} INFO - [2025-01-27T13:33:56.818+0000] {dagbag.py:588} INFO - Filling up the DagBag from /opt/airflow/dags/gcp_ingest_dag.py
[2025-01-27T13:33:56.827+0000] {processor.py:925} INFO - DAG(s) 'gcp_ingest' retrieved from /opt/airflow/dags/gcp_ingest_dag.py
[2025-01-27T13:33:56.847+0000] {logging_mixin.py:190} INFO - [2025-01-27T13:33:56.847+0000] {dag.py:3239} INFO - Sync 1 DAGs
[2025-01-27T13:33:56.857+0000] {logging_mixin.py:190} INFO - [2025-01-27T13:33:56.857+0000] {dag.py:4180} INFO - Setting next_dagrun for gcp_ingest to None, run_after=None
[2025-01-27T13:33:56.869+0000] {processor.py:208} INFO - Processing /opt/airflow/dags/gcp_ingest_dag.py took 0.057 seconds
[2025-01-27T13:34:26.977+0000] {processor.py:186} INFO - Started process (PID=259) to work on /opt/airflow/dags/gcp_ingest_dag.py
[2025-01-27T13:34:26.977+0000] {processor.py:914} INFO - Processing file /opt/airflow/dags/gcp_ingest_dag.py for tasks to queue
[2025-01-27T13:34:26.979+0000] {logging_mixin.py:190} INFO - [2025-01-27T13:34:26.979+0000] {dagbag.py:588} INFO - Filling up the DagBag from /opt/airflow/dags/gcp_ingest_dag.py
[2025-01-27T13:34:26.989+0000] {processor.py:925} INFO - DAG(s) 'gcp_ingest' retrieved from /opt/airflow/dags/gcp_ingest_dag.py
[2025-01-27T13:34:27.014+0000] {logging_mixin.py:190} INFO - [2025-01-27T13:34:27.014+0000] {dag.py:3239} INFO - Sync 1 DAGs
[2025-01-27T13:34:27.024+0000] {logging_mixin.py:190} INFO - [2025-01-27T13:34:27.024+0000] {dag.py:4180} INFO - Setting next_dagrun for gcp_ingest to None, run_after=None
[2025-01-27T13:34:27.037+0000] {processor.py:208} INFO - Processing /opt/airflow/dags/gcp_ingest_dag.py took 0.065 seconds
[2025-01-27T13:34:57.110+0000] {processor.py:186} INFO - Started process (PID=264) to work on /opt/airflow/dags/gcp_ingest_dag.py
[2025-01-27T13:34:57.110+0000] {processor.py:914} INFO - Processing file /opt/airflow/dags/gcp_ingest_dag.py for tasks to queue
[2025-01-27T13:34:57.112+0000] {logging_mixin.py:190} INFO - [2025-01-27T13:34:57.112+0000] {dagbag.py:588} INFO - Filling up the DagBag from /opt/airflow/dags/gcp_ingest_dag.py
[2025-01-27T13:34:57.120+0000] {processor.py:925} INFO - DAG(s) 'gcp_ingest' retrieved from /opt/airflow/dags/gcp_ingest_dag.py
[2025-01-27T13:34:57.141+0000] {logging_mixin.py:190} INFO - [2025-01-27T13:34:57.140+0000] {dag.py:3239} INFO - Sync 1 DAGs
[2025-01-27T13:34:57.151+0000] {logging_mixin.py:190} INFO - [2025-01-27T13:34:57.151+0000] {dag.py:4180} INFO - Setting next_dagrun for gcp_ingest to None, run_after=None
[2025-01-27T13:34:57.163+0000] {processor.py:208} INFO - Processing /opt/airflow/dags/gcp_ingest_dag.py took 0.058 seconds
[2025-01-27T13:35:27.279+0000] {processor.py:186} INFO - Started process (PID=269) to work on /opt/airflow/dags/gcp_ingest_dag.py
[2025-01-27T13:35:27.280+0000] {processor.py:914} INFO - Processing file /opt/airflow/dags/gcp_ingest_dag.py for tasks to queue
[2025-01-27T13:35:27.282+0000] {logging_mixin.py:190} INFO - [2025-01-27T13:35:27.282+0000] {dagbag.py:588} INFO - Filling up the DagBag from /opt/airflow/dags/gcp_ingest_dag.py
[2025-01-27T13:35:27.292+0000] {processor.py:925} INFO - DAG(s) 'gcp_ingest' retrieved from /opt/airflow/dags/gcp_ingest_dag.py
[2025-01-27T13:35:27.315+0000] {logging_mixin.py:190} INFO - [2025-01-27T13:35:27.315+0000] {dag.py:3239} INFO - Sync 1 DAGs
[2025-01-27T13:35:27.330+0000] {logging_mixin.py:190} INFO - [2025-01-27T13:35:27.330+0000] {dag.py:4180} INFO - Setting next_dagrun for gcp_ingest to None, run_after=None
[2025-01-27T13:35:27.343+0000] {processor.py:208} INFO - Processing /opt/airflow/dags/gcp_ingest_dag.py took 0.070 seconds
[2025-01-27T13:35:57.410+0000] {processor.py:186} INFO - Started process (PID=274) to work on /opt/airflow/dags/gcp_ingest_dag.py
[2025-01-27T13:35:57.411+0000] {processor.py:914} INFO - Processing file /opt/airflow/dags/gcp_ingest_dag.py for tasks to queue
[2025-01-27T13:35:57.412+0000] {logging_mixin.py:190} INFO - [2025-01-27T13:35:57.412+0000] {dagbag.py:588} INFO - Filling up the DagBag from /opt/airflow/dags/gcp_ingest_dag.py
[2025-01-27T13:35:57.421+0000] {processor.py:925} INFO - DAG(s) 'gcp_ingest' retrieved from /opt/airflow/dags/gcp_ingest_dag.py
[2025-01-27T13:35:57.440+0000] {logging_mixin.py:190} INFO - [2025-01-27T13:35:57.440+0000] {dag.py:3239} INFO - Sync 1 DAGs
[2025-01-27T13:35:57.451+0000] {logging_mixin.py:190} INFO - [2025-01-27T13:35:57.450+0000] {dag.py:4180} INFO - Setting next_dagrun for gcp_ingest to None, run_after=None
[2025-01-27T13:35:57.463+0000] {processor.py:208} INFO - Processing /opt/airflow/dags/gcp_ingest_dag.py took 0.057 seconds
[2025-01-27T13:36:27.578+0000] {processor.py:186} INFO - Started process (PID=279) to work on /opt/airflow/dags/gcp_ingest_dag.py
[2025-01-27T13:36:27.578+0000] {processor.py:914} INFO - Processing file /opt/airflow/dags/gcp_ingest_dag.py for tasks to queue
[2025-01-27T13:36:27.580+0000] {logging_mixin.py:190} INFO - [2025-01-27T13:36:27.580+0000] {dagbag.py:588} INFO - Filling up the DagBag from /opt/airflow/dags/gcp_ingest_dag.py
[2025-01-27T13:36:27.588+0000] {processor.py:925} INFO - DAG(s) 'gcp_ingest' retrieved from /opt/airflow/dags/gcp_ingest_dag.py
[2025-01-27T13:36:27.607+0000] {logging_mixin.py:190} INFO - [2025-01-27T13:36:27.607+0000] {dag.py:3239} INFO - Sync 1 DAGs
[2025-01-27T13:36:27.617+0000] {logging_mixin.py:190} INFO - [2025-01-27T13:36:27.617+0000] {dag.py:4180} INFO - Setting next_dagrun for gcp_ingest to None, run_after=None
[2025-01-27T13:36:27.635+0000] {processor.py:208} INFO - Processing /opt/airflow/dags/gcp_ingest_dag.py took 0.061 seconds
[2025-01-27T13:36:57.709+0000] {processor.py:186} INFO - Started process (PID=284) to work on /opt/airflow/dags/gcp_ingest_dag.py
[2025-01-27T13:36:57.709+0000] {processor.py:914} INFO - Processing file /opt/airflow/dags/gcp_ingest_dag.py for tasks to queue
[2025-01-27T13:36:57.711+0000] {logging_mixin.py:190} INFO - [2025-01-27T13:36:57.711+0000] {dagbag.py:588} INFO - Filling up the DagBag from /opt/airflow/dags/gcp_ingest_dag.py
[2025-01-27T13:36:57.719+0000] {processor.py:925} INFO - DAG(s) 'gcp_ingest' retrieved from /opt/airflow/dags/gcp_ingest_dag.py
[2025-01-27T13:36:57.739+0000] {logging_mixin.py:190} INFO - [2025-01-27T13:36:57.738+0000] {dag.py:3239} INFO - Sync 1 DAGs
[2025-01-27T13:36:57.749+0000] {logging_mixin.py:190} INFO - [2025-01-27T13:36:57.749+0000] {dag.py:4180} INFO - Setting next_dagrun for gcp_ingest to None, run_after=None
[2025-01-27T13:36:57.761+0000] {processor.py:208} INFO - Processing /opt/airflow/dags/gcp_ingest_dag.py took 0.056 seconds
[2025-01-27T13:37:27.888+0000] {processor.py:186} INFO - Started process (PID=289) to work on /opt/airflow/dags/gcp_ingest_dag.py
[2025-01-27T13:37:27.889+0000] {processor.py:914} INFO - Processing file /opt/airflow/dags/gcp_ingest_dag.py for tasks to queue
[2025-01-27T13:37:27.891+0000] {logging_mixin.py:190} INFO - [2025-01-27T13:37:27.890+0000] {dagbag.py:588} INFO - Filling up the DagBag from /opt/airflow/dags/gcp_ingest_dag.py
[2025-01-27T13:37:27.898+0000] {processor.py:925} INFO - DAG(s) 'gcp_ingest' retrieved from /opt/airflow/dags/gcp_ingest_dag.py
[2025-01-27T13:37:27.917+0000] {logging_mixin.py:190} INFO - [2025-01-27T13:37:27.917+0000] {dag.py:3239} INFO - Sync 1 DAGs
[2025-01-27T13:37:27.928+0000] {logging_mixin.py:190} INFO - [2025-01-27T13:37:27.928+0000] {dag.py:4180} INFO - Setting next_dagrun for gcp_ingest to None, run_after=None
[2025-01-27T13:37:28.090+0000] {processor.py:208} INFO - Processing /opt/airflow/dags/gcp_ingest_dag.py took 0.206 seconds
[2025-01-27T13:37:58.220+0000] {processor.py:186} INFO - Started process (PID=294) to work on /opt/airflow/dags/gcp_ingest_dag.py
[2025-01-27T13:37:58.220+0000] {processor.py:914} INFO - Processing file /opt/airflow/dags/gcp_ingest_dag.py for tasks to queue
[2025-01-27T13:37:58.222+0000] {logging_mixin.py:190} INFO - [2025-01-27T13:37:58.222+0000] {dagbag.py:588} INFO - Filling up the DagBag from /opt/airflow/dags/gcp_ingest_dag.py
[2025-01-27T13:37:58.231+0000] {processor.py:925} INFO - DAG(s) 'gcp_ingest' retrieved from /opt/airflow/dags/gcp_ingest_dag.py
[2025-01-27T13:37:58.250+0000] {logging_mixin.py:190} INFO - [2025-01-27T13:37:58.250+0000] {dag.py:3239} INFO - Sync 1 DAGs
[2025-01-27T13:37:58.261+0000] {logging_mixin.py:190} INFO - [2025-01-27T13:37:58.261+0000] {dag.py:4180} INFO - Setting next_dagrun for gcp_ingest to None, run_after=None
[2025-01-27T13:37:58.272+0000] {processor.py:208} INFO - Processing /opt/airflow/dags/gcp_ingest_dag.py took 0.057 seconds
[2025-01-27T13:38:28.345+0000] {processor.py:186} INFO - Started process (PID=299) to work on /opt/airflow/dags/gcp_ingest_dag.py
[2025-01-27T13:38:28.346+0000] {processor.py:914} INFO - Processing file /opt/airflow/dags/gcp_ingest_dag.py for tasks to queue
[2025-01-27T13:38:28.347+0000] {logging_mixin.py:190} INFO - [2025-01-27T13:38:28.347+0000] {dagbag.py:588} INFO - Filling up the DagBag from /opt/airflow/dags/gcp_ingest_dag.py
[2025-01-27T13:38:28.356+0000] {processor.py:925} INFO - DAG(s) 'gcp_ingest' retrieved from /opt/airflow/dags/gcp_ingest_dag.py
[2025-01-27T13:38:28.377+0000] {logging_mixin.py:190} INFO - [2025-01-27T13:38:28.377+0000] {dag.py:3239} INFO - Sync 1 DAGs
[2025-01-27T13:38:28.387+0000] {logging_mixin.py:190} INFO - [2025-01-27T13:38:28.387+0000] {dag.py:4180} INFO - Setting next_dagrun for gcp_ingest to None, run_after=None
[2025-01-27T13:38:28.399+0000] {processor.py:208} INFO - Processing /opt/airflow/dags/gcp_ingest_dag.py took 0.058 seconds
[2025-01-27T13:38:58.509+0000] {processor.py:186} INFO - Started process (PID=304) to work on /opt/airflow/dags/gcp_ingest_dag.py
[2025-01-27T13:38:58.509+0000] {processor.py:914} INFO - Processing file /opt/airflow/dags/gcp_ingest_dag.py for tasks to queue
[2025-01-27T13:38:58.511+0000] {logging_mixin.py:190} INFO - [2025-01-27T13:38:58.511+0000] {dagbag.py:588} INFO - Filling up the DagBag from /opt/airflow/dags/gcp_ingest_dag.py
[2025-01-27T13:38:58.519+0000] {processor.py:925} INFO - DAG(s) 'gcp_ingest' retrieved from /opt/airflow/dags/gcp_ingest_dag.py
[2025-01-27T13:38:58.538+0000] {logging_mixin.py:190} INFO - [2025-01-27T13:38:58.537+0000] {dag.py:3239} INFO - Sync 1 DAGs
[2025-01-27T13:38:58.548+0000] {logging_mixin.py:190} INFO - [2025-01-27T13:38:58.548+0000] {dag.py:4180} INFO - Setting next_dagrun for gcp_ingest to None, run_after=None
[2025-01-27T13:38:58.559+0000] {processor.py:208} INFO - Processing /opt/airflow/dags/gcp_ingest_dag.py took 0.055 seconds
[2025-01-27T13:39:28.643+0000] {processor.py:186} INFO - Started process (PID=309) to work on /opt/airflow/dags/gcp_ingest_dag.py
[2025-01-27T13:39:28.644+0000] {processor.py:914} INFO - Processing file /opt/airflow/dags/gcp_ingest_dag.py for tasks to queue
[2025-01-27T13:39:28.646+0000] {logging_mixin.py:190} INFO - [2025-01-27T13:39:28.645+0000] {dagbag.py:588} INFO - Filling up the DagBag from /opt/airflow/dags/gcp_ingest_dag.py
[2025-01-27T13:39:28.654+0000] {processor.py:925} INFO - DAG(s) 'gcp_ingest' retrieved from /opt/airflow/dags/gcp_ingest_dag.py
[2025-01-27T13:39:28.673+0000] {logging_mixin.py:190} INFO - [2025-01-27T13:39:28.673+0000] {dag.py:3239} INFO - Sync 1 DAGs
[2025-01-27T13:39:28.683+0000] {logging_mixin.py:190} INFO - [2025-01-27T13:39:28.683+0000] {dag.py:4180} INFO - Setting next_dagrun for gcp_ingest to None, run_after=None
[2025-01-27T13:39:28.695+0000] {processor.py:208} INFO - Processing /opt/airflow/dags/gcp_ingest_dag.py took 0.055 seconds
[2025-01-27T13:39:58.790+0000] {processor.py:186} INFO - Started process (PID=314) to work on /opt/airflow/dags/gcp_ingest_dag.py
[2025-01-27T13:39:58.790+0000] {processor.py:914} INFO - Processing file /opt/airflow/dags/gcp_ingest_dag.py for tasks to queue
[2025-01-27T13:39:58.792+0000] {logging_mixin.py:190} INFO - [2025-01-27T13:39:58.792+0000] {dagbag.py:588} INFO - Filling up the DagBag from /opt/airflow/dags/gcp_ingest_dag.py
[2025-01-27T13:39:58.800+0000] {processor.py:925} INFO - DAG(s) 'gcp_ingest' retrieved from /opt/airflow/dags/gcp_ingest_dag.py
[2025-01-27T13:39:58.819+0000] {logging_mixin.py:190} INFO - [2025-01-27T13:39:58.819+0000] {dag.py:3239} INFO - Sync 1 DAGs
[2025-01-27T13:39:58.829+0000] {logging_mixin.py:190} INFO - [2025-01-27T13:39:58.829+0000] {dag.py:4180} INFO - Setting next_dagrun for gcp_ingest to None, run_after=None
[2025-01-27T13:39:58.841+0000] {processor.py:208} INFO - Processing /opt/airflow/dags/gcp_ingest_dag.py took 0.056 seconds
[2025-01-27T13:40:28.930+0000] {processor.py:186} INFO - Started process (PID=319) to work on /opt/airflow/dags/gcp_ingest_dag.py
[2025-01-27T13:40:28.931+0000] {processor.py:914} INFO - Processing file /opt/airflow/dags/gcp_ingest_dag.py for tasks to queue
[2025-01-27T13:40:28.933+0000] {logging_mixin.py:190} INFO - [2025-01-27T13:40:28.932+0000] {dagbag.py:588} INFO - Filling up the DagBag from /opt/airflow/dags/gcp_ingest_dag.py
[2025-01-27T13:40:28.942+0000] {processor.py:925} INFO - DAG(s) 'gcp_ingest' retrieved from /opt/airflow/dags/gcp_ingest_dag.py
[2025-01-27T13:40:28.961+0000] {logging_mixin.py:190} INFO - [2025-01-27T13:40:28.961+0000] {dag.py:3239} INFO - Sync 1 DAGs
[2025-01-27T13:40:28.972+0000] {logging_mixin.py:190} INFO - [2025-01-27T13:40:28.972+0000] {dag.py:4180} INFO - Setting next_dagrun for gcp_ingest to None, run_after=None
[2025-01-27T13:40:28.983+0000] {processor.py:208} INFO - Processing /opt/airflow/dags/gcp_ingest_dag.py took 0.058 seconds
[2025-01-27T13:40:59.070+0000] {processor.py:186} INFO - Started process (PID=324) to work on /opt/airflow/dags/gcp_ingest_dag.py
[2025-01-27T13:40:59.071+0000] {processor.py:914} INFO - Processing file /opt/airflow/dags/gcp_ingest_dag.py for tasks to queue
[2025-01-27T13:40:59.072+0000] {logging_mixin.py:190} INFO - [2025-01-27T13:40:59.072+0000] {dagbag.py:588} INFO - Filling up the DagBag from /opt/airflow/dags/gcp_ingest_dag.py
[2025-01-27T13:40:59.082+0000] {processor.py:925} INFO - DAG(s) 'gcp_ingest' retrieved from /opt/airflow/dags/gcp_ingest_dag.py
[2025-01-27T13:40:59.102+0000] {logging_mixin.py:190} INFO - [2025-01-27T13:40:59.102+0000] {dag.py:3239} INFO - Sync 1 DAGs
[2025-01-27T13:40:59.112+0000] {logging_mixin.py:190} INFO - [2025-01-27T13:40:59.112+0000] {dag.py:4180} INFO - Setting next_dagrun for gcp_ingest to None, run_after=None
[2025-01-27T13:40:59.124+0000] {processor.py:208} INFO - Processing /opt/airflow/dags/gcp_ingest_dag.py took 0.058 seconds
[2025-01-27T13:41:29.220+0000] {processor.py:186} INFO - Started process (PID=329) to work on /opt/airflow/dags/gcp_ingest_dag.py
[2025-01-27T13:41:29.221+0000] {processor.py:914} INFO - Processing file /opt/airflow/dags/gcp_ingest_dag.py for tasks to queue
[2025-01-27T13:41:29.222+0000] {logging_mixin.py:190} INFO - [2025-01-27T13:41:29.222+0000] {dagbag.py:588} INFO - Filling up the DagBag from /opt/airflow/dags/gcp_ingest_dag.py
[2025-01-27T13:41:29.231+0000] {processor.py:925} INFO - DAG(s) 'gcp_ingest' retrieved from /opt/airflow/dags/gcp_ingest_dag.py
[2025-01-27T13:41:29.250+0000] {logging_mixin.py:190} INFO - [2025-01-27T13:41:29.250+0000] {dag.py:3239} INFO - Sync 1 DAGs
[2025-01-27T13:41:29.260+0000] {logging_mixin.py:190} INFO - [2025-01-27T13:41:29.260+0000] {dag.py:4180} INFO - Setting next_dagrun for gcp_ingest to None, run_after=None
[2025-01-27T13:41:29.272+0000] {processor.py:208} INFO - Processing /opt/airflow/dags/gcp_ingest_dag.py took 0.055 seconds
[2025-01-27T13:41:59.361+0000] {processor.py:186} INFO - Started process (PID=334) to work on /opt/airflow/dags/gcp_ingest_dag.py
[2025-01-27T13:41:59.362+0000] {processor.py:914} INFO - Processing file /opt/airflow/dags/gcp_ingest_dag.py for tasks to queue
[2025-01-27T13:41:59.363+0000] {logging_mixin.py:190} INFO - [2025-01-27T13:41:59.363+0000] {dagbag.py:588} INFO - Filling up the DagBag from /opt/airflow/dags/gcp_ingest_dag.py
[2025-01-27T13:41:59.372+0000] {processor.py:925} INFO - DAG(s) 'gcp_ingest' retrieved from /opt/airflow/dags/gcp_ingest_dag.py
[2025-01-27T13:41:59.391+0000] {logging_mixin.py:190} INFO - [2025-01-27T13:41:59.391+0000] {dag.py:3239} INFO - Sync 1 DAGs
[2025-01-27T13:41:59.401+0000] {logging_mixin.py:190} INFO - [2025-01-27T13:41:59.401+0000] {dag.py:4180} INFO - Setting next_dagrun for gcp_ingest to None, run_after=None
[2025-01-27T13:41:59.412+0000] {processor.py:208} INFO - Processing /opt/airflow/dags/gcp_ingest_dag.py took 0.055 seconds
[2025-01-27T13:42:29.517+0000] {processor.py:186} INFO - Started process (PID=339) to work on /opt/airflow/dags/gcp_ingest_dag.py
[2025-01-27T13:42:29.517+0000] {processor.py:914} INFO - Processing file /opt/airflow/dags/gcp_ingest_dag.py for tasks to queue
[2025-01-27T13:42:29.519+0000] {logging_mixin.py:190} INFO - [2025-01-27T13:42:29.518+0000] {dagbag.py:588} INFO - Filling up the DagBag from /opt/airflow/dags/gcp_ingest_dag.py
[2025-01-27T13:42:29.527+0000] {processor.py:925} INFO - DAG(s) 'gcp_ingest' retrieved from /opt/airflow/dags/gcp_ingest_dag.py
[2025-01-27T13:42:29.546+0000] {logging_mixin.py:190} INFO - [2025-01-27T13:42:29.545+0000] {dag.py:3239} INFO - Sync 1 DAGs
[2025-01-27T13:42:29.556+0000] {logging_mixin.py:190} INFO - [2025-01-27T13:42:29.556+0000] {dag.py:4180} INFO - Setting next_dagrun for gcp_ingest to None, run_after=None
[2025-01-27T13:42:29.567+0000] {processor.py:208} INFO - Processing /opt/airflow/dags/gcp_ingest_dag.py took 0.055 seconds
[2025-01-27T13:42:59.654+0000] {processor.py:186} INFO - Started process (PID=344) to work on /opt/airflow/dags/gcp_ingest_dag.py
[2025-01-27T13:42:59.654+0000] {processor.py:914} INFO - Processing file /opt/airflow/dags/gcp_ingest_dag.py for tasks to queue
[2025-01-27T13:42:59.656+0000] {logging_mixin.py:190} INFO - [2025-01-27T13:42:59.656+0000] {dagbag.py:588} INFO - Filling up the DagBag from /opt/airflow/dags/gcp_ingest_dag.py
[2025-01-27T13:42:59.664+0000] {processor.py:925} INFO - DAG(s) 'gcp_ingest' retrieved from /opt/airflow/dags/gcp_ingest_dag.py
[2025-01-27T13:42:59.683+0000] {logging_mixin.py:190} INFO - [2025-01-27T13:42:59.683+0000] {dag.py:3239} INFO - Sync 1 DAGs
[2025-01-27T13:42:59.694+0000] {logging_mixin.py:190} INFO - [2025-01-27T13:42:59.694+0000] {dag.py:4180} INFO - Setting next_dagrun for gcp_ingest to None, run_after=None
[2025-01-27T13:42:59.859+0000] {processor.py:208} INFO - Processing /opt/airflow/dags/gcp_ingest_dag.py took 0.209 seconds
[2025-01-27T13:43:29.987+0000] {processor.py:186} INFO - Started process (PID=349) to work on /opt/airflow/dags/gcp_ingest_dag.py
[2025-01-27T13:43:29.987+0000] {processor.py:914} INFO - Processing file /opt/airflow/dags/gcp_ingest_dag.py for tasks to queue
[2025-01-27T13:43:29.989+0000] {logging_mixin.py:190} INFO - [2025-01-27T13:43:29.989+0000] {dagbag.py:588} INFO - Filling up the DagBag from /opt/airflow/dags/gcp_ingest_dag.py
[2025-01-27T13:43:29.997+0000] {processor.py:925} INFO - DAG(s) 'gcp_ingest' retrieved from /opt/airflow/dags/gcp_ingest_dag.py
[2025-01-27T13:43:30.018+0000] {logging_mixin.py:190} INFO - [2025-01-27T13:43:30.017+0000] {dag.py:3239} INFO - Sync 1 DAGs
[2025-01-27T13:43:30.029+0000] {logging_mixin.py:190} INFO - [2025-01-27T13:43:30.028+0000] {dag.py:4180} INFO - Setting next_dagrun for gcp_ingest to None, run_after=None
[2025-01-27T13:43:30.040+0000] {processor.py:208} INFO - Processing /opt/airflow/dags/gcp_ingest_dag.py took 0.058 seconds
