[2025-01-30T09:33:38.467+0000] {local_task_job_runner.py:123} INFO - ::group::Pre task execution logs
[2025-01-30T09:33:38.558+0000] {taskinstance.py:2613} INFO - Dependencies all met for dep_context=non-requeueable deps ti=<TaskInstance: homework_workflow_ingest.task_2 scheduled__2020-01-02T00:00:00+00:00 [queued]>
[2025-01-30T09:33:38.618+0000] {taskinstance.py:2613} INFO - Dependencies all met for dep_context=requeueable deps ti=<TaskInstance: homework_workflow_ingest.task_2 scheduled__2020-01-02T00:00:00+00:00 [queued]>
[2025-01-30T09:33:38.618+0000] {taskinstance.py:2866} INFO - Starting attempt 1 of 1
[2025-01-30T09:33:38.753+0000] {taskinstance.py:2889} INFO - Executing <Task(BashOperator): task_2> on 2020-01-02 00:00:00+00:00
[2025-01-30T09:33:38.812+0000] {standard_task_runner.py:104} INFO - Running: ['***', 'tasks', 'run', 'homework_workflow_ingest', 'task_2', 'scheduled__2020-01-02T00:00:00+00:00', '--job-id', '63', '--raw', '--subdir', 'DAGS_FOLDER/homework_dag.py', '--cfg-path', '/tmp/tmp7lmgj58y']
[2025-01-30T09:33:38.818+0000] {standard_task_runner.py:105} INFO - Job 63: Subtask task_2
[2025-01-30T09:33:38.848+0000] {logging_mixin.py:190} WARNING - /home/***/.local/lib/python3.12/site-packages/***/task/task_runner/standard_task_runner.py:70 DeprecationWarning: This process (pid=297) is multi-threaded, use of fork() may lead to deadlocks in the child.
[2025-01-30T09:33:38.854+0000] {standard_task_runner.py:72} INFO - Started process 317 to run task
[2025-01-30T09:33:39.047+0000] {task_command.py:467} INFO - Running <TaskInstance: homework_workflow_ingest.task_2 scheduled__2020-01-02T00:00:00+00:00 [running]> on host 710324c6e27a
[2025-01-30T09:33:39.815+0000] {taskinstance.py:3132} INFO - Exporting env vars: AIRFLOW_CTX_DAG_OWNER='***' AIRFLOW_CTX_DAG_ID='homework_workflow_ingest' AIRFLOW_CTX_TASK_ID='task_2' AIRFLOW_CTX_EXECUTION_DATE='2020-01-02T00:00:00+00:00' AIRFLOW_CTX_TRY_NUMBER='1' AIRFLOW_CTX_DAG_RUN_ID='scheduled__2020-01-02T00:00:00+00:00'
[2025-01-30T09:33:39.816+0000] {taskinstance.py:731} INFO - ::endgroup::
[2025-01-30T09:33:39.865+0000] {subprocess.py:78} INFO - Tmp dir root location: /tmp
[2025-01-30T09:33:39.866+0000] {subprocess.py:88} INFO - Running command: ['/usr/bin/bash', '-c', "echo '2020-01'"]
[2025-01-30T09:33:39.906+0000] {subprocess.py:99} INFO - Output:
[2025-01-30T09:33:39.931+0000] {subprocess.py:106} INFO - 2020-01
[2025-01-30T09:33:39.931+0000] {subprocess.py:110} INFO - Command exited with return code 0
[2025-01-30T09:33:39.988+0000] {taskinstance.py:340} INFO - ::group::Post task execution logs
[2025-01-30T09:33:39.989+0000] {taskinstance.py:352} INFO - Marking task as SUCCESS. dag_id=homework_workflow_ingest, task_id=task_2, run_id=scheduled__2020-01-02T00:00:00+00:00, execution_date=20200102T000000, start_date=20250130T093338, end_date=20250130T093339
[2025-01-30T09:33:40.047+0000] {local_task_job_runner.py:266} INFO - Task exited with return code 0
[2025-01-30T09:33:40.082+0000] {taskinstance.py:3895} INFO - 0 downstream tasks scheduled from follow-on schedule check
[2025-01-30T09:33:40.087+0000] {local_task_job_runner.py:245} INFO - ::endgroup::
[2025-01-30T09:58:59.849+0000] {local_task_job_runner.py:123} INFO - ::group::Pre task execution logs
[2025-01-30T09:59:00.536+0000] {taskinstance.py:2613} INFO - Dependencies all met for dep_context=non-requeueable deps ti=<TaskInstance: homework_workflow_ingest.task_2 scheduled__2020-01-02T00:00:00+00:00 [queued]>
[2025-01-30T09:59:00.563+0000] {taskinstance.py:2613} INFO - Dependencies all met for dep_context=requeueable deps ti=<TaskInstance: homework_workflow_ingest.task_2 scheduled__2020-01-02T00:00:00+00:00 [queued]>
[2025-01-30T09:59:00.564+0000] {taskinstance.py:2866} INFO - Starting attempt 1 of 1
[2025-01-30T09:59:00.942+0000] {taskinstance.py:2889} INFO - Executing <Task(BashOperator): task_2> on 2020-01-02 00:00:00+00:00
[2025-01-30T09:59:01.170+0000] {standard_task_runner.py:104} INFO - Running: ['***', 'tasks', 'run', 'homework_workflow_ingest', 'task_2', 'scheduled__2020-01-02T00:00:00+00:00', '--job-id', '30', '--raw', '--subdir', 'DAGS_FOLDER/homework_dag.py', '--cfg-path', '/tmp/tmpxt12snz2']
[2025-01-30T09:59:01.187+0000] {logging_mixin.py:190} WARNING - /home/***/.local/lib/python3.12/site-packages/***/task/task_runner/standard_task_runner.py:70 DeprecationWarning: This process (pid=291) is multi-threaded, use of fork() may lead to deadlocks in the child.
[2025-01-30T09:59:01.232+0000] {standard_task_runner.py:72} INFO - Started process 320 to run task
[2025-01-30T09:59:01.233+0000] {standard_task_runner.py:105} INFO - Job 30: Subtask task_2
[2025-01-30T09:59:01.849+0000] {task_command.py:467} INFO - Running <TaskInstance: homework_workflow_ingest.task_2 scheduled__2020-01-02T00:00:00+00:00 [running]> on host 713eb9fcfb63
[2025-01-30T09:59:02.975+0000] {taskinstance.py:3132} INFO - Exporting env vars: AIRFLOW_CTX_DAG_OWNER='***' AIRFLOW_CTX_DAG_ID='homework_workflow_ingest' AIRFLOW_CTX_TASK_ID='task_2' AIRFLOW_CTX_EXECUTION_DATE='2020-01-02T00:00:00+00:00' AIRFLOW_CTX_TRY_NUMBER='1' AIRFLOW_CTX_DAG_RUN_ID='scheduled__2020-01-02T00:00:00+00:00'
[2025-01-30T09:59:02.977+0000] {taskinstance.py:731} INFO - ::endgroup::
[2025-01-30T09:59:03.021+0000] {subprocess.py:78} INFO - Tmp dir root location: /tmp
[2025-01-30T09:59:03.023+0000] {subprocess.py:88} INFO - Running command: ['/usr/bin/bash', '-c', "echo '2020-01'"]
[2025-01-30T09:59:03.067+0000] {subprocess.py:99} INFO - Output:
[2025-01-30T09:59:03.083+0000] {subprocess.py:106} INFO - 2020-01
[2025-01-30T09:59:03.083+0000] {subprocess.py:110} INFO - Command exited with return code 0
[2025-01-30T09:59:04.645+0000] {taskinstance.py:340} INFO - ::group::Post task execution logs
[2025-01-30T09:59:04.653+0000] {taskinstance.py:352} INFO - Marking task as SUCCESS. dag_id=homework_workflow_ingest, task_id=task_2, run_id=scheduled__2020-01-02T00:00:00+00:00, execution_date=20200102T000000, start_date=20250130T095900, end_date=20250130T095904
[2025-01-30T09:59:05.538+0000] {local_task_job_runner.py:266} INFO - Task exited with return code 0
[2025-01-30T09:59:05.575+0000] {taskinstance.py:3895} INFO - 0 downstream tasks scheduled from follow-on schedule check
[2025-01-30T09:59:05.590+0000] {local_task_job_runner.py:245} INFO - ::endgroup::
