[2025-01-28T11:22:11.792+0000] {local_task_job_runner.py:123} INFO - ::group::Pre task execution logs
[2025-01-28T11:22:11.805+0000] {taskinstance.py:2613} INFO - Dependencies all met for dep_context=non-requeueable deps ti=<TaskInstance: dag_data_ingestion.get_data manual__2025-01-28T11:22:10.902666+00:00 [queued]>
[2025-01-28T11:22:11.811+0000] {taskinstance.py:2613} INFO - Dependencies all met for dep_context=requeueable deps ti=<TaskInstance: dag_data_ingestion.get_data manual__2025-01-28T11:22:10.902666+00:00 [queued]>
[2025-01-28T11:22:11.811+0000] {taskinstance.py:2866} INFO - Starting attempt 1 of 1
[2025-01-28T11:22:11.824+0000] {taskinstance.py:2889} INFO - Executing <Task(BashOperator): get_data> on 2025-01-28 11:22:10.902666+00:00
[2025-01-28T11:22:11.832+0000] {standard_task_runner.py:104} INFO - Running: ['***', 'tasks', 'run', 'dag_data_ingestion', 'get_data', 'manual__2025-01-28T11:22:10.902666+00:00', '--job-id', '86', '--raw', '--subdir', 'DAGS_FOLDER/dag_data_ingestion.py', '--cfg-path', '/tmp/tmpjiz6nxa1']
[2025-01-28T11:22:11.835+0000] {standard_task_runner.py:105} INFO - Job 86: Subtask get_data
[2025-01-28T11:22:11.837+0000] {logging_mixin.py:190} WARNING - /home/***/.local/lib/python3.12/site-packages/***/task/task_runner/standard_task_runner.py:70 DeprecationWarning: This process (pid=243) is multi-threaded, use of fork() may lead to deadlocks in the child.
[2025-01-28T11:22:11.837+0000] {standard_task_runner.py:72} INFO - Started process 244 to run task
[2025-01-28T11:22:11.880+0000] {task_command.py:467} INFO - Running <TaskInstance: dag_data_ingestion.get_data manual__2025-01-28T11:22:10.902666+00:00 [running]> on host 0711bf72f9ce
[2025-01-28T11:22:11.980+0000] {taskinstance.py:3132} INFO - Exporting env vars: AIRFLOW_CTX_DAG_OWNER='***' AIRFLOW_CTX_DAG_ID='dag_data_ingestion' AIRFLOW_CTX_TASK_ID='get_data' AIRFLOW_CTX_EXECUTION_DATE='2025-01-28T11:22:10.902666+00:00' AIRFLOW_CTX_TRY_NUMBER='1' AIRFLOW_CTX_DAG_RUN_ID='manual__2025-01-28T11:22:10.902666+00:00'
[2025-01-28T11:22:11.980+0000] {taskinstance.py:731} INFO - ::endgroup::
[2025-01-28T11:22:11.994+0000] {subprocess.py:78} INFO - Tmp dir root location: /tmp
[2025-01-28T11:22:11.995+0000] {subprocess.py:88} INFO - Running command: ['/usr/bin/bash', '-c', 'curl -o /opt/***/data//yellow_2022_01_data.parquet https://d37ci6vzurychx.cloudfront.net/trip-data/yellow_tripdata_2022_01.parquet']
[2025-01-28T11:22:12.010+0000] {subprocess.py:99} INFO - Output:
[2025-01-28T11:22:12.020+0000] {subprocess.py:106} INFO -   % Total    % Received % Xferd  Average Speed   Time    Time     Time  Current
[2025-01-28T11:22:12.021+0000] {subprocess.py:106} INFO -                                  Dload  Upload   Total   Spent    Left  Speed
[2025-01-28T11:22:12.712+0000] {subprocess.py:106} INFO -   0     0    0     0    0     0      0      0 --:--:-- --:--:-- --:--:--     0100   243    0   243    0     0    351      0 --:--:-- --:--:-- --:--:--   351
[2025-01-28T11:22:12.714+0000] {subprocess.py:110} INFO - Command exited with return code 0
[2025-01-28T11:22:12.738+0000] {taskinstance.py:340} INFO - ::group::Post task execution logs
[2025-01-28T11:22:12.739+0000] {taskinstance.py:352} INFO - Marking task as SUCCESS. dag_id=dag_data_ingestion, task_id=get_data, run_id=manual__2025-01-28T11:22:10.902666+00:00, execution_date=20250128T112210, start_date=20250128T112211, end_date=20250128T112212
[2025-01-28T11:22:12.775+0000] {local_task_job_runner.py:266} INFO - Task exited with return code 0
[2025-01-28T11:22:12.793+0000] {taskinstance.py:3895} INFO - 1 downstream tasks scheduled from follow-on schedule check
[2025-01-28T11:22:12.794+0000] {local_task_job_runner.py:245} INFO - ::endgroup::
