[2025-01-30T09:33:38.408+0000] {local_task_job_runner.py:123} INFO - ::group::Pre task execution logs
[2025-01-30T09:33:38.489+0000] {taskinstance.py:2613} INFO - Dependencies all met for dep_context=non-requeueable deps ti=<TaskInstance: homework_workflow_ingest.task_2 scheduled__2019-11-02T00:00:00+00:00 [queued]>
[2025-01-30T09:33:38.553+0000] {taskinstance.py:2613} INFO - Dependencies all met for dep_context=requeueable deps ti=<TaskInstance: homework_workflow_ingest.task_2 scheduled__2019-11-02T00:00:00+00:00 [queued]>
[2025-01-30T09:33:38.554+0000] {taskinstance.py:2866} INFO - Starting attempt 1 of 1
[2025-01-30T09:33:38.764+0000] {taskinstance.py:2889} INFO - Executing <Task(BashOperator): task_2> on 2019-11-02 00:00:00+00:00
[2025-01-30T09:33:38.810+0000] {logging_mixin.py:190} WARNING - /home/***/.local/lib/python3.12/site-packages/***/task/task_runner/standard_task_runner.py:70 DeprecationWarning: This process (pid=296) is multi-threaded, use of fork() may lead to deadlocks in the child.
[2025-01-30T09:33:38.814+0000] {standard_task_runner.py:72} INFO - Started process 318 to run task
[2025-01-30T09:33:38.809+0000] {standard_task_runner.py:104} INFO - Running: ['***', 'tasks', 'run', 'homework_workflow_ingest', 'task_2', 'scheduled__2019-11-02T00:00:00+00:00', '--job-id', '62', '--raw', '--subdir', 'DAGS_FOLDER/homework_dag.py', '--cfg-path', '/tmp/tmpmsum0j14']
[2025-01-30T09:33:38.819+0000] {standard_task_runner.py:105} INFO - Job 62: Subtask task_2
[2025-01-30T09:33:39.031+0000] {task_command.py:467} INFO - Running <TaskInstance: homework_workflow_ingest.task_2 scheduled__2019-11-02T00:00:00+00:00 [running]> on host 710324c6e27a
[2025-01-30T09:33:39.748+0000] {taskinstance.py:3132} INFO - Exporting env vars: AIRFLOW_CTX_DAG_OWNER='***' AIRFLOW_CTX_DAG_ID='homework_workflow_ingest' AIRFLOW_CTX_TASK_ID='task_2' AIRFLOW_CTX_EXECUTION_DATE='2019-11-02T00:00:00+00:00' AIRFLOW_CTX_TRY_NUMBER='1' AIRFLOW_CTX_DAG_RUN_ID='scheduled__2019-11-02T00:00:00+00:00'
[2025-01-30T09:33:39.749+0000] {taskinstance.py:731} INFO - ::endgroup::
[2025-01-30T09:33:39.834+0000] {subprocess.py:78} INFO - Tmp dir root location: /tmp
[2025-01-30T09:33:39.835+0000] {subprocess.py:88} INFO - Running command: ['/usr/bin/bash', '-c', "echo '2019-11'"]
[2025-01-30T09:33:39.877+0000] {subprocess.py:99} INFO - Output:
[2025-01-30T09:33:39.880+0000] {subprocess.py:106} INFO - 2019-11
[2025-01-30T09:33:39.881+0000] {subprocess.py:110} INFO - Command exited with return code 0
[2025-01-30T09:33:39.952+0000] {taskinstance.py:340} INFO - ::group::Post task execution logs
[2025-01-30T09:33:39.953+0000] {taskinstance.py:352} INFO - Marking task as SUCCESS. dag_id=homework_workflow_ingest, task_id=task_2, run_id=scheduled__2019-11-02T00:00:00+00:00, execution_date=20191102T000000, start_date=20250130T093338, end_date=20250130T093339
[2025-01-30T09:33:40.024+0000] {local_task_job_runner.py:266} INFO - Task exited with return code 0
[2025-01-30T09:33:40.066+0000] {taskinstance.py:3895} INFO - 0 downstream tasks scheduled from follow-on schedule check
[2025-01-30T09:33:40.078+0000] {local_task_job_runner.py:245} INFO - ::endgroup::
[2025-01-30T09:58:59.824+0000] {local_task_job_runner.py:123} INFO - ::group::Pre task execution logs
[2025-01-30T09:59:00.448+0000] {taskinstance.py:2613} INFO - Dependencies all met for dep_context=non-requeueable deps ti=<TaskInstance: homework_workflow_ingest.task_2 scheduled__2019-11-02T00:00:00+00:00 [queued]>
[2025-01-30T09:59:00.466+0000] {taskinstance.py:2613} INFO - Dependencies all met for dep_context=requeueable deps ti=<TaskInstance: homework_workflow_ingest.task_2 scheduled__2019-11-02T00:00:00+00:00 [queued]>
[2025-01-30T09:59:00.466+0000] {taskinstance.py:2866} INFO - Starting attempt 1 of 1
[2025-01-30T09:59:00.971+0000] {taskinstance.py:2889} INFO - Executing <Task(BashOperator): task_2> on 2019-11-02 00:00:00+00:00
[2025-01-30T09:59:01.073+0000] {logging_mixin.py:190} WARNING - /home/***/.local/lib/python3.12/site-packages/***/task/task_runner/standard_task_runner.py:70 DeprecationWarning: This process (pid=286) is multi-threaded, use of fork() may lead to deadlocks in the child.
[2025-01-30T09:59:01.074+0000] {standard_task_runner.py:72} INFO - Started process 316 to run task
[2025-01-30T09:59:01.077+0000] {standard_task_runner.py:104} INFO - Running: ['***', 'tasks', 'run', 'homework_workflow_ingest', 'task_2', 'scheduled__2019-11-02T00:00:00+00:00', '--job-id', '29', '--raw', '--subdir', 'DAGS_FOLDER/homework_dag.py', '--cfg-path', '/tmp/tmphkvjpdbg']
[2025-01-30T09:59:01.079+0000] {standard_task_runner.py:105} INFO - Job 29: Subtask task_2
[2025-01-30T09:59:01.846+0000] {task_command.py:467} INFO - Running <TaskInstance: homework_workflow_ingest.task_2 scheduled__2019-11-02T00:00:00+00:00 [running]> on host 713eb9fcfb63
[2025-01-30T09:59:02.908+0000] {taskinstance.py:3132} INFO - Exporting env vars: AIRFLOW_CTX_DAG_OWNER='***' AIRFLOW_CTX_DAG_ID='homework_workflow_ingest' AIRFLOW_CTX_TASK_ID='task_2' AIRFLOW_CTX_EXECUTION_DATE='2019-11-02T00:00:00+00:00' AIRFLOW_CTX_TRY_NUMBER='1' AIRFLOW_CTX_DAG_RUN_ID='scheduled__2019-11-02T00:00:00+00:00'
[2025-01-30T09:59:02.909+0000] {taskinstance.py:731} INFO - ::endgroup::
[2025-01-30T09:59:03.001+0000] {subprocess.py:78} INFO - Tmp dir root location: /tmp
[2025-01-30T09:59:03.004+0000] {subprocess.py:88} INFO - Running command: ['/usr/bin/bash', '-c', "echo '2019-11'"]
[2025-01-30T09:59:03.049+0000] {subprocess.py:99} INFO - Output:
[2025-01-30T09:59:03.052+0000] {subprocess.py:106} INFO - 2019-11
[2025-01-30T09:59:03.053+0000] {subprocess.py:110} INFO - Command exited with return code 0
[2025-01-30T09:59:04.644+0000] {taskinstance.py:340} INFO - ::group::Post task execution logs
[2025-01-30T09:59:04.652+0000] {taskinstance.py:352} INFO - Marking task as SUCCESS. dag_id=homework_workflow_ingest, task_id=task_2, run_id=scheduled__2019-11-02T00:00:00+00:00, execution_date=20191102T000000, start_date=20250130T095900, end_date=20250130T095904
[2025-01-30T09:59:05.471+0000] {local_task_job_runner.py:266} INFO - Task exited with return code 0
[2025-01-30T09:59:05.520+0000] {taskinstance.py:3895} INFO - 0 downstream tasks scheduled from follow-on schedule check
[2025-01-30T09:59:05.586+0000] {local_task_job_runner.py:245} INFO - ::endgroup::
