[2025-01-30T09:33:35.195+0000] {local_task_job_runner.py:123} INFO - ::group::Pre task execution logs
[2025-01-30T09:33:35.317+0000] {taskinstance.py:2613} INFO - Dependencies all met for dep_context=non-requeueable deps ti=<TaskInstance: homework_workflow_ingest.task_2 scheduled__2019-08-02T00:00:00+00:00 [queued]>
[2025-01-30T09:33:35.353+0000] {taskinstance.py:2613} INFO - Dependencies all met for dep_context=requeueable deps ti=<TaskInstance: homework_workflow_ingest.task_2 scheduled__2019-08-02T00:00:00+00:00 [queued]>
[2025-01-30T09:33:35.353+0000] {taskinstance.py:2866} INFO - Starting attempt 1 of 1
[2025-01-30T09:33:36.608+0000] {taskinstance.py:2889} INFO - Executing <Task(BashOperator): task_2> on 2019-08-02 00:00:00+00:00
[2025-01-30T09:33:36.691+0000] {standard_task_runner.py:104} INFO - Running: ['***', 'tasks', 'run', 'homework_workflow_ingest', 'task_2', 'scheduled__2019-08-02T00:00:00+00:00', '--job-id', '54', '--raw', '--subdir', 'DAGS_FOLDER/homework_dag.py', '--cfg-path', '/tmp/tmpquc1ro70']
[2025-01-30T09:33:36.703+0000] {standard_task_runner.py:105} INFO - Job 54: Subtask task_2
[2025-01-30T09:33:36.711+0000] {logging_mixin.py:190} WARNING - /home/***/.local/lib/python3.12/site-packages/***/task/task_runner/standard_task_runner.py:70 DeprecationWarning: This process (pid=269) is multi-threaded, use of fork() may lead to deadlocks in the child.
[2025-01-30T09:33:36.711+0000] {standard_task_runner.py:72} INFO - Started process 281 to run task
[2025-01-30T09:33:37.434+0000] {task_command.py:467} INFO - Running <TaskInstance: homework_workflow_ingest.task_2 scheduled__2019-08-02T00:00:00+00:00 [running]> on host 710324c6e27a
[2025-01-30T09:33:38.163+0000] {taskinstance.py:3132} INFO - Exporting env vars: AIRFLOW_CTX_DAG_OWNER='***' AIRFLOW_CTX_DAG_ID='homework_workflow_ingest' AIRFLOW_CTX_TASK_ID='task_2' AIRFLOW_CTX_EXECUTION_DATE='2019-08-02T00:00:00+00:00' AIRFLOW_CTX_TRY_NUMBER='1' AIRFLOW_CTX_DAG_RUN_ID='scheduled__2019-08-02T00:00:00+00:00'
[2025-01-30T09:33:38.165+0000] {taskinstance.py:731} INFO - ::endgroup::
[2025-01-30T09:33:38.246+0000] {subprocess.py:78} INFO - Tmp dir root location: /tmp
[2025-01-30T09:33:38.260+0000] {subprocess.py:88} INFO - Running command: ['/usr/bin/bash', '-c', "echo '2019-08'"]
[2025-01-30T09:33:38.355+0000] {subprocess.py:99} INFO - Output:
[2025-01-30T09:33:38.365+0000] {subprocess.py:106} INFO - 2019-08
[2025-01-30T09:33:38.367+0000] {subprocess.py:110} INFO - Command exited with return code 0
[2025-01-30T09:33:38.515+0000] {taskinstance.py:340} INFO - ::group::Post task execution logs
[2025-01-30T09:33:38.517+0000] {taskinstance.py:352} INFO - Marking task as SUCCESS. dag_id=homework_workflow_ingest, task_id=task_2, run_id=scheduled__2019-08-02T00:00:00+00:00, execution_date=20190802T000000, start_date=20250130T093335, end_date=20250130T093338
[2025-01-30T09:33:38.875+0000] {local_task_job_runner.py:266} INFO - Task exited with return code 0
[2025-01-30T09:33:38.947+0000] {taskinstance.py:3895} INFO - 0 downstream tasks scheduled from follow-on schedule check
[2025-01-30T09:33:39.445+0000] {local_task_job_runner.py:245} INFO - ::endgroup::
[2025-01-30T09:58:57.162+0000] {local_task_job_runner.py:123} INFO - ::group::Pre task execution logs
[2025-01-30T09:58:57.534+0000] {taskinstance.py:2613} INFO - Dependencies all met for dep_context=non-requeueable deps ti=<TaskInstance: homework_workflow_ingest.task_2 scheduled__2019-08-02T00:00:00+00:00 [queued]>
[2025-01-30T09:58:57.551+0000] {taskinstance.py:2613} INFO - Dependencies all met for dep_context=requeueable deps ti=<TaskInstance: homework_workflow_ingest.task_2 scheduled__2019-08-02T00:00:00+00:00 [queued]>
[2025-01-30T09:58:57.555+0000] {taskinstance.py:2866} INFO - Starting attempt 1 of 1
[2025-01-30T09:59:00.884+0000] {taskinstance.py:2889} INFO - Executing <Task(BashOperator): task_2> on 2019-08-02 00:00:00+00:00
[2025-01-30T09:59:00.929+0000] {standard_task_runner.py:104} INFO - Running: ['***', 'tasks', 'run', 'homework_workflow_ingest', 'task_2', 'scheduled__2019-08-02T00:00:00+00:00', '--job-id', '24', '--raw', '--subdir', 'DAGS_FOLDER/homework_dag.py', '--cfg-path', '/tmp/tmpzwpc_v6f']
[2025-01-30T09:59:00.932+0000] {standard_task_runner.py:105} INFO - Job 24: Subtask task_2
[2025-01-30T09:59:01.173+0000] {logging_mixin.py:190} WARNING - /home/***/.local/lib/python3.12/site-packages/***/task/task_runner/standard_task_runner.py:70 DeprecationWarning: This process (pid=280) is multi-threaded, use of fork() may lead to deadlocks in the child.
[2025-01-30T09:59:01.174+0000] {standard_task_runner.py:72} INFO - Started process 311 to run task
[2025-01-30T09:59:01.848+0000] {task_command.py:467} INFO - Running <TaskInstance: homework_workflow_ingest.task_2 scheduled__2019-08-02T00:00:00+00:00 [running]> on host 713eb9fcfb63
[2025-01-30T09:59:02.709+0000] {taskinstance.py:3132} INFO - Exporting env vars: AIRFLOW_CTX_DAG_OWNER='***' AIRFLOW_CTX_DAG_ID='homework_workflow_ingest' AIRFLOW_CTX_TASK_ID='task_2' AIRFLOW_CTX_EXECUTION_DATE='2019-08-02T00:00:00+00:00' AIRFLOW_CTX_TRY_NUMBER='1' AIRFLOW_CTX_DAG_RUN_ID='scheduled__2019-08-02T00:00:00+00:00'
[2025-01-30T09:59:02.710+0000] {taskinstance.py:731} INFO - ::endgroup::
[2025-01-30T09:59:02.749+0000] {subprocess.py:78} INFO - Tmp dir root location: /tmp
[2025-01-30T09:59:02.750+0000] {subprocess.py:88} INFO - Running command: ['/usr/bin/bash', '-c', "echo '2019-08'"]
[2025-01-30T09:59:02.766+0000] {subprocess.py:99} INFO - Output:
[2025-01-30T09:59:02.769+0000] {subprocess.py:106} INFO - 2019-08
[2025-01-30T09:59:02.770+0000] {subprocess.py:110} INFO - Command exited with return code 0
[2025-01-30T09:59:03.157+0000] {taskinstance.py:340} INFO - ::group::Post task execution logs
[2025-01-30T09:59:03.158+0000] {taskinstance.py:352} INFO - Marking task as SUCCESS. dag_id=homework_workflow_ingest, task_id=task_2, run_id=scheduled__2019-08-02T00:00:00+00:00, execution_date=20190802T000000, start_date=20250130T095857, end_date=20250130T095903
[2025-01-30T09:59:04.519+0000] {local_task_job_runner.py:266} INFO - Task exited with return code 0
[2025-01-30T09:59:04.626+0000] {local_task_job_runner.py:245} INFO - ::endgroup::
