[2025-01-30T10:25:57.054+0000] {local_task_job_runner.py:123} INFO - ::group::Pre task execution logs
[2025-01-30T10:25:57.099+0000] {taskinstance.py:2613} INFO - Dependencies all met for dep_context=non-requeueable deps ti=<TaskInstance: fhv_to_gcp_dag.download_fhv scheduled__2020-08-02T00:00:00+00:00 [queued]>
[2025-01-30T10:25:57.118+0000] {taskinstance.py:2613} INFO - Dependencies all met for dep_context=requeueable deps ti=<TaskInstance: fhv_to_gcp_dag.download_fhv scheduled__2020-08-02T00:00:00+00:00 [queued]>
[2025-01-30T10:25:57.118+0000] {taskinstance.py:2866} INFO - Starting attempt 1 of 1
[2025-01-30T10:25:57.178+0000] {taskinstance.py:2889} INFO - Executing <Task(BashOperator): download_fhv> on 2020-08-02 00:00:00+00:00
[2025-01-30T10:25:57.193+0000] {logging_mixin.py:190} WARNING - /home/***/.local/lib/python3.12/site-packages/***/task/task_runner/standard_task_runner.py:70 DeprecationWarning: This process (pid=361) is multi-threaded, use of fork() may lead to deadlocks in the child.
[2025-01-30T10:25:57.195+0000] {standard_task_runner.py:72} INFO - Started process 369 to run task
[2025-01-30T10:25:57.200+0000] {standard_task_runner.py:104} INFO - Running: ['***', 'tasks', 'run', 'fhv_to_gcp_dag', 'download_fhv', 'scheduled__2020-08-02T00:00:00+00:00', '--job-id', '86', '--raw', '--subdir', 'DAGS_FOLDER/homework_fhv_dag.py', '--cfg-path', '/tmp/tmpv0md8jdp']
[2025-01-30T10:25:57.203+0000] {standard_task_runner.py:105} INFO - Job 86: Subtask download_fhv
[2025-01-30T10:25:57.301+0000] {task_command.py:467} INFO - Running <TaskInstance: fhv_to_gcp_dag.download_fhv scheduled__2020-08-02T00:00:00+00:00 [running]> on host 9573d401388f
[2025-01-30T10:25:57.468+0000] {taskinstance.py:3132} INFO - Exporting env vars: AIRFLOW_CTX_DAG_OWNER='***' AIRFLOW_CTX_DAG_ID='fhv_to_gcp_dag' AIRFLOW_CTX_TASK_ID='download_fhv' AIRFLOW_CTX_EXECUTION_DATE='2020-08-02T00:00:00+00:00' AIRFLOW_CTX_TRY_NUMBER='1' AIRFLOW_CTX_DAG_RUN_ID='scheduled__2020-08-02T00:00:00+00:00'
[2025-01-30T10:25:57.469+0000] {taskinstance.py:731} INFO - ::endgroup::
[2025-01-30T10:25:57.487+0000] {subprocess.py:78} INFO - Tmp dir root location: /tmp
[2025-01-30T10:25:57.488+0000] {subprocess.py:88} INFO - Running command: ['/usr/bin/bash', '-c', 'curl -o /opt/***/data/fhv_2020-08_data.parquet https://d37ci6vzurychx.cloudfront.net/trip-data/fhv_tripdata_2020-08.parquet']
[2025-01-30T10:25:57.500+0000] {subprocess.py:99} INFO - Output:
[2025-01-30T10:25:57.509+0000] {subprocess.py:106} INFO -   % Total    % Received % Xferd  Average Speed   Time    Time     Time  Current
[2025-01-30T10:25:57.509+0000] {subprocess.py:106} INFO -                                  Dload  Upload   Total   Spent    Left  Speed
[2025-01-30T10:25:59.036+0000] {subprocess.py:106} INFO -   0     0    0     0    0     0      0      0 --:--:-- --:--:-- --:--:--     0  0     0    0     0    0     0      0      0 --:--:-- --:--:-- --:--:--     0 62 11.7M   62 7574k    0     0  5578k      0  0:00:02  0:00:01  0:00:01 5577k100 11.7M  100 11.7M    0     0  7887k      0  0:00:01  0:00:01 --:--:-- 7887k
[2025-01-30T10:25:59.040+0000] {subprocess.py:110} INFO - Command exited with return code 0
[2025-01-30T10:25:59.337+0000] {taskinstance.py:340} INFO - ::group::Post task execution logs
[2025-01-30T10:25:59.338+0000] {taskinstance.py:352} INFO - Marking task as SUCCESS. dag_id=fhv_to_gcp_dag, task_id=download_fhv, run_id=scheduled__2020-08-02T00:00:00+00:00, execution_date=20200802T000000, start_date=20250130T102557, end_date=20250130T102559
[2025-01-30T10:25:59.448+0000] {local_task_job_runner.py:266} INFO - Task exited with return code 0
[2025-01-30T10:25:59.499+0000] {local_task_job_runner.py:245} INFO - ::endgroup::
