[2025-01-26T14:16:34.587+0000] {local_task_job_runner.py:123} INFO - ::group::Pre task execution logs
[2025-01-26T14:16:34.603+0000] {taskinstance.py:2613} INFO - Dependencies all met for dep_context=non-requeueable deps ti=<TaskInstance: gcp_ingest.task_number_2 manual__2025-01-26T14:16:32.862096+00:00 [queued]>
[2025-01-26T14:16:34.609+0000] {taskinstance.py:2613} INFO - Dependencies all met for dep_context=requeueable deps ti=<TaskInstance: gcp_ingest.task_number_2 manual__2025-01-26T14:16:32.862096+00:00 [queued]>
[2025-01-26T14:16:34.609+0000] {taskinstance.py:2866} INFO - Starting attempt 1 of 2
[2025-01-26T14:16:34.618+0000] {taskinstance.py:2889} INFO - Executing <Task(BashOperator): task_number_2> on 2025-01-26 14:16:32.862096+00:00
[2025-01-26T14:16:34.625+0000] {standard_task_runner.py:104} INFO - Running: ['***', 'tasks', 'run', 'gcp_ingest', 'task_number_2', 'manual__2025-01-26T14:16:32.862096+00:00', '--job-id', '6', '--raw', '--subdir', 'DAGS_FOLDER/gcp_ingest_dag.py', '--cfg-path', '/tmp/tmpjrspzkcy']
[2025-01-26T14:16:34.627+0000] {standard_task_runner.py:105} INFO - Job 6: Subtask task_number_2
[2025-01-26T14:16:34.628+0000] {logging_mixin.py:190} WARNING - /home/***/.local/lib/python3.12/site-packages/***/task/task_runner/standard_task_runner.py:70 DeprecationWarning: This process (pid=357) is multi-threaded, use of fork() may lead to deadlocks in the child.
[2025-01-26T14:16:34.628+0000] {standard_task_runner.py:72} INFO - Started process 358 to run task
[2025-01-26T14:16:34.662+0000] {task_command.py:467} INFO - Running <TaskInstance: gcp_ingest.task_number_2 manual__2025-01-26T14:16:32.862096+00:00 [running]> on host f4074a8e3b18
[2025-01-26T14:16:34.725+0000] {taskinstance.py:3132} INFO - Exporting env vars: AIRFLOW_CTX_DAG_EMAIL='***@example.com' AIRFLOW_CTX_DAG_OWNER='***' AIRFLOW_CTX_DAG_ID='gcp_ingest' AIRFLOW_CTX_TASK_ID='task_number_2' AIRFLOW_CTX_EXECUTION_DATE='2025-01-26T14:16:32.862096+00:00' AIRFLOW_CTX_TRY_NUMBER='1' AIRFLOW_CTX_DAG_RUN_ID='manual__2025-01-26T14:16:32.862096+00:00'
[2025-01-26T14:16:34.726+0000] {taskinstance.py:731} INFO - ::endgroup::
[2025-01-26T14:16:34.737+0000] {subprocess.py:78} INFO - Tmp dir root location: /tmp
[2025-01-26T14:16:34.737+0000] {subprocess.py:88} INFO - Running command: ['/usr/bin/bash', '-c', "echo 'world' "]
[2025-01-26T14:16:34.747+0000] {subprocess.py:99} INFO - Output:
[2025-01-26T14:16:34.749+0000] {subprocess.py:106} INFO - world
[2025-01-26T14:16:34.749+0000] {subprocess.py:110} INFO - Command exited with return code 0
[2025-01-26T14:16:34.769+0000] {taskinstance.py:340} INFO - ::group::Post task execution logs
[2025-01-26T14:16:34.769+0000] {taskinstance.py:352} INFO - Marking task as SUCCESS. dag_id=gcp_ingest, task_id=task_number_2, run_id=manual__2025-01-26T14:16:32.862096+00:00, execution_date=20250126T141632, start_date=20250126T141634, end_date=20250126T141634
[2025-01-26T14:16:34.802+0000] {local_task_job_runner.py:266} INFO - Task exited with return code 0
[2025-01-26T14:16:34.815+0000] {taskinstance.py:3895} INFO - 0 downstream tasks scheduled from follow-on schedule check
[2025-01-26T14:16:34.816+0000] {local_task_job_runner.py:245} INFO - ::endgroup::
