[2025-01-30T09:33:35.287+0000] {local_task_job_runner.py:123} INFO - ::group::Pre task execution logs
[2025-01-30T09:33:35.474+0000] {taskinstance.py:2613} INFO - Dependencies all met for dep_context=non-requeueable deps ti=<TaskInstance: homework_workflow_ingest.task_2 scheduled__2019-02-02T00:00:00+00:00 [queued]>
[2025-01-30T09:33:35.494+0000] {taskinstance.py:2613} INFO - Dependencies all met for dep_context=requeueable deps ti=<TaskInstance: homework_workflow_ingest.task_2 scheduled__2019-02-02T00:00:00+00:00 [queued]>
[2025-01-30T09:33:35.499+0000] {taskinstance.py:2866} INFO - Starting attempt 1 of 1
[2025-01-30T09:33:36.611+0000] {taskinstance.py:2889} INFO - Executing <Task(BashOperator): task_2> on 2019-02-02 00:00:00+00:00
[2025-01-30T09:33:36.667+0000] {logging_mixin.py:190} WARNING - /home/***/.local/lib/python3.12/site-packages/***/task/task_runner/standard_task_runner.py:70 DeprecationWarning: This process (pid=273) is multi-threaded, use of fork() may lead to deadlocks in the child.
[2025-01-30T09:33:36.684+0000] {standard_task_runner.py:72} INFO - Started process 285 to run task
[2025-01-30T09:33:36.658+0000] {standard_task_runner.py:104} INFO - Running: ['***', 'tasks', 'run', 'homework_workflow_ingest', 'task_2', 'scheduled__2019-02-02T00:00:00+00:00', '--job-id', '53', '--raw', '--subdir', 'DAGS_FOLDER/homework_dag.py', '--cfg-path', '/tmp/tmp91y4pgf0']
[2025-01-30T09:33:36.694+0000] {standard_task_runner.py:105} INFO - Job 53: Subtask task_2
[2025-01-30T09:33:37.407+0000] {task_command.py:467} INFO - Running <TaskInstance: homework_workflow_ingest.task_2 scheduled__2019-02-02T00:00:00+00:00 [running]> on host 710324c6e27a
[2025-01-30T09:33:38.124+0000] {taskinstance.py:3132} INFO - Exporting env vars: AIRFLOW_CTX_DAG_OWNER='***' AIRFLOW_CTX_DAG_ID='homework_workflow_ingest' AIRFLOW_CTX_TASK_ID='task_2' AIRFLOW_CTX_EXECUTION_DATE='2019-02-02T00:00:00+00:00' AIRFLOW_CTX_TRY_NUMBER='1' AIRFLOW_CTX_DAG_RUN_ID='scheduled__2019-02-02T00:00:00+00:00'
[2025-01-30T09:33:38.128+0000] {taskinstance.py:731} INFO - ::endgroup::
[2025-01-30T09:33:38.236+0000] {subprocess.py:78} INFO - Tmp dir root location: /tmp
[2025-01-30T09:33:38.240+0000] {subprocess.py:88} INFO - Running command: ['/usr/bin/bash', '-c', "echo '2019-02'"]
[2025-01-30T09:33:38.369+0000] {subprocess.py:99} INFO - Output:
[2025-01-30T09:33:38.401+0000] {subprocess.py:106} INFO - 2019-02
[2025-01-30T09:33:38.406+0000] {subprocess.py:110} INFO - Command exited with return code 0
[2025-01-30T09:33:38.531+0000] {taskinstance.py:340} INFO - ::group::Post task execution logs
[2025-01-30T09:33:38.533+0000] {taskinstance.py:352} INFO - Marking task as SUCCESS. dag_id=homework_workflow_ingest, task_id=task_2, run_id=scheduled__2019-02-02T00:00:00+00:00, execution_date=20190202T000000, start_date=20250130T093335, end_date=20250130T093338
[2025-01-30T09:33:38.786+0000] {local_task_job_runner.py:266} INFO - Task exited with return code 0
[2025-01-30T09:33:38.888+0000] {taskinstance.py:3895} INFO - 0 downstream tasks scheduled from follow-on schedule check
[2025-01-30T09:33:38.904+0000] {local_task_job_runner.py:245} INFO - ::endgroup::
[2025-01-30T09:58:53.482+0000] {local_task_job_runner.py:123} INFO - ::group::Pre task execution logs
[2025-01-30T09:58:53.600+0000] {taskinstance.py:2613} INFO - Dependencies all met for dep_context=non-requeueable deps ti=<TaskInstance: homework_workflow_ingest.task_2 scheduled__2019-02-02T00:00:00+00:00 [queued]>
[2025-01-30T09:58:53.708+0000] {taskinstance.py:2613} INFO - Dependencies all met for dep_context=requeueable deps ti=<TaskInstance: homework_workflow_ingest.task_2 scheduled__2019-02-02T00:00:00+00:00 [queued]>
[2025-01-30T09:58:53.708+0000] {taskinstance.py:2866} INFO - Starting attempt 1 of 1
[2025-01-30T09:58:54.116+0000] {taskinstance.py:2889} INFO - Executing <Task(BashOperator): task_2> on 2019-02-02 00:00:00+00:00
[2025-01-30T09:58:54.234+0000] {standard_task_runner.py:104} INFO - Running: ['***', 'tasks', 'run', 'homework_workflow_ingest', 'task_2', 'scheduled__2019-02-02T00:00:00+00:00', '--job-id', '19', '--raw', '--subdir', 'DAGS_FOLDER/homework_dag.py', '--cfg-path', '/tmp/tmpyh5pys7p']
[2025-01-30T09:58:54.236+0000] {standard_task_runner.py:105} INFO - Job 19: Subtask task_2
[2025-01-30T09:58:54.230+0000] {logging_mixin.py:190} WARNING - /home/***/.local/lib/python3.12/site-packages/***/task/task_runner/standard_task_runner.py:70 DeprecationWarning: This process (pid=271) is multi-threaded, use of fork() may lead to deadlocks in the child.
[2025-01-30T09:58:54.241+0000] {standard_task_runner.py:72} INFO - Started process 282 to run task
[2025-01-30T09:58:56.092+0000] {task_command.py:467} INFO - Running <TaskInstance: homework_workflow_ingest.task_2 scheduled__2019-02-02T00:00:00+00:00 [running]> on host 713eb9fcfb63
[2025-01-30T09:59:00.960+0000] {taskinstance.py:3132} INFO - Exporting env vars: AIRFLOW_CTX_DAG_OWNER='***' AIRFLOW_CTX_DAG_ID='homework_workflow_ingest' AIRFLOW_CTX_TASK_ID='task_2' AIRFLOW_CTX_EXECUTION_DATE='2019-02-02T00:00:00+00:00' AIRFLOW_CTX_TRY_NUMBER='1' AIRFLOW_CTX_DAG_RUN_ID='scheduled__2019-02-02T00:00:00+00:00'
[2025-01-30T09:59:00.980+0000] {taskinstance.py:731} INFO - ::endgroup::
[2025-01-30T09:59:01.250+0000] {subprocess.py:78} INFO - Tmp dir root location: /tmp
[2025-01-30T09:59:01.251+0000] {subprocess.py:88} INFO - Running command: ['/usr/bin/bash', '-c', "echo '2019-02'"]
[2025-01-30T09:59:01.511+0000] {subprocess.py:99} INFO - Output:
[2025-01-30T09:59:02.140+0000] {subprocess.py:106} INFO - 2019-02
[2025-01-30T09:59:02.191+0000] {subprocess.py:110} INFO - Command exited with return code 0
[2025-01-30T09:59:03.172+0000] {taskinstance.py:340} INFO - ::group::Post task execution logs
[2025-01-30T09:59:03.173+0000] {taskinstance.py:352} INFO - Marking task as SUCCESS. dag_id=homework_workflow_ingest, task_id=task_2, run_id=scheduled__2019-02-02T00:00:00+00:00, execution_date=20190202T000000, start_date=20250130T095853, end_date=20250130T095903
[2025-01-30T09:59:04.539+0000] {local_task_job_runner.py:266} INFO - Task exited with return code 0
[2025-01-30T09:59:04.647+0000] {local_task_job_runner.py:245} INFO - ::endgroup::
