[2025-01-26T19:12:19.736+0000] {local_task_job_runner.py:123} INFO - ::group::Pre task execution logs
[2025-01-26T19:12:19.753+0000] {taskinstance.py:2613} INFO - Dependencies all met for dep_context=non-requeueable deps ti=<TaskInstance: gcp_ingest.download_data manual__2025-01-26T19:12:18.456968+00:00 [queued]>
[2025-01-26T19:12:19.760+0000] {taskinstance.py:2613} INFO - Dependencies all met for dep_context=requeueable deps ti=<TaskInstance: gcp_ingest.download_data manual__2025-01-26T19:12:18.456968+00:00 [queued]>
[2025-01-26T19:12:19.760+0000] {taskinstance.py:2866} INFO - Starting attempt 1 of 2
[2025-01-26T19:12:19.769+0000] {taskinstance.py:2889} INFO - Executing <Task(BashOperator): download_data> on 2025-01-26 19:12:18.456968+00:00
[2025-01-26T19:12:19.777+0000] {standard_task_runner.py:104} INFO - Running: ['***', 'tasks', 'run', 'gcp_ingest', 'download_data', 'manual__2025-01-26T19:12:18.456968+00:00', '--job-id', '25', '--raw', '--subdir', 'DAGS_FOLDER/gcp_ingest_dag.py', '--cfg-path', '/tmp/tmpsvs1yn20']
[2025-01-26T19:12:19.780+0000] {standard_task_runner.py:105} INFO - Job 25: Subtask download_data
[2025-01-26T19:12:19.782+0000] {logging_mixin.py:190} WARNING - /home/***/.local/lib/python3.12/site-packages/***/task/task_runner/standard_task_runner.py:70 DeprecationWarning: This process (pid=336) is multi-threaded, use of fork() may lead to deadlocks in the child.
[2025-01-26T19:12:19.782+0000] {standard_task_runner.py:72} INFO - Started process 339 to run task
[2025-01-26T19:12:19.824+0000] {task_command.py:467} INFO - Running <TaskInstance: gcp_ingest.download_data manual__2025-01-26T19:12:18.456968+00:00 [running]> on host a31c3bbc14de
[2025-01-26T19:12:19.893+0000] {taskinstance.py:3132} INFO - Exporting env vars: AIRFLOW_CTX_DAG_OWNER='***' AIRFLOW_CTX_DAG_ID='gcp_ingest' AIRFLOW_CTX_TASK_ID='download_data' AIRFLOW_CTX_EXECUTION_DATE='2025-01-26T19:12:18.456968+00:00' AIRFLOW_CTX_TRY_NUMBER='1' AIRFLOW_CTX_DAG_RUN_ID='manual__2025-01-26T19:12:18.456968+00:00'
[2025-01-26T19:12:19.894+0000] {taskinstance.py:731} INFO - ::endgroup::
[2025-01-26T19:12:19.904+0000] {subprocess.py:78} INFO - Tmp dir root location: /tmp
[2025-01-26T19:12:19.905+0000] {subprocess.py:88} INFO - Running command: ['/usr/bin/bash', '-c', 'curl -o /opt/***/dags/data/downloaded_data.csv https://www.stats.govt.nz/assets/Uploads/Annual-enterprise-survey/Annual-enterprise-survey-2023-financial-year-provisional/Download-data/annual-enterprise-survey-2023-financial-year-provisional-size-bands.csv']
[2025-01-26T19:12:19.916+0000] {subprocess.py:99} INFO - Output:
[2025-01-26T19:12:19.925+0000] {subprocess.py:106} INFO -   % Total    % Received % Xferd  Average Speed   Time    Time     Time  Current
[2025-01-26T19:12:19.926+0000] {subprocess.py:106} INFO -                                  Dload  Upload   Total   Spent    Left  Speed
[2025-01-26T19:12:21.316+0000] {subprocess.py:106} INFO -   0     0    0     0    0     0      0      0 --:--:-- --:--:-- --:--:--     0  0     0    0     0    0     0      0      0 --:--:-- --:--:-- --:--:--     0100 1723k  100 1723k    0     0  1238k      0  0:00:01  0:00:01 --:--:-- 1238k
[2025-01-26T19:12:21.320+0000] {subprocess.py:110} INFO - Command exited with return code 0
[2025-01-26T19:12:21.360+0000] {taskinstance.py:340} INFO - ::group::Post task execution logs
[2025-01-26T19:12:21.360+0000] {taskinstance.py:352} INFO - Marking task as SUCCESS. dag_id=gcp_ingest, task_id=download_data, run_id=manual__2025-01-26T19:12:18.456968+00:00, execution_date=20250126T191218, start_date=20250126T191219, end_date=20250126T191221
[2025-01-26T19:12:21.401+0000] {local_task_job_runner.py:266} INFO - Task exited with return code 0
[2025-01-26T19:12:21.420+0000] {taskinstance.py:3895} INFO - 0 downstream tasks scheduled from follow-on schedule check
[2025-01-26T19:12:21.422+0000] {local_task_job_runner.py:245} INFO - ::endgroup::
