[2025-01-27T13:17:05.353+0000] {local_task_job_runner.py:123} INFO - ::group::Pre task execution logs
[2025-01-27T13:17:05.366+0000] {taskinstance.py:2613} INFO - Dependencies all met for dep_context=non-requeueable deps ti=<TaskInstance: gcp_ingest.download_data manual__2025-01-27T13:17:03.654243+00:00 [queued]>
[2025-01-27T13:17:05.372+0000] {taskinstance.py:2613} INFO - Dependencies all met for dep_context=requeueable deps ti=<TaskInstance: gcp_ingest.download_data manual__2025-01-27T13:17:03.654243+00:00 [queued]>
[2025-01-27T13:17:05.372+0000] {taskinstance.py:2866} INFO - Starting attempt 1 of 7
[2025-01-27T13:17:05.382+0000] {taskinstance.py:2889} INFO - Executing <Task(BashOperator): download_data> on 2025-01-27 13:17:03.654243+00:00
[2025-01-27T13:17:05.391+0000] {standard_task_runner.py:104} INFO - Running: ['***', 'tasks', 'run', 'gcp_ingest', 'download_data', 'manual__2025-01-27T13:17:03.654243+00:00', '--job-id', '11', '--raw', '--subdir', 'DAGS_FOLDER/gcp_ingest_dag.py', '--cfg-path', '/tmp/tmp2b0_5_k9']
[2025-01-27T13:17:05.393+0000] {standard_task_runner.py:105} INFO - Job 11: Subtask download_data
[2025-01-27T13:17:05.556+0000] {logging_mixin.py:190} WARNING - /home/***/.local/lib/python3.12/site-packages/***/task/task_runner/standard_task_runner.py:70 DeprecationWarning: This process (pid=237) is multi-threaded, use of fork() may lead to deadlocks in the child.
[2025-01-27T13:17:05.556+0000] {standard_task_runner.py:72} INFO - Started process 239 to run task
[2025-01-27T13:17:05.574+0000] {task_command.py:467} INFO - Running <TaskInstance: gcp_ingest.download_data manual__2025-01-27T13:17:03.654243+00:00 [running]> on host d21502c6da57
[2025-01-27T13:17:05.633+0000] {taskinstance.py:3132} INFO - Exporting env vars: AIRFLOW_CTX_DAG_OWNER='***' AIRFLOW_CTX_DAG_ID='gcp_ingest' AIRFLOW_CTX_TASK_ID='download_data' AIRFLOW_CTX_EXECUTION_DATE='2025-01-27T13:17:03.654243+00:00' AIRFLOW_CTX_TRY_NUMBER='1' AIRFLOW_CTX_DAG_RUN_ID='manual__2025-01-27T13:17:03.654243+00:00'
[2025-01-27T13:17:05.634+0000] {taskinstance.py:731} INFO - ::endgroup::
[2025-01-27T13:17:05.647+0000] {subprocess.py:78} INFO - Tmp dir root location: /tmp
[2025-01-27T13:17:05.648+0000] {subprocess.py:88} INFO - Running command: ['/usr/bin/bash', '-c', 'curl -o /opt/***/dags/data/downloaded_data.csv https://www.stats.govt.nz/assets/Uploads/Annual-enterprise-survey/Annual-enterprise-survey-2023-financial-year-provisional/Download-data/annual-enterprise-survey-2023-financial-year-provisional-size-bands.csv']
[2025-01-27T13:17:05.663+0000] {subprocess.py:99} INFO - Output:
[2025-01-27T13:17:05.673+0000] {subprocess.py:106} INFO -   % Total    % Received % Xferd  Average Speed   Time    Time     Time  Current
[2025-01-27T13:17:05.674+0000] {subprocess.py:106} INFO -                                  Dload  Upload   Total   Spent    Left  Speed
[2025-01-27T13:17:07.015+0000] {subprocess.py:106} INFO -   0     0    0     0    0     0      0      0 --:--:-- --:--:-- --:--:--     0  0     0    0     0    0     0      0      0 --:--:-- --:--:-- --:--:--     0100 1723k  100 1723k    0     0  1284k      0  0:00:01  0:00:01 --:--:-- 1284k
[2025-01-27T13:17:07.017+0000] {subprocess.py:110} INFO - Command exited with return code 0
[2025-01-27T13:17:07.051+0000] {taskinstance.py:340} INFO - ::group::Post task execution logs
[2025-01-27T13:17:07.051+0000] {taskinstance.py:352} INFO - Marking task as SUCCESS. dag_id=gcp_ingest, task_id=download_data, run_id=manual__2025-01-27T13:17:03.654243+00:00, execution_date=20250127T131703, start_date=20250127T131705, end_date=20250127T131707
[2025-01-27T13:17:07.093+0000] {local_task_job_runner.py:266} INFO - Task exited with return code 0
[2025-01-27T13:17:07.113+0000] {taskinstance.py:3895} INFO - 1 downstream tasks scheduled from follow-on schedule check
[2025-01-27T13:17:07.114+0000] {local_task_job_runner.py:245} INFO - ::endgroup::
