[2025-01-28T18:19:18.662+0000] {local_task_job_runner.py:123} INFO - ::group::Pre task execution logs
[2025-01-28T18:19:18.677+0000] {taskinstance.py:2613} INFO - Dependencies all met for dep_context=non-requeueable deps ti=<TaskInstance: dag_data_ingestion.ingest_data manual__2025-01-28T18:18:52.873571+00:00 [queued]>
[2025-01-28T18:19:18.682+0000] {taskinstance.py:2613} INFO - Dependencies all met for dep_context=requeueable deps ti=<TaskInstance: dag_data_ingestion.ingest_data manual__2025-01-28T18:18:52.873571+00:00 [queued]>
[2025-01-28T18:19:18.683+0000] {taskinstance.py:2866} INFO - Starting attempt 1 of 1
[2025-01-28T18:19:18.691+0000] {taskinstance.py:2889} INFO - Executing <Task(PythonOperator): ingest_data> on 2025-01-28 18:18:52.873571+00:00
[2025-01-28T18:19:18.700+0000] {standard_task_runner.py:104} INFO - Running: ['***', 'tasks', 'run', 'dag_data_ingestion', 'ingest_data', 'manual__2025-01-28T18:18:52.873571+00:00', '--job-id', '33', '--raw', '--subdir', 'DAGS_FOLDER/local_ingestion_dag.py', '--cfg-path', '/tmp/tmp0pkxxoca']
[2025-01-28T18:19:18.702+0000] {standard_task_runner.py:105} INFO - Job 33: Subtask ingest_data
[2025-01-28T18:19:18.702+0000] {logging_mixin.py:190} WARNING - /home/***/.local/lib/python3.12/site-packages/***/task/task_runner/standard_task_runner.py:70 DeprecationWarning: This process (pid=495) is multi-threaded, use of fork() may lead to deadlocks in the child.
[2025-01-28T18:19:18.703+0000] {standard_task_runner.py:72} INFO - Started process 497 to run task
[2025-01-28T18:19:18.738+0000] {task_command.py:467} INFO - Running <TaskInstance: dag_data_ingestion.ingest_data manual__2025-01-28T18:18:52.873571+00:00 [running]> on host b06ec952d9d1
[2025-01-28T18:19:18.808+0000] {taskinstance.py:3132} INFO - Exporting env vars: AIRFLOW_CTX_DAG_OWNER='***' AIRFLOW_CTX_DAG_ID='dag_data_ingestion' AIRFLOW_CTX_TASK_ID='ingest_data' AIRFLOW_CTX_EXECUTION_DATE='2025-01-28T18:18:52.873571+00:00' AIRFLOW_CTX_TRY_NUMBER='1' AIRFLOW_CTX_DAG_RUN_ID='manual__2025-01-28T18:18:52.873571+00:00'
[2025-01-28T18:19:18.809+0000] {taskinstance.py:731} INFO - ::endgroup::
[2025-01-28T18:19:18.820+0000] {logging_mixin.py:190} INFO - Table Name: trip_data
[2025-01-28T18:19:18.820+0000] {logging_mixin.py:190} INFO - File Path (Parquet): /opt/***/data/yellow_2024-01_data.parquet
[2025-01-28T18:19:18.820+0000] {logging_mixin.py:190} INFO - Execution Date: 2025-01-28 18:18:52.873571+00:00
[2025-01-28T18:19:18.827+0000] {logging_mixin.py:190} INFO - Connection established successfully, inserting data...
[2025-01-28T18:19:26.678+0000] {logging_mixin.py:190} INFO - Inserted the first chunk, took 7.847 second(s).
[2025-01-28T18:19:34.303+0000] {logging_mixin.py:190} INFO - Inserted another chunk, took 7.625 second(s).
[2025-01-28T18:19:41.892+0000] {logging_mixin.py:190} INFO - Inserted another chunk, took 7.589 second(s).
[2025-01-28T18:19:49.515+0000] {logging_mixin.py:190} INFO - Inserted another chunk, took 7.623 second(s).
[2025-01-28T18:19:57.360+0000] {logging_mixin.py:190} INFO - Inserted another chunk, took 7.845 second(s).
[2025-01-28T18:20:04.868+0000] {logging_mixin.py:190} INFO - Inserted another chunk, took 7.507 second(s).
[2025-01-28T18:20:12.549+0000] {logging_mixin.py:190} INFO - Inserted another chunk, took 7.681 second(s).
[2025-01-28T18:20:20.244+0000] {logging_mixin.py:190} INFO - Inserted another chunk, took 7.695 second(s).
[2025-01-28T18:20:28.035+0000] {logging_mixin.py:190} INFO - Inserted another chunk, took 7.791 second(s).
[2025-01-28T18:20:35.503+0000] {logging_mixin.py:190} INFO - Inserted another chunk, took 7.467 second(s).
[2025-01-28T18:20:42.915+0000] {logging_mixin.py:190} INFO - Inserted another chunk, took 7.412 second(s).
[2025-01-28T18:20:50.433+0000] {logging_mixin.py:190} INFO - Inserted another chunk, took 7.518 second(s).
[2025-01-28T18:20:58.353+0000] {logging_mixin.py:190} INFO - Inserted another chunk, took 7.919 second(s).
[2025-01-28T18:21:06.012+0000] {logging_mixin.py:190} INFO - Inserted another chunk, took 7.659 second(s).
[2025-01-28T18:21:13.513+0000] {logging_mixin.py:190} INFO - Inserted another chunk, took 7.501 second(s).
[2025-01-28T18:21:21.000+0000] {logging_mixin.py:190} INFO - Inserted another chunk, took 7.487 second(s).
[2025-01-28T18:21:28.889+0000] {logging_mixin.py:190} INFO - Inserted another chunk, took 7.888 second(s).
[2025-01-28T18:21:36.395+0000] {logging_mixin.py:190} INFO - Inserted another chunk, took 7.505 second(s).
[2025-01-28T18:21:43.674+0000] {logging_mixin.py:190} INFO - Inserted another chunk, took 7.279 second(s).
[2025-01-28T18:21:51.235+0000] {logging_mixin.py:190} INFO - Inserted another chunk, took 7.560 second(s).
[2025-01-28T18:21:59.858+0000] {logging_mixin.py:190} INFO - Inserted another chunk, took 8.623 second(s).
[2025-01-28T18:22:07.345+0000] {logging_mixin.py:190} INFO - Inserted another chunk, took 7.486 second(s).
[2025-01-28T18:22:14.819+0000] {logging_mixin.py:190} INFO - Inserted another chunk, took 7.474 second(s).
[2025-01-28T18:22:22.324+0000] {logging_mixin.py:190} INFO - Inserted another chunk, took 7.504 second(s).
[2025-01-28T18:22:30.121+0000] {logging_mixin.py:190} INFO - Inserted another chunk, took 7.797 second(s).
[2025-01-28T18:22:37.638+0000] {logging_mixin.py:190} INFO - Inserted another chunk, took 7.516 second(s).
[2025-01-28T18:22:45.148+0000] {logging_mixin.py:190} INFO - Inserted another chunk, took 7.509 second(s).
[2025-01-28T18:22:52.565+0000] {logging_mixin.py:190} INFO - Inserted another chunk, took 7.417 second(s).
[2025-01-28T18:22:59.622+0000] {logging_mixin.py:190} INFO - Inserted another chunk, took 7.057 second(s).
[2025-01-28T18:23:04.466+0000] {logging_mixin.py:190} INFO - Inserted another chunk, took 4.843 second(s).
[2025-01-28T18:23:04.469+0000] {logging_mixin.py:190} INFO - All batches inserted, ingestion completed.
[2025-01-28T18:23:04.469+0000] {python.py:240} INFO - Done. Returned value was: None
[2025-01-28T18:23:04.478+0000] {taskinstance.py:340} INFO - ::group::Post task execution logs
[2025-01-28T18:23:04.478+0000] {taskinstance.py:352} INFO - Marking task as SUCCESS. dag_id=dag_data_ingestion, task_id=ingest_data, run_id=manual__2025-01-28T18:18:52.873571+00:00, execution_date=20250128T181852, start_date=20250128T181918, end_date=20250128T182304
[2025-01-28T18:23:04.535+0000] {local_task_job_runner.py:266} INFO - Task exited with return code 0
[2025-01-28T18:23:04.550+0000] {taskinstance.py:3895} INFO - 0 downstream tasks scheduled from follow-on schedule check
[2025-01-28T18:23:04.551+0000] {local_task_job_runner.py:245} INFO - ::endgroup::
