[2025-01-30T10:36:48.231+0000] {local_task_job_runner.py:123} INFO - ::group::Pre task execution logs
[2025-01-30T10:36:48.309+0000] {taskinstance.py:2613} INFO - Dependencies all met for dep_context=non-requeueable deps ti=<TaskInstance: fhv_to_gcp_dag.download_fhv scheduled__2020-07-02T00:00:00+00:00 [queued]>
[2025-01-30T10:36:48.333+0000] {taskinstance.py:2613} INFO - Dependencies all met for dep_context=requeueable deps ti=<TaskInstance: fhv_to_gcp_dag.download_fhv scheduled__2020-07-02T00:00:00+00:00 [queued]>
[2025-01-30T10:36:48.333+0000] {taskinstance.py:2866} INFO - Starting attempt 2 of 2
[2025-01-30T10:36:48.401+0000] {taskinstance.py:2889} INFO - Executing <Task(BashOperator): download_fhv> on 2020-07-02 00:00:00+00:00
[2025-01-30T10:36:48.449+0000] {logging_mixin.py:190} WARNING - /home/***/.local/lib/python3.12/site-packages/***/task/task_runner/standard_task_runner.py:70 DeprecationWarning: This process (pid=987) is multi-threaded, use of fork() may lead to deadlocks in the child.
[2025-01-30T10:36:48.450+0000] {standard_task_runner.py:72} INFO - Started process 997 to run task
[2025-01-30T10:36:48.452+0000] {standard_task_runner.py:104} INFO - Running: ['***', 'tasks', 'run', 'fhv_to_gcp_dag', 'download_fhv', 'scheduled__2020-07-02T00:00:00+00:00', '--job-id', '137', '--raw', '--subdir', 'DAGS_FOLDER/homework_fhv_dag.py', '--cfg-path', '/tmp/tmpl8jg4js1']
[2025-01-30T10:36:48.454+0000] {standard_task_runner.py:105} INFO - Job 137: Subtask download_fhv
[2025-01-30T10:36:48.747+0000] {task_command.py:467} INFO - Running <TaskInstance: fhv_to_gcp_dag.download_fhv scheduled__2020-07-02T00:00:00+00:00 [running]> on host 9573d401388f
[2025-01-30T10:36:49.469+0000] {taskinstance.py:3132} INFO - Exporting env vars: AIRFLOW_CTX_DAG_OWNER='***' AIRFLOW_CTX_DAG_ID='fhv_to_gcp_dag' AIRFLOW_CTX_TASK_ID='download_fhv' AIRFLOW_CTX_EXECUTION_DATE='2020-07-02T00:00:00+00:00' AIRFLOW_CTX_TRY_NUMBER='2' AIRFLOW_CTX_DAG_RUN_ID='scheduled__2020-07-02T00:00:00+00:00'
[2025-01-30T10:36:49.470+0000] {taskinstance.py:731} INFO - ::endgroup::
[2025-01-30T10:36:50.654+0000] {subprocess.py:78} INFO - Tmp dir root location: /tmp
[2025-01-30T10:36:50.657+0000] {subprocess.py:88} INFO - Running command: ['/usr/bin/bash', '-c', 'curl -o /opt/***/data/fhv_2020-07_data.parquet https://d37ci6vzurychx.cloudfront.net/trip-data/fhv_tripdata_2020-07.parquet']
[2025-01-30T10:36:50.683+0000] {subprocess.py:99} INFO - Output:
[2025-01-30T10:36:50.705+0000] {subprocess.py:106} INFO -   % Total    % Received % Xferd  Average Speed   Time    Time     Time  Current
[2025-01-30T10:36:50.706+0000] {subprocess.py:106} INFO -                                  Dload  Upload   Total   Spent    Left  Speed
[2025-01-30T10:36:52.359+0000] {subprocess.py:106} INFO -   0     0    0     0    0     0      0      0 --:--:-- --:--:-- --:--:--     0  0     0    0     0    0     0      0      0 --:--:-- --:--:-- --:--:--     0  8 11.1M    8  918k    0     0   789k      0  0:00:14  0:00:01  0:00:13  789k100 11.1M  100 11.1M    0     0  6931k      0  0:00:01  0:00:01 --:--:-- 6928k
[2025-01-30T10:36:52.608+0000] {subprocess.py:110} INFO - Command exited with return code 0
[2025-01-30T10:36:54.117+0000] {taskinstance.py:340} INFO - ::group::Post task execution logs
[2025-01-30T10:36:54.133+0000] {taskinstance.py:352} INFO - Marking task as SUCCESS. dag_id=fhv_to_gcp_dag, task_id=download_fhv, run_id=scheduled__2020-07-02T00:00:00+00:00, execution_date=20200702T000000, start_date=20250130T103648, end_date=20250130T103654
[2025-01-30T10:36:54.421+0000] {local_task_job_runner.py:266} INFO - Task exited with return code 0
[2025-01-30T10:36:54.512+0000] {taskinstance.py:3895} INFO - 1 downstream tasks scheduled from follow-on schedule check
[2025-01-30T10:36:54.526+0000] {local_task_job_runner.py:245} INFO - ::endgroup::
