[2025-01-30T09:33:36.564+0000] {local_task_job_runner.py:123} INFO - ::group::Pre task execution logs
[2025-01-30T09:33:36.595+0000] {taskinstance.py:2613} INFO - Dependencies all met for dep_context=non-requeueable deps ti=<TaskInstance: homework_workflow_ingest.task_2 scheduled__2019-04-02T00:00:00+00:00 [queued]>
[2025-01-30T09:33:36.663+0000] {taskinstance.py:2613} INFO - Dependencies all met for dep_context=requeueable deps ti=<TaskInstance: homework_workflow_ingest.task_2 scheduled__2019-04-02T00:00:00+00:00 [queued]>
[2025-01-30T09:33:36.664+0000] {taskinstance.py:2866} INFO - Starting attempt 1 of 1
[2025-01-30T09:33:37.219+0000] {taskinstance.py:2889} INFO - Executing <Task(BashOperator): task_2> on 2019-04-02 00:00:00+00:00
[2025-01-30T09:33:37.247+0000] {logging_mixin.py:190} WARNING - /home/***/.local/lib/python3.12/site-packages/***/task/task_runner/standard_task_runner.py:70 DeprecationWarning: This process (pid=272) is multi-threaded, use of fork() may lead to deadlocks in the child.
[2025-01-30T09:33:37.249+0000] {standard_task_runner.py:72} INFO - Started process 302 to run task
[2025-01-30T09:33:37.251+0000] {standard_task_runner.py:104} INFO - Running: ['***', 'tasks', 'run', 'homework_workflow_ingest', 'task_2', 'scheduled__2019-04-02T00:00:00+00:00', '--job-id', '59', '--raw', '--subdir', 'DAGS_FOLDER/homework_dag.py', '--cfg-path', '/tmp/tmptvjynnvt']
[2025-01-30T09:33:37.254+0000] {standard_task_runner.py:105} INFO - Job 59: Subtask task_2
[2025-01-30T09:33:37.861+0000] {task_command.py:467} INFO - Running <TaskInstance: homework_workflow_ingest.task_2 scheduled__2019-04-02T00:00:00+00:00 [running]> on host 710324c6e27a
[2025-01-30T09:33:38.368+0000] {taskinstance.py:3132} INFO - Exporting env vars: AIRFLOW_CTX_DAG_OWNER='***' AIRFLOW_CTX_DAG_ID='homework_workflow_ingest' AIRFLOW_CTX_TASK_ID='task_2' AIRFLOW_CTX_EXECUTION_DATE='2019-04-02T00:00:00+00:00' AIRFLOW_CTX_TRY_NUMBER='1' AIRFLOW_CTX_DAG_RUN_ID='scheduled__2019-04-02T00:00:00+00:00'
[2025-01-30T09:33:38.371+0000] {taskinstance.py:731} INFO - ::endgroup::
[2025-01-30T09:33:38.415+0000] {subprocess.py:78} INFO - Tmp dir root location: /tmp
[2025-01-30T09:33:38.416+0000] {subprocess.py:88} INFO - Running command: ['/usr/bin/bash', '-c', "echo '2019-04'"]
[2025-01-30T09:33:38.444+0000] {subprocess.py:99} INFO - Output:
[2025-01-30T09:33:38.459+0000] {subprocess.py:106} INFO - 2019-04
[2025-01-30T09:33:38.460+0000] {subprocess.py:110} INFO - Command exited with return code 0
[2025-01-30T09:33:38.561+0000] {taskinstance.py:340} INFO - ::group::Post task execution logs
[2025-01-30T09:33:38.562+0000] {taskinstance.py:352} INFO - Marking task as SUCCESS. dag_id=homework_workflow_ingest, task_id=task_2, run_id=scheduled__2019-04-02T00:00:00+00:00, execution_date=20190402T000000, start_date=20250130T093336, end_date=20250130T093338
[2025-01-30T09:33:38.812+0000] {local_task_job_runner.py:266} INFO - Task exited with return code 0
[2025-01-30T09:33:38.877+0000] {taskinstance.py:3895} INFO - 0 downstream tasks scheduled from follow-on schedule check
[2025-01-30T09:33:38.904+0000] {local_task_job_runner.py:245} INFO - ::endgroup::
[2025-01-30T09:58:59.824+0000] {local_task_job_runner.py:123} INFO - ::group::Pre task execution logs
[2025-01-30T09:59:00.142+0000] {taskinstance.py:2613} INFO - Dependencies all met for dep_context=non-requeueable deps ti=<TaskInstance: homework_workflow_ingest.task_2 scheduled__2019-04-02T00:00:00+00:00 [queued]>
[2025-01-30T09:59:00.152+0000] {taskinstance.py:2613} INFO - Dependencies all met for dep_context=requeueable deps ti=<TaskInstance: homework_workflow_ingest.task_2 scheduled__2019-04-02T00:00:00+00:00 [queued]>
[2025-01-30T09:59:00.152+0000] {taskinstance.py:2866} INFO - Starting attempt 1 of 1
[2025-01-30T09:59:00.947+0000] {taskinstance.py:2889} INFO - Executing <Task(BashOperator): task_2> on 2019-04-02 00:00:00+00:00
[2025-01-30T09:59:01.096+0000] {logging_mixin.py:190} WARNING - /home/***/.local/lib/python3.12/site-packages/***/task/task_runner/standard_task_runner.py:70 DeprecationWarning: This process (pid=281) is multi-threaded, use of fork() may lead to deadlocks in the child.
[2025-01-30T09:59:01.098+0000] {standard_task_runner.py:72} INFO - Started process 317 to run task
[2025-01-30T09:59:01.155+0000] {standard_task_runner.py:104} INFO - Running: ['***', 'tasks', 'run', 'homework_workflow_ingest', 'task_2', 'scheduled__2019-04-02T00:00:00+00:00', '--job-id', '25', '--raw', '--subdir', 'DAGS_FOLDER/homework_dag.py', '--cfg-path', '/tmp/tmp31av4wyl']
[2025-01-30T09:59:01.189+0000] {standard_task_runner.py:105} INFO - Job 25: Subtask task_2
[2025-01-30T09:59:01.847+0000] {task_command.py:467} INFO - Running <TaskInstance: homework_workflow_ingest.task_2 scheduled__2019-04-02T00:00:00+00:00 [running]> on host 713eb9fcfb63
[2025-01-30T09:59:02.900+0000] {taskinstance.py:3132} INFO - Exporting env vars: AIRFLOW_CTX_DAG_OWNER='***' AIRFLOW_CTX_DAG_ID='homework_workflow_ingest' AIRFLOW_CTX_TASK_ID='task_2' AIRFLOW_CTX_EXECUTION_DATE='2019-04-02T00:00:00+00:00' AIRFLOW_CTX_TRY_NUMBER='1' AIRFLOW_CTX_DAG_RUN_ID='scheduled__2019-04-02T00:00:00+00:00'
[2025-01-30T09:59:02.901+0000] {taskinstance.py:731} INFO - ::endgroup::
[2025-01-30T09:59:02.997+0000] {subprocess.py:78} INFO - Tmp dir root location: /tmp
[2025-01-30T09:59:03.005+0000] {subprocess.py:88} INFO - Running command: ['/usr/bin/bash', '-c', "echo '2019-04'"]
[2025-01-30T09:59:03.037+0000] {subprocess.py:99} INFO - Output:
[2025-01-30T09:59:03.041+0000] {subprocess.py:106} INFO - 2019-04
[2025-01-30T09:59:03.042+0000] {subprocess.py:110} INFO - Command exited with return code 0
[2025-01-30T09:59:04.629+0000] {taskinstance.py:340} INFO - ::group::Post task execution logs
[2025-01-30T09:59:04.630+0000] {taskinstance.py:352} INFO - Marking task as SUCCESS. dag_id=homework_workflow_ingest, task_id=task_2, run_id=scheduled__2019-04-02T00:00:00+00:00, execution_date=20190402T000000, start_date=20250130T095900, end_date=20250130T095904
[2025-01-30T09:59:05.536+0000] {local_task_job_runner.py:266} INFO - Task exited with return code 0
[2025-01-30T09:59:05.605+0000] {taskinstance.py:3895} INFO - 0 downstream tasks scheduled from follow-on schedule check
[2025-01-30T09:59:05.628+0000] {local_task_job_runner.py:245} INFO - ::endgroup::
