[2025-01-30T09:33:38.522+0000] {local_task_job_runner.py:123} INFO - ::group::Pre task execution logs
[2025-01-30T09:33:38.616+0000] {taskinstance.py:2613} INFO - Dependencies all met for dep_context=non-requeueable deps ti=<TaskInstance: homework_workflow_ingest.task_2 scheduled__2019-12-02T00:00:00+00:00 [queued]>
[2025-01-30T09:33:38.667+0000] {taskinstance.py:2613} INFO - Dependencies all met for dep_context=requeueable deps ti=<TaskInstance: homework_workflow_ingest.task_2 scheduled__2019-12-02T00:00:00+00:00 [queued]>
[2025-01-30T09:33:38.667+0000] {taskinstance.py:2866} INFO - Starting attempt 1 of 1
[2025-01-30T09:33:38.753+0000] {taskinstance.py:2889} INFO - Executing <Task(BashOperator): task_2> on 2019-12-02 00:00:00+00:00
[2025-01-30T09:33:38.808+0000] {standard_task_runner.py:104} INFO - Running: ['***', 'tasks', 'run', 'homework_workflow_ingest', 'task_2', 'scheduled__2019-12-02T00:00:00+00:00', '--job-id', '64', '--raw', '--subdir', 'DAGS_FOLDER/homework_dag.py', '--cfg-path', '/tmp/tmptvfq7qkm']
[2025-01-30T09:33:38.827+0000] {standard_task_runner.py:105} INFO - Job 64: Subtask task_2
[2025-01-30T09:33:38.826+0000] {logging_mixin.py:190} WARNING - /home/***/.local/lib/python3.12/site-packages/***/task/task_runner/standard_task_runner.py:70 DeprecationWarning: This process (pid=295) is multi-threaded, use of fork() may lead to deadlocks in the child.
[2025-01-30T09:33:38.828+0000] {standard_task_runner.py:72} INFO - Started process 316 to run task
[2025-01-30T09:33:39.673+0000] {task_command.py:467} INFO - Running <TaskInstance: homework_workflow_ingest.task_2 scheduled__2019-12-02T00:00:00+00:00 [running]> on host 710324c6e27a
[2025-01-30T09:33:39.993+0000] {taskinstance.py:3132} INFO - Exporting env vars: AIRFLOW_CTX_DAG_OWNER='***' AIRFLOW_CTX_DAG_ID='homework_workflow_ingest' AIRFLOW_CTX_TASK_ID='task_2' AIRFLOW_CTX_EXECUTION_DATE='2019-12-02T00:00:00+00:00' AIRFLOW_CTX_TRY_NUMBER='1' AIRFLOW_CTX_DAG_RUN_ID='scheduled__2019-12-02T00:00:00+00:00'
[2025-01-30T09:33:39.994+0000] {taskinstance.py:731} INFO - ::endgroup::
[2025-01-30T09:33:40.045+0000] {subprocess.py:78} INFO - Tmp dir root location: /tmp
[2025-01-30T09:33:40.050+0000] {subprocess.py:88} INFO - Running command: ['/usr/bin/bash', '-c', "echo '2019-12'"]
[2025-01-30T09:33:40.093+0000] {subprocess.py:99} INFO - Output:
[2025-01-30T09:33:40.096+0000] {subprocess.py:106} INFO - 2019-12
[2025-01-30T09:33:40.097+0000] {subprocess.py:110} INFO - Command exited with return code 0
[2025-01-30T09:33:40.163+0000] {taskinstance.py:340} INFO - ::group::Post task execution logs
[2025-01-30T09:33:40.163+0000] {taskinstance.py:352} INFO - Marking task as SUCCESS. dag_id=homework_workflow_ingest, task_id=task_2, run_id=scheduled__2019-12-02T00:00:00+00:00, execution_date=20191202T000000, start_date=20250130T093338, end_date=20250130T093340
[2025-01-30T09:33:40.195+0000] {local_task_job_runner.py:266} INFO - Task exited with return code 0
[2025-01-30T09:33:40.231+0000] {taskinstance.py:3895} INFO - 0 downstream tasks scheduled from follow-on schedule check
[2025-01-30T09:33:40.235+0000] {local_task_job_runner.py:245} INFO - ::endgroup::
[2025-01-30T09:58:59.847+0000] {local_task_job_runner.py:123} INFO - ::group::Pre task execution logs
[2025-01-30T09:59:00.483+0000] {taskinstance.py:2613} INFO - Dependencies all met for dep_context=non-requeueable deps ti=<TaskInstance: homework_workflow_ingest.task_2 scheduled__2019-12-02T00:00:00+00:00 [queued]>
[2025-01-30T09:59:00.542+0000] {taskinstance.py:2613} INFO - Dependencies all met for dep_context=requeueable deps ti=<TaskInstance: homework_workflow_ingest.task_2 scheduled__2019-12-02T00:00:00+00:00 [queued]>
[2025-01-30T09:59:00.542+0000] {taskinstance.py:2866} INFO - Starting attempt 1 of 1
[2025-01-30T09:59:00.942+0000] {taskinstance.py:2889} INFO - Executing <Task(BashOperator): task_2> on 2019-12-02 00:00:00+00:00
[2025-01-30T09:59:01.051+0000] {logging_mixin.py:190} WARNING - /home/***/.local/lib/python3.12/site-packages/***/task/task_runner/standard_task_runner.py:70 DeprecationWarning: This process (pid=285) is multi-threaded, use of fork() may lead to deadlocks in the child.
[2025-01-30T09:59:01.052+0000] {standard_task_runner.py:72} INFO - Started process 314 to run task
[2025-01-30T09:59:01.138+0000] {standard_task_runner.py:104} INFO - Running: ['***', 'tasks', 'run', 'homework_workflow_ingest', 'task_2', 'scheduled__2019-12-02T00:00:00+00:00', '--job-id', '27', '--raw', '--subdir', 'DAGS_FOLDER/homework_dag.py', '--cfg-path', '/tmp/tmpt30tldyz']
[2025-01-30T09:59:01.186+0000] {standard_task_runner.py:105} INFO - Job 27: Subtask task_2
[2025-01-30T09:59:01.844+0000] {task_command.py:467} INFO - Running <TaskInstance: homework_workflow_ingest.task_2 scheduled__2019-12-02T00:00:00+00:00 [running]> on host 713eb9fcfb63
[2025-01-30T09:59:02.898+0000] {taskinstance.py:3132} INFO - Exporting env vars: AIRFLOW_CTX_DAG_OWNER='***' AIRFLOW_CTX_DAG_ID='homework_workflow_ingest' AIRFLOW_CTX_TASK_ID='task_2' AIRFLOW_CTX_EXECUTION_DATE='2019-12-02T00:00:00+00:00' AIRFLOW_CTX_TRY_NUMBER='1' AIRFLOW_CTX_DAG_RUN_ID='scheduled__2019-12-02T00:00:00+00:00'
[2025-01-30T09:59:02.914+0000] {taskinstance.py:731} INFO - ::endgroup::
[2025-01-30T09:59:03.034+0000] {subprocess.py:78} INFO - Tmp dir root location: /tmp
[2025-01-30T09:59:03.047+0000] {subprocess.py:88} INFO - Running command: ['/usr/bin/bash', '-c', "echo '2019-12'"]
[2025-01-30T09:59:03.065+0000] {subprocess.py:99} INFO - Output:
[2025-01-30T09:59:03.072+0000] {subprocess.py:106} INFO - 2019-12
[2025-01-30T09:59:03.084+0000] {subprocess.py:110} INFO - Command exited with return code 0
[2025-01-30T09:59:04.629+0000] {taskinstance.py:340} INFO - ::group::Post task execution logs
[2025-01-30T09:59:04.632+0000] {taskinstance.py:352} INFO - Marking task as SUCCESS. dag_id=homework_workflow_ingest, task_id=task_2, run_id=scheduled__2019-12-02T00:00:00+00:00, execution_date=20191202T000000, start_date=20250130T095900, end_date=20250130T095904
[2025-01-30T09:59:05.466+0000] {local_task_job_runner.py:266} INFO - Task exited with return code 0
[2025-01-30T09:59:05.521+0000] {taskinstance.py:3895} INFO - 0 downstream tasks scheduled from follow-on schedule check
[2025-01-30T09:59:05.584+0000] {local_task_job_runner.py:245} INFO - ::endgroup::
