[2025-01-30T10:36:26.756+0000] {local_task_job_runner.py:123} INFO - ::group::Pre task execution logs
[2025-01-30T10:36:26.822+0000] {taskinstance.py:2613} INFO - Dependencies all met for dep_context=non-requeueable deps ti=<TaskInstance: fhv_to_gcp_dag.download_fhv scheduled__2019-05-02T00:00:00+00:00 [queued]>
[2025-01-30T10:36:26.846+0000] {taskinstance.py:2613} INFO - Dependencies all met for dep_context=requeueable deps ti=<TaskInstance: fhv_to_gcp_dag.download_fhv scheduled__2019-05-02T00:00:00+00:00 [queued]>
[2025-01-30T10:36:26.847+0000] {taskinstance.py:2866} INFO - Starting attempt 2 of 2
[2025-01-30T10:36:26.909+0000] {taskinstance.py:2889} INFO - Executing <Task(BashOperator): download_fhv> on 2019-05-02 00:00:00+00:00
[2025-01-30T10:36:26.991+0000] {logging_mixin.py:190} WARNING - /home/***/.local/lib/python3.12/site-packages/***/task/task_runner/standard_task_runner.py:70 DeprecationWarning: This process (pid=860) is multi-threaded, use of fork() may lead to deadlocks in the child.
[2025-01-30T10:36:26.999+0000] {standard_task_runner.py:72} INFO - Started process 884 to run task
[2025-01-30T10:36:27.002+0000] {standard_task_runner.py:104} INFO - Running: ['***', 'tasks', 'run', 'fhv_to_gcp_dag', 'download_fhv', 'scheduled__2019-05-02T00:00:00+00:00', '--job-id', '108', '--raw', '--subdir', 'DAGS_FOLDER/homework_fhv_dag.py', '--cfg-path', '/tmp/tmpq8ip9r_s']
[2025-01-30T10:36:27.040+0000] {standard_task_runner.py:105} INFO - Job 108: Subtask download_fhv
[2025-01-30T10:36:27.289+0000] {task_command.py:467} INFO - Running <TaskInstance: fhv_to_gcp_dag.download_fhv scheduled__2019-05-02T00:00:00+00:00 [running]> on host 9573d401388f
[2025-01-30T10:36:27.715+0000] {taskinstance.py:3132} INFO - Exporting env vars: AIRFLOW_CTX_DAG_OWNER='***' AIRFLOW_CTX_DAG_ID='fhv_to_gcp_dag' AIRFLOW_CTX_TASK_ID='download_fhv' AIRFLOW_CTX_EXECUTION_DATE='2019-05-02T00:00:00+00:00' AIRFLOW_CTX_TRY_NUMBER='2' AIRFLOW_CTX_DAG_RUN_ID='scheduled__2019-05-02T00:00:00+00:00'
[2025-01-30T10:36:27.719+0000] {taskinstance.py:731} INFO - ::endgroup::
[2025-01-30T10:36:27.785+0000] {subprocess.py:78} INFO - Tmp dir root location: /tmp
[2025-01-30T10:36:27.792+0000] {subprocess.py:88} INFO - Running command: ['/usr/bin/bash', '-c', 'curl -o /opt/***/data/fhv_2019-05_data.parquet https://d37ci6vzurychx.cloudfront.net/trip-data/fhv_tripdata_2019-05.parquet']
[2025-01-30T10:36:27.905+0000] {subprocess.py:99} INFO - Output:
[2025-01-30T10:36:28.010+0000] {subprocess.py:106} INFO -   % Total    % Received % Xferd  Average Speed   Time    Time     Time  Current
[2025-01-30T10:36:28.011+0000] {subprocess.py:106} INFO -                                  Dload  Upload   Total   Spent    Left  Speed
[2025-01-30T10:36:30.044+0000] {subprocess.py:106} INFO -   0     0    0     0    0     0      0      0 --:--:-- --:--:-- --:--:--     0  2 17.3M    2  519k    0     0   600k      0  0:00:29 --:--:--  0:00:29  600k 99 17.3M   99 17.2M    0     0  8678k      0  0:00:02  0:00:02 --:--:-- 8682k100 17.3M  100 17.3M    0     0  8713k      0  0:00:02  0:00:02 --:--:-- 8714k
[2025-01-30T10:36:30.052+0000] {subprocess.py:110} INFO - Command exited with return code 0
[2025-01-30T10:36:32.407+0000] {taskinstance.py:340} INFO - ::group::Post task execution logs
[2025-01-30T10:36:32.408+0000] {taskinstance.py:352} INFO - Marking task as SUCCESS. dag_id=fhv_to_gcp_dag, task_id=download_fhv, run_id=scheduled__2019-05-02T00:00:00+00:00, execution_date=20190502T000000, start_date=20250130T103626, end_date=20250130T103632
[2025-01-30T10:36:32.662+0000] {local_task_job_runner.py:266} INFO - Task exited with return code 0
[2025-01-30T10:36:32.841+0000] {taskinstance.py:3895} INFO - 1 downstream tasks scheduled from follow-on schedule check
[2025-01-30T10:36:32.857+0000] {local_task_job_runner.py:245} INFO - ::endgroup::
