[2025-01-30T09:33:50.184+0000] {local_task_job_runner.py:123} INFO - ::group::Pre task execution logs
[2025-01-30T09:33:50.280+0000] {taskinstance.py:2613} INFO - Dependencies all met for dep_context=non-requeueable deps ti=<TaskInstance: homework_workflow_ingest.task_2 scheduled__2020-08-02T00:00:00+00:00 [queued]>
[2025-01-30T09:33:50.327+0000] {taskinstance.py:2613} INFO - Dependencies all met for dep_context=requeueable deps ti=<TaskInstance: homework_workflow_ingest.task_2 scheduled__2020-08-02T00:00:00+00:00 [queued]>
[2025-01-30T09:33:50.328+0000] {taskinstance.py:2866} INFO - Starting attempt 1 of 1
[2025-01-30T09:33:50.411+0000] {taskinstance.py:2889} INFO - Executing <Task(BashOperator): task_2> on 2020-08-02 00:00:00+00:00
[2025-01-30T09:33:50.422+0000] {logging_mixin.py:190} WARNING - /home/***/.local/lib/python3.12/site-packages/***/task/task_runner/standard_task_runner.py:70 DeprecationWarning: This process (pid=400) is multi-threaded, use of fork() may lead to deadlocks in the child.
[2025-01-30T09:33:50.426+0000] {standard_task_runner.py:72} INFO - Started process 405 to run task
[2025-01-30T09:33:50.432+0000] {standard_task_runner.py:104} INFO - Running: ['***', 'tasks', 'run', 'homework_workflow_ingest', 'task_2', 'scheduled__2020-08-02T00:00:00+00:00', '--job-id', '78', '--raw', '--subdir', 'DAGS_FOLDER/homework_dag.py', '--cfg-path', '/tmp/tmpeb7w5hww']
[2025-01-30T09:33:50.438+0000] {standard_task_runner.py:105} INFO - Job 78: Subtask task_2
[2025-01-30T09:33:50.594+0000] {task_command.py:467} INFO - Running <TaskInstance: homework_workflow_ingest.task_2 scheduled__2020-08-02T00:00:00+00:00 [running]> on host 710324c6e27a
[2025-01-30T09:33:50.972+0000] {taskinstance.py:3132} INFO - Exporting env vars: AIRFLOW_CTX_DAG_OWNER='***' AIRFLOW_CTX_DAG_ID='homework_workflow_ingest' AIRFLOW_CTX_TASK_ID='task_2' AIRFLOW_CTX_EXECUTION_DATE='2020-08-02T00:00:00+00:00' AIRFLOW_CTX_TRY_NUMBER='1' AIRFLOW_CTX_DAG_RUN_ID='scheduled__2020-08-02T00:00:00+00:00'
[2025-01-30T09:33:50.973+0000] {taskinstance.py:731} INFO - ::endgroup::
[2025-01-30T09:33:51.003+0000] {subprocess.py:78} INFO - Tmp dir root location: /tmp
[2025-01-30T09:33:51.004+0000] {subprocess.py:88} INFO - Running command: ['/usr/bin/bash', '-c', "echo '2020-08'"]
[2025-01-30T09:33:51.024+0000] {subprocess.py:99} INFO - Output:
[2025-01-30T09:33:51.033+0000] {subprocess.py:106} INFO - 2020-08
[2025-01-30T09:33:51.037+0000] {subprocess.py:110} INFO - Command exited with return code 0
[2025-01-30T09:33:51.097+0000] {taskinstance.py:340} INFO - ::group::Post task execution logs
[2025-01-30T09:33:51.098+0000] {taskinstance.py:352} INFO - Marking task as SUCCESS. dag_id=homework_workflow_ingest, task_id=task_2, run_id=scheduled__2020-08-02T00:00:00+00:00, execution_date=20200802T000000, start_date=20250130T093350, end_date=20250130T093351
[2025-01-30T09:33:51.130+0000] {local_task_job_runner.py:266} INFO - Task exited with return code 0
[2025-01-30T09:33:51.163+0000] {taskinstance.py:3895} INFO - 0 downstream tasks scheduled from follow-on schedule check
[2025-01-30T09:33:51.170+0000] {local_task_job_runner.py:245} INFO - ::endgroup::
[2025-01-30T09:59:14.446+0000] {local_task_job_runner.py:123} INFO - ::group::Pre task execution logs
[2025-01-30T09:59:14.488+0000] {taskinstance.py:2613} INFO - Dependencies all met for dep_context=non-requeueable deps ti=<TaskInstance: homework_workflow_ingest.task_2 scheduled__2020-08-02T00:00:00+00:00 [queued]>
[2025-01-30T09:59:14.500+0000] {taskinstance.py:2613} INFO - Dependencies all met for dep_context=requeueable deps ti=<TaskInstance: homework_workflow_ingest.task_2 scheduled__2020-08-02T00:00:00+00:00 [queued]>
[2025-01-30T09:59:14.501+0000] {taskinstance.py:2866} INFO - Starting attempt 1 of 1
[2025-01-30T09:59:14.546+0000] {taskinstance.py:2889} INFO - Executing <Task(BashOperator): task_2> on 2020-08-02 00:00:00+00:00
[2025-01-30T09:59:14.560+0000] {logging_mixin.py:190} WARNING - /home/***/.local/lib/python3.12/site-packages/***/task/task_runner/standard_task_runner.py:70 DeprecationWarning: This process (pid=399) is multi-threaded, use of fork() may lead to deadlocks in the child.
[2025-01-30T09:59:14.561+0000] {standard_task_runner.py:72} INFO - Started process 403 to run task
[2025-01-30T09:59:14.565+0000] {standard_task_runner.py:104} INFO - Running: ['***', 'tasks', 'run', 'homework_workflow_ingest', 'task_2', 'scheduled__2020-08-02T00:00:00+00:00', '--job-id', '44', '--raw', '--subdir', 'DAGS_FOLDER/homework_dag.py', '--cfg-path', '/tmp/tmp2p5_fjkm']
[2025-01-30T09:59:14.567+0000] {standard_task_runner.py:105} INFO - Job 44: Subtask task_2
[2025-01-30T09:59:14.729+0000] {task_command.py:467} INFO - Running <TaskInstance: homework_workflow_ingest.task_2 scheduled__2020-08-02T00:00:00+00:00 [running]> on host 713eb9fcfb63
[2025-01-30T09:59:15.045+0000] {taskinstance.py:3132} INFO - Exporting env vars: AIRFLOW_CTX_DAG_OWNER='***' AIRFLOW_CTX_DAG_ID='homework_workflow_ingest' AIRFLOW_CTX_TASK_ID='task_2' AIRFLOW_CTX_EXECUTION_DATE='2020-08-02T00:00:00+00:00' AIRFLOW_CTX_TRY_NUMBER='1' AIRFLOW_CTX_DAG_RUN_ID='scheduled__2020-08-02T00:00:00+00:00'
[2025-01-30T09:59:15.046+0000] {taskinstance.py:731} INFO - ::endgroup::
[2025-01-30T09:59:15.131+0000] {subprocess.py:78} INFO - Tmp dir root location: /tmp
[2025-01-30T09:59:15.133+0000] {subprocess.py:88} INFO - Running command: ['/usr/bin/bash', '-c', "echo '2020-08'"]
[2025-01-30T09:59:15.152+0000] {subprocess.py:99} INFO - Output:
[2025-01-30T09:59:15.155+0000] {subprocess.py:106} INFO - 2020-08
[2025-01-30T09:59:15.156+0000] {subprocess.py:110} INFO - Command exited with return code 0
[2025-01-30T09:59:15.200+0000] {taskinstance.py:340} INFO - ::group::Post task execution logs
[2025-01-30T09:59:15.200+0000] {taskinstance.py:352} INFO - Marking task as SUCCESS. dag_id=homework_workflow_ingest, task_id=task_2, run_id=scheduled__2020-08-02T00:00:00+00:00, execution_date=20200802T000000, start_date=20250130T095914, end_date=20250130T095915
[2025-01-30T09:59:15.261+0000] {local_task_job_runner.py:266} INFO - Task exited with return code 0
[2025-01-30T09:59:15.306+0000] {taskinstance.py:3895} INFO - 0 downstream tasks scheduled from follow-on schedule check
[2025-01-30T09:59:15.311+0000] {local_task_job_runner.py:245} INFO - ::endgroup::
