[2025-01-28T09:48:02.707+0000] {local_task_job_runner.py:123} INFO - ::group::Pre task execution logs
[2025-01-28T09:48:02.727+0000] {taskinstance.py:2613} INFO - Dependencies all met for dep_context=non-requeueable deps ti=<TaskInstance: dag_data_ingestion.get_data manual__2025-01-28T09:48:02.288548+00:00 [queued]>
[2025-01-28T09:48:02.735+0000] {taskinstance.py:2613} INFO - Dependencies all met for dep_context=requeueable deps ti=<TaskInstance: dag_data_ingestion.get_data manual__2025-01-28T09:48:02.288548+00:00 [queued]>
[2025-01-28T09:48:02.735+0000] {taskinstance.py:2866} INFO - Starting attempt 1 of 1
[2025-01-28T09:48:02.749+0000] {taskinstance.py:2889} INFO - Executing <Task(BashOperator): get_data> on 2025-01-28 09:48:02.288548+00:00
[2025-01-28T09:48:02.758+0000] {standard_task_runner.py:104} INFO - Running: ['***', 'tasks', 'run', 'dag_data_ingestion', 'get_data', 'manual__2025-01-28T09:48:02.288548+00:00', '--job-id', '64', '--raw', '--subdir', 'DAGS_FOLDER/dag_data_ingestion.py', '--cfg-path', '/tmp/tmppm9xer6g']
[2025-01-28T09:48:02.760+0000] {standard_task_runner.py:105} INFO - Job 64: Subtask get_data
[2025-01-28T09:48:02.762+0000] {logging_mixin.py:190} WARNING - /home/***/.local/lib/python3.12/site-packages/***/task/task_runner/standard_task_runner.py:70 DeprecationWarning: This process (pid=1511) is multi-threaded, use of fork() may lead to deadlocks in the child.
[2025-01-28T09:48:02.763+0000] {standard_task_runner.py:72} INFO - Started process 1512 to run task
[2025-01-28T09:48:02.797+0000] {task_command.py:467} INFO - Running <TaskInstance: dag_data_ingestion.get_data manual__2025-01-28T09:48:02.288548+00:00 [running]> on host 7537dc2fd5ca
[2025-01-28T09:48:02.867+0000] {taskinstance.py:3132} INFO - Exporting env vars: AIRFLOW_CTX_DAG_OWNER='***' AIRFLOW_CTX_DAG_ID='dag_data_ingestion' AIRFLOW_CTX_TASK_ID='get_data' AIRFLOW_CTX_EXECUTION_DATE='2025-01-28T09:48:02.288548+00:00' AIRFLOW_CTX_TRY_NUMBER='1' AIRFLOW_CTX_DAG_RUN_ID='manual__2025-01-28T09:48:02.288548+00:00'
[2025-01-28T09:48:02.867+0000] {taskinstance.py:731} INFO - ::endgroup::
[2025-01-28T09:48:02.878+0000] {subprocess.py:78} INFO - Tmp dir root location: /tmp
[2025-01-28T09:48:02.879+0000] {subprocess.py:88} INFO - Running command: ['/usr/bin/bash', '-c', 'curl -o /opt/***/dags/data/green_data.parquet https://d37ci6vzurychx.cloudfront.net/trip-data/green_tripdata_2022-01.parquet']
[2025-01-28T09:48:02.888+0000] {subprocess.py:99} INFO - Output:
[2025-01-28T09:48:02.897+0000] {subprocess.py:106} INFO -   % Total    % Received % Xferd  Average Speed   Time    Time     Time  Current
[2025-01-28T09:48:02.898+0000] {subprocess.py:106} INFO -                                  Dload  Upload   Total   Spent    Left  Speed
[2025-01-28T09:48:03.974+0000] {subprocess.py:106} INFO -   0     0    0     0    0     0      0      0 --:--:-- --:--:-- --:--:--     0  0     0    0     0    0     0      0      0 --:--:-- --:--:-- --:--:--     0100 1224k  100 1224k    0     0  1137k      0  0:00:01  0:00:01 --:--:-- 1138k
[2025-01-28T09:48:03.977+0000] {subprocess.py:110} INFO - Command exited with return code 0
[2025-01-28T09:48:03.998+0000] {taskinstance.py:340} INFO - ::group::Post task execution logs
[2025-01-28T09:48:03.999+0000] {taskinstance.py:352} INFO - Marking task as SUCCESS. dag_id=dag_data_ingestion, task_id=get_data, run_id=manual__2025-01-28T09:48:02.288548+00:00, execution_date=20250128T094802, start_date=20250128T094802, end_date=20250128T094803
[2025-01-28T09:48:04.020+0000] {local_task_job_runner.py:266} INFO - Task exited with return code 0
[2025-01-28T09:48:04.037+0000] {taskinstance.py:3895} INFO - 1 downstream tasks scheduled from follow-on schedule check
[2025-01-28T09:48:04.039+0000] {local_task_job_runner.py:245} INFO - ::endgroup::
