[2025-01-28T09:33:55.496+0000] {local_task_job_runner.py:123} INFO - ::group::Pre task execution logs
[2025-01-28T09:33:55.511+0000] {taskinstance.py:2613} INFO - Dependencies all met for dep_context=non-requeueable deps ti=<TaskInstance: dag_data_ingestion.get_data manual__2025-01-28T09:33:54.747515+00:00 [queued]>
[2025-01-28T09:33:55.516+0000] {taskinstance.py:2613} INFO - Dependencies all met for dep_context=requeueable deps ti=<TaskInstance: dag_data_ingestion.get_data manual__2025-01-28T09:33:54.747515+00:00 [queued]>
[2025-01-28T09:33:55.517+0000] {taskinstance.py:2866} INFO - Starting attempt 1 of 1
[2025-01-28T09:33:55.526+0000] {taskinstance.py:2889} INFO - Executing <Task(BashOperator): get_data> on 2025-01-28 09:33:54.747515+00:00
[2025-01-28T09:33:55.533+0000] {standard_task_runner.py:104} INFO - Running: ['***', 'tasks', 'run', 'dag_data_ingestion', 'get_data', 'manual__2025-01-28T09:33:54.747515+00:00', '--job-id', '51', '--raw', '--subdir', 'DAGS_FOLDER/dag_data_ingestion.py', '--cfg-path', '/tmp/tmp460q65cs']
[2025-01-28T09:33:55.535+0000] {standard_task_runner.py:105} INFO - Job 51: Subtask get_data
[2025-01-28T09:33:55.536+0000] {logging_mixin.py:190} WARNING - /home/***/.local/lib/python3.12/site-packages/***/task/task_runner/standard_task_runner.py:70 DeprecationWarning: This process (pid=1127) is multi-threaded, use of fork() may lead to deadlocks in the child.
[2025-01-28T09:33:55.536+0000] {standard_task_runner.py:72} INFO - Started process 1128 to run task
[2025-01-28T09:33:55.573+0000] {task_command.py:467} INFO - Running <TaskInstance: dag_data_ingestion.get_data manual__2025-01-28T09:33:54.747515+00:00 [running]> on host 7537dc2fd5ca
[2025-01-28T09:33:55.661+0000] {taskinstance.py:3132} INFO - Exporting env vars: AIRFLOW_CTX_DAG_OWNER='***' AIRFLOW_CTX_DAG_ID='dag_data_ingestion' AIRFLOW_CTX_TASK_ID='get_data' AIRFLOW_CTX_EXECUTION_DATE='2025-01-28T09:33:54.747515+00:00' AIRFLOW_CTX_TRY_NUMBER='1' AIRFLOW_CTX_DAG_RUN_ID='manual__2025-01-28T09:33:54.747515+00:00'
[2025-01-28T09:33:55.661+0000] {taskinstance.py:731} INFO - ::endgroup::
[2025-01-28T09:33:55.673+0000] {subprocess.py:78} INFO - Tmp dir root location: /tmp
[2025-01-28T09:33:55.673+0000] {subprocess.py:88} INFO - Running command: ['/usr/bin/bash', '-c', 'echo wget -O opt/***/dag/data/yellow_data.csv https://github.com/DataTalksClub/nyc-tlc-data/releases/download/yellow/yellow_tripdata_2022-01.csv']
[2025-01-28T09:33:55.684+0000] {subprocess.py:99} INFO - Output:
[2025-01-28T09:33:55.686+0000] {subprocess.py:106} INFO - wget -O opt/***/dag/data/yellow_data.csv https://github.com/DataTalksClub/nyc-tlc-data/releases/download/yellow/yellow_tripdata_2022-01.csv
[2025-01-28T09:33:55.686+0000] {subprocess.py:110} INFO - Command exited with return code 0
[2025-01-28T09:33:55.708+0000] {taskinstance.py:340} INFO - ::group::Post task execution logs
[2025-01-28T09:33:55.708+0000] {taskinstance.py:352} INFO - Marking task as SUCCESS. dag_id=dag_data_ingestion, task_id=get_data, run_id=manual__2025-01-28T09:33:54.747515+00:00, execution_date=20250128T093354, start_date=20250128T093355, end_date=20250128T093355
[2025-01-28T09:33:55.750+0000] {local_task_job_runner.py:266} INFO - Task exited with return code 0
[2025-01-28T09:33:55.769+0000] {taskinstance.py:3895} INFO - 1 downstream tasks scheduled from follow-on schedule check
[2025-01-28T09:33:55.770+0000] {local_task_job_runner.py:245} INFO - ::endgroup::
