[2025-01-30T10:36:48.225+0000] {local_task_job_runner.py:123} INFO - ::group::Pre task execution logs
[2025-01-30T10:36:48.315+0000] {taskinstance.py:2613} INFO - Dependencies all met for dep_context=non-requeueable deps ti=<TaskInstance: fhv_to_gcp_dag.download_fhv scheduled__2020-05-02T00:00:00+00:00 [queued]>
[2025-01-30T10:36:48.439+0000] {taskinstance.py:2613} INFO - Dependencies all met for dep_context=requeueable deps ti=<TaskInstance: fhv_to_gcp_dag.download_fhv scheduled__2020-05-02T00:00:00+00:00 [queued]>
[2025-01-30T10:36:48.440+0000] {taskinstance.py:2866} INFO - Starting attempt 2 of 2
[2025-01-30T10:36:48.502+0000] {taskinstance.py:2889} INFO - Executing <Task(BashOperator): download_fhv> on 2020-05-02 00:00:00+00:00
[2025-01-30T10:36:48.524+0000] {logging_mixin.py:190} WARNING - /home/***/.local/lib/python3.12/site-packages/***/task/task_runner/standard_task_runner.py:70 DeprecationWarning: This process (pid=993) is multi-threaded, use of fork() may lead to deadlocks in the child.
[2025-01-30T10:36:48.525+0000] {standard_task_runner.py:72} INFO - Started process 1001 to run task
[2025-01-30T10:36:48.539+0000] {standard_task_runner.py:104} INFO - Running: ['***', 'tasks', 'run', 'fhv_to_gcp_dag', 'download_fhv', 'scheduled__2020-05-02T00:00:00+00:00', '--job-id', '135', '--raw', '--subdir', 'DAGS_FOLDER/homework_fhv_dag.py', '--cfg-path', '/tmp/tmpvt9g5nup']
[2025-01-30T10:36:48.541+0000] {standard_task_runner.py:105} INFO - Job 135: Subtask download_fhv
[2025-01-30T10:36:48.784+0000] {task_command.py:467} INFO - Running <TaskInstance: fhv_to_gcp_dag.download_fhv scheduled__2020-05-02T00:00:00+00:00 [running]> on host 9573d401388f
[2025-01-30T10:36:49.377+0000] {taskinstance.py:3132} INFO - Exporting env vars: AIRFLOW_CTX_DAG_OWNER='***' AIRFLOW_CTX_DAG_ID='fhv_to_gcp_dag' AIRFLOW_CTX_TASK_ID='download_fhv' AIRFLOW_CTX_EXECUTION_DATE='2020-05-02T00:00:00+00:00' AIRFLOW_CTX_TRY_NUMBER='2' AIRFLOW_CTX_DAG_RUN_ID='scheduled__2020-05-02T00:00:00+00:00'
[2025-01-30T10:36:49.378+0000] {taskinstance.py:731} INFO - ::endgroup::
[2025-01-30T10:36:50.530+0000] {subprocess.py:78} INFO - Tmp dir root location: /tmp
[2025-01-30T10:36:50.543+0000] {subprocess.py:88} INFO - Running command: ['/usr/bin/bash', '-c', 'curl -o /opt/***/data/fhv_2020-05_data.parquet https://d37ci6vzurychx.cloudfront.net/trip-data/fhv_tripdata_2020-05.parquet']
[2025-01-30T10:36:50.617+0000] {subprocess.py:99} INFO - Output:
[2025-01-30T10:36:50.649+0000] {subprocess.py:106} INFO -   % Total    % Received % Xferd  Average Speed   Time    Time     Time  Current
[2025-01-30T10:36:50.650+0000] {subprocess.py:106} INFO -                                  Dload  Upload   Total   Spent    Left  Speed
[2025-01-30T10:36:52.299+0000] {subprocess.py:106} INFO -   0     0    0     0    0     0      0      0 --:--:-- --:--:-- --:--:--     0  0     0    0     0    0     0      0      0 --:--:-- --:--:-- --:--:--     0  9 8264k    9  770k    0     0   632k      0  0:00:13  0:00:01  0:00:12  632k100 8264k  100 8264k    0     0  5007k      0  0:00:01  0:00:01 --:--:-- 5005k
[2025-01-30T10:36:52.307+0000] {subprocess.py:110} INFO - Command exited with return code 0
[2025-01-30T10:36:54.122+0000] {taskinstance.py:340} INFO - ::group::Post task execution logs
[2025-01-30T10:36:54.134+0000] {taskinstance.py:352} INFO - Marking task as SUCCESS. dag_id=fhv_to_gcp_dag, task_id=download_fhv, run_id=scheduled__2020-05-02T00:00:00+00:00, execution_date=20200502T000000, start_date=20250130T103648, end_date=20250130T103654
[2025-01-30T10:36:54.349+0000] {local_task_job_runner.py:266} INFO - Task exited with return code 0
[2025-01-30T10:36:54.376+0000] {taskinstance.py:3895} INFO - 1 downstream tasks scheduled from follow-on schedule check
[2025-01-30T10:36:54.414+0000] {local_task_job_runner.py:245} INFO - ::endgroup::
