[2025-01-30T09:33:38.791+0000] {local_task_job_runner.py:123} INFO - ::group::Pre task execution logs
[2025-01-30T09:33:38.947+0000] {taskinstance.py:2613} INFO - Dependencies all met for dep_context=non-requeueable deps ti=<TaskInstance: homework_workflow_ingest.task_2 scheduled__2020-02-02T00:00:00+00:00 [queued]>
[2025-01-30T09:33:38.988+0000] {taskinstance.py:2613} INFO - Dependencies all met for dep_context=requeueable deps ti=<TaskInstance: homework_workflow_ingest.task_2 scheduled__2020-02-02T00:00:00+00:00 [queued]>
[2025-01-30T09:33:38.988+0000] {taskinstance.py:2866} INFO - Starting attempt 1 of 1
[2025-01-30T09:33:39.492+0000] {taskinstance.py:2889} INFO - Executing <Task(BashOperator): task_2> on 2020-02-02 00:00:00+00:00
[2025-01-30T09:33:39.512+0000] {logging_mixin.py:190} WARNING - /home/***/.local/lib/python3.12/site-packages/***/task/task_runner/standard_task_runner.py:70 DeprecationWarning: This process (pid=305) is multi-threaded, use of fork() may lead to deadlocks in the child.
[2025-01-30T09:33:39.514+0000] {standard_task_runner.py:72} INFO - Started process 325 to run task
[2025-01-30T09:33:39.619+0000] {standard_task_runner.py:104} INFO - Running: ['***', 'tasks', 'run', 'homework_workflow_ingest', 'task_2', 'scheduled__2020-02-02T00:00:00+00:00', '--job-id', '65', '--raw', '--subdir', 'DAGS_FOLDER/homework_dag.py', '--cfg-path', '/tmp/tmp_og1i9tq']
[2025-01-30T09:33:39.629+0000] {standard_task_runner.py:105} INFO - Job 65: Subtask task_2
[2025-01-30T09:33:39.798+0000] {task_command.py:467} INFO - Running <TaskInstance: homework_workflow_ingest.task_2 scheduled__2020-02-02T00:00:00+00:00 [running]> on host 710324c6e27a
[2025-01-30T09:33:40.101+0000] {taskinstance.py:3132} INFO - Exporting env vars: AIRFLOW_CTX_DAG_OWNER='***' AIRFLOW_CTX_DAG_ID='homework_workflow_ingest' AIRFLOW_CTX_TASK_ID='task_2' AIRFLOW_CTX_EXECUTION_DATE='2020-02-02T00:00:00+00:00' AIRFLOW_CTX_TRY_NUMBER='1' AIRFLOW_CTX_DAG_RUN_ID='scheduled__2020-02-02T00:00:00+00:00'
[2025-01-30T09:33:40.102+0000] {taskinstance.py:731} INFO - ::endgroup::
[2025-01-30T09:33:40.134+0000] {subprocess.py:78} INFO - Tmp dir root location: /tmp
[2025-01-30T09:33:40.135+0000] {subprocess.py:88} INFO - Running command: ['/usr/bin/bash', '-c', "echo '2020-02'"]
[2025-01-30T09:33:40.157+0000] {subprocess.py:99} INFO - Output:
[2025-01-30T09:33:40.161+0000] {subprocess.py:106} INFO - 2020-02
[2025-01-30T09:33:40.162+0000] {subprocess.py:110} INFO - Command exited with return code 0
[2025-01-30T09:33:40.206+0000] {taskinstance.py:340} INFO - ::group::Post task execution logs
[2025-01-30T09:33:40.206+0000] {taskinstance.py:352} INFO - Marking task as SUCCESS. dag_id=homework_workflow_ingest, task_id=task_2, run_id=scheduled__2020-02-02T00:00:00+00:00, execution_date=20200202T000000, start_date=20250130T093338, end_date=20250130T093340
[2025-01-30T09:33:40.269+0000] {local_task_job_runner.py:266} INFO - Task exited with return code 0
[2025-01-30T09:33:40.285+0000] {taskinstance.py:3895} INFO - 0 downstream tasks scheduled from follow-on schedule check
[2025-01-30T09:33:40.286+0000] {local_task_job_runner.py:245} INFO - ::endgroup::
[2025-01-30T09:59:06.091+0000] {local_task_job_runner.py:123} INFO - ::group::Pre task execution logs
[2025-01-30T09:59:06.144+0000] {taskinstance.py:2613} INFO - Dependencies all met for dep_context=non-requeueable deps ti=<TaskInstance: homework_workflow_ingest.task_2 scheduled__2020-02-02T00:00:00+00:00 [queued]>
[2025-01-30T09:59:06.182+0000] {taskinstance.py:2613} INFO - Dependencies all met for dep_context=requeueable deps ti=<TaskInstance: homework_workflow_ingest.task_2 scheduled__2020-02-02T00:00:00+00:00 [queued]>
[2025-01-30T09:59:06.185+0000] {taskinstance.py:2866} INFO - Starting attempt 1 of 1
[2025-01-30T09:59:06.246+0000] {taskinstance.py:2889} INFO - Executing <Task(BashOperator): task_2> on 2020-02-02 00:00:00+00:00
[2025-01-30T09:59:06.271+0000] {standard_task_runner.py:104} INFO - Running: ['***', 'tasks', 'run', 'homework_workflow_ingest', 'task_2', 'scheduled__2020-02-02T00:00:00+00:00', '--job-id', '32', '--raw', '--subdir', 'DAGS_FOLDER/homework_dag.py', '--cfg-path', '/tmp/tmpa8rl82yc']
[2025-01-30T09:59:06.278+0000] {standard_task_runner.py:105} INFO - Job 32: Subtask task_2
[2025-01-30T09:59:06.291+0000] {logging_mixin.py:190} WARNING - /home/***/.local/lib/python3.12/site-packages/***/task/task_runner/standard_task_runner.py:70 DeprecationWarning: This process (pid=343) is multi-threaded, use of fork() may lead to deadlocks in the child.
[2025-01-30T09:59:06.291+0000] {standard_task_runner.py:72} INFO - Started process 346 to run task
[2025-01-30T09:59:06.414+0000] {task_command.py:467} INFO - Running <TaskInstance: homework_workflow_ingest.task_2 scheduled__2020-02-02T00:00:00+00:00 [running]> on host 713eb9fcfb63
[2025-01-30T09:59:06.625+0000] {taskinstance.py:3132} INFO - Exporting env vars: AIRFLOW_CTX_DAG_OWNER='***' AIRFLOW_CTX_DAG_ID='homework_workflow_ingest' AIRFLOW_CTX_TASK_ID='task_2' AIRFLOW_CTX_EXECUTION_DATE='2020-02-02T00:00:00+00:00' AIRFLOW_CTX_TRY_NUMBER='1' AIRFLOW_CTX_DAG_RUN_ID='scheduled__2020-02-02T00:00:00+00:00'
[2025-01-30T09:59:06.626+0000] {taskinstance.py:731} INFO - ::endgroup::
[2025-01-30T09:59:06.718+0000] {subprocess.py:78} INFO - Tmp dir root location: /tmp
[2025-01-30T09:59:06.718+0000] {subprocess.py:88} INFO - Running command: ['/usr/bin/bash', '-c', "echo '2020-02'"]
[2025-01-30T09:59:06.735+0000] {subprocess.py:99} INFO - Output:
[2025-01-30T09:59:06.738+0000] {subprocess.py:106} INFO - 2020-02
[2025-01-30T09:59:06.739+0000] {subprocess.py:110} INFO - Command exited with return code 0
[2025-01-30T09:59:06.787+0000] {taskinstance.py:340} INFO - ::group::Post task execution logs
[2025-01-30T09:59:06.788+0000] {taskinstance.py:352} INFO - Marking task as SUCCESS. dag_id=homework_workflow_ingest, task_id=task_2, run_id=scheduled__2020-02-02T00:00:00+00:00, execution_date=20200202T000000, start_date=20250130T095906, end_date=20250130T095906
[2025-01-30T09:59:06.841+0000] {local_task_job_runner.py:266} INFO - Task exited with return code 0
[2025-01-30T09:59:06.865+0000] {taskinstance.py:3895} INFO - 0 downstream tasks scheduled from follow-on schedule check
[2025-01-30T09:59:06.867+0000] {local_task_job_runner.py:245} INFO - ::endgroup::
