[2025-01-30T09:33:38.901+0000] {local_task_job_runner.py:123} INFO - ::group::Pre task execution logs
[2025-01-30T09:33:39.011+0000] {taskinstance.py:2613} INFO - Dependencies all met for dep_context=non-requeueable deps ti=<TaskInstance: homework_workflow_ingest.task_2 scheduled__2020-03-02T00:00:00+00:00 [queued]>
[2025-01-30T09:33:39.050+0000] {taskinstance.py:2613} INFO - Dependencies all met for dep_context=requeueable deps ti=<TaskInstance: homework_workflow_ingest.task_2 scheduled__2020-03-02T00:00:00+00:00 [queued]>
[2025-01-30T09:33:39.051+0000] {taskinstance.py:2866} INFO - Starting attempt 1 of 1
[2025-01-30T09:33:39.596+0000] {taskinstance.py:2889} INFO - Executing <Task(BashOperator): task_2> on 2020-03-02 00:00:00+00:00
[2025-01-30T09:33:39.646+0000] {logging_mixin.py:190} WARNING - /home/***/.local/lib/python3.12/site-packages/***/task/task_runner/standard_task_runner.py:70 DeprecationWarning: This process (pid=304) is multi-threaded, use of fork() may lead to deadlocks in the child.
[2025-01-30T09:33:39.652+0000] {standard_task_runner.py:72} INFO - Started process 328 to run task
[2025-01-30T09:33:39.663+0000] {standard_task_runner.py:104} INFO - Running: ['***', 'tasks', 'run', 'homework_workflow_ingest', 'task_2', 'scheduled__2020-03-02T00:00:00+00:00', '--job-id', '66', '--raw', '--subdir', 'DAGS_FOLDER/homework_dag.py', '--cfg-path', '/tmp/tmph11rdpbg']
[2025-01-30T09:33:39.665+0000] {standard_task_runner.py:105} INFO - Job 66: Subtask task_2
[2025-01-30T09:33:39.903+0000] {task_command.py:467} INFO - Running <TaskInstance: homework_workflow_ingest.task_2 scheduled__2020-03-02T00:00:00+00:00 [running]> on host 710324c6e27a
[2025-01-30T09:33:40.151+0000] {taskinstance.py:3132} INFO - Exporting env vars: AIRFLOW_CTX_DAG_OWNER='***' AIRFLOW_CTX_DAG_ID='homework_workflow_ingest' AIRFLOW_CTX_TASK_ID='task_2' AIRFLOW_CTX_EXECUTION_DATE='2020-03-02T00:00:00+00:00' AIRFLOW_CTX_TRY_NUMBER='1' AIRFLOW_CTX_DAG_RUN_ID='scheduled__2020-03-02T00:00:00+00:00'
[2025-01-30T09:33:40.152+0000] {taskinstance.py:731} INFO - ::endgroup::
[2025-01-30T09:33:40.197+0000] {subprocess.py:78} INFO - Tmp dir root location: /tmp
[2025-01-30T09:33:40.198+0000] {subprocess.py:88} INFO - Running command: ['/usr/bin/bash', '-c', "echo '2020-03'"]
[2025-01-30T09:33:40.216+0000] {subprocess.py:99} INFO - Output:
[2025-01-30T09:33:40.219+0000] {subprocess.py:106} INFO - 2020-03
[2025-01-30T09:33:40.220+0000] {subprocess.py:110} INFO - Command exited with return code 0
[2025-01-30T09:33:40.254+0000] {taskinstance.py:340} INFO - ::group::Post task execution logs
[2025-01-30T09:33:40.254+0000] {taskinstance.py:352} INFO - Marking task as SUCCESS. dag_id=homework_workflow_ingest, task_id=task_2, run_id=scheduled__2020-03-02T00:00:00+00:00, execution_date=20200302T000000, start_date=20250130T093339, end_date=20250130T093340
[2025-01-30T09:33:40.293+0000] {local_task_job_runner.py:266} INFO - Task exited with return code 0
[2025-01-30T09:33:40.310+0000] {taskinstance.py:3895} INFO - 0 downstream tasks scheduled from follow-on schedule check
[2025-01-30T09:33:40.312+0000] {local_task_job_runner.py:245} INFO - ::endgroup::
[2025-01-30T09:59:05.914+0000] {local_task_job_runner.py:123} INFO - ::group::Pre task execution logs
[2025-01-30T09:59:06.002+0000] {taskinstance.py:2613} INFO - Dependencies all met for dep_context=non-requeueable deps ti=<TaskInstance: homework_workflow_ingest.task_2 scheduled__2020-03-02T00:00:00+00:00 [queued]>
[2025-01-30T09:59:06.027+0000] {taskinstance.py:2613} INFO - Dependencies all met for dep_context=requeueable deps ti=<TaskInstance: homework_workflow_ingest.task_2 scheduled__2020-03-02T00:00:00+00:00 [queued]>
[2025-01-30T09:59:06.027+0000] {taskinstance.py:2866} INFO - Starting attempt 1 of 1
[2025-01-30T09:59:06.068+0000] {taskinstance.py:2889} INFO - Executing <Task(BashOperator): task_2> on 2020-03-02 00:00:00+00:00
[2025-01-30T09:59:06.098+0000] {standard_task_runner.py:104} INFO - Running: ['***', 'tasks', 'run', 'homework_workflow_ingest', 'task_2', 'scheduled__2020-03-02T00:00:00+00:00', '--job-id', '31', '--raw', '--subdir', 'DAGS_FOLDER/homework_dag.py', '--cfg-path', '/tmp/tmpocks_rj7']
[2025-01-30T09:59:06.107+0000] {standard_task_runner.py:105} INFO - Job 31: Subtask task_2
[2025-01-30T09:59:06.109+0000] {logging_mixin.py:190} WARNING - /home/***/.local/lib/python3.12/site-packages/***/task/task_runner/standard_task_runner.py:70 DeprecationWarning: This process (pid=341) is multi-threaded, use of fork() may lead to deadlocks in the child.
[2025-01-30T09:59:06.111+0000] {standard_task_runner.py:72} INFO - Started process 344 to run task
[2025-01-30T09:59:06.300+0000] {task_command.py:467} INFO - Running <TaskInstance: homework_workflow_ingest.task_2 scheduled__2020-03-02T00:00:00+00:00 [running]> on host 713eb9fcfb63
[2025-01-30T09:59:06.520+0000] {taskinstance.py:3132} INFO - Exporting env vars: AIRFLOW_CTX_DAG_OWNER='***' AIRFLOW_CTX_DAG_ID='homework_workflow_ingest' AIRFLOW_CTX_TASK_ID='task_2' AIRFLOW_CTX_EXECUTION_DATE='2020-03-02T00:00:00+00:00' AIRFLOW_CTX_TRY_NUMBER='1' AIRFLOW_CTX_DAG_RUN_ID='scheduled__2020-03-02T00:00:00+00:00'
[2025-01-30T09:59:06.521+0000] {taskinstance.py:731} INFO - ::endgroup::
[2025-01-30T09:59:06.718+0000] {subprocess.py:78} INFO - Tmp dir root location: /tmp
[2025-01-30T09:59:06.718+0000] {subprocess.py:88} INFO - Running command: ['/usr/bin/bash', '-c', "echo '2020-03'"]
[2025-01-30T09:59:06.735+0000] {subprocess.py:99} INFO - Output:
[2025-01-30T09:59:06.738+0000] {subprocess.py:106} INFO - 2020-03
[2025-01-30T09:59:06.739+0000] {subprocess.py:110} INFO - Command exited with return code 0
[2025-01-30T09:59:06.785+0000] {taskinstance.py:340} INFO - ::group::Post task execution logs
[2025-01-30T09:59:06.785+0000] {taskinstance.py:352} INFO - Marking task as SUCCESS. dag_id=homework_workflow_ingest, task_id=task_2, run_id=scheduled__2020-03-02T00:00:00+00:00, execution_date=20200302T000000, start_date=20250130T095906, end_date=20250130T095906
[2025-01-30T09:59:06.816+0000] {local_task_job_runner.py:266} INFO - Task exited with return code 0
[2025-01-30T09:59:06.841+0000] {taskinstance.py:3895} INFO - 0 downstream tasks scheduled from follow-on schedule check
[2025-01-30T09:59:06.842+0000] {local_task_job_runner.py:245} INFO - ::endgroup::
