[2025-01-30T09:33:35.270+0000] {local_task_job_runner.py:123} INFO - ::group::Pre task execution logs
[2025-01-30T09:33:35.352+0000] {taskinstance.py:2613} INFO - Dependencies all met for dep_context=non-requeueable deps ti=<TaskInstance: homework_workflow_ingest.task_2 scheduled__2019-09-02T00:00:00+00:00 [queued]>
[2025-01-30T09:33:35.399+0000] {taskinstance.py:2613} INFO - Dependencies all met for dep_context=requeueable deps ti=<TaskInstance: homework_workflow_ingest.task_2 scheduled__2019-09-02T00:00:00+00:00 [queued]>
[2025-01-30T09:33:35.399+0000] {taskinstance.py:2866} INFO - Starting attempt 1 of 1
[2025-01-30T09:33:36.611+0000] {taskinstance.py:2889} INFO - Executing <Task(BashOperator): task_2> on 2019-09-02 00:00:00+00:00
[2025-01-30T09:33:36.685+0000] {standard_task_runner.py:104} INFO - Running: ['***', 'tasks', 'run', 'homework_workflow_ingest', 'task_2', 'scheduled__2019-09-02T00:00:00+00:00', '--job-id', '58', '--raw', '--subdir', 'DAGS_FOLDER/homework_dag.py', '--cfg-path', '/tmp/tmpb96v50zh']
[2025-01-30T09:33:36.699+0000] {standard_task_runner.py:105} INFO - Job 58: Subtask task_2
[2025-01-30T09:33:36.654+0000] {logging_mixin.py:190} WARNING - /home/***/.local/lib/python3.12/site-packages/***/task/task_runner/standard_task_runner.py:70 DeprecationWarning: This process (pid=271) is multi-threaded, use of fork() may lead to deadlocks in the child.
[2025-01-30T09:33:36.702+0000] {standard_task_runner.py:72} INFO - Started process 283 to run task
[2025-01-30T09:33:37.386+0000] {task_command.py:467} INFO - Running <TaskInstance: homework_workflow_ingest.task_2 scheduled__2019-09-02T00:00:00+00:00 [running]> on host 710324c6e27a
[2025-01-30T09:33:38.126+0000] {taskinstance.py:3132} INFO - Exporting env vars: AIRFLOW_CTX_DAG_OWNER='***' AIRFLOW_CTX_DAG_ID='homework_workflow_ingest' AIRFLOW_CTX_TASK_ID='task_2' AIRFLOW_CTX_EXECUTION_DATE='2019-09-02T00:00:00+00:00' AIRFLOW_CTX_TRY_NUMBER='1' AIRFLOW_CTX_DAG_RUN_ID='scheduled__2019-09-02T00:00:00+00:00'
[2025-01-30T09:33:38.141+0000] {taskinstance.py:731} INFO - ::endgroup::
[2025-01-30T09:33:38.325+0000] {subprocess.py:78} INFO - Tmp dir root location: /tmp
[2025-01-30T09:33:38.329+0000] {subprocess.py:88} INFO - Running command: ['/usr/bin/bash', '-c', "echo '2019-09'"]
[2025-01-30T09:33:38.510+0000] {subprocess.py:99} INFO - Output:
[2025-01-30T09:33:38.537+0000] {subprocess.py:106} INFO - 2019-09
[2025-01-30T09:33:38.540+0000] {subprocess.py:110} INFO - Command exited with return code 0
[2025-01-30T09:33:38.600+0000] {taskinstance.py:340} INFO - ::group::Post task execution logs
[2025-01-30T09:33:38.603+0000] {taskinstance.py:352} INFO - Marking task as SUCCESS. dag_id=homework_workflow_ingest, task_id=task_2, run_id=scheduled__2019-09-02T00:00:00+00:00, execution_date=20190902T000000, start_date=20250130T093335, end_date=20250130T093338
[2025-01-30T09:33:38.878+0000] {local_task_job_runner.py:266} INFO - Task exited with return code 0
[2025-01-30T09:33:38.946+0000] {taskinstance.py:3895} INFO - 0 downstream tasks scheduled from follow-on schedule check
[2025-01-30T09:33:39.444+0000] {local_task_job_runner.py:245} INFO - ::endgroup::
[2025-01-30T09:58:59.852+0000] {local_task_job_runner.py:123} INFO - ::group::Pre task execution logs
[2025-01-30T09:59:00.544+0000] {taskinstance.py:2613} INFO - Dependencies all met for dep_context=non-requeueable deps ti=<TaskInstance: homework_workflow_ingest.task_2 scheduled__2019-09-02T00:00:00+00:00 [queued]>
[2025-01-30T09:59:00.565+0000] {taskinstance.py:2613} INFO - Dependencies all met for dep_context=requeueable deps ti=<TaskInstance: homework_workflow_ingest.task_2 scheduled__2019-09-02T00:00:00+00:00 [queued]>
[2025-01-30T09:59:00.565+0000] {taskinstance.py:2866} INFO - Starting attempt 1 of 1
[2025-01-30T09:59:00.967+0000] {taskinstance.py:2889} INFO - Executing <Task(BashOperator): task_2> on 2019-09-02 00:00:00+00:00
[2025-01-30T09:59:01.092+0000] {logging_mixin.py:190} WARNING - /home/***/.local/lib/python3.12/site-packages/***/task/task_runner/standard_task_runner.py:70 DeprecationWarning: This process (pid=288) is multi-threaded, use of fork() may lead to deadlocks in the child.
[2025-01-30T09:59:01.093+0000] {standard_task_runner.py:72} INFO - Started process 315 to run task
[2025-01-30T09:59:01.069+0000] {standard_task_runner.py:104} INFO - Running: ['***', 'tasks', 'run', 'homework_workflow_ingest', 'task_2', 'scheduled__2019-09-02T00:00:00+00:00', '--job-id', '26', '--raw', '--subdir', 'DAGS_FOLDER/homework_dag.py', '--cfg-path', '/tmp/tmpl8nbvf96']
[2025-01-30T09:59:01.183+0000] {standard_task_runner.py:105} INFO - Job 26: Subtask task_2
[2025-01-30T09:59:01.845+0000] {task_command.py:467} INFO - Running <TaskInstance: homework_workflow_ingest.task_2 scheduled__2019-09-02T00:00:00+00:00 [running]> on host 713eb9fcfb63
[2025-01-30T09:59:02.913+0000] {taskinstance.py:3132} INFO - Exporting env vars: AIRFLOW_CTX_DAG_OWNER='***' AIRFLOW_CTX_DAG_ID='homework_workflow_ingest' AIRFLOW_CTX_TASK_ID='task_2' AIRFLOW_CTX_EXECUTION_DATE='2019-09-02T00:00:00+00:00' AIRFLOW_CTX_TRY_NUMBER='1' AIRFLOW_CTX_DAG_RUN_ID='scheduled__2019-09-02T00:00:00+00:00'
[2025-01-30T09:59:02.914+0000] {taskinstance.py:731} INFO - ::endgroup::
[2025-01-30T09:59:02.963+0000] {subprocess.py:78} INFO - Tmp dir root location: /tmp
[2025-01-30T09:59:02.963+0000] {subprocess.py:88} INFO - Running command: ['/usr/bin/bash', '-c', "echo '2019-09'"]
[2025-01-30T09:59:02.979+0000] {subprocess.py:99} INFO - Output:
[2025-01-30T09:59:02.982+0000] {subprocess.py:106} INFO - 2019-09
[2025-01-30T09:59:02.983+0000] {subprocess.py:110} INFO - Command exited with return code 0
[2025-01-30T09:59:04.608+0000] {taskinstance.py:340} INFO - ::group::Post task execution logs
[2025-01-30T09:59:04.609+0000] {taskinstance.py:352} INFO - Marking task as SUCCESS. dag_id=homework_workflow_ingest, task_id=task_2, run_id=scheduled__2019-09-02T00:00:00+00:00, execution_date=20190902T000000, start_date=20250130T095900, end_date=20250130T095904
[2025-01-30T09:59:05.487+0000] {local_task_job_runner.py:266} INFO - Task exited with return code 0
[2025-01-30T09:59:05.572+0000] {taskinstance.py:3895} INFO - 0 downstream tasks scheduled from follow-on schedule check
[2025-01-30T09:59:05.594+0000] {local_task_job_runner.py:245} INFO - ::endgroup::
