[2025-01-28T13:18:04.005+0000] {local_task_job_runner.py:123} INFO - ::group::Pre task execution logs
[2025-01-28T13:18:04.023+0000] {taskinstance.py:2613} INFO - Dependencies all met for dep_context=non-requeueable deps ti=<TaskInstance: dag_data_ingestion.get_data manual__2025-01-28T13:18:03.566031+00:00 [queued]>
[2025-01-28T13:18:04.032+0000] {taskinstance.py:2613} INFO - Dependencies all met for dep_context=requeueable deps ti=<TaskInstance: dag_data_ingestion.get_data manual__2025-01-28T13:18:03.566031+00:00 [queued]>
[2025-01-28T13:18:04.032+0000] {taskinstance.py:2866} INFO - Starting attempt 1 of 1
[2025-01-28T13:18:04.048+0000] {taskinstance.py:2889} INFO - Executing <Task(BashOperator): get_data> on 2025-01-28 13:18:03.566031+00:00
[2025-01-28T13:18:04.056+0000] {standard_task_runner.py:104} INFO - Running: ['***', 'tasks', 'run', 'dag_data_ingestion', 'get_data', 'manual__2025-01-28T13:18:03.566031+00:00', '--job-id', '107', '--raw', '--subdir', 'DAGS_FOLDER/local_ingestion_dag.py', '--cfg-path', '/tmp/tmpa49p_r9_']
[2025-01-28T13:18:04.058+0000] {standard_task_runner.py:105} INFO - Job 107: Subtask get_data
[2025-01-28T13:18:04.061+0000] {logging_mixin.py:190} WARNING - /home/***/.local/lib/python3.12/site-packages/***/task/task_runner/standard_task_runner.py:70 DeprecationWarning: This process (pid=225) is multi-threaded, use of fork() may lead to deadlocks in the child.
[2025-01-28T13:18:04.062+0000] {standard_task_runner.py:72} INFO - Started process 226 to run task
[2025-01-28T13:18:04.095+0000] {task_command.py:467} INFO - Running <TaskInstance: dag_data_ingestion.get_data manual__2025-01-28T13:18:03.566031+00:00 [running]> on host a7493062b507
[2025-01-28T13:18:04.196+0000] {taskinstance.py:3132} INFO - Exporting env vars: AIRFLOW_CTX_DAG_OWNER='***' AIRFLOW_CTX_DAG_ID='dag_data_ingestion' AIRFLOW_CTX_TASK_ID='get_data' AIRFLOW_CTX_EXECUTION_DATE='2025-01-28T13:18:03.566031+00:00' AIRFLOW_CTX_TRY_NUMBER='1' AIRFLOW_CTX_DAG_RUN_ID='manual__2025-01-28T13:18:03.566031+00:00'
[2025-01-28T13:18:04.197+0000] {taskinstance.py:731} INFO - ::endgroup::
[2025-01-28T13:18:04.224+0000] {subprocess.py:78} INFO - Tmp dir root location: /tmp
[2025-01-28T13:18:04.224+0000] {subprocess.py:88} INFO - Running command: ['/usr/bin/bash', '-c', 'curl -o /opt/***/data/green_2024-01_data.parquet -L https://d37ci6vzurychx.cloudfront.net/trip-data/green_tripdata_2024-01.parquet']
[2025-01-28T13:18:04.235+0000] {subprocess.py:99} INFO - Output:
[2025-01-28T13:18:04.249+0000] {subprocess.py:106} INFO -   % Total    % Received % Xferd  Average Speed   Time    Time     Time  Current
[2025-01-28T13:18:04.249+0000] {subprocess.py:106} INFO -                                  Dload  Upload   Total   Spent    Left  Speed
[2025-01-28T13:18:05.328+0000] {subprocess.py:106} INFO -   0     0    0     0    0     0      0      0 --:--:-- --:--:-- --:--:--     0 11 1330k   11  158k    0     0   222k      0  0:00:05 --:--:--  0:00:05  222k100 1330k  100 1330k    0     0  1231k      0  0:00:01  0:00:01 --:--:-- 1231k
[2025-01-28T13:18:05.330+0000] {subprocess.py:110} INFO - Command exited with return code 0
[2025-01-28T13:18:05.357+0000] {taskinstance.py:340} INFO - ::group::Post task execution logs
[2025-01-28T13:18:05.357+0000] {taskinstance.py:352} INFO - Marking task as SUCCESS. dag_id=dag_data_ingestion, task_id=get_data, run_id=manual__2025-01-28T13:18:03.566031+00:00, execution_date=20250128T131803, start_date=20250128T131804, end_date=20250128T131805
[2025-01-28T13:18:05.398+0000] {local_task_job_runner.py:266} INFO - Task exited with return code 0
[2025-01-28T13:18:05.416+0000] {taskinstance.py:3895} INFO - 1 downstream tasks scheduled from follow-on schedule check
[2025-01-28T13:18:05.417+0000] {local_task_job_runner.py:245} INFO - ::endgroup::
