[2025-01-30T09:33:51.164+0000] {local_task_job_runner.py:123} INFO - ::group::Pre task execution logs
[2025-01-30T09:33:51.190+0000] {taskinstance.py:2613} INFO - Dependencies all met for dep_context=non-requeueable deps ti=<TaskInstance: homework_workflow_ingest.task_2 scheduled__2020-10-02T00:00:00+00:00 [queued]>
[2025-01-30T09:33:51.202+0000] {taskinstance.py:2613} INFO - Dependencies all met for dep_context=requeueable deps ti=<TaskInstance: homework_workflow_ingest.task_2 scheduled__2020-10-02T00:00:00+00:00 [queued]>
[2025-01-30T09:33:51.203+0000] {taskinstance.py:2866} INFO - Starting attempt 1 of 1
[2025-01-30T09:33:51.219+0000] {taskinstance.py:2889} INFO - Executing <Task(BashOperator): task_2> on 2020-10-02 00:00:00+00:00
[2025-01-30T09:33:51.231+0000] {logging_mixin.py:190} WARNING - /home/***/.local/lib/python3.12/site-packages/***/task/task_runner/standard_task_runner.py:70 DeprecationWarning: This process (pid=412) is multi-threaded, use of fork() may lead to deadlocks in the child.
[2025-01-30T09:33:51.232+0000] {standard_task_runner.py:72} INFO - Started process 421 to run task
[2025-01-30T09:33:51.236+0000] {standard_task_runner.py:104} INFO - Running: ['***', 'tasks', 'run', 'homework_workflow_ingest', 'task_2', 'scheduled__2020-10-02T00:00:00+00:00', '--job-id', '83', '--raw', '--subdir', 'DAGS_FOLDER/homework_dag.py', '--cfg-path', '/tmp/tmp70kvwfbi']
[2025-01-30T09:33:51.239+0000] {standard_task_runner.py:105} INFO - Job 83: Subtask task_2
[2025-01-30T09:33:51.303+0000] {task_command.py:467} INFO - Running <TaskInstance: homework_workflow_ingest.task_2 scheduled__2020-10-02T00:00:00+00:00 [running]> on host 710324c6e27a
[2025-01-30T09:33:51.403+0000] {taskinstance.py:3132} INFO - Exporting env vars: AIRFLOW_CTX_DAG_OWNER='***' AIRFLOW_CTX_DAG_ID='homework_workflow_ingest' AIRFLOW_CTX_TASK_ID='task_2' AIRFLOW_CTX_EXECUTION_DATE='2020-10-02T00:00:00+00:00' AIRFLOW_CTX_TRY_NUMBER='1' AIRFLOW_CTX_DAG_RUN_ID='scheduled__2020-10-02T00:00:00+00:00'
[2025-01-30T09:33:51.403+0000] {taskinstance.py:731} INFO - ::endgroup::
[2025-01-30T09:33:51.420+0000] {subprocess.py:78} INFO - Tmp dir root location: /tmp
[2025-01-30T09:33:51.421+0000] {subprocess.py:88} INFO - Running command: ['/usr/bin/bash', '-c', "echo '2020-10'"]
[2025-01-30T09:33:51.431+0000] {subprocess.py:99} INFO - Output:
[2025-01-30T09:33:51.433+0000] {subprocess.py:106} INFO - 2020-10
[2025-01-30T09:33:51.433+0000] {subprocess.py:110} INFO - Command exited with return code 0
[2025-01-30T09:33:51.455+0000] {taskinstance.py:340} INFO - ::group::Post task execution logs
[2025-01-30T09:33:51.455+0000] {taskinstance.py:352} INFO - Marking task as SUCCESS. dag_id=homework_workflow_ingest, task_id=task_2, run_id=scheduled__2020-10-02T00:00:00+00:00, execution_date=20201002T000000, start_date=20250130T093351, end_date=20250130T093351
[2025-01-30T09:33:51.498+0000] {local_task_job_runner.py:266} INFO - Task exited with return code 0
[2025-01-30T09:33:51.512+0000] {taskinstance.py:3895} INFO - 0 downstream tasks scheduled from follow-on schedule check
[2025-01-30T09:33:51.513+0000] {local_task_job_runner.py:245} INFO - ::endgroup::
[2025-01-30T09:59:14.685+0000] {local_task_job_runner.py:123} INFO - ::group::Pre task execution logs
[2025-01-30T09:59:14.735+0000] {taskinstance.py:2613} INFO - Dependencies all met for dep_context=non-requeueable deps ti=<TaskInstance: homework_workflow_ingest.task_2 scheduled__2020-10-02T00:00:00+00:00 [queued]>
[2025-01-30T09:59:14.747+0000] {taskinstance.py:2613} INFO - Dependencies all met for dep_context=requeueable deps ti=<TaskInstance: homework_workflow_ingest.task_2 scheduled__2020-10-02T00:00:00+00:00 [queued]>
[2025-01-30T09:59:14.747+0000] {taskinstance.py:2866} INFO - Starting attempt 1 of 1
[2025-01-30T09:59:14.849+0000] {taskinstance.py:2889} INFO - Executing <Task(BashOperator): task_2> on 2020-10-02 00:00:00+00:00
[2025-01-30T09:59:14.902+0000] {standard_task_runner.py:104} INFO - Running: ['***', 'tasks', 'run', 'homework_workflow_ingest', 'task_2', 'scheduled__2020-10-02T00:00:00+00:00', '--job-id', '47', '--raw', '--subdir', 'DAGS_FOLDER/homework_dag.py', '--cfg-path', '/tmp/tmpga5mpb8e']
[2025-01-30T09:59:14.904+0000] {standard_task_runner.py:105} INFO - Job 47: Subtask task_2
[2025-01-30T09:59:14.904+0000] {logging_mixin.py:190} WARNING - /home/***/.local/lib/python3.12/site-packages/***/task/task_runner/standard_task_runner.py:70 DeprecationWarning: This process (pid=402) is multi-threaded, use of fork() may lead to deadlocks in the child.
[2025-01-30T09:59:14.905+0000] {standard_task_runner.py:72} INFO - Started process 411 to run task
[2025-01-30T09:59:15.171+0000] {task_command.py:467} INFO - Running <TaskInstance: homework_workflow_ingest.task_2 scheduled__2020-10-02T00:00:00+00:00 [running]> on host 713eb9fcfb63
[2025-01-30T09:59:15.418+0000] {taskinstance.py:3132} INFO - Exporting env vars: AIRFLOW_CTX_DAG_OWNER='***' AIRFLOW_CTX_DAG_ID='homework_workflow_ingest' AIRFLOW_CTX_TASK_ID='task_2' AIRFLOW_CTX_EXECUTION_DATE='2020-10-02T00:00:00+00:00' AIRFLOW_CTX_TRY_NUMBER='1' AIRFLOW_CTX_DAG_RUN_ID='scheduled__2020-10-02T00:00:00+00:00'
[2025-01-30T09:59:15.419+0000] {taskinstance.py:731} INFO - ::endgroup::
[2025-01-30T09:59:15.442+0000] {subprocess.py:78} INFO - Tmp dir root location: /tmp
[2025-01-30T09:59:15.443+0000] {subprocess.py:88} INFO - Running command: ['/usr/bin/bash', '-c', "echo '2020-10'"]
[2025-01-30T09:59:15.467+0000] {subprocess.py:99} INFO - Output:
[2025-01-30T09:59:15.470+0000] {subprocess.py:106} INFO - 2020-10
[2025-01-30T09:59:15.471+0000] {subprocess.py:110} INFO - Command exited with return code 0
[2025-01-30T09:59:15.521+0000] {taskinstance.py:340} INFO - ::group::Post task execution logs
[2025-01-30T09:59:15.521+0000] {taskinstance.py:352} INFO - Marking task as SUCCESS. dag_id=homework_workflow_ingest, task_id=task_2, run_id=scheduled__2020-10-02T00:00:00+00:00, execution_date=20201002T000000, start_date=20250130T095914, end_date=20250130T095915
[2025-01-30T09:59:15.578+0000] {local_task_job_runner.py:266} INFO - Task exited with return code 0
[2025-01-30T09:59:15.592+0000] {local_task_job_runner.py:245} INFO - ::endgroup::
