[2025-01-28T18:03:34.541+0000] {local_task_job_runner.py:123} INFO - ::group::Pre task execution logs
[2025-01-28T18:03:34.556+0000] {taskinstance.py:2613} INFO - Dependencies all met for dep_context=non-requeueable deps ti=<TaskInstance: dag_data_ingestion.get_data manual__2025-01-28T18:03:33.710061+00:00 [queued]>
[2025-01-28T18:03:34.562+0000] {taskinstance.py:2613} INFO - Dependencies all met for dep_context=requeueable deps ti=<TaskInstance: dag_data_ingestion.get_data manual__2025-01-28T18:03:33.710061+00:00 [queued]>
[2025-01-28T18:03:34.562+0000] {taskinstance.py:2866} INFO - Starting attempt 1 of 1
[2025-01-28T18:03:34.573+0000] {taskinstance.py:2889} INFO - Executing <Task(BashOperator): get_data> on 2025-01-28 18:03:33.710061+00:00
[2025-01-28T18:03:34.582+0000] {standard_task_runner.py:104} INFO - Running: ['***', 'tasks', 'run', 'dag_data_ingestion', 'get_data', 'manual__2025-01-28T18:03:33.710061+00:00', '--job-id', '15', '--raw', '--subdir', 'DAGS_FOLDER/local_ingestion_dag.py', '--cfg-path', '/tmp/tmp9nevrhyn']
[2025-01-28T18:03:34.584+0000] {standard_task_runner.py:105} INFO - Job 15: Subtask get_data
[2025-01-28T18:03:34.584+0000] {logging_mixin.py:190} WARNING - /home/***/.local/lib/python3.12/site-packages/***/task/task_runner/standard_task_runner.py:70 DeprecationWarning: This process (pid=175) is multi-threaded, use of fork() may lead to deadlocks in the child.
[2025-01-28T18:03:34.585+0000] {standard_task_runner.py:72} INFO - Started process 177 to run task
[2025-01-28T18:03:34.626+0000] {task_command.py:467} INFO - Running <TaskInstance: dag_data_ingestion.get_data manual__2025-01-28T18:03:33.710061+00:00 [running]> on host 6a79f74e3845
[2025-01-28T18:03:34.711+0000] {taskinstance.py:3132} INFO - Exporting env vars: AIRFLOW_CTX_DAG_OWNER='***' AIRFLOW_CTX_DAG_ID='dag_data_ingestion' AIRFLOW_CTX_TASK_ID='get_data' AIRFLOW_CTX_EXECUTION_DATE='2025-01-28T18:03:33.710061+00:00' AIRFLOW_CTX_TRY_NUMBER='1' AIRFLOW_CTX_DAG_RUN_ID='manual__2025-01-28T18:03:33.710061+00:00'
[2025-01-28T18:03:34.712+0000] {taskinstance.py:731} INFO - ::endgroup::
[2025-01-28T18:03:34.724+0000] {subprocess.py:78} INFO - Tmp dir root location: /tmp
[2025-01-28T18:03:34.724+0000] {subprocess.py:88} INFO - Running command: ['/usr/bin/bash', '-c', 'curl -o /opt/***/data/yellow_2021-01_data.parquet https://d37ci6vzurychx.cloudfront.net/trip-data/yellow_tripdata_2021-01.parquet']
[2025-01-28T18:03:34.738+0000] {subprocess.py:99} INFO - Output:
[2025-01-28T18:03:35.898+0000] {subprocess.py:106} INFO -   % Total    % Received % Xferd  Average Speed   Time    Time     Time  Current
[2025-01-28T18:03:35.899+0000] {subprocess.py:106} INFO -                                  Dload  Upload   Total   Spent    Left  Speed
[2025-01-28T18:03:37.531+0000] {subprocess.py:106} INFO -   0     0    0     0    0     0      0      0 --:--:-- --:--:-- --:--:--     0  0     0    0     0    0     0      0      0 --:--:-- --:--:-- --:--:--     0 52 20.6M   52 10.9M    0     0  8627k      0  0:00:02  0:00:01  0:00:01 8626k100 20.6M  100 20.6M    0     0  12.6M      0  0:00:01  0:00:01 --:--:-- 12.6M
[2025-01-28T18:03:37.536+0000] {subprocess.py:110} INFO - Command exited with return code 0
[2025-01-28T18:03:37.568+0000] {taskinstance.py:340} INFO - ::group::Post task execution logs
[2025-01-28T18:03:37.569+0000] {taskinstance.py:352} INFO - Marking task as SUCCESS. dag_id=dag_data_ingestion, task_id=get_data, run_id=manual__2025-01-28T18:03:33.710061+00:00, execution_date=20250128T180333, start_date=20250128T180334, end_date=20250128T180337
[2025-01-28T18:03:37.606+0000] {local_task_job_runner.py:266} INFO - Task exited with return code 0
[2025-01-28T18:03:37.625+0000] {taskinstance.py:3895} INFO - 1 downstream tasks scheduled from follow-on schedule check
[2025-01-28T18:03:37.626+0000] {local_task_job_runner.py:245} INFO - ::endgroup::
