[2025-01-26T19:28:14.557+0000] {local_task_job_runner.py:123} INFO - ::group::Pre task execution logs
[2025-01-26T19:28:14.570+0000] {taskinstance.py:2613} INFO - Dependencies all met for dep_context=non-requeueable deps ti=<TaskInstance: gcp_ingest.download_data manual__2025-01-26T19:28:13.761230+00:00 [queued]>
[2025-01-26T19:28:14.575+0000] {taskinstance.py:2613} INFO - Dependencies all met for dep_context=requeueable deps ti=<TaskInstance: gcp_ingest.download_data manual__2025-01-26T19:28:13.761230+00:00 [queued]>
[2025-01-26T19:28:14.575+0000] {taskinstance.py:2866} INFO - Starting attempt 1 of 2
[2025-01-26T19:28:14.583+0000] {taskinstance.py:2889} INFO - Executing <Task(BashOperator): download_data> on 2025-01-26 19:28:13.761230+00:00
[2025-01-26T19:28:14.593+0000] {standard_task_runner.py:104} INFO - Running: ['***', 'tasks', 'run', 'gcp_ingest', 'download_data', 'manual__2025-01-26T19:28:13.761230+00:00', '--job-id', '46', '--raw', '--subdir', 'DAGS_FOLDER/gcp_ingest_dag.py', '--cfg-path', '/tmp/tmpsypzdorw']
[2025-01-26T19:28:14.594+0000] {standard_task_runner.py:105} INFO - Job 46: Subtask download_data
[2025-01-26T19:28:14.595+0000] {logging_mixin.py:190} WARNING - /home/***/.local/lib/python3.12/site-packages/***/task/task_runner/standard_task_runner.py:70 DeprecationWarning: This process (pid=675) is multi-threaded, use of fork() may lead to deadlocks in the child.
[2025-01-26T19:28:14.596+0000] {standard_task_runner.py:72} INFO - Started process 677 to run task
[2025-01-26T19:28:14.629+0000] {task_command.py:467} INFO - Running <TaskInstance: gcp_ingest.download_data manual__2025-01-26T19:28:13.761230+00:00 [running]> on host a31c3bbc14de
[2025-01-26T19:28:14.702+0000] {taskinstance.py:3132} INFO - Exporting env vars: AIRFLOW_CTX_DAG_OWNER='***' AIRFLOW_CTX_DAG_ID='gcp_ingest' AIRFLOW_CTX_TASK_ID='download_data' AIRFLOW_CTX_EXECUTION_DATE='2025-01-26T19:28:13.761230+00:00' AIRFLOW_CTX_TRY_NUMBER='1' AIRFLOW_CTX_DAG_RUN_ID='manual__2025-01-26T19:28:13.761230+00:00'
[2025-01-26T19:28:14.703+0000] {taskinstance.py:731} INFO - ::endgroup::
[2025-01-26T19:28:14.713+0000] {subprocess.py:78} INFO - Tmp dir root location: /tmp
[2025-01-26T19:28:14.714+0000] {subprocess.py:88} INFO - Running command: ['/usr/bin/bash', '-c', 'curl -o /opt/***/dags/data/downloaded_data.csv https://www.stats.govt.nz/assets/Uploads/Annual-enterprise-survey/Annual-enterprise-survey-2023-financial-year-provisional/Download-data/annual-enterprise-survey-2023-financial-year-provisional-size-bands.csv']
[2025-01-26T19:28:14.726+0000] {subprocess.py:99} INFO - Output:
[2025-01-26T19:28:14.735+0000] {subprocess.py:106} INFO -   % Total    % Received % Xferd  Average Speed   Time    Time     Time  Current
[2025-01-26T19:28:14.736+0000] {subprocess.py:106} INFO -                                  Dload  Upload   Total   Spent    Left  Speed
[2025-01-26T19:28:14.823+0000] {subprocess.py:106} INFO -   0     0    0     0    0     0      0      0 --:--:-- --:--:-- --:--:--     0100 1723k  100 1723k    0     0  19.1M      0 --:--:-- --:--:-- --:--:-- 19.3M
[2025-01-26T19:28:14.826+0000] {subprocess.py:110} INFO - Command exited with return code 0
[2025-01-26T19:28:14.864+0000] {taskinstance.py:340} INFO - ::group::Post task execution logs
[2025-01-26T19:28:14.865+0000] {taskinstance.py:352} INFO - Marking task as SUCCESS. dag_id=gcp_ingest, task_id=download_data, run_id=manual__2025-01-26T19:28:13.761230+00:00, execution_date=20250126T192813, start_date=20250126T192814, end_date=20250126T192814
[2025-01-26T19:28:14.890+0000] {local_task_job_runner.py:266} INFO - Task exited with return code 0
[2025-01-26T19:28:14.912+0000] {taskinstance.py:3895} INFO - 1 downstream tasks scheduled from follow-on schedule check
[2025-01-26T19:28:14.913+0000] {local_task_job_runner.py:245} INFO - ::endgroup::
