[2025-01-27T13:24:35.291+0000] {local_task_job_runner.py:123} INFO - ::group::Pre task execution logs
[2025-01-27T13:24:35.303+0000] {taskinstance.py:2613} INFO - Dependencies all met for dep_context=non-requeueable deps ti=<TaskInstance: gcp_ingest.download_data manual__2025-01-27T13:24:34.288054+00:00 [queued]>
[2025-01-27T13:24:35.309+0000] {taskinstance.py:2613} INFO - Dependencies all met for dep_context=requeueable deps ti=<TaskInstance: gcp_ingest.download_data manual__2025-01-27T13:24:34.288054+00:00 [queued]>
[2025-01-27T13:24:35.309+0000] {taskinstance.py:2866} INFO - Starting attempt 1 of 7
[2025-01-27T13:24:35.319+0000] {taskinstance.py:2889} INFO - Executing <Task(BashOperator): download_data> on 2025-01-27 13:24:34.288054+00:00
[2025-01-27T13:24:35.328+0000] {standard_task_runner.py:104} INFO - Running: ['***', 'tasks', 'run', 'gcp_ingest', 'download_data', 'manual__2025-01-27T13:24:34.288054+00:00', '--job-id', '27', '--raw', '--subdir', 'DAGS_FOLDER/gcp_ingest_dag.py', '--cfg-path', '/tmp/tmpi4l4__md']
[2025-01-27T13:24:35.330+0000] {standard_task_runner.py:105} INFO - Job 27: Subtask download_data
[2025-01-27T13:24:35.500+0000] {logging_mixin.py:190} WARNING - /home/***/.local/lib/python3.12/site-packages/***/task/task_runner/standard_task_runner.py:70 DeprecationWarning: This process (pid=401) is multi-threaded, use of fork() may lead to deadlocks in the child.
[2025-01-27T13:24:35.500+0000] {standard_task_runner.py:72} INFO - Started process 403 to run task
[2025-01-27T13:24:35.523+0000] {task_command.py:467} INFO - Running <TaskInstance: gcp_ingest.download_data manual__2025-01-27T13:24:34.288054+00:00 [running]> on host d21502c6da57
[2025-01-27T13:24:35.595+0000] {taskinstance.py:3132} INFO - Exporting env vars: AIRFLOW_CTX_DAG_OWNER='***' AIRFLOW_CTX_DAG_ID='gcp_ingest' AIRFLOW_CTX_TASK_ID='download_data' AIRFLOW_CTX_EXECUTION_DATE='2025-01-27T13:24:34.288054+00:00' AIRFLOW_CTX_TRY_NUMBER='1' AIRFLOW_CTX_DAG_RUN_ID='manual__2025-01-27T13:24:34.288054+00:00'
[2025-01-27T13:24:35.596+0000] {taskinstance.py:731} INFO - ::endgroup::
[2025-01-27T13:24:35.611+0000] {subprocess.py:78} INFO - Tmp dir root location: /tmp
[2025-01-27T13:24:35.611+0000] {subprocess.py:88} INFO - Running command: ['/usr/bin/bash', '-c', 'curl -o /opt/***/dags/data/downloaded_data.csv https://www.stats.govt.nz/assets/Uploads/Annual-enterprise-survey/Annual-enterprise-survey-2023-financial-year-provisional/Download-data/annual-enterprise-survey-2023-financial-year-provisional-size-bands.csv']
[2025-01-27T13:24:35.624+0000] {subprocess.py:99} INFO - Output:
[2025-01-27T13:24:35.634+0000] {subprocess.py:106} INFO -   % Total    % Received % Xferd  Average Speed   Time    Time     Time  Current
[2025-01-27T13:24:35.634+0000] {subprocess.py:106} INFO -                                  Dload  Upload   Total   Spent    Left  Speed
[2025-01-27T13:24:35.701+0000] {subprocess.py:106} INFO -   0     0    0     0    0     0      0      0 --:--:-- --:--:-- --:--:--     0100 1723k  100 1723k    0     0  25.0M      0 --:--:-- --:--:-- --:--:-- 25.1M
[2025-01-27T13:24:35.704+0000] {subprocess.py:110} INFO - Command exited with return code 0
[2025-01-27T13:24:35.742+0000] {taskinstance.py:340} INFO - ::group::Post task execution logs
[2025-01-27T13:24:35.742+0000] {taskinstance.py:352} INFO - Marking task as SUCCESS. dag_id=gcp_ingest, task_id=download_data, run_id=manual__2025-01-27T13:24:34.288054+00:00, execution_date=20250127T132434, start_date=20250127T132435, end_date=20250127T132435
[2025-01-27T13:24:35.794+0000] {local_task_job_runner.py:266} INFO - Task exited with return code 0
[2025-01-27T13:24:35.817+0000] {taskinstance.py:3895} INFO - 1 downstream tasks scheduled from follow-on schedule check
[2025-01-27T13:24:35.819+0000] {local_task_job_runner.py:245} INFO - ::endgroup::
