[2025-01-26T19:25:21.876+0000] {local_task_job_runner.py:123} INFO - ::group::Pre task execution logs
[2025-01-26T19:25:21.891+0000] {taskinstance.py:2613} INFO - Dependencies all met for dep_context=non-requeueable deps ti=<TaskInstance: gcp_ingest.task_number_2 manual__2025-01-26T19:15:15.422023+00:00 [queued]>
[2025-01-26T19:25:21.897+0000] {taskinstance.py:2613} INFO - Dependencies all met for dep_context=requeueable deps ti=<TaskInstance: gcp_ingest.task_number_2 manual__2025-01-26T19:15:15.422023+00:00 [queued]>
[2025-01-26T19:25:21.898+0000] {taskinstance.py:2866} INFO - Starting attempt 2 of 2
[2025-01-26T19:25:21.907+0000] {taskinstance.py:2889} INFO - Executing <Task(PythonOperator): task_number_2> on 2025-01-26 19:15:15.422023+00:00
[2025-01-26T19:25:21.919+0000] {standard_task_runner.py:104} INFO - Running: ['***', 'tasks', 'run', 'gcp_ingest', 'task_number_2', 'manual__2025-01-26T19:15:15.422023+00:00', '--job-id', '39', '--raw', '--subdir', 'DAGS_FOLDER/gcp_ingest_dag.py', '--cfg-path', '/tmp/tmpks255civ']
[2025-01-26T19:25:21.922+0000] {standard_task_runner.py:105} INFO - Job 39: Subtask task_number_2
[2025-01-26T19:25:21.922+0000] {logging_mixin.py:190} WARNING - /home/***/.local/lib/python3.12/site-packages/***/task/task_runner/standard_task_runner.py:70 DeprecationWarning: This process (pid=575) is multi-threaded, use of fork() may lead to deadlocks in the child.
[2025-01-26T19:25:21.923+0000] {standard_task_runner.py:72} INFO - Started process 579 to run task
[2025-01-26T19:25:21.963+0000] {task_command.py:467} INFO - Running <TaskInstance: gcp_ingest.task_number_2 manual__2025-01-26T19:15:15.422023+00:00 [running]> on host a31c3bbc14de
[2025-01-26T19:25:22.040+0000] {taskinstance.py:3132} INFO - Exporting env vars: AIRFLOW_CTX_DAG_OWNER='***' AIRFLOW_CTX_DAG_ID='gcp_ingest' AIRFLOW_CTX_TASK_ID='task_number_2' AIRFLOW_CTX_EXECUTION_DATE='2025-01-26T19:15:15.422023+00:00' AIRFLOW_CTX_TRY_NUMBER='2' AIRFLOW_CTX_DAG_RUN_ID='manual__2025-01-26T19:15:15.422023+00:00'
[2025-01-26T19:25:22.041+0000] {taskinstance.py:731} INFO - ::endgroup::
[2025-01-26T19:25:22.131+0000] {logging_mixin.py:190} INFO -    year industry_code_ANZSIC  ...  value               unit
0  2011                    A  ...  46134              COUNT
1  2011                    A  ...      0              COUNT
2  2011                    A  ...    279  DOLLARS(millions)
3  2011                    A  ...   8187  DOLLARS(millions)
4  2011                    A  ...   8866  DOLLARS(millions)

[5 rows x 7 columns]
[2025-01-26T19:25:22.132+0000] {python.py:240} INFO - Done. Returned value was: None
[2025-01-26T19:25:22.141+0000] {taskinstance.py:340} INFO - ::group::Post task execution logs
[2025-01-26T19:25:22.141+0000] {taskinstance.py:352} INFO - Marking task as SUCCESS. dag_id=gcp_ingest, task_id=task_number_2, run_id=manual__2025-01-26T19:15:15.422023+00:00, execution_date=20250126T191515, start_date=20250126T192521, end_date=20250126T192522
[2025-01-26T19:25:22.180+0000] {local_task_job_runner.py:266} INFO - Task exited with return code 0
[2025-01-26T19:25:22.196+0000] {taskinstance.py:3895} INFO - 0 downstream tasks scheduled from follow-on schedule check
[2025-01-26T19:25:22.197+0000] {local_task_job_runner.py:245} INFO - ::endgroup::
