[2025-01-27T13:29:01.533+0000] {local_task_job_runner.py:123} INFO - ::group::Pre task execution logs
[2025-01-27T13:29:01.545+0000] {taskinstance.py:2613} INFO - Dependencies all met for dep_context=non-requeueable deps ti=<TaskInstance: gcp_ingest.load_to_bq manual__2025-01-27T13:28:54.326130+00:00 [queued]>
[2025-01-27T13:29:01.554+0000] {taskinstance.py:2613} INFO - Dependencies all met for dep_context=requeueable deps ti=<TaskInstance: gcp_ingest.load_to_bq manual__2025-01-27T13:28:54.326130+00:00 [queued]>
[2025-01-27T13:29:01.554+0000] {taskinstance.py:2866} INFO - Starting attempt 1 of 7
[2025-01-27T13:29:01.565+0000] {taskinstance.py:2889} INFO - Executing <Task(BigQueryInsertJobOperator): load_to_bq> on 2025-01-27 13:28:54.326130+00:00
[2025-01-27T13:29:01.576+0000] {standard_task_runner.py:104} INFO - Running: ['***', 'tasks', 'run', 'gcp_ingest', 'load_to_bq', 'manual__2025-01-27T13:28:54.326130+00:00', '--job-id', '41', '--raw', '--subdir', 'DAGS_FOLDER/gcp_ingest_dag.py', '--cfg-path', '/tmp/tmp8jbbbm_z']
[2025-01-27T13:29:01.579+0000] {standard_task_runner.py:105} INFO - Job 41: Subtask load_to_bq
[2025-01-27T13:29:01.580+0000] {logging_mixin.py:190} WARNING - /home/***/.local/lib/python3.12/site-packages/***/task/task_runner/standard_task_runner.py:70 DeprecationWarning: This process (pid=205) is multi-threaded, use of fork() may lead to deadlocks in the child.
[2025-01-27T13:29:01.580+0000] {standard_task_runner.py:72} INFO - Started process 207 to run task
[2025-01-27T13:29:01.620+0000] {task_command.py:467} INFO - Running <TaskInstance: gcp_ingest.load_to_bq manual__2025-01-27T13:28:54.326130+00:00 [running]> on host 7537dc2fd5ca
[2025-01-27T13:29:01.832+0000] {taskinstance.py:3132} INFO - Exporting env vars: AIRFLOW_CTX_DAG_OWNER='***' AIRFLOW_CTX_DAG_ID='gcp_ingest' AIRFLOW_CTX_TASK_ID='load_to_bq' AIRFLOW_CTX_EXECUTION_DATE='2025-01-27T13:28:54.326130+00:00' AIRFLOW_CTX_TRY_NUMBER='1' AIRFLOW_CTX_DAG_RUN_ID='manual__2025-01-27T13:28:54.326130+00:00'
[2025-01-27T13:29:01.833+0000] {taskinstance.py:731} INFO - ::endgroup::
[2025-01-27T13:29:01.850+0000] {connection.py:277} WARNING - Connection schemes (type: google_cloud_platform) shall not contain '_' according to RFC3986.
[2025-01-27T13:29:01.851+0000] {base.py:84} INFO - Retrieving connection 'google_cloud_default'
[2025-01-27T13:29:01.851+0000] {credentials_provider.py:402} INFO - Getting connection using `google.auth.default()` since no explicit credentials are provided.
[2025-01-27T13:29:01.904+0000] {bigquery.py:2620} INFO - Executing: {'load': {'sourceUris': 'gs://gcs_upload_test_bucket_dtc_de/data_uploaded.parquet', 'destinationTable': {'projectId': 'unique-conquest-448021-n3', 'datasetId': 'gcs_bigquery_test_dtc_de', 'tableId': 'data_uploaded'}, 'sourceFormat': 'PARQUET', 'writeDisposition': 'WRITE_TRUNCATE'}}'
[2025-01-27T13:29:01.905+0000] {bigquery.py:1241} INFO - Inserting job ***_gcp_ingest_load_to_bq_2025_01_27T13_28_54_326130_00_00_0f7d4a0ccf9ff3bf8baf1ba545912d0f
[2025-01-27T13:29:07.334+0000] {taskinstance.py:340} INFO - ::group::Post task execution logs
[2025-01-27T13:29:07.334+0000] {taskinstance.py:352} INFO - Marking task as SUCCESS. dag_id=gcp_ingest, task_id=load_to_bq, run_id=manual__2025-01-27T13:28:54.326130+00:00, execution_date=20250127T132854, start_date=20250127T132901, end_date=20250127T132907
[2025-01-27T13:29:07.360+0000] {local_task_job_runner.py:266} INFO - Task exited with return code 0
[2025-01-27T13:29:07.376+0000] {taskinstance.py:3895} INFO - 0 downstream tasks scheduled from follow-on schedule check
[2025-01-27T13:29:07.377+0000] {local_task_job_runner.py:245} INFO - ::endgroup::
