[2025-01-28T10:02:17.036+0000] {local_task_job_runner.py:123} INFO - ::group::Pre task execution logs
[2025-01-28T10:02:17.052+0000] {taskinstance.py:2613} INFO - Dependencies all met for dep_context=non-requeueable deps ti=<TaskInstance: dag_data_ingestion.ingest_data manual__2025-01-28T10:02:13.032409+00:00 [queued]>
[2025-01-28T10:02:17.058+0000] {taskinstance.py:2613} INFO - Dependencies all met for dep_context=requeueable deps ti=<TaskInstance: dag_data_ingestion.ingest_data manual__2025-01-28T10:02:13.032409+00:00 [queued]>
[2025-01-28T10:02:17.058+0000] {taskinstance.py:2866} INFO - Starting attempt 1 of 1
[2025-01-28T10:02:17.069+0000] {taskinstance.py:2889} INFO - Executing <Task(BashOperator): ingest_data> on 2025-01-28 10:02:13.032409+00:00
[2025-01-28T10:02:17.076+0000] {standard_task_runner.py:104} INFO - Running: ['***', 'tasks', 'run', 'dag_data_ingestion', 'ingest_data', 'manual__2025-01-28T10:02:13.032409+00:00', '--job-id', '72', '--raw', '--subdir', 'DAGS_FOLDER/dag_data_ingestion.py', '--cfg-path', '/tmp/tmpimeh78um']
[2025-01-28T10:02:17.077+0000] {standard_task_runner.py:105} INFO - Job 72: Subtask ingest_data
[2025-01-28T10:02:17.079+0000] {logging_mixin.py:190} WARNING - /home/***/.local/lib/python3.12/site-packages/***/task/task_runner/standard_task_runner.py:70 DeprecationWarning: This process (pid=258) is multi-threaded, use of fork() may lead to deadlocks in the child.
[2025-01-28T10:02:17.079+0000] {standard_task_runner.py:72} INFO - Started process 259 to run task
[2025-01-28T10:02:17.113+0000] {task_command.py:467} INFO - Running <TaskInstance: dag_data_ingestion.ingest_data manual__2025-01-28T10:02:13.032409+00:00 [running]> on host a92704734cc8
[2025-01-28T10:02:17.181+0000] {taskinstance.py:3132} INFO - Exporting env vars: AIRFLOW_CTX_DAG_OWNER='***' AIRFLOW_CTX_DAG_ID='dag_data_ingestion' AIRFLOW_CTX_TASK_ID='ingest_data' AIRFLOW_CTX_EXECUTION_DATE='2025-01-28T10:02:13.032409+00:00' AIRFLOW_CTX_TRY_NUMBER='1' AIRFLOW_CTX_DAG_RUN_ID='manual__2025-01-28T10:02:13.032409+00:00'
[2025-01-28T10:02:17.182+0000] {taskinstance.py:731} INFO - ::endgroup::
[2025-01-28T10:02:17.193+0000] {subprocess.py:78} INFO - Tmp dir root location: /tmp
[2025-01-28T10:02:17.193+0000] {subprocess.py:88} INFO - Running command: ['/usr/bin/bash', '-c', 'ls /opt/***/dags/data']
[2025-01-28T10:02:17.203+0000] {subprocess.py:99} INFO - Output:
[2025-01-28T10:02:17.210+0000] {subprocess.py:106} INFO - converted_data.parquet
[2025-01-28T10:02:17.210+0000] {subprocess.py:106} INFO - downloaded_data.csv
[2025-01-28T10:02:17.210+0000] {subprocess.py:106} INFO - yellow_data.parquet
[2025-01-28T10:02:17.211+0000] {subprocess.py:110} INFO - Command exited with return code 0
[2025-01-28T10:02:17.233+0000] {taskinstance.py:340} INFO - ::group::Post task execution logs
[2025-01-28T10:02:17.234+0000] {taskinstance.py:352} INFO - Marking task as SUCCESS. dag_id=dag_data_ingestion, task_id=ingest_data, run_id=manual__2025-01-28T10:02:13.032409+00:00, execution_date=20250128T100213, start_date=20250128T100217, end_date=20250128T100217
[2025-01-28T10:02:17.253+0000] {local_task_job_runner.py:266} INFO - Task exited with return code 0
[2025-01-28T10:02:17.267+0000] {taskinstance.py:3895} INFO - 0 downstream tasks scheduled from follow-on schedule check
[2025-01-28T10:02:17.268+0000] {local_task_job_runner.py:245} INFO - ::endgroup::
