[2025-01-28T18:19:14.673+0000] {local_task_job_runner.py:123} INFO - ::group::Pre task execution logs
[2025-01-28T18:19:14.687+0000] {taskinstance.py:2613} INFO - Dependencies all met for dep_context=non-requeueable deps ti=<TaskInstance: dag_data_ingestion.get_data manual__2025-01-28T18:18:52.873571+00:00 [queued]>
[2025-01-28T18:19:14.693+0000] {taskinstance.py:2613} INFO - Dependencies all met for dep_context=requeueable deps ti=<TaskInstance: dag_data_ingestion.get_data manual__2025-01-28T18:18:52.873571+00:00 [queued]>
[2025-01-28T18:19:14.693+0000] {taskinstance.py:2866} INFO - Starting attempt 2 of 2
[2025-01-28T18:19:14.702+0000] {taskinstance.py:2889} INFO - Executing <Task(BashOperator): get_data> on 2025-01-28 18:18:52.873571+00:00
[2025-01-28T18:19:14.711+0000] {standard_task_runner.py:104} INFO - Running: ['***', 'tasks', 'run', 'dag_data_ingestion', 'get_data', 'manual__2025-01-28T18:18:52.873571+00:00', '--job-id', '32', '--raw', '--subdir', 'DAGS_FOLDER/local_ingestion_dag.py', '--cfg-path', '/tmp/tmp8zlsyv1p']
[2025-01-28T18:19:14.712+0000] {standard_task_runner.py:105} INFO - Job 32: Subtask get_data
[2025-01-28T18:19:14.713+0000] {logging_mixin.py:190} WARNING - /home/***/.local/lib/python3.12/site-packages/***/task/task_runner/standard_task_runner.py:70 DeprecationWarning: This process (pid=489) is multi-threaded, use of fork() may lead to deadlocks in the child.
[2025-01-28T18:19:14.714+0000] {standard_task_runner.py:72} INFO - Started process 491 to run task
[2025-01-28T18:19:14.749+0000] {task_command.py:467} INFO - Running <TaskInstance: dag_data_ingestion.get_data manual__2025-01-28T18:18:52.873571+00:00 [running]> on host b06ec952d9d1
[2025-01-28T18:19:14.812+0000] {taskinstance.py:3132} INFO - Exporting env vars: AIRFLOW_CTX_DAG_OWNER='***' AIRFLOW_CTX_DAG_ID='dag_data_ingestion' AIRFLOW_CTX_TASK_ID='get_data' AIRFLOW_CTX_EXECUTION_DATE='2025-01-28T18:18:52.873571+00:00' AIRFLOW_CTX_TRY_NUMBER='2' AIRFLOW_CTX_DAG_RUN_ID='manual__2025-01-28T18:18:52.873571+00:00'
[2025-01-28T18:19:14.813+0000] {taskinstance.py:731} INFO - ::endgroup::
[2025-01-28T18:19:14.823+0000] {subprocess.py:78} INFO - Tmp dir root location: /tmp
[2025-01-28T18:19:14.824+0000] {subprocess.py:88} INFO - Running command: ['/usr/bin/bash', '-c', 'curl -o /opt/***/data/yellow_2024-01_data.parquet https://d37ci6vzurychx.cloudfront.net/trip-data/yellow_tripdata_2024-01.parquet']
[2025-01-28T18:19:14.837+0000] {subprocess.py:99} INFO - Output:
[2025-01-28T18:19:14.846+0000] {subprocess.py:106} INFO -   % Total    % Received % Xferd  Average Speed   Time    Time     Time  Current
[2025-01-28T18:19:14.847+0000] {subprocess.py:106} INFO -                                  Dload  Upload   Total   Spent    Left  Speed
[2025-01-28T18:19:17.514+0000] {subprocess.py:106} INFO -   0     0    0     0    0     0      0      0 --:--:-- --:--:-- --:--:--     0  0 47.6M    0 16017    0     0  45434      0  0:18:19 --:--:--  0:18:19 45373 24 47.6M   24 11.8M    0     0  8529k      0  0:00:05  0:00:01  0:00:04 8528k 80 47.6M   80 38.3M    0     0  16.3M      0  0:00:02  0:00:02 --:--:-- 16.3M100 47.6M  100 47.6M    0     0  17.8M      0  0:00:02  0:00:02 --:--:-- 17.8M
[2025-01-28T18:19:17.516+0000] {subprocess.py:110} INFO - Command exited with return code 0
[2025-01-28T18:19:17.540+0000] {taskinstance.py:340} INFO - ::group::Post task execution logs
[2025-01-28T18:19:17.541+0000] {taskinstance.py:352} INFO - Marking task as SUCCESS. dag_id=dag_data_ingestion, task_id=get_data, run_id=manual__2025-01-28T18:18:52.873571+00:00, execution_date=20250128T181852, start_date=20250128T181914, end_date=20250128T181917
[2025-01-28T18:19:17.575+0000] {local_task_job_runner.py:266} INFO - Task exited with return code 0
[2025-01-28T18:19:17.592+0000] {taskinstance.py:3895} INFO - 1 downstream tasks scheduled from follow-on schedule check
[2025-01-28T18:19:17.593+0000] {local_task_job_runner.py:245} INFO - ::endgroup::
