[2025-01-28T09:35:11.305+0000] {local_task_job_runner.py:123} INFO - ::group::Pre task execution logs
[2025-01-28T09:35:11.324+0000] {taskinstance.py:2613} INFO - Dependencies all met for dep_context=non-requeueable deps ti=<TaskInstance: dag_data_ingestion.get_data manual__2025-01-28T09:35:10.291418+00:00 [queued]>
[2025-01-28T09:35:11.331+0000] {taskinstance.py:2613} INFO - Dependencies all met for dep_context=requeueable deps ti=<TaskInstance: dag_data_ingestion.get_data manual__2025-01-28T09:35:10.291418+00:00 [queued]>
[2025-01-28T09:35:11.331+0000] {taskinstance.py:2866} INFO - Starting attempt 1 of 1
[2025-01-28T09:35:11.341+0000] {taskinstance.py:2889} INFO - Executing <Task(BashOperator): get_data> on 2025-01-28 09:35:10.291418+00:00
[2025-01-28T09:35:11.348+0000] {standard_task_runner.py:104} INFO - Running: ['***', 'tasks', 'run', 'dag_data_ingestion', 'get_data', 'manual__2025-01-28T09:35:10.291418+00:00', '--job-id', '54', '--raw', '--subdir', 'DAGS_FOLDER/dag_data_ingestion.py', '--cfg-path', '/tmp/tmppslmwisk']
[2025-01-28T09:35:11.350+0000] {standard_task_runner.py:105} INFO - Job 54: Subtask get_data
[2025-01-28T09:35:11.351+0000] {logging_mixin.py:190} WARNING - /home/***/.local/lib/python3.12/site-packages/***/task/task_runner/standard_task_runner.py:70 DeprecationWarning: This process (pid=1174) is multi-threaded, use of fork() may lead to deadlocks in the child.
[2025-01-28T09:35:11.352+0000] {standard_task_runner.py:72} INFO - Started process 1175 to run task
[2025-01-28T09:35:11.389+0000] {task_command.py:467} INFO - Running <TaskInstance: dag_data_ingestion.get_data manual__2025-01-28T09:35:10.291418+00:00 [running]> on host 7537dc2fd5ca
[2025-01-28T09:35:11.459+0000] {taskinstance.py:3132} INFO - Exporting env vars: AIRFLOW_CTX_DAG_OWNER='***' AIRFLOW_CTX_DAG_ID='dag_data_ingestion' AIRFLOW_CTX_TASK_ID='get_data' AIRFLOW_CTX_EXECUTION_DATE='2025-01-28T09:35:10.291418+00:00' AIRFLOW_CTX_TRY_NUMBER='1' AIRFLOW_CTX_DAG_RUN_ID='manual__2025-01-28T09:35:10.291418+00:00'
[2025-01-28T09:35:11.459+0000] {taskinstance.py:731} INFO - ::endgroup::
[2025-01-28T09:35:11.470+0000] {subprocess.py:78} INFO - Tmp dir root location: /tmp
[2025-01-28T09:35:11.471+0000] {subprocess.py:88} INFO - Running command: ['/usr/bin/bash', '-c', 'curl -O opt/***/dag/data/yellow_data.csv https://github.com/DataTalksClub/nyc-tlc-data/releases/download/yellow/yellow_tripdata_2022-01.csv']
[2025-01-28T09:35:11.482+0000] {subprocess.py:99} INFO - Output:
[2025-01-28T09:35:11.546+0000] {subprocess.py:106} INFO -   % Total    % Received % Xferd  Average Speed   Time    Time     Time  Current
[2025-01-28T09:35:11.547+0000] {subprocess.py:106} INFO -                                  Dload  Upload   Total   Spent    Left  Speed
[2025-01-28T09:35:11.555+0000] {subprocess.py:106} INFO -   0     0    0     0    0     0      0      0 --:--:-- --:--:-- --:--:--     0curl: (6) Could not resolve host: opt
[2025-01-28T09:35:11.556+0000] {subprocess.py:106} INFO -   % Total    % Received % Xferd  Average Speed   Time    Time     Time  Current
[2025-01-28T09:35:11.556+0000] {subprocess.py:106} INFO -                                  Dload  Upload   Total   Spent    Left  Speed
[2025-01-28T09:35:11.840+0000] {subprocess.py:106} INFO -   0     0    0     0    0     0      0      0 --:--:-- --:--:-- --:--:--     0100     9  100     9    0     0     31      0 --:--:-- --:--:-- --:--:--    31
[2025-01-28T09:35:11.845+0000] {subprocess.py:106} INFO - Not Found
[2025-01-28T09:35:11.846+0000] {subprocess.py:110} INFO - Command exited with return code 0
[2025-01-28T09:35:11.875+0000] {taskinstance.py:340} INFO - ::group::Post task execution logs
[2025-01-28T09:35:11.875+0000] {taskinstance.py:352} INFO - Marking task as SUCCESS. dag_id=dag_data_ingestion, task_id=get_data, run_id=manual__2025-01-28T09:35:10.291418+00:00, execution_date=20250128T093510, start_date=20250128T093511, end_date=20250128T093511
[2025-01-28T09:35:11.927+0000] {local_task_job_runner.py:266} INFO - Task exited with return code 0
[2025-01-28T09:35:11.946+0000] {taskinstance.py:3895} INFO - 1 downstream tasks scheduled from follow-on schedule check
[2025-01-28T09:35:11.948+0000] {local_task_job_runner.py:245} INFO - ::endgroup::
