[2025-01-30T10:36:26.833+0000] {local_task_job_runner.py:123} INFO - ::group::Pre task execution logs
[2025-01-30T10:36:26.923+0000] {taskinstance.py:2613} INFO - Dependencies all met for dep_context=non-requeueable deps ti=<TaskInstance: fhv_to_gcp_dag.download_fhv scheduled__2019-12-02T00:00:00+00:00 [queued]>
[2025-01-30T10:36:26.956+0000] {taskinstance.py:2613} INFO - Dependencies all met for dep_context=requeueable deps ti=<TaskInstance: fhv_to_gcp_dag.download_fhv scheduled__2019-12-02T00:00:00+00:00 [queued]>
[2025-01-30T10:36:26.957+0000] {taskinstance.py:2866} INFO - Starting attempt 2 of 2
[2025-01-30T10:36:27.015+0000] {taskinstance.py:2889} INFO - Executing <Task(BashOperator): download_fhv> on 2019-12-02 00:00:00+00:00
[2025-01-30T10:36:27.094+0000] {logging_mixin.py:190} WARNING - /home/***/.local/lib/python3.12/site-packages/***/task/task_runner/standard_task_runner.py:70 DeprecationWarning: This process (pid=864) is multi-threaded, use of fork() may lead to deadlocks in the child.
[2025-01-30T10:36:27.099+0000] {standard_task_runner.py:72} INFO - Started process 887 to run task
[2025-01-30T10:36:27.085+0000] {standard_task_runner.py:104} INFO - Running: ['***', 'tasks', 'run', 'fhv_to_gcp_dag', 'download_fhv', 'scheduled__2019-12-02T00:00:00+00:00', '--job-id', '113', '--raw', '--subdir', 'DAGS_FOLDER/homework_fhv_dag.py', '--cfg-path', '/tmp/tmpq7hwv5ap']
[2025-01-30T10:36:27.119+0000] {standard_task_runner.py:105} INFO - Job 113: Subtask download_fhv
[2025-01-30T10:36:27.323+0000] {task_command.py:467} INFO - Running <TaskInstance: fhv_to_gcp_dag.download_fhv scheduled__2019-12-02T00:00:00+00:00 [running]> on host 9573d401388f
[2025-01-30T10:36:27.894+0000] {taskinstance.py:3132} INFO - Exporting env vars: AIRFLOW_CTX_DAG_OWNER='***' AIRFLOW_CTX_DAG_ID='fhv_to_gcp_dag' AIRFLOW_CTX_TASK_ID='download_fhv' AIRFLOW_CTX_EXECUTION_DATE='2019-12-02T00:00:00+00:00' AIRFLOW_CTX_TRY_NUMBER='2' AIRFLOW_CTX_DAG_RUN_ID='scheduled__2019-12-02T00:00:00+00:00'
[2025-01-30T10:36:27.902+0000] {taskinstance.py:731} INFO - ::endgroup::
[2025-01-30T10:36:28.015+0000] {subprocess.py:78} INFO - Tmp dir root location: /tmp
[2025-01-30T10:36:28.017+0000] {subprocess.py:88} INFO - Running command: ['/usr/bin/bash', '-c', 'curl -o /opt/***/data/fhv_2019-12_data.parquet https://d37ci6vzurychx.cloudfront.net/trip-data/fhv_tripdata_2019-12.parquet']
[2025-01-30T10:36:28.068+0000] {subprocess.py:99} INFO - Output:
[2025-01-30T10:36:28.106+0000] {subprocess.py:106} INFO -   % Total    % Received % Xferd  Average Speed   Time    Time     Time  Current
[2025-01-30T10:36:28.107+0000] {subprocess.py:106} INFO -                                  Dload  Upload   Total   Spent    Left  Speed
[2025-01-30T10:36:30.025+0000] {subprocess.py:106} INFO -   0     0    0     0    0     0      0      0 --:--:-- --:--:-- --:--:--     0  2 18.7M    2  431k    0     0   565k      0  0:00:33 --:--:--  0:00:33  564k 98 18.7M   98 18.3M    0     0   9.9M      0  0:00:01  0:00:01 --:--:--  9.9M100 18.7M  100 18.7M    0     0  9985k      0  0:00:01  0:00:01 --:--:-- 9983k
[2025-01-30T10:36:30.087+0000] {subprocess.py:110} INFO - Command exited with return code 0
[2025-01-30T10:36:32.316+0000] {taskinstance.py:340} INFO - ::group::Post task execution logs
[2025-01-30T10:36:32.317+0000] {taskinstance.py:352} INFO - Marking task as SUCCESS. dag_id=fhv_to_gcp_dag, task_id=download_fhv, run_id=scheduled__2019-12-02T00:00:00+00:00, execution_date=20191202T000000, start_date=20250130T103626, end_date=20250130T103632
[2025-01-30T10:36:32.640+0000] {local_task_job_runner.py:266} INFO - Task exited with return code 0
[2025-01-30T10:36:32.718+0000] {taskinstance.py:3895} INFO - 1 downstream tasks scheduled from follow-on schedule check
[2025-01-30T10:36:32.757+0000] {local_task_job_runner.py:245} INFO - ::endgroup::
