[2025-01-30T10:25:34.318+0000] {local_task_job_runner.py:123} INFO - ::group::Pre task execution logs
[2025-01-30T10:25:34.485+0000] {taskinstance.py:2613} INFO - Dependencies all met for dep_context=non-requeueable deps ti=<TaskInstance: fhv_to_gcp_dag.download_fhv scheduled__2019-12-02T00:00:00+00:00 [queued]>
[2025-01-30T10:25:34.530+0000] {taskinstance.py:2613} INFO - Dependencies all met for dep_context=requeueable deps ti=<TaskInstance: fhv_to_gcp_dag.download_fhv scheduled__2019-12-02T00:00:00+00:00 [queued]>
[2025-01-30T10:25:34.531+0000] {taskinstance.py:2866} INFO - Starting attempt 1 of 1
[2025-01-30T10:25:34.816+0000] {taskinstance.py:2889} INFO - Executing <Task(BashOperator): download_fhv> on 2019-12-02 00:00:00+00:00
[2025-01-30T10:25:34.906+0000] {standard_task_runner.py:104} INFO - Running: ['***', 'tasks', 'run', 'fhv_to_gcp_dag', 'download_fhv', 'scheduled__2019-12-02T00:00:00+00:00', '--job-id', '62', '--raw', '--subdir', 'DAGS_FOLDER/homework_fhv_dag.py', '--cfg-path', '/tmp/tmpkucq899m']
[2025-01-30T10:25:34.944+0000] {standard_task_runner.py:105} INFO - Job 62: Subtask download_fhv
[2025-01-30T10:25:34.978+0000] {logging_mixin.py:190} WARNING - /home/***/.local/lib/python3.12/site-packages/***/task/task_runner/standard_task_runner.py:70 DeprecationWarning: This process (pid=249) is multi-threaded, use of fork() may lead to deadlocks in the child.
[2025-01-30T10:25:34.978+0000] {standard_task_runner.py:72} INFO - Started process 264 to run task
[2025-01-30T10:25:35.399+0000] {task_command.py:467} INFO - Running <TaskInstance: fhv_to_gcp_dag.download_fhv scheduled__2019-12-02T00:00:00+00:00 [running]> on host 9573d401388f
[2025-01-30T10:25:37.267+0000] {taskinstance.py:3132} INFO - Exporting env vars: AIRFLOW_CTX_DAG_OWNER='***' AIRFLOW_CTX_DAG_ID='fhv_to_gcp_dag' AIRFLOW_CTX_TASK_ID='download_fhv' AIRFLOW_CTX_EXECUTION_DATE='2019-12-02T00:00:00+00:00' AIRFLOW_CTX_TRY_NUMBER='1' AIRFLOW_CTX_DAG_RUN_ID='scheduled__2019-12-02T00:00:00+00:00'
[2025-01-30T10:25:37.270+0000] {taskinstance.py:731} INFO - ::endgroup::
[2025-01-30T10:25:37.474+0000] {subprocess.py:78} INFO - Tmp dir root location: /tmp
[2025-01-30T10:25:37.579+0000] {subprocess.py:88} INFO - Running command: ['/usr/bin/bash', '-c', 'curl -o /opt/***/data/fhv_2019-12_data.parquet https://d37ci6vzurychx.cloudfront.net/trip-data/fhv_tripdata_2019-12.parquet']
[2025-01-30T10:25:37.750+0000] {subprocess.py:99} INFO - Output:
[2025-01-30T10:25:37.941+0000] {subprocess.py:106} INFO -   % Total    % Received % Xferd  Average Speed   Time    Time     Time  Current
[2025-01-30T10:25:37.951+0000] {subprocess.py:106} INFO -                                  Dload  Upload   Total   Spent    Left  Speed
[2025-01-30T10:25:40.467+0000] {subprocess.py:106} INFO -   0     0    0     0    0     0      0      0 --:--:-- --:--:-- --:--:--     0  0     0    0     0    0     0      0      0 --:--:-- --:--:-- --:--:--     0 49 18.7M   49 9483k    0     0  4791k      0  0:00:04  0:00:01  0:00:03 4792k100 18.7M  100 18.7M    0     0  7621k      0  0:00:02  0:00:02 --:--:-- 7622k
[2025-01-30T10:25:40.502+0000] {subprocess.py:110} INFO - Command exited with return code 0
[2025-01-30T10:25:42.373+0000] {taskinstance.py:340} INFO - ::group::Post task execution logs
[2025-01-30T10:25:42.373+0000] {taskinstance.py:352} INFO - Marking task as SUCCESS. dag_id=fhv_to_gcp_dag, task_id=download_fhv, run_id=scheduled__2019-12-02T00:00:00+00:00, execution_date=20191202T000000, start_date=20250130T102534, end_date=20250130T102542
[2025-01-30T10:25:46.308+0000] {local_task_job_runner.py:266} INFO - Task exited with return code 0
[2025-01-30T10:25:46.505+0000] {taskinstance.py:3895} INFO - 1 downstream tasks scheduled from follow-on schedule check
[2025-01-30T10:25:46.530+0000] {local_task_job_runner.py:245} INFO - ::endgroup::
