[2025-01-30T09:33:37.935+0000] {local_task_job_runner.py:123} INFO - ::group::Pre task execution logs
[2025-01-30T09:33:38.035+0000] {taskinstance.py:2613} INFO - Dependencies all met for dep_context=non-requeueable deps ti=<TaskInstance: homework_workflow_ingest.task_2 scheduled__2019-03-02T00:00:00+00:00 [queued]>
[2025-01-30T09:33:38.139+0000] {taskinstance.py:2613} INFO - Dependencies all met for dep_context=requeueable deps ti=<TaskInstance: homework_workflow_ingest.task_2 scheduled__2019-03-02T00:00:00+00:00 [queued]>
[2025-01-30T09:33:38.141+0000] {taskinstance.py:2866} INFO - Starting attempt 1 of 1
[2025-01-30T09:33:38.250+0000] {taskinstance.py:2889} INFO - Executing <Task(BashOperator): task_2> on 2019-03-02 00:00:00+00:00
[2025-01-30T09:33:38.318+0000] {standard_task_runner.py:104} INFO - Running: ['***', 'tasks', 'run', 'homework_workflow_ingest', 'task_2', 'scheduled__2019-03-02T00:00:00+00:00', '--job-id', '60', '--raw', '--subdir', 'DAGS_FOLDER/homework_dag.py', '--cfg-path', '/tmp/tmphek6td2a']
[2025-01-30T09:33:38.322+0000] {standard_task_runner.py:105} INFO - Job 60: Subtask task_2
[2025-01-30T09:33:38.321+0000] {logging_mixin.py:190} WARNING - /home/***/.local/lib/python3.12/site-packages/***/task/task_runner/standard_task_runner.py:70 DeprecationWarning: This process (pid=299) is multi-threaded, use of fork() may lead to deadlocks in the child.
[2025-01-30T09:33:38.323+0000] {standard_task_runner.py:72} INFO - Started process 306 to run task
[2025-01-30T09:33:38.640+0000] {task_command.py:467} INFO - Running <TaskInstance: homework_workflow_ingest.task_2 scheduled__2019-03-02T00:00:00+00:00 [running]> on host 710324c6e27a
[2025-01-30T09:33:39.449+0000] {taskinstance.py:3132} INFO - Exporting env vars: AIRFLOW_CTX_DAG_OWNER='***' AIRFLOW_CTX_DAG_ID='homework_workflow_ingest' AIRFLOW_CTX_TASK_ID='task_2' AIRFLOW_CTX_EXECUTION_DATE='2019-03-02T00:00:00+00:00' AIRFLOW_CTX_TRY_NUMBER='1' AIRFLOW_CTX_DAG_RUN_ID='scheduled__2019-03-02T00:00:00+00:00'
[2025-01-30T09:33:39.449+0000] {taskinstance.py:731} INFO - ::endgroup::
[2025-01-30T09:33:39.569+0000] {subprocess.py:78} INFO - Tmp dir root location: /tmp
[2025-01-30T09:33:39.570+0000] {subprocess.py:88} INFO - Running command: ['/usr/bin/bash', '-c', "echo '2019-03'"]
[2025-01-30T09:33:39.605+0000] {subprocess.py:99} INFO - Output:
[2025-01-30T09:33:39.607+0000] {subprocess.py:106} INFO - 2019-03
[2025-01-30T09:33:39.610+0000] {subprocess.py:110} INFO - Command exited with return code 0
[2025-01-30T09:33:39.714+0000] {taskinstance.py:340} INFO - ::group::Post task execution logs
[2025-01-30T09:33:39.715+0000] {taskinstance.py:352} INFO - Marking task as SUCCESS. dag_id=homework_workflow_ingest, task_id=task_2, run_id=scheduled__2019-03-02T00:00:00+00:00, execution_date=20190302T000000, start_date=20250130T093338, end_date=20250130T093339
[2025-01-30T09:33:39.910+0000] {local_task_job_runner.py:266} INFO - Task exited with return code 0
[2025-01-30T09:33:39.939+0000] {taskinstance.py:3895} INFO - 0 downstream tasks scheduled from follow-on schedule check
[2025-01-30T09:33:39.952+0000] {local_task_job_runner.py:245} INFO - ::endgroup::
[2025-01-30T09:58:53.602+0000] {local_task_job_runner.py:123} INFO - ::group::Pre task execution logs
[2025-01-30T09:58:53.932+0000] {taskinstance.py:2613} INFO - Dependencies all met for dep_context=non-requeueable deps ti=<TaskInstance: homework_workflow_ingest.task_2 scheduled__2019-03-02T00:00:00+00:00 [queued]>
[2025-01-30T09:58:53.961+0000] {taskinstance.py:2613} INFO - Dependencies all met for dep_context=requeueable deps ti=<TaskInstance: homework_workflow_ingest.task_2 scheduled__2019-03-02T00:00:00+00:00 [queued]>
[2025-01-30T09:58:53.962+0000] {taskinstance.py:2866} INFO - Starting attempt 1 of 1
[2025-01-30T09:58:54.401+0000] {taskinstance.py:2889} INFO - Executing <Task(BashOperator): task_2> on 2019-03-02 00:00:00+00:00
[2025-01-30T09:58:54.455+0000] {logging_mixin.py:190} WARNING - /home/***/.local/lib/python3.12/site-packages/***/task/task_runner/standard_task_runner.py:70 DeprecationWarning: This process (pid=268) is multi-threaded, use of fork() may lead to deadlocks in the child.
[2025-01-30T09:58:54.458+0000] {standard_task_runner.py:72} INFO - Started process 298 to run task
[2025-01-30T09:58:54.459+0000] {standard_task_runner.py:104} INFO - Running: ['***', 'tasks', 'run', 'homework_workflow_ingest', 'task_2', 'scheduled__2019-03-02T00:00:00+00:00', '--job-id', '18', '--raw', '--subdir', 'DAGS_FOLDER/homework_dag.py', '--cfg-path', '/tmp/tmpi6mosyla']
[2025-01-30T09:58:54.461+0000] {standard_task_runner.py:105} INFO - Job 18: Subtask task_2
[2025-01-30T09:58:56.091+0000] {task_command.py:467} INFO - Running <TaskInstance: homework_workflow_ingest.task_2 scheduled__2019-03-02T00:00:00+00:00 [running]> on host 713eb9fcfb63
[2025-01-30T09:59:00.950+0000] {taskinstance.py:3132} INFO - Exporting env vars: AIRFLOW_CTX_DAG_OWNER='***' AIRFLOW_CTX_DAG_ID='homework_workflow_ingest' AIRFLOW_CTX_TASK_ID='task_2' AIRFLOW_CTX_EXECUTION_DATE='2019-03-02T00:00:00+00:00' AIRFLOW_CTX_TRY_NUMBER='1' AIRFLOW_CTX_DAG_RUN_ID='scheduled__2019-03-02T00:00:00+00:00'
[2025-01-30T09:59:00.983+0000] {taskinstance.py:731} INFO - ::endgroup::
[2025-01-30T09:59:01.275+0000] {subprocess.py:78} INFO - Tmp dir root location: /tmp
[2025-01-30T09:59:01.283+0000] {subprocess.py:88} INFO - Running command: ['/usr/bin/bash', '-c', "echo '2019-03'"]
[2025-01-30T09:59:01.472+0000] {subprocess.py:99} INFO - Output:
[2025-01-30T09:59:02.141+0000] {subprocess.py:106} INFO - 2019-03
[2025-01-30T09:59:02.188+0000] {subprocess.py:110} INFO - Command exited with return code 0
[2025-01-30T09:59:02.921+0000] {taskinstance.py:340} INFO - ::group::Post task execution logs
[2025-01-30T09:59:02.931+0000] {taskinstance.py:352} INFO - Marking task as SUCCESS. dag_id=homework_workflow_ingest, task_id=task_2, run_id=scheduled__2019-03-02T00:00:00+00:00, execution_date=20190302T000000, start_date=20250130T095853, end_date=20250130T095902
[2025-01-30T09:59:04.418+0000] {local_task_job_runner.py:266} INFO - Task exited with return code 0
[2025-01-30T09:59:04.461+0000] {standard_task_runner.py:217} INFO - Process not found (most likely exited), stop collecting metrics
[2025-01-30T09:59:04.680+0000] {local_task_job_runner.py:245} INFO - ::endgroup::
