[2025-01-26T20:06:26.059+0000] {local_task_job_runner.py:123} INFO - ::group::Pre task execution logs
[2025-01-26T20:06:26.073+0000] {taskinstance.py:2613} INFO - Dependencies all met for dep_context=non-requeueable deps ti=<TaskInstance: gcp_ingest.download_data manual__2025-01-26T20:06:25.352398+00:00 [queued]>
[2025-01-26T20:06:26.079+0000] {taskinstance.py:2613} INFO - Dependencies all met for dep_context=requeueable deps ti=<TaskInstance: gcp_ingest.download_data manual__2025-01-26T20:06:25.352398+00:00 [queued]>
[2025-01-26T20:06:26.079+0000] {taskinstance.py:2866} INFO - Starting attempt 1 of 7
[2025-01-26T20:06:26.089+0000] {taskinstance.py:2889} INFO - Executing <Task(BashOperator): download_data> on 2025-01-26 20:06:25.352398+00:00
[2025-01-26T20:06:26.097+0000] {logging_mixin.py:190} WARNING - /home/***/.local/lib/python3.12/site-packages/***/task/task_runner/standard_task_runner.py:70 DeprecationWarning: This process (pid=441) is multi-threaded, use of fork() may lead to deadlocks in the child.
[2025-01-26T20:06:26.098+0000] {standard_task_runner.py:72} INFO - Started process 443 to run task
[2025-01-26T20:06:26.097+0000] {standard_task_runner.py:104} INFO - Running: ['***', 'tasks', 'run', 'gcp_ingest', 'download_data', 'manual__2025-01-26T20:06:25.352398+00:00', '--job-id', '120', '--raw', '--subdir', 'DAGS_FOLDER/gcp_ingest_dag.py', '--cfg-path', '/tmp/tmpihu62fmr']
[2025-01-26T20:06:26.099+0000] {standard_task_runner.py:105} INFO - Job 120: Subtask download_data
[2025-01-26T20:06:26.135+0000] {task_command.py:467} INFO - Running <TaskInstance: gcp_ingest.download_data manual__2025-01-26T20:06:25.352398+00:00 [running]> on host a31c3bbc14de
[2025-01-26T20:06:26.220+0000] {taskinstance.py:3132} INFO - Exporting env vars: AIRFLOW_CTX_DAG_OWNER='***' AIRFLOW_CTX_DAG_ID='gcp_ingest' AIRFLOW_CTX_TASK_ID='download_data' AIRFLOW_CTX_EXECUTION_DATE='2025-01-26T20:06:25.352398+00:00' AIRFLOW_CTX_TRY_NUMBER='1' AIRFLOW_CTX_DAG_RUN_ID='manual__2025-01-26T20:06:25.352398+00:00'
[2025-01-26T20:06:26.222+0000] {taskinstance.py:731} INFO - ::endgroup::
[2025-01-26T20:06:26.233+0000] {subprocess.py:78} INFO - Tmp dir root location: /tmp
[2025-01-26T20:06:26.234+0000] {subprocess.py:88} INFO - Running command: ['/usr/bin/bash', '-c', 'curl -o /opt/***/dags/data/downloaded_data.csv https://www.stats.govt.nz/assets/Uploads/Annual-enterprise-survey/Annual-enterprise-survey-2023-financial-year-provisional/Download-data/annual-enterprise-survey-2023-financial-year-provisional-size-bands.csv']
[2025-01-26T20:06:26.247+0000] {subprocess.py:99} INFO - Output:
[2025-01-26T20:06:26.256+0000] {subprocess.py:106} INFO -   % Total    % Received % Xferd  Average Speed   Time    Time     Time  Current
[2025-01-26T20:06:26.256+0000] {subprocess.py:106} INFO -                                  Dload  Upload   Total   Spent    Left  Speed
[2025-01-26T20:06:26.528+0000] {subprocess.py:106} INFO -   0     0    0     0    0     0      0      0 --:--:-- --:--:-- --:--:--     0  0     0    0     0    0     0      0      0 --:--:-- --:--:-- --:--:--     0100 1723k  100 1723k    0     0  6342k      0 --:--:-- --:--:-- --:--:-- 6335k
[2025-01-26T20:06:26.531+0000] {subprocess.py:110} INFO - Command exited with return code 0
[2025-01-26T20:06:26.570+0000] {taskinstance.py:340} INFO - ::group::Post task execution logs
[2025-01-26T20:06:26.571+0000] {taskinstance.py:352} INFO - Marking task as SUCCESS. dag_id=gcp_ingest, task_id=download_data, run_id=manual__2025-01-26T20:06:25.352398+00:00, execution_date=20250126T200625, start_date=20250126T200626, end_date=20250126T200626
[2025-01-26T20:06:26.592+0000] {local_task_job_runner.py:266} INFO - Task exited with return code 0
[2025-01-26T20:06:26.613+0000] {local_task_job_runner.py:245} INFO - ::endgroup::
