[2025-01-27T13:18:17.969+0000] {local_task_job_runner.py:123} INFO - ::group::Pre task execution logs
[2025-01-27T13:18:17.985+0000] {taskinstance.py:2613} INFO - Dependencies all met for dep_context=non-requeueable deps ti=<TaskInstance: gcp_ingest.load_to_bq manual__2025-01-27T13:17:03.654243+00:00 [queued]>
[2025-01-27T13:18:17.991+0000] {taskinstance.py:2613} INFO - Dependencies all met for dep_context=requeueable deps ti=<TaskInstance: gcp_ingest.load_to_bq manual__2025-01-27T13:17:03.654243+00:00 [queued]>
[2025-01-27T13:18:17.992+0000] {taskinstance.py:2866} INFO - Starting attempt 3 of 7
[2025-01-27T13:18:18.002+0000] {taskinstance.py:2889} INFO - Executing <Task(BigQueryInsertJobOperator): load_to_bq> on 2025-01-27 13:17:03.654243+00:00
[2025-01-27T13:18:18.012+0000] {standard_task_runner.py:104} INFO - Running: ['***', 'tasks', 'run', 'gcp_ingest', 'load_to_bq', 'manual__2025-01-27T13:17:03.654243+00:00', '--job-id', '18', '--raw', '--subdir', 'DAGS_FOLDER/gcp_ingest_dag.py', '--cfg-path', '/tmp/tmpr1l8b9bq']
[2025-01-27T13:18:18.014+0000] {standard_task_runner.py:105} INFO - Job 18: Subtask load_to_bq
[2025-01-27T13:18:18.189+0000] {logging_mixin.py:190} WARNING - /home/***/.local/lib/python3.12/site-packages/***/task/task_runner/standard_task_runner.py:70 DeprecationWarning: This process (pid=290) is multi-threaded, use of fork() may lead to deadlocks in the child.
[2025-01-27T13:18:18.190+0000] {standard_task_runner.py:72} INFO - Started process 292 to run task
[2025-01-27T13:18:18.210+0000] {task_command.py:467} INFO - Running <TaskInstance: gcp_ingest.load_to_bq manual__2025-01-27T13:17:03.654243+00:00 [running]> on host d21502c6da57
[2025-01-27T13:18:18.277+0000] {taskinstance.py:3132} INFO - Exporting env vars: AIRFLOW_CTX_DAG_OWNER='***' AIRFLOW_CTX_DAG_ID='gcp_ingest' AIRFLOW_CTX_TASK_ID='load_to_bq' AIRFLOW_CTX_EXECUTION_DATE='2025-01-27T13:17:03.654243+00:00' AIRFLOW_CTX_TRY_NUMBER='3' AIRFLOW_CTX_DAG_RUN_ID='manual__2025-01-27T13:17:03.654243+00:00'
[2025-01-27T13:18:18.278+0000] {taskinstance.py:731} INFO - ::endgroup::
[2025-01-27T13:18:18.298+0000] {connection.py:277} WARNING - Connection schemes (type: google_cloud_platform) shall not contain '_' according to RFC3986.
[2025-01-27T13:18:18.298+0000] {base.py:84} INFO - Retrieving connection 'google_cloud_default'
[2025-01-27T13:18:18.298+0000] {credentials_provider.py:402} INFO - Getting connection using `google.auth.default()` since no explicit credentials are provided.
[2025-01-27T13:18:18.348+0000] {bigquery.py:2620} INFO - Executing: {'load': {'sourceUris': 'gs://gcs_upload_test_bucket_dtc_de/data_uploaded.parquet', 'destinationTable': {'projectId': 'unique-conquest-448021-n3', 'datasetId': 'gcs_bigquery_test_dtc_de', 'tableId': 'data_uploaded'}, 'sourceFormat': 'PARQUET', 'writeDisposition': 'WRITE_TRUNCATE'}}'
[2025-01-27T13:18:18.349+0000] {bigquery.py:1241} INFO - Inserting job ***_gcp_ingest_load_to_bq_2025_01_27T13_17_03_654243_00_00_3c1dd1a3343a7f8485b1f2925d06e833
[2025-01-27T13:18:23.725+0000] {taskinstance.py:340} INFO - ::group::Post task execution logs
[2025-01-27T13:18:23.725+0000] {taskinstance.py:352} INFO - Marking task as SUCCESS. dag_id=gcp_ingest, task_id=load_to_bq, run_id=manual__2025-01-27T13:17:03.654243+00:00, execution_date=20250127T131703, start_date=20250127T131817, end_date=20250127T131823
[2025-01-27T13:18:23.771+0000] {local_task_job_runner.py:266} INFO - Task exited with return code 0
[2025-01-27T13:18:23.785+0000] {taskinstance.py:3895} INFO - 0 downstream tasks scheduled from follow-on schedule check
[2025-01-27T13:18:23.786+0000] {local_task_job_runner.py:245} INFO - ::endgroup::
