[2025-01-28T09:19:21.324+0000] {local_task_job_runner.py:123} INFO - ::group::Pre task execution logs
[2025-01-28T09:19:21.338+0000] {taskinstance.py:2613} INFO - Dependencies all met for dep_context=non-requeueable deps ti=<TaskInstance: dag_data_ingestion.ingest_data manual__2025-01-28T09:19:19.504165+00:00 [queued]>
[2025-01-28T09:19:21.345+0000] {taskinstance.py:2613} INFO - Dependencies all met for dep_context=requeueable deps ti=<TaskInstance: dag_data_ingestion.ingest_data manual__2025-01-28T09:19:19.504165+00:00 [queued]>
[2025-01-28T09:19:21.345+0000] {taskinstance.py:2866} INFO - Starting attempt 1 of 1
[2025-01-28T09:19:21.354+0000] {taskinstance.py:2889} INFO - Executing <Task(BashOperator): ingest_data> on 2025-01-28 09:19:19.504165+00:00
[2025-01-28T09:19:21.361+0000] {standard_task_runner.py:104} INFO - Running: ['***', 'tasks', 'run', 'dag_data_ingestion', 'ingest_data', 'manual__2025-01-28T09:19:19.504165+00:00', '--job-id', '46', '--raw', '--subdir', 'DAGS_FOLDER/dag_data_ingestion.py', '--cfg-path', '/tmp/tmpvx6vjrpt']
[2025-01-28T09:19:21.363+0000] {standard_task_runner.py:105} INFO - Job 46: Subtask ingest_data
[2025-01-28T09:19:21.364+0000] {logging_mixin.py:190} WARNING - /home/***/.local/lib/python3.12/site-packages/***/task/task_runner/standard_task_runner.py:70 DeprecationWarning: This process (pid=807) is multi-threaded, use of fork() may lead to deadlocks in the child.
[2025-01-28T09:19:21.365+0000] {standard_task_runner.py:72} INFO - Started process 808 to run task
[2025-01-28T09:19:21.404+0000] {task_command.py:467} INFO - Running <TaskInstance: dag_data_ingestion.ingest_data manual__2025-01-28T09:19:19.504165+00:00 [running]> on host 7537dc2fd5ca
[2025-01-28T09:19:21.474+0000] {taskinstance.py:3132} INFO - Exporting env vars: AIRFLOW_CTX_DAG_OWNER='***' AIRFLOW_CTX_DAG_ID='dag_data_ingestion' AIRFLOW_CTX_TASK_ID='ingest_data' AIRFLOW_CTX_EXECUTION_DATE='2025-01-28T09:19:19.504165+00:00' AIRFLOW_CTX_TRY_NUMBER='1' AIRFLOW_CTX_DAG_RUN_ID='manual__2025-01-28T09:19:19.504165+00:00'
[2025-01-28T09:19:21.474+0000] {taskinstance.py:731} INFO - ::endgroup::
[2025-01-28T09:19:21.485+0000] {subprocess.py:78} INFO - Tmp dir root location: /tmp
[2025-01-28T09:19:21.486+0000] {subprocess.py:88} INFO - Running command: ['/usr/bin/bash', '-c', 'pwd']
[2025-01-28T09:19:21.495+0000] {subprocess.py:99} INFO - Output:
[2025-01-28T09:19:21.497+0000] {subprocess.py:106} INFO - /tmp/***tmp23fi6rr4
[2025-01-28T09:19:21.498+0000] {subprocess.py:110} INFO - Command exited with return code 0
[2025-01-28T09:19:21.519+0000] {taskinstance.py:340} INFO - ::group::Post task execution logs
[2025-01-28T09:19:21.519+0000] {taskinstance.py:352} INFO - Marking task as SUCCESS. dag_id=dag_data_ingestion, task_id=ingest_data, run_id=manual__2025-01-28T09:19:19.504165+00:00, execution_date=20250128T091919, start_date=20250128T091921, end_date=20250128T091921
[2025-01-28T09:19:21.538+0000] {local_task_job_runner.py:266} INFO - Task exited with return code 0
[2025-01-28T09:19:21.553+0000] {taskinstance.py:3895} INFO - 0 downstream tasks scheduled from follow-on schedule check
[2025-01-28T09:19:21.554+0000] {local_task_job_runner.py:245} INFO - ::endgroup::
