[2025-01-30T09:33:35.348+0000] {local_task_job_runner.py:123} INFO - ::group::Pre task execution logs
[2025-01-30T09:33:35.484+0000] {taskinstance.py:2613} INFO - Dependencies all met for dep_context=non-requeueable deps ti=<TaskInstance: homework_workflow_ingest.task_2 scheduled__2019-05-02T00:00:00+00:00 [queued]>
[2025-01-30T09:33:35.567+0000] {taskinstance.py:2613} INFO - Dependencies all met for dep_context=requeueable deps ti=<TaskInstance: homework_workflow_ingest.task_2 scheduled__2019-05-02T00:00:00+00:00 [queued]>
[2025-01-30T09:33:35.568+0000] {taskinstance.py:2866} INFO - Starting attempt 1 of 1
[2025-01-30T09:33:36.617+0000] {taskinstance.py:2889} INFO - Executing <Task(BashOperator): task_2> on 2019-05-02 00:00:00+00:00
[2025-01-30T09:33:36.690+0000] {logging_mixin.py:190} WARNING - /home/***/.local/lib/python3.12/site-packages/***/task/task_runner/standard_task_runner.py:70 DeprecationWarning: This process (pid=270) is multi-threaded, use of fork() may lead to deadlocks in the child.
[2025-01-30T09:33:36.725+0000] {standard_task_runner.py:72} INFO - Started process 287 to run task
[2025-01-30T09:33:36.723+0000] {standard_task_runner.py:104} INFO - Running: ['***', 'tasks', 'run', 'homework_workflow_ingest', 'task_2', 'scheduled__2019-05-02T00:00:00+00:00', '--job-id', '55', '--raw', '--subdir', 'DAGS_FOLDER/homework_dag.py', '--cfg-path', '/tmp/tmpjr5ev31f']
[2025-01-30T09:33:36.730+0000] {standard_task_runner.py:105} INFO - Job 55: Subtask task_2
[2025-01-30T09:33:37.317+0000] {task_command.py:467} INFO - Running <TaskInstance: homework_workflow_ingest.task_2 scheduled__2019-05-02T00:00:00+00:00 [running]> on host 710324c6e27a
[2025-01-30T09:33:38.304+0000] {taskinstance.py:3132} INFO - Exporting env vars: AIRFLOW_CTX_DAG_OWNER='***' AIRFLOW_CTX_DAG_ID='homework_workflow_ingest' AIRFLOW_CTX_TASK_ID='task_2' AIRFLOW_CTX_EXECUTION_DATE='2019-05-02T00:00:00+00:00' AIRFLOW_CTX_TRY_NUMBER='1' AIRFLOW_CTX_DAG_RUN_ID='scheduled__2019-05-02T00:00:00+00:00'
[2025-01-30T09:33:38.307+0000] {taskinstance.py:731} INFO - ::endgroup::
[2025-01-30T09:33:38.477+0000] {subprocess.py:78} INFO - Tmp dir root location: /tmp
[2025-01-30T09:33:38.491+0000] {subprocess.py:88} INFO - Running command: ['/usr/bin/bash', '-c', "echo '2019-05'"]
[2025-01-30T09:33:38.603+0000] {subprocess.py:99} INFO - Output:
[2025-01-30T09:33:38.614+0000] {subprocess.py:106} INFO - 2019-05
[2025-01-30T09:33:38.620+0000] {subprocess.py:110} INFO - Command exited with return code 0
[2025-01-30T09:33:38.675+0000] {taskinstance.py:340} INFO - ::group::Post task execution logs
[2025-01-30T09:33:38.676+0000] {taskinstance.py:352} INFO - Marking task as SUCCESS. dag_id=homework_workflow_ingest, task_id=task_2, run_id=scheduled__2019-05-02T00:00:00+00:00, execution_date=20190502T000000, start_date=20250130T093335, end_date=20250130T093338
[2025-01-30T09:33:38.919+0000] {local_task_job_runner.py:266} INFO - Task exited with return code 0
[2025-01-30T09:33:38.960+0000] {local_task_job_runner.py:245} INFO - ::endgroup::
[2025-01-30T09:58:53.684+0000] {local_task_job_runner.py:123} INFO - ::group::Pre task execution logs
[2025-01-30T09:58:53.940+0000] {taskinstance.py:2613} INFO - Dependencies all met for dep_context=non-requeueable deps ti=<TaskInstance: homework_workflow_ingest.task_2 scheduled__2019-05-02T00:00:00+00:00 [queued]>
[2025-01-30T09:58:53.967+0000] {taskinstance.py:2613} INFO - Dependencies all met for dep_context=requeueable deps ti=<TaskInstance: homework_workflow_ingest.task_2 scheduled__2019-05-02T00:00:00+00:00 [queued]>
[2025-01-30T09:58:53.967+0000] {taskinstance.py:2866} INFO - Starting attempt 1 of 1
[2025-01-30T09:58:54.407+0000] {taskinstance.py:2889} INFO - Executing <Task(BashOperator): task_2> on 2019-05-02 00:00:00+00:00
[2025-01-30T09:58:54.466+0000] {standard_task_runner.py:104} INFO - Running: ['***', 'tasks', 'run', 'homework_workflow_ingest', 'task_2', 'scheduled__2019-05-02T00:00:00+00:00', '--job-id', '23', '--raw', '--subdir', 'DAGS_FOLDER/homework_dag.py', '--cfg-path', '/tmp/tmp86g8g46s']
[2025-01-30T09:58:54.473+0000] {logging_mixin.py:190} WARNING - /home/***/.local/lib/python3.12/site-packages/***/task/task_runner/standard_task_runner.py:70 DeprecationWarning: This process (pid=267) is multi-threaded, use of fork() may lead to deadlocks in the child.
[2025-01-30T09:58:54.473+0000] {standard_task_runner.py:72} INFO - Started process 296 to run task
[2025-01-30T09:58:54.472+0000] {standard_task_runner.py:105} INFO - Job 23: Subtask task_2
[2025-01-30T09:58:56.201+0000] {task_command.py:467} INFO - Running <TaskInstance: homework_workflow_ingest.task_2 scheduled__2019-05-02T00:00:00+00:00 [running]> on host 713eb9fcfb63
[2025-01-30T09:59:00.968+0000] {taskinstance.py:3132} INFO - Exporting env vars: AIRFLOW_CTX_DAG_OWNER='***' AIRFLOW_CTX_DAG_ID='homework_workflow_ingest' AIRFLOW_CTX_TASK_ID='task_2' AIRFLOW_CTX_EXECUTION_DATE='2019-05-02T00:00:00+00:00' AIRFLOW_CTX_TRY_NUMBER='1' AIRFLOW_CTX_DAG_RUN_ID='scheduled__2019-05-02T00:00:00+00:00'
[2025-01-30T09:59:00.974+0000] {taskinstance.py:731} INFO - ::endgroup::
[2025-01-30T09:59:01.245+0000] {subprocess.py:78} INFO - Tmp dir root location: /tmp
[2025-01-30T09:59:01.256+0000] {subprocess.py:88} INFO - Running command: ['/usr/bin/bash', '-c', "echo '2019-05'"]
[2025-01-30T09:59:01.468+0000] {subprocess.py:99} INFO - Output:
[2025-01-30T09:59:02.139+0000] {subprocess.py:106} INFO - 2019-05
[2025-01-30T09:59:02.192+0000] {subprocess.py:110} INFO - Command exited with return code 0
[2025-01-30T09:59:03.187+0000] {taskinstance.py:340} INFO - ::group::Post task execution logs
[2025-01-30T09:59:03.187+0000] {taskinstance.py:352} INFO - Marking task as SUCCESS. dag_id=homework_workflow_ingest, task_id=task_2, run_id=scheduled__2019-05-02T00:00:00+00:00, execution_date=20190502T000000, start_date=20250130T095853, end_date=20250130T095903
[2025-01-30T09:59:04.553+0000] {local_task_job_runner.py:266} INFO - Task exited with return code 0
[2025-01-30T09:59:04.625+0000] {local_task_job_runner.py:245} INFO - ::endgroup::
