[2025-01-26T19:25:23.751+0000] {local_task_job_runner.py:123} INFO - ::group::Pre task execution logs
[2025-01-26T19:25:23.767+0000] {taskinstance.py:2613} INFO - Dependencies all met for dep_context=non-requeueable deps ti=<TaskInstance: gcp_ingest.task_number_2 manual__2025-01-26T19:25:20.863683+00:00 [queued]>
[2025-01-26T19:25:23.773+0000] {taskinstance.py:2613} INFO - Dependencies all met for dep_context=requeueable deps ti=<TaskInstance: gcp_ingest.task_number_2 manual__2025-01-26T19:25:20.863683+00:00 [queued]>
[2025-01-26T19:25:23.773+0000] {taskinstance.py:2866} INFO - Starting attempt 1 of 2
[2025-01-26T19:25:23.782+0000] {taskinstance.py:2889} INFO - Executing <Task(PythonOperator): task_number_2> on 2025-01-26 19:25:20.863683+00:00
[2025-01-26T19:25:23.790+0000] {standard_task_runner.py:104} INFO - Running: ['***', 'tasks', 'run', 'gcp_ingest', 'task_number_2', 'manual__2025-01-26T19:25:20.863683+00:00', '--job-id', '42', '--raw', '--subdir', 'DAGS_FOLDER/gcp_ingest_dag.py', '--cfg-path', '/tmp/tmpbciflwbx']
[2025-01-26T19:25:23.791+0000] {standard_task_runner.py:105} INFO - Job 42: Subtask task_number_2
[2025-01-26T19:25:23.792+0000] {logging_mixin.py:190} WARNING - /home/***/.local/lib/python3.12/site-packages/***/task/task_runner/standard_task_runner.py:70 DeprecationWarning: This process (pid=596) is multi-threaded, use of fork() may lead to deadlocks in the child.
[2025-01-26T19:25:23.793+0000] {standard_task_runner.py:72} INFO - Started process 598 to run task
[2025-01-26T19:25:23.826+0000] {task_command.py:467} INFO - Running <TaskInstance: gcp_ingest.task_number_2 manual__2025-01-26T19:25:20.863683+00:00 [running]> on host a31c3bbc14de
[2025-01-26T19:25:23.894+0000] {taskinstance.py:3132} INFO - Exporting env vars: AIRFLOW_CTX_DAG_OWNER='***' AIRFLOW_CTX_DAG_ID='gcp_ingest' AIRFLOW_CTX_TASK_ID='task_number_2' AIRFLOW_CTX_EXECUTION_DATE='2025-01-26T19:25:20.863683+00:00' AIRFLOW_CTX_TRY_NUMBER='1' AIRFLOW_CTX_DAG_RUN_ID='manual__2025-01-26T19:25:20.863683+00:00'
[2025-01-26T19:25:23.895+0000] {taskinstance.py:731} INFO - ::endgroup::
[2025-01-26T19:25:23.942+0000] {logging_mixin.py:190} INFO -    year industry_code_ANZSIC  ...  value               unit
0  2011                    A  ...  46134              COUNT
1  2011                    A  ...      0              COUNT
2  2011                    A  ...    279  DOLLARS(millions)
3  2011                    A  ...   8187  DOLLARS(millions)
4  2011                    A  ...   8866  DOLLARS(millions)

[5 rows x 7 columns]
[2025-01-26T19:25:23.943+0000] {python.py:240} INFO - Done. Returned value was: None
[2025-01-26T19:25:23.951+0000] {taskinstance.py:340} INFO - ::group::Post task execution logs
[2025-01-26T19:25:23.951+0000] {taskinstance.py:352} INFO - Marking task as SUCCESS. dag_id=gcp_ingest, task_id=task_number_2, run_id=manual__2025-01-26T19:25:20.863683+00:00, execution_date=20250126T192520, start_date=20250126T192523, end_date=20250126T192523
[2025-01-26T19:25:24.006+0000] {local_task_job_runner.py:266} INFO - Task exited with return code 0
[2025-01-26T19:25:24.020+0000] {taskinstance.py:3895} INFO - 0 downstream tasks scheduled from follow-on schedule check
[2025-01-26T19:25:24.021+0000] {local_task_job_runner.py:245} INFO - ::endgroup::
