[2025-01-30T10:52:32.456+0000] {processor.py:186} INFO - Started process (PID=565) to work on /opt/airflow/dags/homework_zones_dag.py
[2025-01-30T10:52:32.456+0000] {processor.py:914} INFO - Processing file /opt/airflow/dags/homework_zones_dag.py for tasks to queue
[2025-01-30T10:52:32.458+0000] {logging_mixin.py:190} INFO - [2025-01-30T10:52:32.458+0000] {dagbag.py:588} INFO - Filling up the DagBag from /opt/airflow/dags/homework_zones_dag.py
[2025-01-30T10:52:32.466+0000] {processor.py:925} INFO - DAG(s) 'zone_to_gcp_dag' retrieved from /opt/airflow/dags/homework_zones_dag.py
[2025-01-30T10:52:32.716+0000] {logging_mixin.py:190} INFO - [2025-01-30T10:52:32.715+0000] {override.py:1911} INFO - Created Permission View: can edit on DAG:zone_to_gcp_dag
[2025-01-30T10:52:32.722+0000] {logging_mixin.py:190} INFO - [2025-01-30T10:52:32.722+0000] {override.py:1911} INFO - Created Permission View: can read on DAG:zone_to_gcp_dag
[2025-01-30T10:52:32.726+0000] {logging_mixin.py:190} INFO - [2025-01-30T10:52:32.726+0000] {override.py:1911} INFO - Created Permission View: can delete on DAG:zone_to_gcp_dag
[2025-01-30T10:52:32.730+0000] {logging_mixin.py:190} INFO - [2025-01-30T10:52:32.730+0000] {override.py:1911} INFO - Created Permission View: menu access on DAG Run:zone_to_gcp_dag
[2025-01-30T10:52:32.734+0000] {logging_mixin.py:190} INFO - [2025-01-30T10:52:32.734+0000] {override.py:1911} INFO - Created Permission View: can create on DAG Run:zone_to_gcp_dag
[2025-01-30T10:52:32.738+0000] {logging_mixin.py:190} INFO - [2025-01-30T10:52:32.737+0000] {override.py:1911} INFO - Created Permission View: can delete on DAG Run:zone_to_gcp_dag
[2025-01-30T10:52:32.741+0000] {logging_mixin.py:190} INFO - [2025-01-30T10:52:32.741+0000] {override.py:1911} INFO - Created Permission View: can read on DAG Run:zone_to_gcp_dag
[2025-01-30T10:52:32.742+0000] {logging_mixin.py:190} INFO - [2025-01-30T10:52:32.741+0000] {dag.py:3239} INFO - Sync 1 DAGs
[2025-01-30T10:52:32.751+0000] {logging_mixin.py:190} INFO - [2025-01-30T10:52:32.751+0000] {dag.py:3262} INFO - Creating ORM DAG for zone_to_gcp_dag
[2025-01-30T10:52:32.752+0000] {logging_mixin.py:190} INFO - [2025-01-30T10:52:32.751+0000] {dag.py:4180} INFO - Setting next_dagrun for zone_to_gcp_dag to None, run_after=None
[2025-01-30T10:52:32.760+0000] {processor.py:208} INFO - Processing /opt/airflow/dags/homework_zones_dag.py took 0.309 seconds
[2025-01-30T10:53:03.077+0000] {processor.py:186} INFO - Started process (PID=590) to work on /opt/airflow/dags/homework_zones_dag.py
[2025-01-30T10:53:03.077+0000] {processor.py:914} INFO - Processing file /opt/airflow/dags/homework_zones_dag.py for tasks to queue
[2025-01-30T10:53:03.079+0000] {logging_mixin.py:190} INFO - [2025-01-30T10:53:03.079+0000] {dagbag.py:588} INFO - Filling up the DagBag from /opt/airflow/dags/homework_zones_dag.py
[2025-01-30T10:53:03.086+0000] {processor.py:925} INFO - DAG(s) 'zone_to_gcp_dag' retrieved from /opt/airflow/dags/homework_zones_dag.py
[2025-01-30T10:53:03.105+0000] {logging_mixin.py:190} INFO - [2025-01-30T10:53:03.105+0000] {dag.py:3239} INFO - Sync 1 DAGs
[2025-01-30T10:53:03.116+0000] {logging_mixin.py:190} INFO - [2025-01-30T10:53:03.115+0000] {dag.py:4180} INFO - Setting next_dagrun for zone_to_gcp_dag to None, run_after=None
[2025-01-30T10:53:03.127+0000] {processor.py:208} INFO - Processing /opt/airflow/dags/homework_zones_dag.py took 0.055 seconds
[2025-01-30T10:53:33.385+0000] {processor.py:186} INFO - Started process (PID=620) to work on /opt/airflow/dags/homework_zones_dag.py
[2025-01-30T10:53:33.386+0000] {processor.py:914} INFO - Processing file /opt/airflow/dags/homework_zones_dag.py for tasks to queue
[2025-01-30T10:53:33.388+0000] {logging_mixin.py:190} INFO - [2025-01-30T10:53:33.388+0000] {dagbag.py:588} INFO - Filling up the DagBag from /opt/airflow/dags/homework_zones_dag.py
[2025-01-30T10:53:33.396+0000] {processor.py:925} INFO - DAG(s) 'zone_to_gcp_dag' retrieved from /opt/airflow/dags/homework_zones_dag.py
[2025-01-30T10:53:33.414+0000] {logging_mixin.py:190} INFO - [2025-01-30T10:53:33.414+0000] {dag.py:3239} INFO - Sync 1 DAGs
[2025-01-30T10:53:33.425+0000] {logging_mixin.py:190} INFO - [2025-01-30T10:53:33.424+0000] {dag.py:4180} INFO - Setting next_dagrun for zone_to_gcp_dag to None, run_after=None
[2025-01-30T10:53:33.436+0000] {processor.py:208} INFO - Processing /opt/airflow/dags/homework_zones_dag.py took 0.055 seconds
[2025-01-30T10:54:03.704+0000] {processor.py:186} INFO - Started process (PID=648) to work on /opt/airflow/dags/homework_zones_dag.py
[2025-01-30T10:54:03.704+0000] {processor.py:914} INFO - Processing file /opt/airflow/dags/homework_zones_dag.py for tasks to queue
[2025-01-30T10:54:03.706+0000] {logging_mixin.py:190} INFO - [2025-01-30T10:54:03.706+0000] {dagbag.py:588} INFO - Filling up the DagBag from /opt/airflow/dags/homework_zones_dag.py
[2025-01-30T10:54:03.714+0000] {processor.py:925} INFO - DAG(s) 'zone_to_gcp_dag' retrieved from /opt/airflow/dags/homework_zones_dag.py
[2025-01-30T10:54:03.734+0000] {logging_mixin.py:190} INFO - [2025-01-30T10:54:03.734+0000] {dag.py:3239} INFO - Sync 1 DAGs
[2025-01-30T10:54:03.745+0000] {logging_mixin.py:190} INFO - [2025-01-30T10:54:03.745+0000] {dag.py:4180} INFO - Setting next_dagrun for zone_to_gcp_dag to None, run_after=None
[2025-01-30T10:54:03.758+0000] {processor.py:208} INFO - Processing /opt/airflow/dags/homework_zones_dag.py took 0.059 seconds
[2025-01-30T10:54:34.014+0000] {processor.py:186} INFO - Started process (PID=673) to work on /opt/airflow/dags/homework_zones_dag.py
[2025-01-30T10:54:34.015+0000] {processor.py:914} INFO - Processing file /opt/airflow/dags/homework_zones_dag.py for tasks to queue
[2025-01-30T10:54:34.016+0000] {logging_mixin.py:190} INFO - [2025-01-30T10:54:34.016+0000] {dagbag.py:588} INFO - Filling up the DagBag from /opt/airflow/dags/homework_zones_dag.py
[2025-01-30T10:54:34.024+0000] {processor.py:925} INFO - DAG(s) 'zone_to_gcp_dag' retrieved from /opt/airflow/dags/homework_zones_dag.py
[2025-01-30T10:54:34.043+0000] {logging_mixin.py:190} INFO - [2025-01-30T10:54:34.043+0000] {dag.py:3239} INFO - Sync 1 DAGs
[2025-01-30T10:54:34.054+0000] {logging_mixin.py:190} INFO - [2025-01-30T10:54:34.053+0000] {dag.py:4180} INFO - Setting next_dagrun for zone_to_gcp_dag to None, run_after=None
[2025-01-30T10:54:34.065+0000] {processor.py:208} INFO - Processing /opt/airflow/dags/homework_zones_dag.py took 0.055 seconds
[2025-01-30T10:55:04.348+0000] {processor.py:186} INFO - Started process (PID=698) to work on /opt/airflow/dags/homework_zones_dag.py
[2025-01-30T10:55:04.349+0000] {processor.py:914} INFO - Processing file /opt/airflow/dags/homework_zones_dag.py for tasks to queue
[2025-01-30T10:55:04.350+0000] {logging_mixin.py:190} INFO - [2025-01-30T10:55:04.350+0000] {dagbag.py:588} INFO - Filling up the DagBag from /opt/airflow/dags/homework_zones_dag.py
[2025-01-30T10:55:04.358+0000] {processor.py:925} INFO - DAG(s) 'zone_to_gcp_dag' retrieved from /opt/airflow/dags/homework_zones_dag.py
[2025-01-30T10:55:04.376+0000] {logging_mixin.py:190} INFO - [2025-01-30T10:55:04.376+0000] {dag.py:3239} INFO - Sync 1 DAGs
[2025-01-30T10:55:04.387+0000] {logging_mixin.py:190} INFO - [2025-01-30T10:55:04.387+0000] {dag.py:4180} INFO - Setting next_dagrun for zone_to_gcp_dag to None, run_after=None
[2025-01-30T10:55:04.564+0000] {processor.py:208} INFO - Processing /opt/airflow/dags/homework_zones_dag.py took 0.220 seconds
[2025-01-30T10:55:35.151+0000] {processor.py:186} INFO - Started process (PID=723) to work on /opt/airflow/dags/homework_zones_dag.py
[2025-01-30T10:55:35.151+0000] {processor.py:914} INFO - Processing file /opt/airflow/dags/homework_zones_dag.py for tasks to queue
[2025-01-30T10:55:35.153+0000] {logging_mixin.py:190} INFO - [2025-01-30T10:55:35.153+0000] {dagbag.py:588} INFO - Filling up the DagBag from /opt/airflow/dags/homework_zones_dag.py
[2025-01-30T10:55:35.161+0000] {processor.py:925} INFO - DAG(s) 'zone_to_gcp_dag' retrieved from /opt/airflow/dags/homework_zones_dag.py
[2025-01-30T10:55:35.178+0000] {logging_mixin.py:190} INFO - [2025-01-30T10:55:35.178+0000] {dag.py:3239} INFO - Sync 1 DAGs
[2025-01-30T10:55:35.189+0000] {logging_mixin.py:190} INFO - [2025-01-30T10:55:35.189+0000] {dag.py:4180} INFO - Setting next_dagrun for zone_to_gcp_dag to None, run_after=None
[2025-01-30T10:55:35.200+0000] {processor.py:208} INFO - Processing /opt/airflow/dags/homework_zones_dag.py took 0.054 seconds
[2025-01-30T10:56:05.481+0000] {processor.py:186} INFO - Started process (PID=748) to work on /opt/airflow/dags/homework_zones_dag.py
[2025-01-30T10:56:05.481+0000] {processor.py:914} INFO - Processing file /opt/airflow/dags/homework_zones_dag.py for tasks to queue
[2025-01-30T10:56:05.483+0000] {logging_mixin.py:190} INFO - [2025-01-30T10:56:05.483+0000] {dagbag.py:588} INFO - Filling up the DagBag from /opt/airflow/dags/homework_zones_dag.py
[2025-01-30T10:56:05.491+0000] {processor.py:925} INFO - DAG(s) 'zone_to_gcp_dag' retrieved from /opt/airflow/dags/homework_zones_dag.py
[2025-01-30T10:56:05.508+0000] {logging_mixin.py:190} INFO - [2025-01-30T10:56:05.508+0000] {dag.py:3239} INFO - Sync 1 DAGs
[2025-01-30T10:56:05.519+0000] {logging_mixin.py:190} INFO - [2025-01-30T10:56:05.519+0000] {dag.py:4180} INFO - Setting next_dagrun for zone_to_gcp_dag to None, run_after=None
[2025-01-30T10:56:05.530+0000] {processor.py:208} INFO - Processing /opt/airflow/dags/homework_zones_dag.py took 0.054 seconds
