[2025-01-30T09:33:46.559+0000] {local_task_job_runner.py:123} INFO - ::group::Pre task execution logs
[2025-01-30T09:33:46.578+0000] {taskinstance.py:2613} INFO - Dependencies all met for dep_context=non-requeueable deps ti=<TaskInstance: homework_workflow_ingest.download_data scheduled__2020-05-02T00:00:00+00:00 [queued]>
[2025-01-30T09:33:46.591+0000] {taskinstance.py:2613} INFO - Dependencies all met for dep_context=requeueable deps ti=<TaskInstance: homework_workflow_ingest.download_data scheduled__2020-05-02T00:00:00+00:00 [queued]>
[2025-01-30T09:33:46.591+0000] {taskinstance.py:2866} INFO - Starting attempt 1 of 1
[2025-01-30T09:33:46.618+0000] {taskinstance.py:2889} INFO - Executing <Task(BashOperator): download_data> on 2020-05-02 00:00:00+00:00
[2025-01-30T09:33:46.628+0000] {logging_mixin.py:190} WARNING - /home/***/.local/lib/python3.12/site-packages/***/task/task_runner/standard_task_runner.py:70 DeprecationWarning: This process (pid=339) is multi-threaded, use of fork() may lead to deadlocks in the child.
[2025-01-30T09:33:46.629+0000] {standard_task_runner.py:72} INFO - Started process 356 to run task
[2025-01-30T09:33:46.629+0000] {standard_task_runner.py:104} INFO - Running: ['***', 'tasks', 'run', 'homework_workflow_ingest', 'download_data', 'scheduled__2020-05-02T00:00:00+00:00', '--job-id', '68', '--raw', '--subdir', 'DAGS_FOLDER/homework_dag.py', '--cfg-path', '/tmp/tmpqgl7tmgg']
[2025-01-30T09:33:46.631+0000] {standard_task_runner.py:105} INFO - Job 68: Subtask download_data
[2025-01-30T09:33:46.693+0000] {task_command.py:467} INFO - Running <TaskInstance: homework_workflow_ingest.download_data scheduled__2020-05-02T00:00:00+00:00 [running]> on host 710324c6e27a
[2025-01-30T09:33:46.821+0000] {taskinstance.py:3132} INFO - Exporting env vars: AIRFLOW_CTX_DAG_OWNER='***' AIRFLOW_CTX_DAG_ID='homework_workflow_ingest' AIRFLOW_CTX_TASK_ID='download_data' AIRFLOW_CTX_EXECUTION_DATE='2020-05-02T00:00:00+00:00' AIRFLOW_CTX_TRY_NUMBER='1' AIRFLOW_CTX_DAG_RUN_ID='scheduled__2020-05-02T00:00:00+00:00'
[2025-01-30T09:33:46.822+0000] {taskinstance.py:731} INFO - ::endgroup::
[2025-01-30T09:33:46.895+0000] {subprocess.py:78} INFO - Tmp dir root location: /tmp
[2025-01-30T09:33:46.896+0000] {subprocess.py:88} INFO - Running command: ['/usr/bin/bash', '-c', 'curl -o /opt/***/data/yellow_2020-05_data.parquet https://d37ci6vzurychx.cloudfront.net/trip-data/yellow_tripdata_2020-05.parquet']
[2025-01-30T09:33:46.926+0000] {subprocess.py:99} INFO - Output:
[2025-01-30T09:33:46.953+0000] {subprocess.py:106} INFO -   % Total    % Received % Xferd  Average Speed   Time    Time     Time  Current
[2025-01-30T09:33:46.954+0000] {subprocess.py:106} INFO -                                  Dload  Upload   Total   Spent    Left  Speed
[2025-01-30T09:33:48.196+0000] {subprocess.py:106} INFO -   0     0    0     0    0     0      0      0 --:--:-- --:--:-- --:--:--     0 13 6083k   13  814k    0     0   891k      0  0:00:06 --:--:--  0:00:06  891k100 6083k  100 6083k    0     0  4896k      0  0:00:01  0:00:01 --:--:-- 4898k
[2025-01-30T09:33:48.199+0000] {subprocess.py:110} INFO - Command exited with return code 0
[2025-01-30T09:33:48.222+0000] {taskinstance.py:340} INFO - ::group::Post task execution logs
[2025-01-30T09:33:48.223+0000] {taskinstance.py:352} INFO - Marking task as SUCCESS. dag_id=homework_workflow_ingest, task_id=download_data, run_id=scheduled__2020-05-02T00:00:00+00:00, execution_date=20200502T000000, start_date=20250130T093346, end_date=20250130T093348
[2025-01-30T09:33:48.269+0000] {local_task_job_runner.py:266} INFO - Task exited with return code 0
[2025-01-30T09:33:48.289+0000] {taskinstance.py:3895} INFO - 1 downstream tasks scheduled from follow-on schedule check
[2025-01-30T09:33:48.290+0000] {local_task_job_runner.py:245} INFO - ::endgroup::
[2025-01-30T09:48:02.923+0000] {local_task_job_runner.py:123} INFO - ::group::Pre task execution logs
[2025-01-30T09:48:02.948+0000] {taskinstance.py:2613} INFO - Dependencies all met for dep_context=non-requeueable deps ti=<TaskInstance: homework_workflow_ingest.download_data scheduled__2020-05-02T00:00:00+00:00 [queued]>
[2025-01-30T09:48:02.958+0000] {taskinstance.py:2613} INFO - Dependencies all met for dep_context=requeueable deps ti=<TaskInstance: homework_workflow_ingest.download_data scheduled__2020-05-02T00:00:00+00:00 [queued]>
[2025-01-30T09:48:02.959+0000] {taskinstance.py:2866} INFO - Starting attempt 1 of 1
[2025-01-30T09:48:02.992+0000] {taskinstance.py:2889} INFO - Executing <Task(BashOperator): download_data> on 2020-05-02 00:00:00+00:00
[2025-01-30T09:48:03.008+0000] {logging_mixin.py:190} WARNING - /home/***/.local/lib/python3.12/site-packages/***/task/task_runner/standard_task_runner.py:70 DeprecationWarning: This process (pid=904) is multi-threaded, use of fork() may lead to deadlocks in the child.
[2025-01-30T09:48:03.009+0000] {standard_task_runner.py:72} INFO - Started process 907 to run task
[2025-01-30T09:48:03.014+0000] {standard_task_runner.py:104} INFO - Running: ['***', 'tasks', 'run', 'homework_workflow_ingest', 'download_data', 'scheduled__2020-05-02T00:00:00+00:00', '--job-id', '100', '--raw', '--subdir', 'DAGS_FOLDER/homework_dag.py', '--cfg-path', '/tmp/tmpw_pwid2x']
[2025-01-30T09:48:03.016+0000] {standard_task_runner.py:105} INFO - Job 100: Subtask download_data
[2025-01-30T09:48:03.097+0000] {task_command.py:467} INFO - Running <TaskInstance: homework_workflow_ingest.download_data scheduled__2020-05-02T00:00:00+00:00 [running]> on host 710324c6e27a
[2025-01-30T09:48:03.229+0000] {abstractoperator.py:783} ERROR - Exception rendering Jinja template for task 'download_data', field 'bash_command'. Template: 'curl -o {{ var.value.AIRFLOW_HOME }}/data/{{ params.trip_class }}_{{ ds[:7] }}_data.parquet https://d37ci6vzurychx.cloudfront.net/trip-data/{{ params.trip_class }}_tripdata_{{ ds[:7] }}.parquet'
Traceback (most recent call last):
  File "/home/airflow/.local/lib/python3.12/site-packages/airflow/models/abstractoperator.py", line 775, in _do_render_template_fields
    rendered_content = self.render_template(
                       ^^^^^^^^^^^^^^^^^^^^^
  File "/home/airflow/.local/lib/python3.12/site-packages/airflow/template/templater.py", line 171, in render_template
    return self._render(template, context)
           ^^^^^^^^^^^^^^^^^^^^^^^^^^^^^^^
  File "/home/airflow/.local/lib/python3.12/site-packages/airflow/models/abstractoperator.py", line 730, in _render
    return super()._render(template, context, dag=dag)
           ^^^^^^^^^^^^^^^^^^^^^^^^^^^^^^^^^^^^^^^^^^^
  File "/home/airflow/.local/lib/python3.12/site-packages/airflow/template/templater.py", line 127, in _render
    return render_template_to_string(template, context)
           ^^^^^^^^^^^^^^^^^^^^^^^^^^^^^^^^^^^^^^^^^^^^
  File "/home/airflow/.local/lib/python3.12/site-packages/airflow/utils/helpers.py", line 301, in render_template_to_string
    return render_template(template, cast(MutableMapping[str, Any], context), native=False)
           ^^^^^^^^^^^^^^^^^^^^^^^^^^^^^^^^^^^^^^^^^^^^^^^^^^^^^^^^^^^^^^^^^^^^^^^^^^^^^^^^
  File "/home/airflow/.local/lib/python3.12/site-packages/airflow/utils/helpers.py", line 296, in render_template
    return "".join(nodes)
           ^^^^^^^^^^^^^^
  File "<template>", line 15, in root
  File "/home/airflow/.local/lib/python3.12/site-packages/jinja2/sandbox.py", line 327, in getattr
    value = getattr(obj, attribute)
            ^^^^^^^^^^^^^^^^^^^^^^^
  File "/home/airflow/.local/lib/python3.12/site-packages/airflow/utils/context.py", line 126, in __getattr__
    self.var = Variable.get(key, deserialize_json=self._deserialize_json)
               ^^^^^^^^^^^^^^^^^^^^^^^^^^^^^^^^^^^^^^^^^^^^^^^^^^^^^^^^^^
  File "/home/airflow/.local/lib/python3.12/site-packages/airflow/models/variable.py", line 145, in get
    raise KeyError(f"Variable {key} does not exist")
KeyError: 'Variable AIRFLOW_HOME does not exist'
[2025-01-30T09:48:03.235+0000] {taskinstance.py:3311} ERROR - Task failed with exception
Traceback (most recent call last):
  File "/home/airflow/.local/lib/python3.12/site-packages/airflow/models/taskinstance.py", line 273, in _run_raw_task
    TaskInstance._execute_task_with_callbacks(
  File "/home/airflow/.local/lib/python3.12/site-packages/airflow/models/taskinstance.py", line 3115, in _execute_task_with_callbacks
    task_orig = self.render_templates(context=context, jinja_env=jinja_env)
                ^^^^^^^^^^^^^^^^^^^^^^^^^^^^^^^^^^^^^^^^^^^^^^^^^^^^^^^^^^^
  File "/home/airflow/.local/lib/python3.12/site-packages/airflow/models/taskinstance.py", line 3534, in render_templates
    original_task.render_template_fields(context, jinja_env)
  File "/home/airflow/.local/lib/python3.12/site-packages/airflow/models/baseoperator.py", line 1438, in render_template_fields
    self._do_render_template_fields(self, self.template_fields, context, jinja_env, set())
  File "/home/airflow/.local/lib/python3.12/site-packages/airflow/models/abstractoperator.py", line 775, in _do_render_template_fields
    rendered_content = self.render_template(
                       ^^^^^^^^^^^^^^^^^^^^^
  File "/home/airflow/.local/lib/python3.12/site-packages/airflow/template/templater.py", line 171, in render_template
    return self._render(template, context)
           ^^^^^^^^^^^^^^^^^^^^^^^^^^^^^^^
  File "/home/airflow/.local/lib/python3.12/site-packages/airflow/models/abstractoperator.py", line 730, in _render
    return super()._render(template, context, dag=dag)
           ^^^^^^^^^^^^^^^^^^^^^^^^^^^^^^^^^^^^^^^^^^^
  File "/home/airflow/.local/lib/python3.12/site-packages/airflow/template/templater.py", line 127, in _render
    return render_template_to_string(template, context)
           ^^^^^^^^^^^^^^^^^^^^^^^^^^^^^^^^^^^^^^^^^^^^
  File "/home/airflow/.local/lib/python3.12/site-packages/airflow/utils/helpers.py", line 301, in render_template_to_string
    return render_template(template, cast(MutableMapping[str, Any], context), native=False)
           ^^^^^^^^^^^^^^^^^^^^^^^^^^^^^^^^^^^^^^^^^^^^^^^^^^^^^^^^^^^^^^^^^^^^^^^^^^^^^^^^
  File "/home/airflow/.local/lib/python3.12/site-packages/airflow/utils/helpers.py", line 296, in render_template
    return "".join(nodes)
           ^^^^^^^^^^^^^^
  File "<template>", line 15, in root
  File "/home/airflow/.local/lib/python3.12/site-packages/jinja2/sandbox.py", line 327, in getattr
    value = getattr(obj, attribute)
            ^^^^^^^^^^^^^^^^^^^^^^^
  File "/home/airflow/.local/lib/python3.12/site-packages/airflow/utils/context.py", line 126, in __getattr__
    self.var = Variable.get(key, deserialize_json=self._deserialize_json)
               ^^^^^^^^^^^^^^^^^^^^^^^^^^^^^^^^^^^^^^^^^^^^^^^^^^^^^^^^^^
  File "/home/airflow/.local/lib/python3.12/site-packages/airflow/models/variable.py", line 145, in get
    raise KeyError(f"Variable {key} does not exist")
KeyError: 'Variable AIRFLOW_HOME does not exist'
[2025-01-30T09:48:03.248+0000] {taskinstance.py:1225} INFO - Marking task as FAILED. dag_id=homework_workflow_ingest, task_id=download_data, run_id=scheduled__2020-05-02T00:00:00+00:00, execution_date=20200502T000000, start_date=20250130T094802, end_date=20250130T094803
[2025-01-30T09:48:03.259+0000] {taskinstance.py:340} INFO - ::group::Post task execution logs
[2025-01-30T09:48:03.262+0000] {standard_task_runner.py:124} ERROR - Failed to execute job 100 for task download_data ('Variable AIRFLOW_HOME does not exist'; 907)
Traceback (most recent call last):
  File "/home/airflow/.local/lib/python3.12/site-packages/airflow/task/task_runner/standard_task_runner.py", line 117, in _start_by_fork
    ret = args.func(args, dag=self.dag)
          ^^^^^^^^^^^^^^^^^^^^^^^^^^^^^
  File "/home/airflow/.local/lib/python3.12/site-packages/airflow/cli/cli_config.py", line 49, in command
    return func(*args, **kwargs)
           ^^^^^^^^^^^^^^^^^^^^^
  File "/home/airflow/.local/lib/python3.12/site-packages/airflow/utils/cli.py", line 116, in wrapper
    return f(*args, **kwargs)
           ^^^^^^^^^^^^^^^^^^
  File "/home/airflow/.local/lib/python3.12/site-packages/airflow/cli/commands/task_command.py", line 483, in task_run
    task_return_code = _run_task_by_selected_method(args, _dag, ti)
                       ^^^^^^^^^^^^^^^^^^^^^^^^^^^^^^^^^^^^^^^^^^^^
  File "/home/airflow/.local/lib/python3.12/site-packages/airflow/cli/commands/task_command.py", line 256, in _run_task_by_selected_method
    return _run_raw_task(args, ti)
           ^^^^^^^^^^^^^^^^^^^^^^^
  File "/home/airflow/.local/lib/python3.12/site-packages/airflow/cli/commands/task_command.py", line 341, in _run_raw_task
    return ti._run_raw_task(
           ^^^^^^^^^^^^^^^^^
  File "/home/airflow/.local/lib/python3.12/site-packages/airflow/utils/session.py", line 97, in wrapper
    return func(*args, session=session, **kwargs)
           ^^^^^^^^^^^^^^^^^^^^^^^^^^^^^^^^^^^^^^
  File "/home/airflow/.local/lib/python3.12/site-packages/airflow/models/taskinstance.py", line 3005, in _run_raw_task
    return _run_raw_task(
           ^^^^^^^^^^^^^^
  File "/home/airflow/.local/lib/python3.12/site-packages/airflow/models/taskinstance.py", line 273, in _run_raw_task
    TaskInstance._execute_task_with_callbacks(
  File "/home/airflow/.local/lib/python3.12/site-packages/airflow/models/taskinstance.py", line 3115, in _execute_task_with_callbacks
    task_orig = self.render_templates(context=context, jinja_env=jinja_env)
                ^^^^^^^^^^^^^^^^^^^^^^^^^^^^^^^^^^^^^^^^^^^^^^^^^^^^^^^^^^^
  File "/home/airflow/.local/lib/python3.12/site-packages/airflow/models/taskinstance.py", line 3534, in render_templates
    original_task.render_template_fields(context, jinja_env)
  File "/home/airflow/.local/lib/python3.12/site-packages/airflow/models/baseoperator.py", line 1438, in render_template_fields
    self._do_render_template_fields(self, self.template_fields, context, jinja_env, set())
  File "/home/airflow/.local/lib/python3.12/site-packages/airflow/models/abstractoperator.py", line 775, in _do_render_template_fields
    rendered_content = self.render_template(
                       ^^^^^^^^^^^^^^^^^^^^^
  File "/home/airflow/.local/lib/python3.12/site-packages/airflow/template/templater.py", line 171, in render_template
    return self._render(template, context)
           ^^^^^^^^^^^^^^^^^^^^^^^^^^^^^^^
  File "/home/airflow/.local/lib/python3.12/site-packages/airflow/models/abstractoperator.py", line 730, in _render
    return super()._render(template, context, dag=dag)
           ^^^^^^^^^^^^^^^^^^^^^^^^^^^^^^^^^^^^^^^^^^^
  File "/home/airflow/.local/lib/python3.12/site-packages/airflow/template/templater.py", line 127, in _render
    return render_template_to_string(template, context)
           ^^^^^^^^^^^^^^^^^^^^^^^^^^^^^^^^^^^^^^^^^^^^
  File "/home/airflow/.local/lib/python3.12/site-packages/airflow/utils/helpers.py", line 301, in render_template_to_string
    return render_template(template, cast(MutableMapping[str, Any], context), native=False)
           ^^^^^^^^^^^^^^^^^^^^^^^^^^^^^^^^^^^^^^^^^^^^^^^^^^^^^^^^^^^^^^^^^^^^^^^^^^^^^^^^
  File "/home/airflow/.local/lib/python3.12/site-packages/airflow/utils/helpers.py", line 296, in render_template
    return "".join(nodes)
           ^^^^^^^^^^^^^^
  File "<template>", line 15, in root
  File "/home/airflow/.local/lib/python3.12/site-packages/jinja2/sandbox.py", line 327, in getattr
    value = getattr(obj, attribute)
            ^^^^^^^^^^^^^^^^^^^^^^^
  File "/home/airflow/.local/lib/python3.12/site-packages/airflow/utils/context.py", line 126, in __getattr__
    self.var = Variable.get(key, deserialize_json=self._deserialize_json)
               ^^^^^^^^^^^^^^^^^^^^^^^^^^^^^^^^^^^^^^^^^^^^^^^^^^^^^^^^^^
  File "/home/airflow/.local/lib/python3.12/site-packages/airflow/models/variable.py", line 145, in get
    raise KeyError(f"Variable {key} does not exist")
KeyError: 'Variable AIRFLOW_HOME does not exist'
[2025-01-30T09:48:03.308+0000] {local_task_job_runner.py:266} INFO - Task exited with return code 1
[2025-01-30T09:48:03.361+0000] {taskinstance.py:3895} INFO - 0 downstream tasks scheduled from follow-on schedule check
[2025-01-30T09:48:03.368+0000] {local_task_job_runner.py:245} INFO - ::endgroup::
[2025-01-30T09:59:08.585+0000] {local_task_job_runner.py:123} INFO - ::group::Pre task execution logs
[2025-01-30T09:59:08.610+0000] {taskinstance.py:2613} INFO - Dependencies all met for dep_context=non-requeueable deps ti=<TaskInstance: homework_workflow_ingest.download_data scheduled__2020-05-02T00:00:00+00:00 [queued]>
[2025-01-30T09:59:08.619+0000] {taskinstance.py:2613} INFO - Dependencies all met for dep_context=requeueable deps ti=<TaskInstance: homework_workflow_ingest.download_data scheduled__2020-05-02T00:00:00+00:00 [queued]>
[2025-01-30T09:59:08.620+0000] {taskinstance.py:2866} INFO - Starting attempt 1 of 1
[2025-01-30T09:59:08.639+0000] {taskinstance.py:2889} INFO - Executing <Task(BashOperator): download_data> on 2020-05-02 00:00:00+00:00
[2025-01-30T09:59:08.649+0000] {logging_mixin.py:190} WARNING - /home/***/.local/lib/python3.12/site-packages/***/task/task_runner/standard_task_runner.py:70 DeprecationWarning: This process (pid=354) is multi-threaded, use of fork() may lead to deadlocks in the child.
[2025-01-30T09:59:08.650+0000] {standard_task_runner.py:72} INFO - Started process 355 to run task
[2025-01-30T09:59:08.653+0000] {standard_task_runner.py:104} INFO - Running: ['***', 'tasks', 'run', 'homework_workflow_ingest', 'download_data', 'scheduled__2020-05-02T00:00:00+00:00', '--job-id', '34', '--raw', '--subdir', 'DAGS_FOLDER/homework_dag.py', '--cfg-path', '/tmp/tmphn7duslh']
[2025-01-30T09:59:08.657+0000] {standard_task_runner.py:105} INFO - Job 34: Subtask download_data
[2025-01-30T09:59:08.742+0000] {task_command.py:467} INFO - Running <TaskInstance: homework_workflow_ingest.download_data scheduled__2020-05-02T00:00:00+00:00 [running]> on host 713eb9fcfb63
[2025-01-30T09:59:08.878+0000] {taskinstance.py:3132} INFO - Exporting env vars: AIRFLOW_CTX_DAG_OWNER='***' AIRFLOW_CTX_DAG_ID='homework_workflow_ingest' AIRFLOW_CTX_TASK_ID='download_data' AIRFLOW_CTX_EXECUTION_DATE='2020-05-02T00:00:00+00:00' AIRFLOW_CTX_TRY_NUMBER='1' AIRFLOW_CTX_DAG_RUN_ID='scheduled__2020-05-02T00:00:00+00:00'
[2025-01-30T09:59:08.878+0000] {taskinstance.py:731} INFO - ::endgroup::
[2025-01-30T09:59:08.901+0000] {subprocess.py:78} INFO - Tmp dir root location: /tmp
[2025-01-30T09:59:08.902+0000] {subprocess.py:88} INFO - Running command: ['/usr/bin/bash', '-c', 'curl -o /opt/***/data/yellow_2020-05_data.parquet https://d37ci6vzurychx.cloudfront.net/trip-data/yellow_tripdata_2020-05.parquet']
[2025-01-30T09:59:08.924+0000] {subprocess.py:99} INFO - Output:
[2025-01-30T09:59:08.944+0000] {subprocess.py:106} INFO -   % Total    % Received % Xferd  Average Speed   Time    Time     Time  Current
[2025-01-30T09:59:08.945+0000] {subprocess.py:106} INFO -                                  Dload  Upload   Total   Spent    Left  Speed
[2025-01-30T09:59:10.025+0000] {subprocess.py:106} INFO -   0     0    0     0    0     0      0      0 --:--:-- --:--:-- --:--:--     0 34 6083k   34 2075k    0     0  2245k      0  0:00:02 --:--:--  0:00:02 2244k100 6083k  100 6083k    0     0  5626k      0  0:00:01  0:00:01 --:--:-- 5627k
[2025-01-30T09:59:10.028+0000] {subprocess.py:110} INFO - Command exited with return code 0
[2025-01-30T09:59:10.117+0000] {taskinstance.py:340} INFO - ::group::Post task execution logs
[2025-01-30T09:59:10.119+0000] {taskinstance.py:352} INFO - Marking task as SUCCESS. dag_id=homework_workflow_ingest, task_id=download_data, run_id=scheduled__2020-05-02T00:00:00+00:00, execution_date=20200502T000000, start_date=20250130T095908, end_date=20250130T095910
[2025-01-30T09:59:10.242+0000] {local_task_job_runner.py:266} INFO - Task exited with return code 0
[2025-01-30T09:59:10.299+0000] {taskinstance.py:3895} INFO - 1 downstream tasks scheduled from follow-on schedule check
[2025-01-30T09:59:10.304+0000] {local_task_job_runner.py:245} INFO - ::endgroup::
