[2025-01-28T12:24:44.173+0000] {local_task_job_runner.py:123} INFO - ::group::Pre task execution logs
[2025-01-28T12:24:44.186+0000] {taskinstance.py:2613} INFO - Dependencies all met for dep_context=non-requeueable deps ti=<TaskInstance: dag_data_ingestion.get_data manual__2025-01-28T12:24:43.601973+00:00 [queued]>
[2025-01-28T12:24:44.192+0000] {taskinstance.py:2613} INFO - Dependencies all met for dep_context=requeueable deps ti=<TaskInstance: dag_data_ingestion.get_data manual__2025-01-28T12:24:43.601973+00:00 [queued]>
[2025-01-28T12:24:44.192+0000] {taskinstance.py:2866} INFO - Starting attempt 1 of 1
[2025-01-28T12:24:44.203+0000] {taskinstance.py:2889} INFO - Executing <Task(BashOperator): get_data> on 2025-01-28 12:24:43.601973+00:00
[2025-01-28T12:24:44.210+0000] {standard_task_runner.py:104} INFO - Running: ['***', 'tasks', 'run', 'dag_data_ingestion', 'get_data', 'manual__2025-01-28T12:24:43.601973+00:00', '--job-id', '98', '--raw', '--subdir', 'DAGS_FOLDER/dag_data_ingestion.py', '--cfg-path', '/tmp/tmpscajbnvn']
[2025-01-28T12:24:44.212+0000] {standard_task_runner.py:105} INFO - Job 98: Subtask get_data
[2025-01-28T12:24:44.213+0000] {logging_mixin.py:190} WARNING - /home/***/.local/lib/python3.12/site-packages/***/task/task_runner/standard_task_runner.py:70 DeprecationWarning: This process (pid=1552) is multi-threaded, use of fork() may lead to deadlocks in the child.
[2025-01-28T12:24:44.214+0000] {standard_task_runner.py:72} INFO - Started process 1553 to run task
[2025-01-28T12:24:44.247+0000] {task_command.py:467} INFO - Running <TaskInstance: dag_data_ingestion.get_data manual__2025-01-28T12:24:43.601973+00:00 [running]> on host 0711bf72f9ce
[2025-01-28T12:24:44.329+0000] {taskinstance.py:3132} INFO - Exporting env vars: AIRFLOW_CTX_DAG_OWNER='***' AIRFLOW_CTX_DAG_ID='dag_data_ingestion' AIRFLOW_CTX_TASK_ID='get_data' AIRFLOW_CTX_EXECUTION_DATE='2025-01-28T12:24:43.601973+00:00' AIRFLOW_CTX_TRY_NUMBER='1' AIRFLOW_CTX_DAG_RUN_ID='manual__2025-01-28T12:24:43.601973+00:00'
[2025-01-28T12:24:44.329+0000] {taskinstance.py:731} INFO - ::endgroup::
[2025-01-28T12:24:44.344+0000] {subprocess.py:78} INFO - Tmp dir root location: /tmp
[2025-01-28T12:24:44.345+0000] {subprocess.py:88} INFO - Running command: ['/usr/bin/bash', '-c', 'curl -o /opt/***/data//yellow_2022-01_data.parquet https://d37ci6vzurychx.cloudfront.net/trip-data/yellow_tripdata_2022-01.parquet']
[2025-01-28T12:24:44.360+0000] {subprocess.py:99} INFO - Output:
[2025-01-28T12:24:44.372+0000] {subprocess.py:106} INFO -   % Total    % Received % Xferd  Average Speed   Time    Time     Time  Current
[2025-01-28T12:24:44.372+0000] {subprocess.py:106} INFO -                                  Dload  Upload   Total   Spent    Left  Speed
[2025-01-28T12:24:46.808+0000] {subprocess.py:106} INFO -   0     0    0     0    0     0      0      0 --:--:-- --:--:-- --:--:--     0  0 36.3M    0   98k    0     0   162k      0  0:03:49 --:--:--  0:03:49  162k 40 36.3M   40 14.6M    0     0  9413k      0  0:00:03  0:00:01  0:00:02 9408k100 36.3M  100 36.3M    0     0  14.9M      0  0:00:02  0:00:02 --:--:-- 14.9M
[2025-01-28T12:24:46.810+0000] {subprocess.py:110} INFO - Command exited with return code 0
[2025-01-28T12:24:46.834+0000] {taskinstance.py:340} INFO - ::group::Post task execution logs
[2025-01-28T12:24:46.834+0000] {taskinstance.py:352} INFO - Marking task as SUCCESS. dag_id=dag_data_ingestion, task_id=get_data, run_id=manual__2025-01-28T12:24:43.601973+00:00, execution_date=20250128T122443, start_date=20250128T122444, end_date=20250128T122446
[2025-01-28T12:24:46.873+0000] {local_task_job_runner.py:266} INFO - Task exited with return code 0
[2025-01-28T12:24:46.890+0000] {taskinstance.py:3895} INFO - 1 downstream tasks scheduled from follow-on schedule check
[2025-01-28T12:24:46.891+0000] {local_task_job_runner.py:245} INFO - ::endgroup::
