[2025-01-30T09:33:38.262+0000] {local_task_job_runner.py:123} INFO - ::group::Pre task execution logs
[2025-01-30T09:33:38.361+0000] {taskinstance.py:2613} INFO - Dependencies all met for dep_context=non-requeueable deps ti=<TaskInstance: homework_workflow_ingest.task_2 scheduled__2019-10-02T00:00:00+00:00 [queued]>
[2025-01-30T09:33:38.459+0000] {taskinstance.py:2613} INFO - Dependencies all met for dep_context=requeueable deps ti=<TaskInstance: homework_workflow_ingest.task_2 scheduled__2019-10-02T00:00:00+00:00 [queued]>
[2025-01-30T09:33:38.459+0000] {taskinstance.py:2866} INFO - Starting attempt 1 of 1
[2025-01-30T09:33:38.808+0000] {taskinstance.py:2889} INFO - Executing <Task(BashOperator): task_2> on 2019-10-02 00:00:00+00:00
[2025-01-30T09:33:38.864+0000] {standard_task_runner.py:104} INFO - Running: ['***', 'tasks', 'run', 'homework_workflow_ingest', 'task_2', 'scheduled__2019-10-02T00:00:00+00:00', '--job-id', '61', '--raw', '--subdir', 'DAGS_FOLDER/homework_dag.py', '--cfg-path', '/tmp/tmpbfabq3yf']
[2025-01-30T09:33:38.878+0000] {logging_mixin.py:190} WARNING - /home/***/.local/lib/python3.12/site-packages/***/task/task_runner/standard_task_runner.py:70 DeprecationWarning: This process (pid=298) is multi-threaded, use of fork() may lead to deadlocks in the child.
[2025-01-30T09:33:38.879+0000] {standard_task_runner.py:72} INFO - Started process 322 to run task
[2025-01-30T09:33:38.875+0000] {standard_task_runner.py:105} INFO - Job 61: Subtask task_2
[2025-01-30T09:33:39.683+0000] {task_command.py:467} INFO - Running <TaskInstance: homework_workflow_ingest.task_2 scheduled__2019-10-02T00:00:00+00:00 [running]> on host 710324c6e27a
[2025-01-30T09:33:39.944+0000] {taskinstance.py:3132} INFO - Exporting env vars: AIRFLOW_CTX_DAG_OWNER='***' AIRFLOW_CTX_DAG_ID='homework_workflow_ingest' AIRFLOW_CTX_TASK_ID='task_2' AIRFLOW_CTX_EXECUTION_DATE='2019-10-02T00:00:00+00:00' AIRFLOW_CTX_TRY_NUMBER='1' AIRFLOW_CTX_DAG_RUN_ID='scheduled__2019-10-02T00:00:00+00:00'
[2025-01-30T09:33:39.945+0000] {taskinstance.py:731} INFO - ::endgroup::
[2025-01-30T09:33:39.990+0000] {subprocess.py:78} INFO - Tmp dir root location: /tmp
[2025-01-30T09:33:39.993+0000] {subprocess.py:88} INFO - Running command: ['/usr/bin/bash', '-c', "echo '2019-10'"]
[2025-01-30T09:33:40.014+0000] {subprocess.py:99} INFO - Output:
[2025-01-30T09:33:40.025+0000] {subprocess.py:106} INFO - 2019-10
[2025-01-30T09:33:40.025+0000] {subprocess.py:110} INFO - Command exited with return code 0
[2025-01-30T09:33:40.127+0000] {taskinstance.py:340} INFO - ::group::Post task execution logs
[2025-01-30T09:33:40.127+0000] {taskinstance.py:352} INFO - Marking task as SUCCESS. dag_id=homework_workflow_ingest, task_id=task_2, run_id=scheduled__2019-10-02T00:00:00+00:00, execution_date=20191002T000000, start_date=20250130T093338, end_date=20250130T093340
[2025-01-30T09:33:40.164+0000] {local_task_job_runner.py:266} INFO - Task exited with return code 0
[2025-01-30T09:33:40.200+0000] {taskinstance.py:3895} INFO - 0 downstream tasks scheduled from follow-on schedule check
[2025-01-30T09:33:40.204+0000] {local_task_job_runner.py:245} INFO - ::endgroup::
[2025-01-30T09:58:59.847+0000] {local_task_job_runner.py:123} INFO - ::group::Pre task execution logs
[2025-01-30T09:59:00.547+0000] {taskinstance.py:2613} INFO - Dependencies all met for dep_context=non-requeueable deps ti=<TaskInstance: homework_workflow_ingest.task_2 scheduled__2019-10-02T00:00:00+00:00 [queued]>
[2025-01-30T09:59:00.576+0000] {taskinstance.py:2613} INFO - Dependencies all met for dep_context=requeueable deps ti=<TaskInstance: homework_workflow_ingest.task_2 scheduled__2019-10-02T00:00:00+00:00 [queued]>
[2025-01-30T09:59:00.576+0000] {taskinstance.py:2866} INFO - Starting attempt 1 of 1
[2025-01-30T09:59:01.011+0000] {taskinstance.py:2889} INFO - Executing <Task(BashOperator): task_2> on 2019-10-02 00:00:00+00:00
[2025-01-30T09:59:01.179+0000] {standard_task_runner.py:104} INFO - Running: ['***', 'tasks', 'run', 'homework_workflow_ingest', 'task_2', 'scheduled__2019-10-02T00:00:00+00:00', '--job-id', '28', '--raw', '--subdir', 'DAGS_FOLDER/homework_dag.py', '--cfg-path', '/tmp/tmpfjrrjy9f']
[2025-01-30T09:59:01.189+0000] {standard_task_runner.py:105} INFO - Job 28: Subtask task_2
[2025-01-30T09:59:01.197+0000] {logging_mixin.py:190} WARNING - /home/***/.local/lib/python3.12/site-packages/***/task/task_runner/standard_task_runner.py:70 DeprecationWarning: This process (pid=283) is multi-threaded, use of fork() may lead to deadlocks in the child.
[2025-01-30T09:59:01.198+0000] {standard_task_runner.py:72} INFO - Started process 318 to run task
[2025-01-30T09:59:01.844+0000] {task_command.py:467} INFO - Running <TaskInstance: homework_workflow_ingest.task_2 scheduled__2019-10-02T00:00:00+00:00 [running]> on host 713eb9fcfb63
[2025-01-30T09:59:02.894+0000] {taskinstance.py:3132} INFO - Exporting env vars: AIRFLOW_CTX_DAG_OWNER='***' AIRFLOW_CTX_DAG_ID='homework_workflow_ingest' AIRFLOW_CTX_TASK_ID='task_2' AIRFLOW_CTX_EXECUTION_DATE='2019-10-02T00:00:00+00:00' AIRFLOW_CTX_TRY_NUMBER='1' AIRFLOW_CTX_DAG_RUN_ID='scheduled__2019-10-02T00:00:00+00:00'
[2025-01-30T09:59:02.897+0000] {taskinstance.py:731} INFO - ::endgroup::
[2025-01-30T09:59:02.948+0000] {subprocess.py:78} INFO - Tmp dir root location: /tmp
[2025-01-30T09:59:02.949+0000] {subprocess.py:88} INFO - Running command: ['/usr/bin/bash', '-c', "echo '2019-10'"]
[2025-01-30T09:59:03.014+0000] {subprocess.py:99} INFO - Output:
[2025-01-30T09:59:03.021+0000] {subprocess.py:106} INFO - 2019-10
[2025-01-30T09:59:03.022+0000] {subprocess.py:110} INFO - Command exited with return code 0
[2025-01-30T09:59:04.636+0000] {taskinstance.py:340} INFO - ::group::Post task execution logs
[2025-01-30T09:59:04.661+0000] {taskinstance.py:352} INFO - Marking task as SUCCESS. dag_id=homework_workflow_ingest, task_id=task_2, run_id=scheduled__2019-10-02T00:00:00+00:00, execution_date=20191002T000000, start_date=20250130T095900, end_date=20250130T095904
[2025-01-30T09:59:05.538+0000] {local_task_job_runner.py:266} INFO - Task exited with return code 0
[2025-01-30T09:59:05.609+0000] {taskinstance.py:3895} INFO - 0 downstream tasks scheduled from follow-on schedule check
[2025-01-30T09:59:05.647+0000] {local_task_job_runner.py:245} INFO - ::endgroup::
