[2025-01-27T13:14:26.334+0000] {local_task_job_runner.py:123} INFO - ::group::Pre task execution logs
[2025-01-27T13:14:26.349+0000] {taskinstance.py:2613} INFO - Dependencies all met for dep_context=non-requeueable deps ti=<TaskInstance: gcp_ingest.download_data manual__2025-01-27T13:14:25.268965+00:00 [queued]>
[2025-01-27T13:14:26.355+0000] {taskinstance.py:2613} INFO - Dependencies all met for dep_context=requeueable deps ti=<TaskInstance: gcp_ingest.download_data manual__2025-01-27T13:14:25.268965+00:00 [queued]>
[2025-01-27T13:14:26.355+0000] {taskinstance.py:2866} INFO - Starting attempt 1 of 7
[2025-01-27T13:14:26.366+0000] {taskinstance.py:2889} INFO - Executing <Task(BashOperator): download_data> on 2025-01-27 13:14:25.268965+00:00
[2025-01-27T13:14:26.375+0000] {standard_task_runner.py:104} INFO - Running: ['***', 'tasks', 'run', 'gcp_ingest', 'download_data', 'manual__2025-01-27T13:14:25.268965+00:00', '--job-id', '3', '--raw', '--subdir', 'DAGS_FOLDER/gcp_ingest_dag.py', '--cfg-path', '/tmp/tmpb8g23n3t']
[2025-01-27T13:14:26.376+0000] {standard_task_runner.py:105} INFO - Job 3: Subtask download_data
[2025-01-27T13:14:26.543+0000] {logging_mixin.py:190} WARNING - /home/***/.local/lib/python3.12/site-packages/***/task/task_runner/standard_task_runner.py:70 DeprecationWarning: This process (pid=175) is multi-threaded, use of fork() may lead to deadlocks in the child.
[2025-01-27T13:14:26.544+0000] {standard_task_runner.py:72} INFO - Started process 177 to run task
[2025-01-27T13:14:26.560+0000] {task_command.py:467} INFO - Running <TaskInstance: gcp_ingest.download_data manual__2025-01-27T13:14:25.268965+00:00 [running]> on host d21502c6da57
[2025-01-27T13:14:26.629+0000] {taskinstance.py:3132} INFO - Exporting env vars: AIRFLOW_CTX_DAG_OWNER='***' AIRFLOW_CTX_DAG_ID='gcp_ingest' AIRFLOW_CTX_TASK_ID='download_data' AIRFLOW_CTX_EXECUTION_DATE='2025-01-27T13:14:25.268965+00:00' AIRFLOW_CTX_TRY_NUMBER='1' AIRFLOW_CTX_DAG_RUN_ID='manual__2025-01-27T13:14:25.268965+00:00'
[2025-01-27T13:14:26.630+0000] {taskinstance.py:731} INFO - ::endgroup::
[2025-01-27T13:14:26.662+0000] {subprocess.py:78} INFO - Tmp dir root location: /tmp
[2025-01-27T13:14:26.662+0000] {subprocess.py:88} INFO - Running command: ['/usr/bin/bash', '-c', 'curl -o /opt/***/dags/data/downloaded_data.csv https://www.stats.govt.nz/assets/Uploads/Annual-enterprise-survey/Annual-enterprise-survey-2023-financial-year-provisional/Download-data/annual-enterprise-survey-2023-financial-year-provisional-size-bands.csv']
[2025-01-27T13:14:26.675+0000] {subprocess.py:99} INFO - Output:
[2025-01-27T13:14:26.700+0000] {subprocess.py:106} INFO -   % Total    % Received % Xferd  Average Speed   Time    Time     Time  Current
[2025-01-27T13:14:26.701+0000] {subprocess.py:106} INFO -                                  Dload  Upload   Total   Spent    Left  Speed
[2025-01-27T13:14:27.452+0000] {subprocess.py:106} INFO -   0     0    0     0    0     0      0      0 --:--:-- --:--:-- --:--:--     0  0 1723k    0  8703    0     0  12272      0  0:02:23 --:--:--  0:02:23 12257100 1723k  100 1723k    0     0  2292k      0 --:--:-- --:--:-- --:--:-- 2291k
[2025-01-27T13:14:27.454+0000] {subprocess.py:110} INFO - Command exited with return code 0
[2025-01-27T13:14:27.496+0000] {taskinstance.py:340} INFO - ::group::Post task execution logs
[2025-01-27T13:14:27.496+0000] {taskinstance.py:352} INFO - Marking task as SUCCESS. dag_id=gcp_ingest, task_id=download_data, run_id=manual__2025-01-27T13:14:25.268965+00:00, execution_date=20250127T131425, start_date=20250127T131426, end_date=20250127T131427
[2025-01-27T13:14:27.519+0000] {local_task_job_runner.py:266} INFO - Task exited with return code 0
[2025-01-27T13:14:27.538+0000] {taskinstance.py:3895} INFO - 1 downstream tasks scheduled from follow-on schedule check
[2025-01-27T13:14:27.539+0000] {local_task_job_runner.py:245} INFO - ::endgroup::
