[2025-01-30T09:33:46.819+0000] {local_task_job_runner.py:123} INFO - ::group::Pre task execution logs
[2025-01-30T09:33:46.844+0000] {taskinstance.py:2613} INFO - Dependencies all met for dep_context=non-requeueable deps ti=<TaskInstance: homework_workflow_ingest.download_data scheduled__2020-07-02T00:00:00+00:00 [queued]>
[2025-01-30T09:33:46.855+0000] {taskinstance.py:2613} INFO - Dependencies all met for dep_context=requeueable deps ti=<TaskInstance: homework_workflow_ingest.download_data scheduled__2020-07-02T00:00:00+00:00 [queued]>
[2025-01-30T09:33:46.856+0000] {taskinstance.py:2866} INFO - Starting attempt 1 of 1
[2025-01-30T09:33:46.882+0000] {taskinstance.py:2889} INFO - Executing <Task(BashOperator): download_data> on 2020-07-02 00:00:00+00:00
[2025-01-30T09:33:46.894+0000] {logging_mixin.py:190} WARNING - /home/***/.local/lib/python3.12/site-packages/***/task/task_runner/standard_task_runner.py:70 DeprecationWarning: This process (pid=358) is multi-threaded, use of fork() may lead to deadlocks in the child.
[2025-01-30T09:33:46.896+0000] {standard_task_runner.py:72} INFO - Started process 363 to run task
[2025-01-30T09:33:46.898+0000] {standard_task_runner.py:104} INFO - Running: ['***', 'tasks', 'run', 'homework_workflow_ingest', 'download_data', 'scheduled__2020-07-02T00:00:00+00:00', '--job-id', '70', '--raw', '--subdir', 'DAGS_FOLDER/homework_dag.py', '--cfg-path', '/tmp/tmpqpspure0']
[2025-01-30T09:33:46.901+0000] {standard_task_runner.py:105} INFO - Job 70: Subtask download_data
[2025-01-30T09:33:46.981+0000] {task_command.py:467} INFO - Running <TaskInstance: homework_workflow_ingest.download_data scheduled__2020-07-02T00:00:00+00:00 [running]> on host 710324c6e27a
[2025-01-30T09:33:47.296+0000] {taskinstance.py:3132} INFO - Exporting env vars: AIRFLOW_CTX_DAG_OWNER='***' AIRFLOW_CTX_DAG_ID='homework_workflow_ingest' AIRFLOW_CTX_TASK_ID='download_data' AIRFLOW_CTX_EXECUTION_DATE='2020-07-02T00:00:00+00:00' AIRFLOW_CTX_TRY_NUMBER='1' AIRFLOW_CTX_DAG_RUN_ID='scheduled__2020-07-02T00:00:00+00:00'
[2025-01-30T09:33:47.297+0000] {taskinstance.py:731} INFO - ::endgroup::
[2025-01-30T09:33:47.370+0000] {subprocess.py:78} INFO - Tmp dir root location: /tmp
[2025-01-30T09:33:47.378+0000] {subprocess.py:88} INFO - Running command: ['/usr/bin/bash', '-c', 'curl -o /opt/***/data/yellow_2020-07_data.parquet https://d37ci6vzurychx.cloudfront.net/trip-data/yellow_tripdata_2020-07.parquet']
[2025-01-30T09:33:47.422+0000] {subprocess.py:99} INFO - Output:
[2025-01-30T09:33:47.452+0000] {subprocess.py:106} INFO -   % Total    % Received % Xferd  Average Speed   Time    Time     Time  Current
[2025-01-30T09:33:47.454+0000] {subprocess.py:106} INFO -                                  Dload  Upload   Total   Spent    Left  Speed
[2025-01-30T09:33:48.868+0000] {subprocess.py:106} INFO -   0     0    0     0    0     0      0      0 --:--:-- --:--:-- --:--:--     0  0 12.7M    0 32414    0     0  73264      0  0:03:02 --:--:--  0:03:02 73334100 12.7M  100 12.7M    0     0  9229k      0  0:00:01  0:00:01 --:--:-- 9226k100 12.7M  100 12.7M    0     0  9228k      0  0:00:01  0:00:01 --:--:-- 9226k
[2025-01-30T09:33:48.871+0000] {subprocess.py:110} INFO - Command exited with return code 0
[2025-01-30T09:33:48.905+0000] {taskinstance.py:340} INFO - ::group::Post task execution logs
[2025-01-30T09:33:48.906+0000] {taskinstance.py:352} INFO - Marking task as SUCCESS. dag_id=homework_workflow_ingest, task_id=download_data, run_id=scheduled__2020-07-02T00:00:00+00:00, execution_date=20200702T000000, start_date=20250130T093346, end_date=20250130T093348
[2025-01-30T09:33:48.964+0000] {local_task_job_runner.py:266} INFO - Task exited with return code 0
[2025-01-30T09:33:48.991+0000] {taskinstance.py:3895} INFO - 1 downstream tasks scheduled from follow-on schedule check
[2025-01-30T09:33:48.992+0000] {local_task_job_runner.py:245} INFO - ::endgroup::
[2025-01-30T09:48:03.102+0000] {local_task_job_runner.py:123} INFO - ::group::Pre task execution logs
[2025-01-30T09:48:03.140+0000] {taskinstance.py:2613} INFO - Dependencies all met for dep_context=non-requeueable deps ti=<TaskInstance: homework_workflow_ingest.download_data scheduled__2020-07-02T00:00:00+00:00 [queued]>
[2025-01-30T09:48:03.151+0000] {taskinstance.py:2613} INFO - Dependencies all met for dep_context=requeueable deps ti=<TaskInstance: homework_workflow_ingest.download_data scheduled__2020-07-02T00:00:00+00:00 [queued]>
[2025-01-30T09:48:03.151+0000] {taskinstance.py:2866} INFO - Starting attempt 1 of 1
[2025-01-30T09:48:03.189+0000] {taskinstance.py:2889} INFO - Executing <Task(BashOperator): download_data> on 2020-07-02 00:00:00+00:00
[2025-01-30T09:48:03.207+0000] {logging_mixin.py:190} WARNING - /home/***/.local/lib/python3.12/site-packages/***/task/task_runner/standard_task_runner.py:70 DeprecationWarning: This process (pid=906) is multi-threaded, use of fork() may lead to deadlocks in the child.
[2025-01-30T09:48:03.211+0000] {standard_task_runner.py:72} INFO - Started process 913 to run task
[2025-01-30T09:48:03.217+0000] {standard_task_runner.py:104} INFO - Running: ['***', 'tasks', 'run', 'homework_workflow_ingest', 'download_data', 'scheduled__2020-07-02T00:00:00+00:00', '--job-id', '102', '--raw', '--subdir', 'DAGS_FOLDER/homework_dag.py', '--cfg-path', '/tmp/tmpt0iw1sxj']
[2025-01-30T09:48:03.222+0000] {standard_task_runner.py:105} INFO - Job 102: Subtask download_data
[2025-01-30T09:48:03.340+0000] {task_command.py:467} INFO - Running <TaskInstance: homework_workflow_ingest.download_data scheduled__2020-07-02T00:00:00+00:00 [running]> on host 710324c6e27a
[2025-01-30T09:48:03.508+0000] {abstractoperator.py:783} ERROR - Exception rendering Jinja template for task 'download_data', field 'bash_command'. Template: 'curl -o {{ var.value.AIRFLOW_HOME }}/data/{{ params.trip_class }}_{{ ds[:7] }}_data.parquet https://d37ci6vzurychx.cloudfront.net/trip-data/{{ params.trip_class }}_tripdata_{{ ds[:7] }}.parquet'
Traceback (most recent call last):
  File "/home/airflow/.local/lib/python3.12/site-packages/airflow/models/abstractoperator.py", line 775, in _do_render_template_fields
    rendered_content = self.render_template(
                       ^^^^^^^^^^^^^^^^^^^^^
  File "/home/airflow/.local/lib/python3.12/site-packages/airflow/template/templater.py", line 171, in render_template
    return self._render(template, context)
           ^^^^^^^^^^^^^^^^^^^^^^^^^^^^^^^
  File "/home/airflow/.local/lib/python3.12/site-packages/airflow/models/abstractoperator.py", line 730, in _render
    return super()._render(template, context, dag=dag)
           ^^^^^^^^^^^^^^^^^^^^^^^^^^^^^^^^^^^^^^^^^^^
  File "/home/airflow/.local/lib/python3.12/site-packages/airflow/template/templater.py", line 127, in _render
    return render_template_to_string(template, context)
           ^^^^^^^^^^^^^^^^^^^^^^^^^^^^^^^^^^^^^^^^^^^^
  File "/home/airflow/.local/lib/python3.12/site-packages/airflow/utils/helpers.py", line 301, in render_template_to_string
    return render_template(template, cast(MutableMapping[str, Any], context), native=False)
           ^^^^^^^^^^^^^^^^^^^^^^^^^^^^^^^^^^^^^^^^^^^^^^^^^^^^^^^^^^^^^^^^^^^^^^^^^^^^^^^^
  File "/home/airflow/.local/lib/python3.12/site-packages/airflow/utils/helpers.py", line 296, in render_template
    return "".join(nodes)
           ^^^^^^^^^^^^^^
  File "<template>", line 15, in root
  File "/home/airflow/.local/lib/python3.12/site-packages/jinja2/sandbox.py", line 327, in getattr
    value = getattr(obj, attribute)
            ^^^^^^^^^^^^^^^^^^^^^^^
  File "/home/airflow/.local/lib/python3.12/site-packages/airflow/utils/context.py", line 126, in __getattr__
    self.var = Variable.get(key, deserialize_json=self._deserialize_json)
               ^^^^^^^^^^^^^^^^^^^^^^^^^^^^^^^^^^^^^^^^^^^^^^^^^^^^^^^^^^
  File "/home/airflow/.local/lib/python3.12/site-packages/airflow/models/variable.py", line 145, in get
    raise KeyError(f"Variable {key} does not exist")
KeyError: 'Variable AIRFLOW_HOME does not exist'
[2025-01-30T09:48:03.515+0000] {taskinstance.py:3311} ERROR - Task failed with exception
Traceback (most recent call last):
  File "/home/airflow/.local/lib/python3.12/site-packages/airflow/models/taskinstance.py", line 273, in _run_raw_task
    TaskInstance._execute_task_with_callbacks(
  File "/home/airflow/.local/lib/python3.12/site-packages/airflow/models/taskinstance.py", line 3115, in _execute_task_with_callbacks
    task_orig = self.render_templates(context=context, jinja_env=jinja_env)
                ^^^^^^^^^^^^^^^^^^^^^^^^^^^^^^^^^^^^^^^^^^^^^^^^^^^^^^^^^^^
  File "/home/airflow/.local/lib/python3.12/site-packages/airflow/models/taskinstance.py", line 3534, in render_templates
    original_task.render_template_fields(context, jinja_env)
  File "/home/airflow/.local/lib/python3.12/site-packages/airflow/models/baseoperator.py", line 1438, in render_template_fields
    self._do_render_template_fields(self, self.template_fields, context, jinja_env, set())
  File "/home/airflow/.local/lib/python3.12/site-packages/airflow/models/abstractoperator.py", line 775, in _do_render_template_fields
    rendered_content = self.render_template(
                       ^^^^^^^^^^^^^^^^^^^^^
  File "/home/airflow/.local/lib/python3.12/site-packages/airflow/template/templater.py", line 171, in render_template
    return self._render(template, context)
           ^^^^^^^^^^^^^^^^^^^^^^^^^^^^^^^
  File "/home/airflow/.local/lib/python3.12/site-packages/airflow/models/abstractoperator.py", line 730, in _render
    return super()._render(template, context, dag=dag)
           ^^^^^^^^^^^^^^^^^^^^^^^^^^^^^^^^^^^^^^^^^^^
  File "/home/airflow/.local/lib/python3.12/site-packages/airflow/template/templater.py", line 127, in _render
    return render_template_to_string(template, context)
           ^^^^^^^^^^^^^^^^^^^^^^^^^^^^^^^^^^^^^^^^^^^^
  File "/home/airflow/.local/lib/python3.12/site-packages/airflow/utils/helpers.py", line 301, in render_template_to_string
    return render_template(template, cast(MutableMapping[str, Any], context), native=False)
           ^^^^^^^^^^^^^^^^^^^^^^^^^^^^^^^^^^^^^^^^^^^^^^^^^^^^^^^^^^^^^^^^^^^^^^^^^^^^^^^^
  File "/home/airflow/.local/lib/python3.12/site-packages/airflow/utils/helpers.py", line 296, in render_template
    return "".join(nodes)
           ^^^^^^^^^^^^^^
  File "<template>", line 15, in root
  File "/home/airflow/.local/lib/python3.12/site-packages/jinja2/sandbox.py", line 327, in getattr
    value = getattr(obj, attribute)
            ^^^^^^^^^^^^^^^^^^^^^^^
  File "/home/airflow/.local/lib/python3.12/site-packages/airflow/utils/context.py", line 126, in __getattr__
    self.var = Variable.get(key, deserialize_json=self._deserialize_json)
               ^^^^^^^^^^^^^^^^^^^^^^^^^^^^^^^^^^^^^^^^^^^^^^^^^^^^^^^^^^
  File "/home/airflow/.local/lib/python3.12/site-packages/airflow/models/variable.py", line 145, in get
    raise KeyError(f"Variable {key} does not exist")
KeyError: 'Variable AIRFLOW_HOME does not exist'
[2025-01-30T09:48:03.527+0000] {taskinstance.py:1225} INFO - Marking task as FAILED. dag_id=homework_workflow_ingest, task_id=download_data, run_id=scheduled__2020-07-02T00:00:00+00:00, execution_date=20200702T000000, start_date=20250130T094803, end_date=20250130T094803
[2025-01-30T09:48:03.557+0000] {taskinstance.py:340} INFO - ::group::Post task execution logs
[2025-01-30T09:48:03.557+0000] {standard_task_runner.py:124} ERROR - Failed to execute job 102 for task download_data ('Variable AIRFLOW_HOME does not exist'; 913)
Traceback (most recent call last):
  File "/home/airflow/.local/lib/python3.12/site-packages/airflow/task/task_runner/standard_task_runner.py", line 117, in _start_by_fork
    ret = args.func(args, dag=self.dag)
          ^^^^^^^^^^^^^^^^^^^^^^^^^^^^^
  File "/home/airflow/.local/lib/python3.12/site-packages/airflow/cli/cli_config.py", line 49, in command
    return func(*args, **kwargs)
           ^^^^^^^^^^^^^^^^^^^^^
  File "/home/airflow/.local/lib/python3.12/site-packages/airflow/utils/cli.py", line 116, in wrapper
    return f(*args, **kwargs)
           ^^^^^^^^^^^^^^^^^^
  File "/home/airflow/.local/lib/python3.12/site-packages/airflow/cli/commands/task_command.py", line 483, in task_run
    task_return_code = _run_task_by_selected_method(args, _dag, ti)
                       ^^^^^^^^^^^^^^^^^^^^^^^^^^^^^^^^^^^^^^^^^^^^
  File "/home/airflow/.local/lib/python3.12/site-packages/airflow/cli/commands/task_command.py", line 256, in _run_task_by_selected_method
    return _run_raw_task(args, ti)
           ^^^^^^^^^^^^^^^^^^^^^^^
  File "/home/airflow/.local/lib/python3.12/site-packages/airflow/cli/commands/task_command.py", line 341, in _run_raw_task
    return ti._run_raw_task(
           ^^^^^^^^^^^^^^^^^
  File "/home/airflow/.local/lib/python3.12/site-packages/airflow/utils/session.py", line 97, in wrapper
    return func(*args, session=session, **kwargs)
           ^^^^^^^^^^^^^^^^^^^^^^^^^^^^^^^^^^^^^^
  File "/home/airflow/.local/lib/python3.12/site-packages/airflow/models/taskinstance.py", line 3005, in _run_raw_task
    return _run_raw_task(
           ^^^^^^^^^^^^^^
  File "/home/airflow/.local/lib/python3.12/site-packages/airflow/models/taskinstance.py", line 273, in _run_raw_task
    TaskInstance._execute_task_with_callbacks(
  File "/home/airflow/.local/lib/python3.12/site-packages/airflow/models/taskinstance.py", line 3115, in _execute_task_with_callbacks
    task_orig = self.render_templates(context=context, jinja_env=jinja_env)
                ^^^^^^^^^^^^^^^^^^^^^^^^^^^^^^^^^^^^^^^^^^^^^^^^^^^^^^^^^^^
  File "/home/airflow/.local/lib/python3.12/site-packages/airflow/models/taskinstance.py", line 3534, in render_templates
    original_task.render_template_fields(context, jinja_env)
  File "/home/airflow/.local/lib/python3.12/site-packages/airflow/models/baseoperator.py", line 1438, in render_template_fields
    self._do_render_template_fields(self, self.template_fields, context, jinja_env, set())
  File "/home/airflow/.local/lib/python3.12/site-packages/airflow/models/abstractoperator.py", line 775, in _do_render_template_fields
    rendered_content = self.render_template(
                       ^^^^^^^^^^^^^^^^^^^^^
  File "/home/airflow/.local/lib/python3.12/site-packages/airflow/template/templater.py", line 171, in render_template
    return self._render(template, context)
           ^^^^^^^^^^^^^^^^^^^^^^^^^^^^^^^
  File "/home/airflow/.local/lib/python3.12/site-packages/airflow/models/abstractoperator.py", line 730, in _render
    return super()._render(template, context, dag=dag)
           ^^^^^^^^^^^^^^^^^^^^^^^^^^^^^^^^^^^^^^^^^^^
  File "/home/airflow/.local/lib/python3.12/site-packages/airflow/template/templater.py", line 127, in _render
    return render_template_to_string(template, context)
           ^^^^^^^^^^^^^^^^^^^^^^^^^^^^^^^^^^^^^^^^^^^^
  File "/home/airflow/.local/lib/python3.12/site-packages/airflow/utils/helpers.py", line 301, in render_template_to_string
    return render_template(template, cast(MutableMapping[str, Any], context), native=False)
           ^^^^^^^^^^^^^^^^^^^^^^^^^^^^^^^^^^^^^^^^^^^^^^^^^^^^^^^^^^^^^^^^^^^^^^^^^^^^^^^^
  File "/home/airflow/.local/lib/python3.12/site-packages/airflow/utils/helpers.py", line 296, in render_template
    return "".join(nodes)
           ^^^^^^^^^^^^^^
  File "<template>", line 15, in root
  File "/home/airflow/.local/lib/python3.12/site-packages/jinja2/sandbox.py", line 327, in getattr
    value = getattr(obj, attribute)
            ^^^^^^^^^^^^^^^^^^^^^^^
  File "/home/airflow/.local/lib/python3.12/site-packages/airflow/utils/context.py", line 126, in __getattr__
    self.var = Variable.get(key, deserialize_json=self._deserialize_json)
               ^^^^^^^^^^^^^^^^^^^^^^^^^^^^^^^^^^^^^^^^^^^^^^^^^^^^^^^^^^
  File "/home/airflow/.local/lib/python3.12/site-packages/airflow/models/variable.py", line 145, in get
    raise KeyError(f"Variable {key} does not exist")
KeyError: 'Variable AIRFLOW_HOME does not exist'
[2025-01-30T09:48:03.599+0000] {local_task_job_runner.py:266} INFO - Task exited with return code 1
[2025-01-30T09:48:03.622+0000] {local_task_job_runner.py:245} INFO - ::endgroup::
[2025-01-30T09:59:09.942+0000] {local_task_job_runner.py:123} INFO - ::group::Pre task execution logs
[2025-01-30T09:59:10.007+0000] {taskinstance.py:2613} INFO - Dependencies all met for dep_context=non-requeueable deps ti=<TaskInstance: homework_workflow_ingest.download_data scheduled__2020-07-02T00:00:00+00:00 [queued]>
[2025-01-30T09:59:10.027+0000] {taskinstance.py:2613} INFO - Dependencies all met for dep_context=requeueable deps ti=<TaskInstance: homework_workflow_ingest.download_data scheduled__2020-07-02T00:00:00+00:00 [queued]>
[2025-01-30T09:59:10.036+0000] {taskinstance.py:2866} INFO - Starting attempt 1 of 1
[2025-01-30T09:59:10.105+0000] {taskinstance.py:2889} INFO - Executing <Task(BashOperator): download_data> on 2020-07-02 00:00:00+00:00
[2025-01-30T09:59:10.143+0000] {logging_mixin.py:190} WARNING - /home/***/.local/lib/python3.12/site-packages/***/task/task_runner/standard_task_runner.py:70 DeprecationWarning: This process (pid=360) is multi-threaded, use of fork() may lead to deadlocks in the child.
[2025-01-30T09:59:10.147+0000] {standard_task_runner.py:72} INFO - Started process 366 to run task
[2025-01-30T09:59:10.146+0000] {standard_task_runner.py:104} INFO - Running: ['***', 'tasks', 'run', 'homework_workflow_ingest', 'download_data', 'scheduled__2020-07-02T00:00:00+00:00', '--job-id', '36', '--raw', '--subdir', 'DAGS_FOLDER/homework_dag.py', '--cfg-path', '/tmp/tmpii1o0d3v']
[2025-01-30T09:59:10.152+0000] {standard_task_runner.py:105} INFO - Job 36: Subtask download_data
[2025-01-30T09:59:10.325+0000] {task_command.py:467} INFO - Running <TaskInstance: homework_workflow_ingest.download_data scheduled__2020-07-02T00:00:00+00:00 [running]> on host 713eb9fcfb63
[2025-01-30T09:59:10.573+0000] {taskinstance.py:3132} INFO - Exporting env vars: AIRFLOW_CTX_DAG_OWNER='***' AIRFLOW_CTX_DAG_ID='homework_workflow_ingest' AIRFLOW_CTX_TASK_ID='download_data' AIRFLOW_CTX_EXECUTION_DATE='2020-07-02T00:00:00+00:00' AIRFLOW_CTX_TRY_NUMBER='1' AIRFLOW_CTX_DAG_RUN_ID='scheduled__2020-07-02T00:00:00+00:00'
[2025-01-30T09:59:10.574+0000] {taskinstance.py:731} INFO - ::endgroup::
[2025-01-30T09:59:10.657+0000] {subprocess.py:78} INFO - Tmp dir root location: /tmp
[2025-01-30T09:59:10.678+0000] {subprocess.py:88} INFO - Running command: ['/usr/bin/bash', '-c', 'curl -o /opt/***/data/yellow_2020-07_data.parquet https://d37ci6vzurychx.cloudfront.net/trip-data/yellow_tripdata_2020-07.parquet']
[2025-01-30T09:59:10.696+0000] {subprocess.py:99} INFO - Output:
[2025-01-30T09:59:10.714+0000] {subprocess.py:106} INFO -   % Total    % Received % Xferd  Average Speed   Time    Time     Time  Current
[2025-01-30T09:59:10.715+0000] {subprocess.py:106} INFO -                                  Dload  Upload   Total   Spent    Left  Speed
[2025-01-30T09:59:12.406+0000] {subprocess.py:106} INFO -   0     0    0     0    0     0      0      0 --:--:-- --:--:-- --:--:--     0  0     0    0     0    0     0      0      0 --:--:-- --:--:-- --:--:--     0 11 12.7M   11 1516k    0     0  1305k      0  0:00:10  0:00:01  0:00:09 1304k100 12.7M  100 12.7M    0     0  7729k      0  0:00:01  0:00:01 --:--:-- 7726k
[2025-01-30T09:59:12.409+0000] {subprocess.py:110} INFO - Command exited with return code 0
[2025-01-30T09:59:13.088+0000] {taskinstance.py:340} INFO - ::group::Post task execution logs
[2025-01-30T09:59:13.088+0000] {taskinstance.py:352} INFO - Marking task as SUCCESS. dag_id=homework_workflow_ingest, task_id=download_data, run_id=scheduled__2020-07-02T00:00:00+00:00, execution_date=20200702T000000, start_date=20250130T095910, end_date=20250130T095913
[2025-01-30T09:59:13.161+0000] {local_task_job_runner.py:266} INFO - Task exited with return code 0
[2025-01-30T09:59:13.247+0000] {taskinstance.py:3895} INFO - 1 downstream tasks scheduled from follow-on schedule check
[2025-01-30T09:59:13.255+0000] {local_task_job_runner.py:245} INFO - ::endgroup::
