[2025-01-30T10:25:33.613+0000] {local_task_job_runner.py:123} INFO - ::group::Pre task execution logs
[2025-01-30T10:25:33.691+0000] {taskinstance.py:2613} INFO - Dependencies all met for dep_context=non-requeueable deps ti=<TaskInstance: fhv_to_gcp_dag.download_fhv scheduled__2019-10-02T00:00:00+00:00 [queued]>
[2025-01-30T10:25:33.731+0000] {taskinstance.py:2613} INFO - Dependencies all met for dep_context=requeueable deps ti=<TaskInstance: fhv_to_gcp_dag.download_fhv scheduled__2019-10-02T00:00:00+00:00 [queued]>
[2025-01-30T10:25:33.731+0000] {taskinstance.py:2866} INFO - Starting attempt 1 of 1
[2025-01-30T10:25:33.962+0000] {taskinstance.py:2889} INFO - Executing <Task(BashOperator): download_fhv> on 2019-10-02 00:00:00+00:00
[2025-01-30T10:25:34.008+0000] {standard_task_runner.py:104} INFO - Running: ['***', 'tasks', 'run', 'fhv_to_gcp_dag', 'download_fhv', 'scheduled__2019-10-02T00:00:00+00:00', '--job-id', '60', '--raw', '--subdir', 'DAGS_FOLDER/homework_fhv_dag.py', '--cfg-path', '/tmp/tmp596njw6z']
[2025-01-30T10:25:34.014+0000] {standard_task_runner.py:105} INFO - Job 60: Subtask download_fhv
[2025-01-30T10:25:34.093+0000] {logging_mixin.py:190} WARNING - /home/***/.local/lib/python3.12/site-packages/***/task/task_runner/standard_task_runner.py:70 DeprecationWarning: This process (pid=242) is multi-threaded, use of fork() may lead to deadlocks in the child.
[2025-01-30T10:25:34.102+0000] {standard_task_runner.py:72} INFO - Started process 257 to run task
[2025-01-30T10:25:34.184+0000] {task_command.py:467} INFO - Running <TaskInstance: fhv_to_gcp_dag.download_fhv scheduled__2019-10-02T00:00:00+00:00 [running]> on host 9573d401388f
[2025-01-30T10:25:34.925+0000] {taskinstance.py:3132} INFO - Exporting env vars: AIRFLOW_CTX_DAG_OWNER='***' AIRFLOW_CTX_DAG_ID='fhv_to_gcp_dag' AIRFLOW_CTX_TASK_ID='download_fhv' AIRFLOW_CTX_EXECUTION_DATE='2019-10-02T00:00:00+00:00' AIRFLOW_CTX_TRY_NUMBER='1' AIRFLOW_CTX_DAG_RUN_ID='scheduled__2019-10-02T00:00:00+00:00'
[2025-01-30T10:25:34.928+0000] {taskinstance.py:731} INFO - ::endgroup::
[2025-01-30T10:25:35.001+0000] {subprocess.py:78} INFO - Tmp dir root location: /tmp
[2025-01-30T10:25:35.004+0000] {subprocess.py:88} INFO - Running command: ['/usr/bin/bash', '-c', 'curl -o /opt/***/data/fhv_2019-10_data.parquet https://d37ci6vzurychx.cloudfront.net/trip-data/fhv_tripdata_2019-10.parquet']
[2025-01-30T10:25:35.145+0000] {subprocess.py:99} INFO - Output:
[2025-01-30T10:25:35.319+0000] {subprocess.py:106} INFO -   % Total    % Received % Xferd  Average Speed   Time    Time     Time  Current
[2025-01-30T10:25:35.320+0000] {subprocess.py:106} INFO -                                  Dload  Upload   Total   Spent    Left  Speed
[2025-01-30T10:25:38.000+0000] {subprocess.py:106} INFO -   0     0    0     0    0     0      0      0 --:--:-- --:--:-- --:--:--     0  0     0    0     0    0     0      0      0 --:--:-- --:--:-- --:--:--     0  2 17.4M    2  463k    0     0   295k      0  0:01:00  0:00:01  0:00:59  295k 91 17.4M   91 16.0M    0     0  6288k      0  0:00:02  0:00:02 --:--:-- 6288k100 17.4M  100 17.4M    0     0  6634k      0  0:00:02  0:00:02 --:--:-- 6632k
[2025-01-30T10:25:38.005+0000] {subprocess.py:110} INFO - Command exited with return code 0
[2025-01-30T10:25:39.200+0000] {taskinstance.py:340} INFO - ::group::Post task execution logs
[2025-01-30T10:25:39.222+0000] {taskinstance.py:352} INFO - Marking task as SUCCESS. dag_id=fhv_to_gcp_dag, task_id=download_fhv, run_id=scheduled__2019-10-02T00:00:00+00:00, execution_date=20191002T000000, start_date=20250130T102533, end_date=20250130T102539
[2025-01-30T10:25:39.550+0000] {local_task_job_runner.py:266} INFO - Task exited with return code 0
[2025-01-30T10:25:39.659+0000] {taskinstance.py:3895} INFO - 1 downstream tasks scheduled from follow-on schedule check
[2025-01-30T10:25:39.674+0000] {local_task_job_runner.py:245} INFO - ::endgroup::
