[2025-01-30T09:33:35.318+0000] {local_task_job_runner.py:123} INFO - ::group::Pre task execution logs
[2025-01-30T09:33:35.492+0000] {taskinstance.py:2613} INFO - Dependencies all met for dep_context=non-requeueable deps ti=<TaskInstance: homework_workflow_ingest.task_2 scheduled__2019-07-02T00:00:00+00:00 [queued]>
[2025-01-30T09:33:35.567+0000] {taskinstance.py:2613} INFO - Dependencies all met for dep_context=requeueable deps ti=<TaskInstance: homework_workflow_ingest.task_2 scheduled__2019-07-02T00:00:00+00:00 [queued]>
[2025-01-30T09:33:35.568+0000] {taskinstance.py:2866} INFO - Starting attempt 1 of 1
[2025-01-30T09:33:36.619+0000] {taskinstance.py:2889} INFO - Executing <Task(BashOperator): task_2> on 2019-07-02 00:00:00+00:00
[2025-01-30T09:33:36.708+0000] {standard_task_runner.py:104} INFO - Running: ['***', 'tasks', 'run', 'homework_workflow_ingest', 'task_2', 'scheduled__2019-07-02T00:00:00+00:00', '--job-id', '57', '--raw', '--subdir', 'DAGS_FOLDER/homework_dag.py', '--cfg-path', '/tmp/tmpqq7xvgz6']
[2025-01-30T09:33:36.715+0000] {standard_task_runner.py:105} INFO - Job 57: Subtask task_2
[2025-01-30T09:33:36.693+0000] {logging_mixin.py:190} WARNING - /home/***/.local/lib/python3.12/site-packages/***/task/task_runner/standard_task_runner.py:70 DeprecationWarning: This process (pid=274) is multi-threaded, use of fork() may lead to deadlocks in the child.
[2025-01-30T09:33:36.719+0000] {standard_task_runner.py:72} INFO - Started process 286 to run task
[2025-01-30T09:33:37.404+0000] {task_command.py:467} INFO - Running <TaskInstance: homework_workflow_ingest.task_2 scheduled__2019-07-02T00:00:00+00:00 [running]> on host 710324c6e27a
[2025-01-30T09:33:38.162+0000] {taskinstance.py:3132} INFO - Exporting env vars: AIRFLOW_CTX_DAG_OWNER='***' AIRFLOW_CTX_DAG_ID='homework_workflow_ingest' AIRFLOW_CTX_TASK_ID='task_2' AIRFLOW_CTX_EXECUTION_DATE='2019-07-02T00:00:00+00:00' AIRFLOW_CTX_TRY_NUMBER='1' AIRFLOW_CTX_DAG_RUN_ID='scheduled__2019-07-02T00:00:00+00:00'
[2025-01-30T09:33:38.163+0000] {taskinstance.py:731} INFO - ::endgroup::
[2025-01-30T09:33:38.259+0000] {subprocess.py:78} INFO - Tmp dir root location: /tmp
[2025-01-30T09:33:38.265+0000] {subprocess.py:88} INFO - Running command: ['/usr/bin/bash', '-c', "echo '2019-07'"]
[2025-01-30T09:33:38.387+0000] {subprocess.py:99} INFO - Output:
[2025-01-30T09:33:38.411+0000] {subprocess.py:106} INFO - 2019-07
[2025-01-30T09:33:38.435+0000] {subprocess.py:110} INFO - Command exited with return code 0
[2025-01-30T09:33:38.530+0000] {taskinstance.py:340} INFO - ::group::Post task execution logs
[2025-01-30T09:33:38.532+0000] {taskinstance.py:352} INFO - Marking task as SUCCESS. dag_id=homework_workflow_ingest, task_id=task_2, run_id=scheduled__2019-07-02T00:00:00+00:00, execution_date=20190702T000000, start_date=20250130T093335, end_date=20250130T093338
[2025-01-30T09:33:38.810+0000] {local_task_job_runner.py:266} INFO - Task exited with return code 0
[2025-01-30T09:33:38.880+0000] {taskinstance.py:3895} INFO - 0 downstream tasks scheduled from follow-on schedule check
[2025-01-30T09:33:38.911+0000] {local_task_job_runner.py:245} INFO - ::endgroup::
[2025-01-30T09:58:53.538+0000] {local_task_job_runner.py:123} INFO - ::group::Pre task execution logs
[2025-01-30T09:58:53.707+0000] {taskinstance.py:2613} INFO - Dependencies all met for dep_context=non-requeueable deps ti=<TaskInstance: homework_workflow_ingest.task_2 scheduled__2019-07-02T00:00:00+00:00 [queued]>
[2025-01-30T09:58:53.729+0000] {taskinstance.py:2613} INFO - Dependencies all met for dep_context=requeueable deps ti=<TaskInstance: homework_workflow_ingest.task_2 scheduled__2019-07-02T00:00:00+00:00 [queued]>
[2025-01-30T09:58:53.730+0000] {taskinstance.py:2866} INFO - Starting attempt 1 of 1
[2025-01-30T09:58:54.124+0000] {taskinstance.py:2889} INFO - Executing <Task(BashOperator): task_2> on 2019-07-02 00:00:00+00:00
[2025-01-30T09:58:54.170+0000] {logging_mixin.py:190} WARNING - /home/***/.local/lib/python3.12/site-packages/***/task/task_runner/standard_task_runner.py:70 DeprecationWarning: This process (pid=272) is multi-threaded, use of fork() may lead to deadlocks in the child.
[2025-01-30T09:58:54.174+0000] {standard_task_runner.py:72} INFO - Started process 284 to run task
[2025-01-30T09:58:54.225+0000] {standard_task_runner.py:104} INFO - Running: ['***', 'tasks', 'run', 'homework_workflow_ingest', 'task_2', 'scheduled__2019-07-02T00:00:00+00:00', '--job-id', '20', '--raw', '--subdir', 'DAGS_FOLDER/homework_dag.py', '--cfg-path', '/tmp/tmpmc2xw83g']
[2025-01-30T09:58:54.242+0000] {standard_task_runner.py:105} INFO - Job 20: Subtask task_2
[2025-01-30T09:58:55.807+0000] {task_command.py:467} INFO - Running <TaskInstance: homework_workflow_ingest.task_2 scheduled__2019-07-02T00:00:00+00:00 [running]> on host 713eb9fcfb63
[2025-01-30T09:59:00.948+0000] {taskinstance.py:3132} INFO - Exporting env vars: AIRFLOW_CTX_DAG_OWNER='***' AIRFLOW_CTX_DAG_ID='homework_workflow_ingest' AIRFLOW_CTX_TASK_ID='task_2' AIRFLOW_CTX_EXECUTION_DATE='2019-07-02T00:00:00+00:00' AIRFLOW_CTX_TRY_NUMBER='1' AIRFLOW_CTX_DAG_RUN_ID='scheduled__2019-07-02T00:00:00+00:00'
[2025-01-30T09:59:00.983+0000] {taskinstance.py:731} INFO - ::endgroup::
[2025-01-30T09:59:01.207+0000] {subprocess.py:78} INFO - Tmp dir root location: /tmp
[2025-01-30T09:59:01.209+0000] {subprocess.py:88} INFO - Running command: ['/usr/bin/bash', '-c', "echo '2019-07'"]
[2025-01-30T09:59:01.470+0000] {subprocess.py:99} INFO - Output:
[2025-01-30T09:59:02.140+0000] {subprocess.py:106} INFO - 2019-07
[2025-01-30T09:59:02.190+0000] {subprocess.py:110} INFO - Command exited with return code 0
[2025-01-30T09:59:03.178+0000] {taskinstance.py:340} INFO - ::group::Post task execution logs
[2025-01-30T09:59:03.183+0000] {taskinstance.py:352} INFO - Marking task as SUCCESS. dag_id=homework_workflow_ingest, task_id=task_2, run_id=scheduled__2019-07-02T00:00:00+00:00, execution_date=20190702T000000, start_date=20250130T095853, end_date=20250130T095903
[2025-01-30T09:59:04.515+0000] {local_task_job_runner.py:266} INFO - Task exited with return code 0
[2025-01-30T09:59:04.624+0000] {local_task_job_runner.py:245} INFO - ::endgroup::
