[2025-01-28T09:59:11.979+0000] {local_task_job_runner.py:123} INFO - ::group::Pre task execution logs
[2025-01-28T09:59:12.002+0000] {taskinstance.py:2613} INFO - Dependencies all met for dep_context=non-requeueable deps ti=<TaskInstance: dag_data_ingestion.get_data manual__2025-01-28T09:59:11.007181+00:00 [queued]>
[2025-01-28T09:59:12.008+0000] {taskinstance.py:2613} INFO - Dependencies all met for dep_context=requeueable deps ti=<TaskInstance: dag_data_ingestion.get_data manual__2025-01-28T09:59:11.007181+00:00 [queued]>
[2025-01-28T09:59:12.009+0000] {taskinstance.py:2866} INFO - Starting attempt 1 of 1
[2025-01-28T09:59:12.019+0000] {taskinstance.py:2889} INFO - Executing <Task(BashOperator): get_data> on 2025-01-28 09:59:11.007181+00:00
[2025-01-28T09:59:12.026+0000] {standard_task_runner.py:104} INFO - Running: ['***', 'tasks', 'run', 'dag_data_ingestion', 'get_data', 'manual__2025-01-28T09:59:11.007181+00:00', '--job-id', '69', '--raw', '--subdir', 'DAGS_FOLDER/dag_data_ingestion.py', '--cfg-path', '/tmp/tmp0bzw7hha']
[2025-01-28T09:59:12.028+0000] {standard_task_runner.py:105} INFO - Job 69: Subtask get_data
[2025-01-28T09:59:12.029+0000] {logging_mixin.py:190} WARNING - /home/***/.local/lib/python3.12/site-packages/***/task/task_runner/standard_task_runner.py:70 DeprecationWarning: This process (pid=174) is multi-threaded, use of fork() may lead to deadlocks in the child.
[2025-01-28T09:59:12.030+0000] {standard_task_runner.py:72} INFO - Started process 175 to run task
[2025-01-28T09:59:12.065+0000] {task_command.py:467} INFO - Running <TaskInstance: dag_data_ingestion.get_data manual__2025-01-28T09:59:11.007181+00:00 [running]> on host a92704734cc8
[2025-01-28T09:59:12.145+0000] {taskinstance.py:3132} INFO - Exporting env vars: AIRFLOW_CTX_DAG_OWNER='***' AIRFLOW_CTX_DAG_ID='dag_data_ingestion' AIRFLOW_CTX_TASK_ID='get_data' AIRFLOW_CTX_EXECUTION_DATE='2025-01-28T09:59:11.007181+00:00' AIRFLOW_CTX_TRY_NUMBER='1' AIRFLOW_CTX_DAG_RUN_ID='manual__2025-01-28T09:59:11.007181+00:00'
[2025-01-28T09:59:12.146+0000] {taskinstance.py:731} INFO - ::endgroup::
[2025-01-28T09:59:12.170+0000] {subprocess.py:78} INFO - Tmp dir root location: /tmp
[2025-01-28T09:59:12.171+0000] {subprocess.py:88} INFO - Running command: ['/usr/bin/bash', '-c', 'curl -o /opt/***/dags/data/yellow_data.parquet https://d37ci6vzurychx.cloudfront.net/trip-data/yellow_tripdata_2022-01.parquet']
[2025-01-28T09:59:12.181+0000] {subprocess.py:99} INFO - Output:
[2025-01-28T09:59:12.190+0000] {subprocess.py:106} INFO -   % Total    % Received % Xferd  Average Speed   Time    Time     Time  Current
[2025-01-28T09:59:12.191+0000] {subprocess.py:106} INFO -                                  Dload  Upload   Total   Spent    Left  Speed
[2025-01-28T09:59:14.493+0000] {subprocess.py:106} INFO -   0     0    0     0    0     0      0      0 --:--:-- --:--:-- --:--:--     0  0     0    0     0    0     0      0      0 --:--:-- --:--:-- --:--:--     0 10 36.3M   10 3887k    0     0  3486k      0  0:00:10  0:00:01  0:00:09 3486k 85 36.3M   85 31.2M    0     0  14.7M      0  0:00:02  0:00:02 --:--:-- 14.7M100 36.3M  100 36.3M    0     0  15.7M      0  0:00:02  0:00:02 --:--:-- 15.7M
[2025-01-28T09:59:14.496+0000] {subprocess.py:110} INFO - Command exited with return code 0
[2025-01-28T09:59:14.533+0000] {taskinstance.py:340} INFO - ::group::Post task execution logs
[2025-01-28T09:59:14.533+0000] {taskinstance.py:352} INFO - Marking task as SUCCESS. dag_id=dag_data_ingestion, task_id=get_data, run_id=manual__2025-01-28T09:59:11.007181+00:00, execution_date=20250128T095911, start_date=20250128T095912, end_date=20250128T095914
[2025-01-28T09:59:14.572+0000] {local_task_job_runner.py:266} INFO - Task exited with return code 0
[2025-01-28T09:59:14.605+0000] {taskinstance.py:3895} INFO - 1 downstream tasks scheduled from follow-on schedule check
[2025-01-28T09:59:14.612+0000] {local_task_job_runner.py:245} INFO - ::endgroup::
