[2025-01-30T10:36:26.462+0000] {local_task_job_runner.py:123} INFO - ::group::Pre task execution logs
[2025-01-30T10:36:26.548+0000] {taskinstance.py:2613} INFO - Dependencies all met for dep_context=non-requeueable deps ti=<TaskInstance: fhv_to_gcp_dag.download_fhv scheduled__2019-08-02T00:00:00+00:00 [queued]>
[2025-01-30T10:36:26.583+0000] {taskinstance.py:2613} INFO - Dependencies all met for dep_context=requeueable deps ti=<TaskInstance: fhv_to_gcp_dag.download_fhv scheduled__2019-08-02T00:00:00+00:00 [queued]>
[2025-01-30T10:36:26.588+0000] {taskinstance.py:2866} INFO - Starting attempt 2 of 2
[2025-01-30T10:36:26.682+0000] {taskinstance.py:2889} INFO - Executing <Task(BashOperator): download_fhv> on 2019-08-02 00:00:00+00:00
[2025-01-30T10:36:26.720+0000] {logging_mixin.py:190} WARNING - /home/***/.local/lib/python3.12/site-packages/***/task/task_runner/standard_task_runner.py:70 DeprecationWarning: This process (pid=863) is multi-threaded, use of fork() may lead to deadlocks in the child.
[2025-01-30T10:36:26.747+0000] {standard_task_runner.py:72} INFO - Started process 874 to run task
[2025-01-30T10:36:26.730+0000] {standard_task_runner.py:104} INFO - Running: ['***', 'tasks', 'run', 'fhv_to_gcp_dag', 'download_fhv', 'scheduled__2019-08-02T00:00:00+00:00', '--job-id', '103', '--raw', '--subdir', 'DAGS_FOLDER/homework_fhv_dag.py', '--cfg-path', '/tmp/tmprucf725i']
[2025-01-30T10:36:26.749+0000] {standard_task_runner.py:105} INFO - Job 103: Subtask download_fhv
[2025-01-30T10:36:27.047+0000] {task_command.py:467} INFO - Running <TaskInstance: fhv_to_gcp_dag.download_fhv scheduled__2019-08-02T00:00:00+00:00 [running]> on host 9573d401388f
[2025-01-30T10:36:27.621+0000] {taskinstance.py:3132} INFO - Exporting env vars: AIRFLOW_CTX_DAG_OWNER='***' AIRFLOW_CTX_DAG_ID='fhv_to_gcp_dag' AIRFLOW_CTX_TASK_ID='download_fhv' AIRFLOW_CTX_EXECUTION_DATE='2019-08-02T00:00:00+00:00' AIRFLOW_CTX_TRY_NUMBER='2' AIRFLOW_CTX_DAG_RUN_ID='scheduled__2019-08-02T00:00:00+00:00'
[2025-01-30T10:36:27.632+0000] {taskinstance.py:731} INFO - ::endgroup::
[2025-01-30T10:36:27.750+0000] {subprocess.py:78} INFO - Tmp dir root location: /tmp
[2025-01-30T10:36:27.772+0000] {subprocess.py:88} INFO - Running command: ['/usr/bin/bash', '-c', 'curl -o /opt/***/data/fhv_2019-08_data.parquet https://d37ci6vzurychx.cloudfront.net/trip-data/fhv_tripdata_2019-08.parquet']
[2025-01-30T10:36:27.859+0000] {subprocess.py:99} INFO - Output:
[2025-01-30T10:36:27.958+0000] {subprocess.py:106} INFO -   % Total    % Received % Xferd  Average Speed   Time    Time     Time  Current
[2025-01-30T10:36:27.958+0000] {subprocess.py:106} INFO -                                  Dload  Upload   Total   Spent    Left  Speed
[2025-01-30T10:36:30.174+0000] {subprocess.py:106} INFO -   0     0    0     0    0     0      0      0 --:--:-- --:--:-- --:--:--     0  3 16.5M    3  538k    0     0   592k      0  0:00:28 --:--:--  0:00:28  592k 95 16.5M   95 15.8M    0     0  7538k      0  0:00:02  0:00:02 --:--:-- 7539k100 16.5M  100 16.5M    0     0  7634k      0  0:00:02  0:00:02 --:--:-- 7634k
[2025-01-30T10:36:30.212+0000] {subprocess.py:110} INFO - Command exited with return code 0
[2025-01-30T10:36:31.971+0000] {taskinstance.py:340} INFO - ::group::Post task execution logs
[2025-01-30T10:36:31.975+0000] {taskinstance.py:352} INFO - Marking task as SUCCESS. dag_id=fhv_to_gcp_dag, task_id=download_fhv, run_id=scheduled__2019-08-02T00:00:00+00:00, execution_date=20190802T000000, start_date=20250130T103626, end_date=20250130T103631
[2025-01-30T10:36:32.661+0000] {local_task_job_runner.py:266} INFO - Task exited with return code 0
[2025-01-30T10:36:32.811+0000] {taskinstance.py:3895} INFO - 1 downstream tasks scheduled from follow-on schedule check
[2025-01-30T10:36:32.842+0000] {local_task_job_runner.py:245} INFO - ::endgroup::
