[2025-01-26T14:38:45.069+0000] {local_task_job_runner.py:123} INFO - ::group::Pre task execution logs
[2025-01-26T14:38:45.086+0000] {taskinstance.py:2613} INFO - Dependencies all met for dep_context=non-requeueable deps ti=<TaskInstance: gcp_ingest.download_data manual__2025-01-26T14:38:44.163790+00:00 [queued]>
[2025-01-26T14:38:45.092+0000] {taskinstance.py:2613} INFO - Dependencies all met for dep_context=requeueable deps ti=<TaskInstance: gcp_ingest.download_data manual__2025-01-26T14:38:44.163790+00:00 [queued]>
[2025-01-26T14:38:45.093+0000] {taskinstance.py:2866} INFO - Starting attempt 1 of 2
[2025-01-26T14:38:45.103+0000] {taskinstance.py:2889} INFO - Executing <Task(BashOperator): download_data> on 2025-01-26 14:38:44.163790+00:00
[2025-01-26T14:38:45.110+0000] {standard_task_runner.py:104} INFO - Running: ['***', 'tasks', 'run', 'gcp_ingest', 'download_data', 'manual__2025-01-26T14:38:44.163790+00:00', '--job-id', '17', '--raw', '--subdir', 'DAGS_FOLDER/gcp_ingest_dag.py', '--cfg-path', '/tmp/tmpn2fxgen7']
[2025-01-26T14:38:45.112+0000] {standard_task_runner.py:105} INFO - Job 17: Subtask download_data
[2025-01-26T14:38:45.113+0000] {logging_mixin.py:190} WARNING - /home/***/.local/lib/python3.12/site-packages/***/task/task_runner/standard_task_runner.py:70 DeprecationWarning: This process (pid=298) is multi-threaded, use of fork() may lead to deadlocks in the child.
[2025-01-26T14:38:45.113+0000] {standard_task_runner.py:72} INFO - Started process 299 to run task
[2025-01-26T14:38:45.146+0000] {task_command.py:467} INFO - Running <TaskInstance: gcp_ingest.download_data manual__2025-01-26T14:38:44.163790+00:00 [running]> on host 3ba1a9b99dd9
[2025-01-26T14:38:45.213+0000] {taskinstance.py:3132} INFO - Exporting env vars: AIRFLOW_CTX_DAG_OWNER='***' AIRFLOW_CTX_DAG_ID='gcp_ingest' AIRFLOW_CTX_TASK_ID='download_data' AIRFLOW_CTX_EXECUTION_DATE='2025-01-26T14:38:44.163790+00:00' AIRFLOW_CTX_TRY_NUMBER='1' AIRFLOW_CTX_DAG_RUN_ID='manual__2025-01-26T14:38:44.163790+00:00'
[2025-01-26T14:38:45.214+0000] {taskinstance.py:731} INFO - ::endgroup::
[2025-01-26T14:38:45.224+0000] {subprocess.py:78} INFO - Tmp dir root location: /tmp
[2025-01-26T14:38:45.225+0000] {subprocess.py:88} INFO - Running command: ['/usr/bin/bash', '-c', 'curl -o /tmp/downloaded_data.csv https://s3.amazonaws.com/nyc-tlc/trip+data/yellow_tripdata_2021-01.csv']
[2025-01-26T14:38:45.235+0000] {subprocess.py:99} INFO - Output:
[2025-01-26T14:38:45.244+0000] {subprocess.py:106} INFO -   % Total    % Received % Xferd  Average Speed   Time    Time     Time  Current
[2025-01-26T14:38:45.244+0000] {subprocess.py:106} INFO -                                  Dload  Upload   Total   Spent    Left  Speed
[2025-01-26T14:38:45.842+0000] {subprocess.py:106} INFO -   0     0    0     0    0     0      0      0 --:--:-- --:--:-- --:--:--     0100   263    0   263    0     0    439      0 --:--:-- --:--:-- --:--:--   439
[2025-01-26T14:38:45.844+0000] {subprocess.py:110} INFO - Command exited with return code 0
[2025-01-26T14:38:45.866+0000] {taskinstance.py:340} INFO - ::group::Post task execution logs
[2025-01-26T14:38:45.867+0000] {taskinstance.py:352} INFO - Marking task as SUCCESS. dag_id=gcp_ingest, task_id=download_data, run_id=manual__2025-01-26T14:38:44.163790+00:00, execution_date=20250126T143844, start_date=20250126T143845, end_date=20250126T143845
[2025-01-26T14:38:45.888+0000] {local_task_job_runner.py:266} INFO - Task exited with return code 0
[2025-01-26T14:38:45.905+0000] {taskinstance.py:3895} INFO - 1 downstream tasks scheduled from follow-on schedule check
[2025-01-26T14:38:45.906+0000] {local_task_job_runner.py:245} INFO - ::endgroup::
