[2025-01-28T10:02:13.897+0000] {local_task_job_runner.py:123} INFO - ::group::Pre task execution logs
[2025-01-28T10:02:13.911+0000] {taskinstance.py:2613} INFO - Dependencies all met for dep_context=non-requeueable deps ti=<TaskInstance: dag_data_ingestion.get_data manual__2025-01-28T10:02:13.032409+00:00 [queued]>
[2025-01-28T10:02:13.917+0000] {taskinstance.py:2613} INFO - Dependencies all met for dep_context=requeueable deps ti=<TaskInstance: dag_data_ingestion.get_data manual__2025-01-28T10:02:13.032409+00:00 [queued]>
[2025-01-28T10:02:13.917+0000] {taskinstance.py:2866} INFO - Starting attempt 1 of 1
[2025-01-28T10:02:13.928+0000] {taskinstance.py:2889} INFO - Executing <Task(BashOperator): get_data> on 2025-01-28 10:02:13.032409+00:00
[2025-01-28T10:02:13.935+0000] {standard_task_runner.py:104} INFO - Running: ['***', 'tasks', 'run', 'dag_data_ingestion', 'get_data', 'manual__2025-01-28T10:02:13.032409+00:00', '--job-id', '71', '--raw', '--subdir', 'DAGS_FOLDER/dag_data_ingestion.py', '--cfg-path', '/tmp/tmp0smjt6vr']
[2025-01-28T10:02:13.936+0000] {standard_task_runner.py:105} INFO - Job 71: Subtask get_data
[2025-01-28T10:02:13.937+0000] {logging_mixin.py:190} WARNING - /home/***/.local/lib/python3.12/site-packages/***/task/task_runner/standard_task_runner.py:70 DeprecationWarning: This process (pid=253) is multi-threaded, use of fork() may lead to deadlocks in the child.
[2025-01-28T10:02:13.938+0000] {standard_task_runner.py:72} INFO - Started process 254 to run task
[2025-01-28T10:02:13.972+0000] {task_command.py:467} INFO - Running <TaskInstance: dag_data_ingestion.get_data manual__2025-01-28T10:02:13.032409+00:00 [running]> on host a92704734cc8
[2025-01-28T10:02:14.041+0000] {taskinstance.py:3132} INFO - Exporting env vars: AIRFLOW_CTX_DAG_OWNER='***' AIRFLOW_CTX_DAG_ID='dag_data_ingestion' AIRFLOW_CTX_TASK_ID='get_data' AIRFLOW_CTX_EXECUTION_DATE='2025-01-28T10:02:13.032409+00:00' AIRFLOW_CTX_TRY_NUMBER='1' AIRFLOW_CTX_DAG_RUN_ID='manual__2025-01-28T10:02:13.032409+00:00'
[2025-01-28T10:02:14.041+0000] {taskinstance.py:731} INFO - ::endgroup::
[2025-01-28T10:02:14.052+0000] {subprocess.py:78} INFO - Tmp dir root location: /tmp
[2025-01-28T10:02:14.053+0000] {subprocess.py:88} INFO - Running command: ['/usr/bin/bash', '-c', 'curl -o /opt/***/dags/data/yellow_data.parquet https://d37ci6vzurychx.cloudfront.net/trip-data/yellow_tripdata_2022-01.parquet']
[2025-01-28T10:02:14.062+0000] {subprocess.py:99} INFO - Output:
[2025-01-28T10:02:14.071+0000] {subprocess.py:106} INFO -   % Total    % Received % Xferd  Average Speed   Time    Time     Time  Current
[2025-01-28T10:02:14.072+0000] {subprocess.py:106} INFO -                                  Dload  Upload   Total   Spent    Left  Speed
[2025-01-28T10:02:16.297+0000] {subprocess.py:106} INFO -   0     0    0     0    0     0      0      0 --:--:-- --:--:-- --:--:--     0  0     0    0     0    0     0      0      0 --:--:-- --:--:-- --:--:--     0 22 36.3M   22 8272k    0     0  6708k      0  0:00:05  0:00:01  0:00:04 6703k100 36.3M  100 36.3M    0     0  16.3M      0  0:00:02  0:00:02 --:--:-- 16.3M
[2025-01-28T10:02:16.307+0000] {subprocess.py:110} INFO - Command exited with return code 0
[2025-01-28T10:02:16.537+0000] {taskinstance.py:340} INFO - ::group::Post task execution logs
[2025-01-28T10:02:16.538+0000] {taskinstance.py:352} INFO - Marking task as SUCCESS. dag_id=dag_data_ingestion, task_id=get_data, run_id=manual__2025-01-28T10:02:13.032409+00:00, execution_date=20250128T100213, start_date=20250128T100213, end_date=20250128T100216
[2025-01-28T10:02:16.757+0000] {local_task_job_runner.py:266} INFO - Task exited with return code 0
[2025-01-28T10:02:16.774+0000] {taskinstance.py:3895} INFO - 1 downstream tasks scheduled from follow-on schedule check
[2025-01-28T10:02:16.776+0000] {local_task_job_runner.py:245} INFO - ::endgroup::
