[2025-01-30T09:33:48.530+0000] {local_task_job_runner.py:123} INFO - ::group::Pre task execution logs
[2025-01-30T09:33:48.548+0000] {taskinstance.py:2613} INFO - Dependencies all met for dep_context=non-requeueable deps ti=<TaskInstance: homework_workflow_ingest.task_2 scheduled__2020-05-02T00:00:00+00:00 [queued]>
[2025-01-30T09:33:48.559+0000] {taskinstance.py:2613} INFO - Dependencies all met for dep_context=requeueable deps ti=<TaskInstance: homework_workflow_ingest.task_2 scheduled__2020-05-02T00:00:00+00:00 [queued]>
[2025-01-30T09:33:48.559+0000] {taskinstance.py:2866} INFO - Starting attempt 1 of 1
[2025-01-30T09:33:48.574+0000] {taskinstance.py:2889} INFO - Executing <Task(BashOperator): task_2> on 2020-05-02 00:00:00+00:00
[2025-01-30T09:33:48.584+0000] {logging_mixin.py:190} WARNING - /home/***/.local/lib/python3.12/site-packages/***/task/task_runner/standard_task_runner.py:70 DeprecationWarning: This process (pid=394) is multi-threaded, use of fork() may lead to deadlocks in the child.
[2025-01-30T09:33:48.583+0000] {standard_task_runner.py:104} INFO - Running: ['***', 'tasks', 'run', 'homework_workflow_ingest', 'task_2', 'scheduled__2020-05-02T00:00:00+00:00', '--job-id', '76', '--raw', '--subdir', 'DAGS_FOLDER/homework_dag.py', '--cfg-path', '/tmp/tmpvc0s_9pq']
[2025-01-30T09:33:48.585+0000] {standard_task_runner.py:105} INFO - Job 76: Subtask task_2
[2025-01-30T09:33:48.585+0000] {standard_task_runner.py:72} INFO - Started process 395 to run task
[2025-01-30T09:33:48.647+0000] {task_command.py:467} INFO - Running <TaskInstance: homework_workflow_ingest.task_2 scheduled__2020-05-02T00:00:00+00:00 [running]> on host 710324c6e27a
[2025-01-30T09:33:48.762+0000] {taskinstance.py:3132} INFO - Exporting env vars: AIRFLOW_CTX_DAG_OWNER='***' AIRFLOW_CTX_DAG_ID='homework_workflow_ingest' AIRFLOW_CTX_TASK_ID='task_2' AIRFLOW_CTX_EXECUTION_DATE='2020-05-02T00:00:00+00:00' AIRFLOW_CTX_TRY_NUMBER='1' AIRFLOW_CTX_DAG_RUN_ID='scheduled__2020-05-02T00:00:00+00:00'
[2025-01-30T09:33:48.763+0000] {taskinstance.py:731} INFO - ::endgroup::
[2025-01-30T09:33:48.783+0000] {subprocess.py:78} INFO - Tmp dir root location: /tmp
[2025-01-30T09:33:48.784+0000] {subprocess.py:88} INFO - Running command: ['/usr/bin/bash', '-c', "echo '2020-05'"]
[2025-01-30T09:33:48.797+0000] {subprocess.py:99} INFO - Output:
[2025-01-30T09:33:48.799+0000] {subprocess.py:106} INFO - 2020-05
[2025-01-30T09:33:48.800+0000] {subprocess.py:110} INFO - Command exited with return code 0
[2025-01-30T09:33:48.830+0000] {taskinstance.py:340} INFO - ::group::Post task execution logs
[2025-01-30T09:33:48.830+0000] {taskinstance.py:352} INFO - Marking task as SUCCESS. dag_id=homework_workflow_ingest, task_id=task_2, run_id=scheduled__2020-05-02T00:00:00+00:00, execution_date=20200502T000000, start_date=20250130T093348, end_date=20250130T093348
[2025-01-30T09:33:48.883+0000] {local_task_job_runner.py:266} INFO - Task exited with return code 0
[2025-01-30T09:33:48.907+0000] {taskinstance.py:3895} INFO - 0 downstream tasks scheduled from follow-on schedule check
[2025-01-30T09:33:48.908+0000] {local_task_job_runner.py:245} INFO - ::endgroup::
[2025-01-30T09:59:11.705+0000] {local_task_job_runner.py:123} INFO - ::group::Pre task execution logs
[2025-01-30T09:59:12.167+0000] {taskinstance.py:2613} INFO - Dependencies all met for dep_context=non-requeueable deps ti=<TaskInstance: homework_workflow_ingest.task_2 scheduled__2020-05-02T00:00:00+00:00 [queued]>
[2025-01-30T09:59:12.178+0000] {taskinstance.py:2613} INFO - Dependencies all met for dep_context=requeueable deps ti=<TaskInstance: homework_workflow_ingest.task_2 scheduled__2020-05-02T00:00:00+00:00 [queued]>
[2025-01-30T09:59:12.178+0000] {taskinstance.py:2866} INFO - Starting attempt 1 of 1
[2025-01-30T09:59:13.065+0000] {taskinstance.py:2889} INFO - Executing <Task(BashOperator): task_2> on 2020-05-02 00:00:00+00:00
[2025-01-30T09:59:13.080+0000] {logging_mixin.py:190} WARNING - /home/***/.local/lib/python3.12/site-packages/***/task/task_runner/standard_task_runner.py:70 DeprecationWarning: This process (pid=378) is multi-threaded, use of fork() may lead to deadlocks in the child.
[2025-01-30T09:59:13.084+0000] {standard_task_runner.py:72} INFO - Started process 390 to run task
[2025-01-30T09:59:13.133+0000] {standard_task_runner.py:104} INFO - Running: ['***', 'tasks', 'run', 'homework_workflow_ingest', 'task_2', 'scheduled__2020-05-02T00:00:00+00:00', '--job-id', '41', '--raw', '--subdir', 'DAGS_FOLDER/homework_dag.py', '--cfg-path', '/tmp/tmpsski_mke']
[2025-01-30T09:59:13.146+0000] {standard_task_runner.py:105} INFO - Job 41: Subtask task_2
[2025-01-30T09:59:13.369+0000] {task_command.py:467} INFO - Running <TaskInstance: homework_workflow_ingest.task_2 scheduled__2020-05-02T00:00:00+00:00 [running]> on host 713eb9fcfb63
[2025-01-30T09:59:13.595+0000] {taskinstance.py:3132} INFO - Exporting env vars: AIRFLOW_CTX_DAG_OWNER='***' AIRFLOW_CTX_DAG_ID='homework_workflow_ingest' AIRFLOW_CTX_TASK_ID='task_2' AIRFLOW_CTX_EXECUTION_DATE='2020-05-02T00:00:00+00:00' AIRFLOW_CTX_TRY_NUMBER='1' AIRFLOW_CTX_DAG_RUN_ID='scheduled__2020-05-02T00:00:00+00:00'
[2025-01-30T09:59:13.596+0000] {taskinstance.py:731} INFO - ::endgroup::
[2025-01-30T09:59:13.616+0000] {subprocess.py:78} INFO - Tmp dir root location: /tmp
[2025-01-30T09:59:13.617+0000] {subprocess.py:88} INFO - Running command: ['/usr/bin/bash', '-c', "echo '2020-05'"]
[2025-01-30T09:59:13.639+0000] {subprocess.py:99} INFO - Output:
[2025-01-30T09:59:13.640+0000] {subprocess.py:106} INFO - 2020-05
[2025-01-30T09:59:13.641+0000] {subprocess.py:110} INFO - Command exited with return code 0
[2025-01-30T09:59:13.690+0000] {taskinstance.py:340} INFO - ::group::Post task execution logs
[2025-01-30T09:59:13.690+0000] {taskinstance.py:352} INFO - Marking task as SUCCESS. dag_id=homework_workflow_ingest, task_id=task_2, run_id=scheduled__2020-05-02T00:00:00+00:00, execution_date=20200502T000000, start_date=20250130T095912, end_date=20250130T095913
[2025-01-30T09:59:13.724+0000] {local_task_job_runner.py:266} INFO - Task exited with return code 0
[2025-01-30T09:59:13.741+0000] {taskinstance.py:3895} INFO - 0 downstream tasks scheduled from follow-on schedule check
[2025-01-30T09:59:13.743+0000] {local_task_job_runner.py:245} INFO - ::endgroup::
