[2025-01-30T10:36:27.062+0000] {local_task_job_runner.py:123} INFO - ::group::Pre task execution logs
[2025-01-30T10:36:27.221+0000] {taskinstance.py:2613} INFO - Dependencies all met for dep_context=non-requeueable deps ti=<TaskInstance: fhv_to_gcp_dag.download_fhv scheduled__2019-11-02T00:00:00+00:00 [queued]>
[2025-01-30T10:36:27.263+0000] {taskinstance.py:2613} INFO - Dependencies all met for dep_context=requeueable deps ti=<TaskInstance: fhv_to_gcp_dag.download_fhv scheduled__2019-11-02T00:00:00+00:00 [queued]>
[2025-01-30T10:36:27.265+0000] {taskinstance.py:2866} INFO - Starting attempt 2 of 2
[2025-01-30T10:36:27.368+0000] {taskinstance.py:2889} INFO - Executing <Task(BashOperator): download_fhv> on 2019-11-02 00:00:00+00:00
[2025-01-30T10:36:27.449+0000] {logging_mixin.py:190} WARNING - /home/***/.local/lib/python3.12/site-packages/***/task/task_runner/standard_task_runner.py:70 DeprecationWarning: This process (pid=866) is multi-threaded, use of fork() may lead to deadlocks in the child.
[2025-01-30T10:36:27.453+0000] {standard_task_runner.py:72} INFO - Started process 902 to run task
[2025-01-30T10:36:27.463+0000] {standard_task_runner.py:104} INFO - Running: ['***', 'tasks', 'run', 'fhv_to_gcp_dag', 'download_fhv', 'scheduled__2019-11-02T00:00:00+00:00', '--job-id', '117', '--raw', '--subdir', 'DAGS_FOLDER/homework_fhv_dag.py', '--cfg-path', '/tmp/tmpeu4ctpkl']
[2025-01-30T10:36:27.465+0000] {standard_task_runner.py:105} INFO - Job 117: Subtask download_fhv
[2025-01-30T10:36:27.700+0000] {task_command.py:467} INFO - Running <TaskInstance: fhv_to_gcp_dag.download_fhv scheduled__2019-11-02T00:00:00+00:00 [running]> on host 9573d401388f
[2025-01-30T10:36:28.185+0000] {taskinstance.py:3132} INFO - Exporting env vars: AIRFLOW_CTX_DAG_OWNER='***' AIRFLOW_CTX_DAG_ID='fhv_to_gcp_dag' AIRFLOW_CTX_TASK_ID='download_fhv' AIRFLOW_CTX_EXECUTION_DATE='2019-11-02T00:00:00+00:00' AIRFLOW_CTX_TRY_NUMBER='2' AIRFLOW_CTX_DAG_RUN_ID='scheduled__2019-11-02T00:00:00+00:00'
[2025-01-30T10:36:28.186+0000] {taskinstance.py:731} INFO - ::endgroup::
[2025-01-30T10:36:28.211+0000] {subprocess.py:78} INFO - Tmp dir root location: /tmp
[2025-01-30T10:36:28.212+0000] {subprocess.py:88} INFO - Running command: ['/usr/bin/bash', '-c', 'curl -o /opt/***/data/fhv_2019-11_data.parquet https://d37ci6vzurychx.cloudfront.net/trip-data/fhv_tripdata_2019-11.parquet']
[2025-01-30T10:36:28.230+0000] {subprocess.py:99} INFO - Output:
[2025-01-30T10:36:28.245+0000] {subprocess.py:106} INFO -   % Total    % Received % Xferd  Average Speed   Time    Time     Time  Current
[2025-01-30T10:36:28.246+0000] {subprocess.py:106} INFO -                                  Dload  Upload   Total   Spent    Left  Speed
[2025-01-30T10:36:30.263+0000] {subprocess.py:106} INFO -   0     0    0     0    0     0      0      0 --:--:-- --:--:-- --:--:--     0  0 17.3M    0 88980    0     0   139k      0  0:02:07 --:--:--  0:02:07  139k 66 17.3M   66 11.4M    0     0  7083k      0  0:00:02  0:00:01  0:00:01 7081k100 17.3M  100 17.3M    0     0  8786k      0  0:00:02  0:00:02 --:--:-- 8789k
[2025-01-30T10:36:30.267+0000] {subprocess.py:110} INFO - Command exited with return code 0
[2025-01-30T10:36:32.074+0000] {taskinstance.py:340} INFO - ::group::Post task execution logs
[2025-01-30T10:36:32.079+0000] {taskinstance.py:352} INFO - Marking task as SUCCESS. dag_id=fhv_to_gcp_dag, task_id=download_fhv, run_id=scheduled__2019-11-02T00:00:00+00:00, execution_date=20191102T000000, start_date=20250130T103627, end_date=20250130T103632
[2025-01-30T10:36:32.611+0000] {local_task_job_runner.py:266} INFO - Task exited with return code 0
[2025-01-30T10:36:32.797+0000] {taskinstance.py:3895} INFO - 1 downstream tasks scheduled from follow-on schedule check
[2025-01-30T10:36:32.812+0000] {local_task_job_runner.py:245} INFO - ::endgroup::
