[2025-01-28T13:18:27.042+0000] {local_task_job_runner.py:123} INFO - ::group::Pre task execution logs
[2025-01-28T13:18:27.056+0000] {taskinstance.py:2613} INFO - Dependencies all met for dep_context=non-requeueable deps ti=<TaskInstance: dag_data_ingestion.get_data manual__2025-01-28T13:18:26.511743+00:00 [queued]>
[2025-01-28T13:18:27.062+0000] {taskinstance.py:2613} INFO - Dependencies all met for dep_context=requeueable deps ti=<TaskInstance: dag_data_ingestion.get_data manual__2025-01-28T13:18:26.511743+00:00 [queued]>
[2025-01-28T13:18:27.062+0000] {taskinstance.py:2866} INFO - Starting attempt 1 of 1
[2025-01-28T13:18:27.074+0000] {taskinstance.py:2889} INFO - Executing <Task(BashOperator): get_data> on 2025-01-28 13:18:26.511743+00:00
[2025-01-28T13:18:27.081+0000] {standard_task_runner.py:104} INFO - Running: ['***', 'tasks', 'run', 'dag_data_ingestion', 'get_data', 'manual__2025-01-28T13:18:26.511743+00:00', '--job-id', '109', '--raw', '--subdir', 'DAGS_FOLDER/local_ingestion_dag.py', '--cfg-path', '/tmp/tmpk1yzde9t']
[2025-01-28T13:18:27.083+0000] {standard_task_runner.py:105} INFO - Job 109: Subtask get_data
[2025-01-28T13:18:27.084+0000] {logging_mixin.py:190} WARNING - /home/***/.local/lib/python3.12/site-packages/***/task/task_runner/standard_task_runner.py:70 DeprecationWarning: This process (pid=243) is multi-threaded, use of fork() may lead to deadlocks in the child.
[2025-01-28T13:18:27.085+0000] {standard_task_runner.py:72} INFO - Started process 244 to run task
[2025-01-28T13:18:27.119+0000] {task_command.py:467} INFO - Running <TaskInstance: dag_data_ingestion.get_data manual__2025-01-28T13:18:26.511743+00:00 [running]> on host a7493062b507
[2025-01-28T13:18:27.194+0000] {taskinstance.py:3132} INFO - Exporting env vars: AIRFLOW_CTX_DAG_OWNER='***' AIRFLOW_CTX_DAG_ID='dag_data_ingestion' AIRFLOW_CTX_TASK_ID='get_data' AIRFLOW_CTX_EXECUTION_DATE='2025-01-28T13:18:26.511743+00:00' AIRFLOW_CTX_TRY_NUMBER='1' AIRFLOW_CTX_DAG_RUN_ID='manual__2025-01-28T13:18:26.511743+00:00'
[2025-01-28T13:18:27.195+0000] {taskinstance.py:731} INFO - ::endgroup::
[2025-01-28T13:18:27.206+0000] {subprocess.py:78} INFO - Tmp dir root location: /tmp
[2025-01-28T13:18:27.206+0000] {subprocess.py:88} INFO - Running command: ['/usr/bin/bash', '-c', 'curl -o /opt/***/data/green_2023-01_data.parquet -L https://d37ci6vzurychx.cloudfront.net/trip-data/green_tripdata_2023-01.parquet']
[2025-01-28T13:18:27.217+0000] {subprocess.py:99} INFO - Output:
[2025-01-28T13:18:27.226+0000] {subprocess.py:106} INFO -   % Total    % Received % Xferd  Average Speed   Time    Time     Time  Current
[2025-01-28T13:18:27.226+0000] {subprocess.py:106} INFO -                                  Dload  Upload   Total   Spent    Left  Speed
[2025-01-28T13:18:28.215+0000] {subprocess.py:106} INFO -   0     0    0     0    0     0      0      0 --:--:-- --:--:-- --:--:--     0 20 1393k   20  287k    0     0   391k      0  0:00:03 --:--:--  0:00:03  390k100 1393k  100 1393k    0     0  1408k      0 --:--:-- --:--:-- --:--:-- 1409k
[2025-01-28T13:18:28.217+0000] {subprocess.py:110} INFO - Command exited with return code 0
[2025-01-28T13:18:28.240+0000] {taskinstance.py:340} INFO - ::group::Post task execution logs
[2025-01-28T13:18:28.241+0000] {taskinstance.py:352} INFO - Marking task as SUCCESS. dag_id=dag_data_ingestion, task_id=get_data, run_id=manual__2025-01-28T13:18:26.511743+00:00, execution_date=20250128T131826, start_date=20250128T131827, end_date=20250128T131828
[2025-01-28T13:18:28.261+0000] {local_task_job_runner.py:266} INFO - Task exited with return code 0
[2025-01-28T13:18:28.279+0000] {taskinstance.py:3895} INFO - 1 downstream tasks scheduled from follow-on schedule check
[2025-01-28T13:18:28.280+0000] {local_task_job_runner.py:245} INFO - ::endgroup::
