[2025-01-28T18:09:07.783+0000] {local_task_job_runner.py:123} INFO - ::group::Pre task execution logs
[2025-01-28T18:09:07.796+0000] {taskinstance.py:2613} INFO - Dependencies all met for dep_context=non-requeueable deps ti=<TaskInstance: dag_data_ingestion.get_data manual__2025-01-28T18:09:06.953628+00:00 [queued]>
[2025-01-28T18:09:07.804+0000] {taskinstance.py:2613} INFO - Dependencies all met for dep_context=requeueable deps ti=<TaskInstance: dag_data_ingestion.get_data manual__2025-01-28T18:09:06.953628+00:00 [queued]>
[2025-01-28T18:09:07.804+0000] {taskinstance.py:2866} INFO - Starting attempt 1 of 1
[2025-01-28T18:09:07.812+0000] {taskinstance.py:2889} INFO - Executing <Task(BashOperator): get_data> on 2025-01-28 18:09:06.953628+00:00
[2025-01-28T18:09:07.821+0000] {standard_task_runner.py:104} INFO - Running: ['***', 'tasks', 'run', 'dag_data_ingestion', 'get_data', 'manual__2025-01-28T18:09:06.953628+00:00', '--job-id', '18', '--raw', '--subdir', 'DAGS_FOLDER/local_ingestion_dag.py', '--cfg-path', '/tmp/tmpi1nniey0']
[2025-01-28T18:09:07.823+0000] {standard_task_runner.py:105} INFO - Job 18: Subtask get_data
[2025-01-28T18:09:07.823+0000] {logging_mixin.py:190} WARNING - /home/***/.local/lib/python3.12/site-packages/***/task/task_runner/standard_task_runner.py:70 DeprecationWarning: This process (pid=200) is multi-threaded, use of fork() may lead to deadlocks in the child.
[2025-01-28T18:09:07.824+0000] {standard_task_runner.py:72} INFO - Started process 202 to run task
[2025-01-28T18:09:07.857+0000] {task_command.py:467} INFO - Running <TaskInstance: dag_data_ingestion.get_data manual__2025-01-28T18:09:06.953628+00:00 [running]> on host b06ec952d9d1
[2025-01-28T18:09:07.935+0000] {taskinstance.py:3132} INFO - Exporting env vars: AIRFLOW_CTX_DAG_OWNER='***' AIRFLOW_CTX_DAG_ID='dag_data_ingestion' AIRFLOW_CTX_TASK_ID='get_data' AIRFLOW_CTX_EXECUTION_DATE='2025-01-28T18:09:06.953628+00:00' AIRFLOW_CTX_TRY_NUMBER='1' AIRFLOW_CTX_DAG_RUN_ID='manual__2025-01-28T18:09:06.953628+00:00'
[2025-01-28T18:09:07.936+0000] {taskinstance.py:731} INFO - ::endgroup::
[2025-01-28T18:09:07.959+0000] {subprocess.py:78} INFO - Tmp dir root location: /tmp
[2025-01-28T18:09:07.959+0000] {subprocess.py:88} INFO - Running command: ['/usr/bin/bash', '-c', 'curl -o /opt/***/data/yellow_2023-01_data.parquet https://d37ci6vzurychx.cloudfront.net/trip-data/yellow_tripdata_2023-01.parquet']
[2025-01-28T18:09:07.972+0000] {subprocess.py:99} INFO - Output:
[2025-01-28T18:09:07.999+0000] {subprocess.py:106} INFO -   % Total    % Received % Xferd  Average Speed   Time    Time     Time  Current
[2025-01-28T18:09:07.999+0000] {subprocess.py:106} INFO -                                  Dload  Upload   Total   Spent    Left  Speed
[2025-01-28T18:09:10.811+0000] {subprocess.py:106} INFO -   0     0    0     0    0     0      0      0 --:--:-- --:--:-- --:--:--     0  0     0    0     0    0     0      0      0 --:--:-- --:--:-- --:--:--     0  2 45.4M    2 1126k    0     0   940k      0  0:00:49  0:00:01  0:00:48  939k 59 45.4M   59 27.2M    0     0  12.3M      0  0:00:03  0:00:02  0:00:01 12.3M100 45.4M  100 45.4M    0     0  16.1M      0  0:00:02  0:00:02 --:--:-- 16.1M
[2025-01-28T18:09:10.814+0000] {subprocess.py:110} INFO - Command exited with return code 0
[2025-01-28T18:09:11.287+0000] {taskinstance.py:340} INFO - ::group::Post task execution logs
[2025-01-28T18:09:11.287+0000] {taskinstance.py:352} INFO - Marking task as SUCCESS. dag_id=dag_data_ingestion, task_id=get_data, run_id=manual__2025-01-28T18:09:06.953628+00:00, execution_date=20250128T180906, start_date=20250128T180907, end_date=20250128T180911
[2025-01-28T18:09:11.325+0000] {local_task_job_runner.py:266} INFO - Task exited with return code 0
[2025-01-28T18:09:11.364+0000] {taskinstance.py:3895} INFO - 1 downstream tasks scheduled from follow-on schedule check
[2025-01-28T18:09:11.386+0000] {local_task_job_runner.py:245} INFO - ::endgroup::
