[2025-01-30T10:25:34.972+0000] {local_task_job_runner.py:123} INFO - ::group::Pre task execution logs
[2025-01-30T10:25:35.209+0000] {taskinstance.py:2613} INFO - Dependencies all met for dep_context=non-requeueable deps ti=<TaskInstance: fhv_to_gcp_dag.download_fhv scheduled__2020-01-02T00:00:00+00:00 [queued]>
[2025-01-30T10:25:35.322+0000] {taskinstance.py:2613} INFO - Dependencies all met for dep_context=requeueable deps ti=<TaskInstance: fhv_to_gcp_dag.download_fhv scheduled__2020-01-02T00:00:00+00:00 [queued]>
[2025-01-30T10:25:35.323+0000] {taskinstance.py:2866} INFO - Starting attempt 1 of 1
[2025-01-30T10:25:35.606+0000] {taskinstance.py:2889} INFO - Executing <Task(BashOperator): download_fhv> on 2020-01-02 00:00:00+00:00
[2025-01-30T10:25:35.648+0000] {standard_task_runner.py:104} INFO - Running: ['***', 'tasks', 'run', 'fhv_to_gcp_dag', 'download_fhv', 'scheduled__2020-01-02T00:00:00+00:00', '--job-id', '63', '--raw', '--subdir', 'DAGS_FOLDER/homework_fhv_dag.py', '--cfg-path', '/tmp/tmplrab7047']
[2025-01-30T10:25:35.673+0000] {standard_task_runner.py:105} INFO - Job 63: Subtask download_fhv
[2025-01-30T10:25:35.685+0000] {logging_mixin.py:190} WARNING - /home/***/.local/lib/python3.12/site-packages/***/task/task_runner/standard_task_runner.py:70 DeprecationWarning: This process (pid=251) is multi-threaded, use of fork() may lead to deadlocks in the child.
[2025-01-30T10:25:35.685+0000] {standard_task_runner.py:72} INFO - Started process 271 to run task
[2025-01-30T10:25:36.235+0000] {task_command.py:467} INFO - Running <TaskInstance: fhv_to_gcp_dag.download_fhv scheduled__2020-01-02T00:00:00+00:00 [running]> on host 9573d401388f
[2025-01-30T10:25:37.563+0000] {taskinstance.py:3132} INFO - Exporting env vars: AIRFLOW_CTX_DAG_OWNER='***' AIRFLOW_CTX_DAG_ID='fhv_to_gcp_dag' AIRFLOW_CTX_TASK_ID='download_fhv' AIRFLOW_CTX_EXECUTION_DATE='2020-01-02T00:00:00+00:00' AIRFLOW_CTX_TRY_NUMBER='1' AIRFLOW_CTX_DAG_RUN_ID='scheduled__2020-01-02T00:00:00+00:00'
[2025-01-30T10:25:37.571+0000] {taskinstance.py:731} INFO - ::endgroup::
[2025-01-30T10:25:37.714+0000] {subprocess.py:78} INFO - Tmp dir root location: /tmp
[2025-01-30T10:25:37.714+0000] {subprocess.py:88} INFO - Running command: ['/usr/bin/bash', '-c', 'curl -o /opt/***/data/fhv_2020-01_data.parquet https://d37ci6vzurychx.cloudfront.net/trip-data/fhv_tripdata_2020-01.parquet']
[2025-01-30T10:25:37.887+0000] {subprocess.py:99} INFO - Output:
[2025-01-30T10:25:37.992+0000] {subprocess.py:106} INFO -   % Total    % Received % Xferd  Average Speed   Time    Time     Time  Current
[2025-01-30T10:25:37.994+0000] {subprocess.py:106} INFO -                                  Dload  Upload   Total   Spent    Left  Speed
[2025-01-30T10:25:40.073+0000] {subprocess.py:106} INFO -   0     0    0     0    0     0      0      0 --:--:-- --:--:-- --:--:--     0  1 18.5M    1  321k    0     0   359k      0  0:00:52 --:--:--  0:00:52  359k 80 18.5M   80 15.0M    0     0  8137k      0  0:00:02  0:00:01  0:00:01 8137k100 18.5M  100 18.5M    0     0  9087k      0  0:00:02  0:00:02 --:--:-- 9090k
[2025-01-30T10:25:40.104+0000] {subprocess.py:110} INFO - Command exited with return code 0
[2025-01-30T10:25:41.762+0000] {taskinstance.py:340} INFO - ::group::Post task execution logs
[2025-01-30T10:25:41.762+0000] {taskinstance.py:352} INFO - Marking task as SUCCESS. dag_id=fhv_to_gcp_dag, task_id=download_fhv, run_id=scheduled__2020-01-02T00:00:00+00:00, execution_date=20200102T000000, start_date=20250130T102535, end_date=20250130T102541
[2025-01-30T10:25:46.277+0000] {local_task_job_runner.py:266} INFO - Task exited with return code 0
[2025-01-30T10:25:46.448+0000] {taskinstance.py:3895} INFO - 1 downstream tasks scheduled from follow-on schedule check
[2025-01-30T10:25:46.458+0000] {local_task_job_runner.py:245} INFO - ::endgroup::
