[2025-01-30T10:36:26.782+0000] {local_task_job_runner.py:123} INFO - ::group::Pre task execution logs
[2025-01-30T10:36:26.878+0000] {taskinstance.py:2613} INFO - Dependencies all met for dep_context=non-requeueable deps ti=<TaskInstance: fhv_to_gcp_dag.download_fhv scheduled__2019-02-02T00:00:00+00:00 [queued]>
[2025-01-30T10:36:26.971+0000] {taskinstance.py:2613} INFO - Dependencies all met for dep_context=requeueable deps ti=<TaskInstance: fhv_to_gcp_dag.download_fhv scheduled__2019-02-02T00:00:00+00:00 [queued]>
[2025-01-30T10:36:26.971+0000] {taskinstance.py:2866} INFO - Starting attempt 2 of 2
[2025-01-30T10:36:27.060+0000] {taskinstance.py:2889} INFO - Executing <Task(BashOperator): download_fhv> on 2019-02-02 00:00:00+00:00
[2025-01-30T10:36:27.092+0000] {standard_task_runner.py:104} INFO - Running: ['***', 'tasks', 'run', 'fhv_to_gcp_dag', 'download_fhv', 'scheduled__2019-02-02T00:00:00+00:00', '--job-id', '110', '--raw', '--subdir', 'DAGS_FOLDER/homework_fhv_dag.py', '--cfg-path', '/tmp/tmpcs50ivrz']
[2025-01-30T10:36:27.098+0000] {logging_mixin.py:190} WARNING - /home/***/.local/lib/python3.12/site-packages/***/task/task_runner/standard_task_runner.py:70 DeprecationWarning: This process (pid=858) is multi-threaded, use of fork() may lead to deadlocks in the child.
[2025-01-30T10:36:27.104+0000] {standard_task_runner.py:72} INFO - Started process 888 to run task
[2025-01-30T10:36:27.111+0000] {standard_task_runner.py:105} INFO - Job 110: Subtask download_fhv
[2025-01-30T10:36:27.399+0000] {task_command.py:467} INFO - Running <TaskInstance: fhv_to_gcp_dag.download_fhv scheduled__2019-02-02T00:00:00+00:00 [running]> on host 9573d401388f
[2025-01-30T10:36:28.020+0000] {taskinstance.py:3132} INFO - Exporting env vars: AIRFLOW_CTX_DAG_OWNER='***' AIRFLOW_CTX_DAG_ID='fhv_to_gcp_dag' AIRFLOW_CTX_TASK_ID='download_fhv' AIRFLOW_CTX_EXECUTION_DATE='2019-02-02T00:00:00+00:00' AIRFLOW_CTX_TRY_NUMBER='2' AIRFLOW_CTX_DAG_RUN_ID='scheduled__2019-02-02T00:00:00+00:00'
[2025-01-30T10:36:28.026+0000] {taskinstance.py:731} INFO - ::endgroup::
[2025-01-30T10:36:28.089+0000] {subprocess.py:78} INFO - Tmp dir root location: /tmp
[2025-01-30T10:36:28.108+0000] {subprocess.py:88} INFO - Running command: ['/usr/bin/bash', '-c', 'curl -o /opt/***/data/fhv_2019-02_data.parquet https://d37ci6vzurychx.cloudfront.net/trip-data/fhv_tripdata_2019-02.parquet']
[2025-01-30T10:36:28.150+0000] {subprocess.py:99} INFO - Output:
[2025-01-30T10:36:28.179+0000] {subprocess.py:106} INFO -   % Total    % Received % Xferd  Average Speed   Time    Time     Time  Current
[2025-01-30T10:36:28.187+0000] {subprocess.py:106} INFO -                                  Dload  Upload   Total   Spent    Left  Speed
[2025-01-30T10:36:29.798+0000] {subprocess.py:106} INFO -   0     0    0     0    0     0      0      0 --:--:-- --:--:-- --:--:--     0  1 14.5M    1  204k    0     0   297k      0  0:00:50 --:--:--  0:00:50  296k100 14.5M  100 14.5M    0     0  9220k      0  0:00:01  0:00:01 --:--:-- 9224k
[2025-01-30T10:36:29.815+0000] {subprocess.py:110} INFO - Command exited with return code 0
[2025-01-30T10:36:31.320+0000] {taskinstance.py:340} INFO - ::group::Post task execution logs
[2025-01-30T10:36:31.322+0000] {taskinstance.py:352} INFO - Marking task as SUCCESS. dag_id=fhv_to_gcp_dag, task_id=download_fhv, run_id=scheduled__2019-02-02T00:00:00+00:00, execution_date=20190202T000000, start_date=20250130T103626, end_date=20250130T103631
[2025-01-30T10:36:31.520+0000] {local_task_job_runner.py:266} INFO - Task exited with return code 0
[2025-01-30T10:36:31.715+0000] {taskinstance.py:3895} INFO - 1 downstream tasks scheduled from follow-on schedule check
[2025-01-30T10:36:31.748+0000] {local_task_job_runner.py:245} INFO - ::endgroup::
