[2025-01-30T10:25:37.393+0000] {local_task_job_runner.py:123} INFO - ::group::Pre task execution logs
[2025-01-30T10:25:37.535+0000] {taskinstance.py:2613} INFO - Dependencies all met for dep_context=non-requeueable deps ti=<TaskInstance: fhv_to_gcp_dag.download_fhv scheduled__2020-03-02T00:00:00+00:00 [queued]>
[2025-01-30T10:25:37.600+0000] {taskinstance.py:2613} INFO - Dependencies all met for dep_context=requeueable deps ti=<TaskInstance: fhv_to_gcp_dag.download_fhv scheduled__2020-03-02T00:00:00+00:00 [queued]>
[2025-01-30T10:25:37.608+0000] {taskinstance.py:2866} INFO - Starting attempt 1 of 1
[2025-01-30T10:25:37.756+0000] {taskinstance.py:2889} INFO - Executing <Task(BashOperator): download_fhv> on 2020-03-02 00:00:00+00:00
[2025-01-30T10:25:37.829+0000] {standard_task_runner.py:104} INFO - Running: ['***', 'tasks', 'run', 'fhv_to_gcp_dag', 'download_fhv', 'scheduled__2020-03-02T00:00:00+00:00', '--job-id', '64', '--raw', '--subdir', 'DAGS_FOLDER/homework_fhv_dag.py', '--cfg-path', '/tmp/tmpr2_hlczt']
[2025-01-30T10:25:37.872+0000] {standard_task_runner.py:105} INFO - Job 64: Subtask download_fhv
[2025-01-30T10:25:37.870+0000] {logging_mixin.py:190} WARNING - /home/***/.local/lib/python3.12/site-packages/***/task/task_runner/standard_task_runner.py:70 DeprecationWarning: This process (pid=265) is multi-threaded, use of fork() may lead to deadlocks in the child.
[2025-01-30T10:25:37.899+0000] {standard_task_runner.py:72} INFO - Started process 278 to run task
[2025-01-30T10:25:38.229+0000] {task_command.py:467} INFO - Running <TaskInstance: fhv_to_gcp_dag.download_fhv scheduled__2020-03-02T00:00:00+00:00 [running]> on host 9573d401388f
[2025-01-30T10:25:38.479+0000] {taskinstance.py:3132} INFO - Exporting env vars: AIRFLOW_CTX_DAG_OWNER='***' AIRFLOW_CTX_DAG_ID='fhv_to_gcp_dag' AIRFLOW_CTX_TASK_ID='download_fhv' AIRFLOW_CTX_EXECUTION_DATE='2020-03-02T00:00:00+00:00' AIRFLOW_CTX_TRY_NUMBER='1' AIRFLOW_CTX_DAG_RUN_ID='scheduled__2020-03-02T00:00:00+00:00'
[2025-01-30T10:25:38.480+0000] {taskinstance.py:731} INFO - ::endgroup::
[2025-01-30T10:25:38.587+0000] {subprocess.py:78} INFO - Tmp dir root location: /tmp
[2025-01-30T10:25:38.587+0000] {subprocess.py:88} INFO - Running command: ['/usr/bin/bash', '-c', 'curl -o /opt/***/data/fhv_2020-03_data.parquet https://d37ci6vzurychx.cloudfront.net/trip-data/fhv_tripdata_2020-03.parquet']
[2025-01-30T10:25:38.685+0000] {subprocess.py:99} INFO - Output:
[2025-01-30T10:25:38.772+0000] {subprocess.py:106} INFO -   % Total    % Received % Xferd  Average Speed   Time    Time     Time  Current
[2025-01-30T10:25:38.773+0000] {subprocess.py:106} INFO -                                  Dload  Upload   Total   Spent    Left  Speed
[2025-01-30T10:25:40.633+0000] {subprocess.py:106} INFO -   0     0    0     0    0     0      0      0 --:--:-- --:--:-- --:--:--     0  0     0    0     0    0     0      0      0 --:--:-- --:--:-- --:--:--     0  3 13.6M    3  501k    0     0   446k      0  0:00:31  0:00:01  0:00:30  446k100 13.6M  100 13.6M    0     0  7426k      0  0:00:01  0:00:01 --:--:-- 7425k
[2025-01-30T10:25:40.655+0000] {subprocess.py:110} INFO - Command exited with return code 0
[2025-01-30T10:25:42.170+0000] {taskinstance.py:340} INFO - ::group::Post task execution logs
[2025-01-30T10:25:42.211+0000] {taskinstance.py:352} INFO - Marking task as SUCCESS. dag_id=fhv_to_gcp_dag, task_id=download_fhv, run_id=scheduled__2020-03-02T00:00:00+00:00, execution_date=20200302T000000, start_date=20250130T102537, end_date=20250130T102542
[2025-01-30T10:25:46.182+0000] {local_task_job_runner.py:266} INFO - Task exited with return code 0
[2025-01-30T10:25:46.225+0000] {taskinstance.py:3895} INFO - 1 downstream tasks scheduled from follow-on schedule check
[2025-01-30T10:25:46.271+0000] {local_task_job_runner.py:245} INFO - ::endgroup::
