[2025-01-30T10:36:48.186+0000] {local_task_job_runner.py:123} INFO - ::group::Pre task execution logs
[2025-01-30T10:36:48.286+0000] {taskinstance.py:2613} INFO - Dependencies all met for dep_context=non-requeueable deps ti=<TaskInstance: fhv_to_gcp_dag.download_fhv scheduled__2020-09-02T00:00:00+00:00 [queued]>
[2025-01-30T10:36:48.355+0000] {taskinstance.py:2613} INFO - Dependencies all met for dep_context=requeueable deps ti=<TaskInstance: fhv_to_gcp_dag.download_fhv scheduled__2020-09-02T00:00:00+00:00 [queued]>
[2025-01-30T10:36:48.361+0000] {taskinstance.py:2866} INFO - Starting attempt 2 of 2
[2025-01-30T10:36:48.430+0000] {taskinstance.py:2889} INFO - Executing <Task(BashOperator): download_fhv> on 2020-09-02 00:00:00+00:00
[2025-01-30T10:36:48.477+0000] {logging_mixin.py:190} WARNING - /home/***/.local/lib/python3.12/site-packages/***/task/task_runner/standard_task_runner.py:70 DeprecationWarning: This process (pid=988) is multi-threaded, use of fork() may lead to deadlocks in the child.
[2025-01-30T10:36:48.490+0000] {standard_task_runner.py:72} INFO - Started process 999 to run task
[2025-01-30T10:36:48.509+0000] {standard_task_runner.py:104} INFO - Running: ['***', 'tasks', 'run', 'fhv_to_gcp_dag', 'download_fhv', 'scheduled__2020-09-02T00:00:00+00:00', '--job-id', '134', '--raw', '--subdir', 'DAGS_FOLDER/homework_fhv_dag.py', '--cfg-path', '/tmp/tmpn6shlev_']
[2025-01-30T10:36:48.519+0000] {standard_task_runner.py:105} INFO - Job 134: Subtask download_fhv
[2025-01-30T10:36:48.700+0000] {task_command.py:467} INFO - Running <TaskInstance: fhv_to_gcp_dag.download_fhv scheduled__2020-09-02T00:00:00+00:00 [running]> on host 9573d401388f
[2025-01-30T10:36:49.400+0000] {taskinstance.py:3132} INFO - Exporting env vars: AIRFLOW_CTX_DAG_OWNER='***' AIRFLOW_CTX_DAG_ID='fhv_to_gcp_dag' AIRFLOW_CTX_TASK_ID='download_fhv' AIRFLOW_CTX_EXECUTION_DATE='2020-09-02T00:00:00+00:00' AIRFLOW_CTX_TRY_NUMBER='2' AIRFLOW_CTX_DAG_RUN_ID='scheduled__2020-09-02T00:00:00+00:00'
[2025-01-30T10:36:49.417+0000] {taskinstance.py:731} INFO - ::endgroup::
[2025-01-30T10:36:50.555+0000] {subprocess.py:78} INFO - Tmp dir root location: /tmp
[2025-01-30T10:36:50.555+0000] {subprocess.py:88} INFO - Running command: ['/usr/bin/bash', '-c', 'curl -o /opt/***/data/fhv_2020-09_data.parquet https://d37ci6vzurychx.cloudfront.net/trip-data/fhv_tripdata_2020-09.parquet']
[2025-01-30T10:36:50.607+0000] {subprocess.py:99} INFO - Output:
[2025-01-30T10:36:50.620+0000] {subprocess.py:106} INFO -   % Total    % Received % Xferd  Average Speed   Time    Time     Time  Current
[2025-01-30T10:36:50.620+0000] {subprocess.py:106} INFO -                                  Dload  Upload   Total   Spent    Left  Speed
[2025-01-30T10:36:52.365+0000] {subprocess.py:106} INFO -   0     0    0     0    0     0      0      0 --:--:-- --:--:-- --:--:--     0  0     0    0     0    0     0      0      0 --:--:-- --:--:-- --:--:--     0 11 12.3M   11 1410k    0     0  1131k      0  0:00:11  0:00:01  0:00:10 1130k100 12.3M  100 12.3M    0     0  7276k      0  0:00:01  0:00:01 --:--:-- 7276k
[2025-01-30T10:36:52.386+0000] {subprocess.py:110} INFO - Command exited with return code 0
[2025-01-30T10:36:54.114+0000] {taskinstance.py:340} INFO - ::group::Post task execution logs
[2025-01-30T10:36:54.133+0000] {taskinstance.py:352} INFO - Marking task as SUCCESS. dag_id=fhv_to_gcp_dag, task_id=download_fhv, run_id=scheduled__2020-09-02T00:00:00+00:00, execution_date=20200902T000000, start_date=20250130T103648, end_date=20250130T103654
[2025-01-30T10:36:54.331+0000] {local_task_job_runner.py:266} INFO - Task exited with return code 0
[2025-01-30T10:36:54.395+0000] {taskinstance.py:3895} INFO - 1 downstream tasks scheduled from follow-on schedule check
[2025-01-30T10:36:54.423+0000] {local_task_job_runner.py:245} INFO - ::endgroup::
