[2025-01-30T10:36:26.200+0000] {local_task_job_runner.py:123} INFO - ::group::Pre task execution logs
[2025-01-30T10:36:26.269+0000] {taskinstance.py:2613} INFO - Dependencies all met for dep_context=non-requeueable deps ti=<TaskInstance: fhv_to_gcp_dag.download_fhv scheduled__2019-09-02T00:00:00+00:00 [queued]>
[2025-01-30T10:36:26.308+0000] {taskinstance.py:2613} INFO - Dependencies all met for dep_context=requeueable deps ti=<TaskInstance: fhv_to_gcp_dag.download_fhv scheduled__2019-09-02T00:00:00+00:00 [queued]>
[2025-01-30T10:36:26.308+0000] {taskinstance.py:2866} INFO - Starting attempt 2 of 2
[2025-01-30T10:36:26.689+0000] {taskinstance.py:2889} INFO - Executing <Task(BashOperator): download_fhv> on 2019-09-02 00:00:00+00:00
[2025-01-30T10:36:26.720+0000] {standard_task_runner.py:104} INFO - Running: ['***', 'tasks', 'run', 'fhv_to_gcp_dag', 'download_fhv', 'scheduled__2019-09-02T00:00:00+00:00', '--job-id', '102', '--raw', '--subdir', 'DAGS_FOLDER/homework_fhv_dag.py', '--cfg-path', '/tmp/tmpna3dinpp']
[2025-01-30T10:36:26.737+0000] {standard_task_runner.py:105} INFO - Job 102: Subtask download_fhv
[2025-01-30T10:36:26.765+0000] {logging_mixin.py:190} WARNING - /home/***/.local/lib/python3.12/site-packages/***/task/task_runner/standard_task_runner.py:70 DeprecationWarning: This process (pid=868) is multi-threaded, use of fork() may lead to deadlocks in the child.
[2025-01-30T10:36:26.771+0000] {standard_task_runner.py:72} INFO - Started process 872 to run task
[2025-01-30T10:36:27.025+0000] {task_command.py:467} INFO - Running <TaskInstance: fhv_to_gcp_dag.download_fhv scheduled__2019-09-02T00:00:00+00:00 [running]> on host 9573d401388f
[2025-01-30T10:36:27.536+0000] {taskinstance.py:3132} INFO - Exporting env vars: AIRFLOW_CTX_DAG_OWNER='***' AIRFLOW_CTX_DAG_ID='fhv_to_gcp_dag' AIRFLOW_CTX_TASK_ID='download_fhv' AIRFLOW_CTX_EXECUTION_DATE='2019-09-02T00:00:00+00:00' AIRFLOW_CTX_TRY_NUMBER='2' AIRFLOW_CTX_DAG_RUN_ID='scheduled__2019-09-02T00:00:00+00:00'
[2025-01-30T10:36:27.537+0000] {taskinstance.py:731} INFO - ::endgroup::
[2025-01-30T10:36:27.627+0000] {subprocess.py:78} INFO - Tmp dir root location: /tmp
[2025-01-30T10:36:27.630+0000] {subprocess.py:88} INFO - Running command: ['/usr/bin/bash', '-c', 'curl -o /opt/***/data/fhv_2019-09_data.parquet https://d37ci6vzurychx.cloudfront.net/trip-data/fhv_tripdata_2019-09.parquet']
[2025-01-30T10:36:27.705+0000] {subprocess.py:99} INFO - Output:
[2025-01-30T10:36:27.747+0000] {subprocess.py:106} INFO -   % Total    % Received % Xferd  Average Speed   Time    Time     Time  Current
[2025-01-30T10:36:27.751+0000] {subprocess.py:106} INFO -                                  Dload  Upload   Total   Spent    Left  Speed
[2025-01-30T10:36:29.226+0000] {subprocess.py:106} INFO -   0     0    0     0    0     0      0      0 --:--:-- --:--:-- --:--:--     0  0     0    0     0    0     0      0      0 --:--:-- --:--:-- --:--:--     0 18 11.6M   18 2205k    0     0  1962k      0  0:00:06  0:00:01  0:00:05 1962k100 11.6M  100 11.6M    0     0  8073k      0  0:00:01  0:00:01 --:--:-- 8070k
[2025-01-30T10:36:29.259+0000] {subprocess.py:110} INFO - Command exited with return code 0
[2025-01-30T10:36:31.242+0000] {taskinstance.py:340} INFO - ::group::Post task execution logs
[2025-01-30T10:36:31.243+0000] {taskinstance.py:352} INFO - Marking task as SUCCESS. dag_id=fhv_to_gcp_dag, task_id=download_fhv, run_id=scheduled__2019-09-02T00:00:00+00:00, execution_date=20190902T000000, start_date=20250130T103626, end_date=20250130T103631
[2025-01-30T10:36:31.524+0000] {local_task_job_runner.py:266} INFO - Task exited with return code 0
[2025-01-30T10:36:31.703+0000] {taskinstance.py:3895} INFO - 1 downstream tasks scheduled from follow-on schedule check
[2025-01-30T10:36:31.714+0000] {local_task_job_runner.py:245} INFO - ::endgroup::
[2025-01-30T10:36:31.782+0000] {standard_task_runner.py:217} INFO - Process not found (most likely exited), stop collecting metrics
